 --- setting mode: 1
 --- response: OK
 --- mode set value: 1
 --- setting temperature: 25.0
 --- response: OK
 --- temperature set value: 25.0
 --- setting fan: A
 --- response: OK
 --- fan set value: A
 --- setting fan: A
 --- response: OK
 --- fan set value: A
 --- memmert reached RH = 5.0 %
 --- wait 10 minutes to make sure RH is really low
 --- setting temperature: -30.0
 --- response: OK
 --- temperature set value: -30.0
 target_temperature = -30.0  current_temperature = 24.7  delta_temperature = 54.7  elapsed_time =  0
 target_temperature = -30.0  current_temperature = 24.7  delta_temperature = 54.7  elapsed_time =  0
 target_temperature = -30.0  current_temperature = 24.8  delta_temperature = 54.8  elapsed_time =  0
 target_temperature = -30.0  current_temperature = 24.8  delta_temperature = 54.8  elapsed_time =  0
 target_temperature = -30.0  current_temperature = 24.8  delta_temperature = 54.8  elapsed_time =  0
 target_temperature = -30.0  current_temperature = 24.6  delta_temperature = 54.6  elapsed_time =  0
 target_temperature = -30.0  current_temperature = 24.5  delta_temperature = 54.5  elapsed_time =  0
 target_temperature = -30.0  current_temperature = 24.4  delta_temperature = 54.4  elapsed_time =  0
 target_temperature = -30.0  current_temperature = 24.0  delta_temperature = 54.0  elapsed_time =  0
 target_temperature = -30.0  current_temperature = 23.8  delta_temperature = 53.8  elapsed_time =  0
 target_temperature = -30.0  current_temperature = 23.5  delta_temperature = 53.5  elapsed_time =  0
 target_temperature = 10.0  current_temperature = 23.0  delta_temperature = 13.0  elapsed_time =  0
 target_temperature = 10.0  current_temperature = 22.7  delta_temperature = 12.7  elapsed_time =  0
 target_temperature = 10.0  current_temperature = 22.4  delta_temperature = 12.399999999999999  elapsed_time =  0
 target_temperature = 10.0  current_temperature = 22.1  delta_temperature = 12.100000000000001  elapsed_time =  0
 target_temperature = 10.0  current_temperature = 21.9  delta_temperature = 11.899999999999999  elapsed_time =  0
 target_temperature = 10.0  current_temperature = 21.5  delta_temperature = 11.5  elapsed_time =  0
 target_temperature = 10.0  current_temperature = 21.3  delta_temperature = 11.3  elapsed_time =  0
 target_temperature = 10.0  current_temperature = 21.1  delta_temperature = 11.100000000000001  elapsed_time =  0
 target_temperature = 10.0  current_temperature = 20.7  delta_temperature = 10.7  elapsed_time =  0
 target_temperature = 10.0  current_temperature = 20.5  delta_temperature = 10.5  elapsed_time =  0
 target_temperature = 10.0  current_temperature = 20.4  delta_temperature = 10.399999999999999  elapsed_time =  0
 target_temperature = 10.0  current_temperature = 20.0  delta_temperature = 10.0  elapsed_time =  0
 target_temperature = 10.0  current_temperature = 19.9  delta_temperature = 9.899999999999999  elapsed_time =  0
 target_temperature = 10.0  current_temperature = 19.6  delta_temperature = 9.600000000000001  elapsed_time =  0
 target_temperature = 10.0  current_temperature = 19.5  delta_temperature = 9.5  elapsed_time =  0
 target_temperature = 10.0  current_temperature = 19.2  delta_temperature = 9.2  elapsed_time =  0
 target_temperature = 10.0  current_temperature = 18.8  delta_temperature = 8.8  elapsed_time =  0
 target_temperature = 10.0  current_temperature = 18.7  delta_temperature = 8.7  elapsed_time =  0
 target_temperature = 10.0  current_temperature = 18.4  delta_temperature = 8.399999999999999  elapsed_time =  0
 target_temperature = 10.0  current_temperature = 18.1  delta_temperature = 8.100000000000001  elapsed_time =  0
 target_temperature = 10.0  current_temperature = 17.9  delta_temperature = 7.899999999999999  elapsed_time =  0
 target_temperature = 10.0  current_temperature = 17.6  delta_temperature = 7.600000000000001  elapsed_time =  0
 target_temperature = 10.0  current_temperature = 17.2  delta_temperature = 7.199999999999999  elapsed_time =  0
 target_temperature = 10.0  current_temperature = 17.2  delta_temperature = 7.199999999999999  elapsed_time =  0
 target_temperature = 10.0  current_temperature = 17.0  delta_temperature = 7.0  elapsed_time =  0
 target_temperature = 10.0  current_temperature = 16.8  delta_temperature = 6.800000000000001  elapsed_time =  0
 target_temperature = 10.0  current_temperature = 16.6  delta_temperature = 6.600000000000001  elapsed_time =  0
 target_temperature = 10.0  current_temperature = 16.3  delta_temperature = 6.300000000000001  elapsed_time =  0
 target_temperature = 10.0  current_temperature = 16.3  delta_temperature = 6.300000000000001  elapsed_time =  0
 target_temperature = 10.0  current_temperature = 16.3  delta_temperature = 6.300000000000001  elapsed_time =  0
 target_temperature = 10.0  current_temperature = 16.1  delta_temperature = 6.100000000000001  elapsed_time =  0
 target_temperature = 10.0  current_temperature = 16.1  delta_temperature = 6.100000000000001  elapsed_time =  0
 target_temperature = 10.0  current_temperature = 15.8  delta_temperature = 5.800000000000001  elapsed_time =  0
 target_temperature = 10.0  current_temperature = 15.7  delta_temperature = 5.699999999999999  elapsed_time =  0
 target_temperature = 10.0  current_temperature = 15.7  delta_temperature = 5.699999999999999  elapsed_time =  0
 target_temperature = 10.0  current_temperature = 15.6  delta_temperature = 5.6  elapsed_time =  0
 target_temperature = 10.0  current_temperature = 15.4  delta_temperature = 5.4  elapsed_time =  0
 target_temperature = 10.0  current_temperature = 15.4  delta_temperature = 5.4  elapsed_time =  0
 target_temperature = 10.0  current_temperature = 15.2  delta_temperature = 5.199999999999999  elapsed_time =  0
 target_temperature = 10.0  current_temperature = 15.2  delta_temperature = 5.199999999999999  elapsed_time =  0
 target_temperature = 10.0  current_temperature = 15.1  delta_temperature = 5.1  elapsed_time =  0
 target_temperature = 10.0  current_temperature = 14.9  delta_temperature = 4.9  elapsed_time =  0
 target_temperature = 10.0  current_temperature = 14.9  delta_temperature = 4.9  elapsed_time =  0
 target_temperature = 10.0  current_temperature = 14.9  delta_temperature = 4.9  elapsed_time =  0
 target_temperature = 10.0  current_temperature = 14.7  delta_temperature = 4.699999999999999  elapsed_time =  0
 target_temperature = 10.0  current_temperature = 14.9  delta_temperature = 4.9  elapsed_time =  0
 target_temperature = 10.0  current_temperature = 14.9  delta_temperature = 4.9  elapsed_time =  0
 target_temperature = 10.0  current_temperature = 14.9  delta_temperature = 4.9  elapsed_time =  0
 target_temperature = 10.0  current_temperature = 14.8  delta_temperature = 4.800000000000001  elapsed_time =  0
 target_temperature = 10.0  current_temperature = 14.8  delta_temperature = 4.800000000000001  elapsed_time =  0
 target_temperature = 10.0  current_temperature = 14.8  delta_temperature = 4.800000000000001  elapsed_time =  0
 target_temperature = 10.0  current_temperature = 14.8  delta_temperature = 4.800000000000001  elapsed_time =  0
 target_temperature = 10.0  current_temperature = 14.8  delta_temperature = 4.800000000000001  elapsed_time =  0
 target_temperature = 10.0  current_temperature = 14.9  delta_temperature = 4.9  elapsed_time =  0
 target_temperature = 10.0  current_temperature = 14.9  delta_temperature = 4.9  elapsed_time =  0
 target_temperature = 10.0  current_temperature = 14.9  delta_temperature = 4.9  elapsed_time =  0
 target_temperature = 10.0  current_temperature = 14.9  delta_temperature = 4.9  elapsed_time =  0
 target_temperature = 10.0  current_temperature = 14.9  delta_temperature = 4.9  elapsed_time =  0
 target_temperature = 10.0  current_temperature = 14.9  delta_temperature = 4.9  elapsed_time =  0
 target_temperature = 10.0  current_temperature = 14.8  delta_temperature = 4.800000000000001  elapsed_time =  0
 target_temperature = 10.0  current_temperature = 14.7  delta_temperature = 4.699999999999999  elapsed_time =  0
 target_temperature = 10.0  current_temperature = 14.7  delta_temperature = 4.699999999999999  elapsed_time =  0
 target_temperature = 10.0  current_temperature = 14.6  delta_temperature = 4.6  elapsed_time =  0
 target_temperature = 10.0  current_temperature = 14.5  delta_temperature = 4.5  elapsed_time =  0
 target_temperature = 10.0  current_temperature = 14.4  delta_temperature = 4.4  elapsed_time =  0
 target_temperature = 10.0  current_temperature = 14.3  delta_temperature = 4.300000000000001  elapsed_time =  0
 target_temperature = 10.0  current_temperature = 14.3  delta_temperature = 4.300000000000001  elapsed_time =  0
 target_temperature = 10.0  current_temperature = 14.3  delta_temperature = 4.300000000000001  elapsed_time =  0
 target_temperature = 10.0  current_temperature = 14.2  delta_temperature = 4.199999999999999  elapsed_time =  0
 target_temperature = 10.0  current_temperature = 14.1  delta_temperature = 4.1  elapsed_time =  0
 target_temperature = 10.0  current_temperature = 13.9  delta_temperature = 3.9000000000000004  elapsed_time =  0
 target_temperature = 10.0  current_temperature = 13.8  delta_temperature = 3.8000000000000007  elapsed_time =  0
 target_temperature = 10.0  current_temperature = 13.6  delta_temperature = 3.5999999999999996  elapsed_time =  0
 target_temperature = 10.0  current_temperature = 13.2  delta_temperature = 3.1999999999999993  elapsed_time =  0
 target_temperature = 10.0  current_temperature = 13.1  delta_temperature = 3.0999999999999996  elapsed_time =  0
 target_temperature = 10.0  current_temperature = 12.9  delta_temperature = 2.9000000000000004  elapsed_time =  0
 target_temperature = 10.0  current_temperature = 12.6  delta_temperature = 2.5999999999999996  elapsed_time =  0
 target_temperature = 10.0  current_temperature = 12.4  delta_temperature = 2.4000000000000004  elapsed_time =  0
 target_temperature = 10.0  current_temperature = 12.1  delta_temperature = 2.0999999999999996  elapsed_time =  0
 target_temperature = 10.0  current_temperature = 11.9  delta_temperature = 1.9000000000000004  elapsed_time =  5
 target_temperature = 10.0  current_temperature = 11.8  delta_temperature = 1.8000000000000007  elapsed_time =  10
 target_temperature = 10.0  current_temperature = 11.5  delta_temperature = 1.5  elapsed_time =  15
 target_temperature = 10.0  current_temperature = 11.3  delta_temperature = 1.3000000000000007  elapsed_time =  20
 target_temperature = 10.0  current_temperature = 11.2  delta_temperature = 1.1999999999999993  elapsed_time =  26
 target_temperature = 10.0  current_temperature = 11.0  delta_temperature = 1.0  elapsed_time =  31
 target_temperature = 10.0  current_temperature = 10.9  delta_temperature = 0.9000000000000004  elapsed_time =  36
 target_temperature = 10.0  current_temperature = 10.9  delta_temperature = 0.9000000000000004  elapsed_time =  41
 target_temperature = 10.0  current_temperature = 10.6  delta_temperature = 0.5999999999999996  elapsed_time =  46
 target_temperature = 10.0  current_temperature = 10.5  delta_temperature = 0.5  elapsed_time =  52
 target_temperature = 10.0  current_temperature = 10.5  delta_temperature = 0.5  elapsed_time =  57
 target_temperature = 10.0  current_temperature = 10.4  delta_temperature = 0.40000000000000036  elapsed_time =  63
 target_temperature = 10.0  current_temperature = 10.3  delta_temperature = 0.3000000000000007  elapsed_time =  69
 target_temperature = 10.0  current_temperature = 10.3  delta_temperature = 0.3000000000000007  elapsed_time =  74
 target_temperature = 10.0  current_temperature = 10.0  delta_temperature = 0.0  elapsed_time =  80
 target_temperature = 10.0  current_temperature = 9.8  delta_temperature = -0.1999999999999993  elapsed_time =  85
 target_temperature = 10.0  current_temperature = 9.8  delta_temperature = -0.1999999999999993  elapsed_time =  90
 target_temperature = 10.0  current_temperature = 9.9  delta_temperature = -0.09999999999999964  elapsed_time =  95
 target_temperature = 10.0  current_temperature = 9.9  delta_temperature = -0.09999999999999964  elapsed_time =  100
 target_temperature = 10.0  current_temperature = 9.7  delta_temperature = -0.3000000000000007  elapsed_time =  106
 target_temperature = 10.0  current_temperature = 9.6  delta_temperature = -0.40000000000000036  elapsed_time =  111
 target_temperature = 10.0  current_temperature = 9.6  delta_temperature = -0.40000000000000036  elapsed_time =  116
 target_temperature = 10.0  current_temperature = 9.6  delta_temperature = -0.40000000000000036  elapsed_time =  122
 target_temperature = 10.0  current_temperature = 9.6  delta_temperature = -0.40000000000000036  elapsed_time =  127
 target_temperature = 10.0  current_temperature = 9.6  delta_temperature = -0.40000000000000036  elapsed_time =  133
 target_temperature = 10.0  current_temperature = 9.4  delta_temperature = -0.5999999999999996  elapsed_time =  138
 target_temperature = 10.0  current_temperature = 9.4  delta_temperature = -0.5999999999999996  elapsed_time =  143
 target_temperature = 10.0  current_temperature = 9.4  delta_temperature = -0.5999999999999996  elapsed_time =  148
 target_temperature = 10.0  current_temperature = 9.4  delta_temperature = -0.5999999999999996  elapsed_time =  153
 target_temperature = 10.0  current_temperature = 9.6  delta_temperature = -0.40000000000000036  elapsed_time =  158
 target_temperature = 10.0  current_temperature = 9.6  delta_temperature = -0.40000000000000036  elapsed_time =  164
 target_temperature = 10.0  current_temperature = 9.6  delta_temperature = -0.40000000000000036  elapsed_time =  169
 target_temperature = 10.0  current_temperature = 9.6  delta_temperature = -0.40000000000000036  elapsed_time =  174
 target_temperature = 10.0  current_temperature = 9.6  delta_temperature = -0.40000000000000036  elapsed_time =  180
 target_temperature = 10.0  current_temperature = 9.8  delta_temperature = -0.1999999999999993  elapsed_time =  185
 target_temperature = 10.0  current_temperature = 10.0  delta_temperature = 0.0  elapsed_time =  190
 target_temperature = 10.0  current_temperature = 9.9  delta_temperature = -0.09999999999999964  elapsed_time =  196
 target_temperature = 10.0  current_temperature = 9.9  delta_temperature = -0.09999999999999964  elapsed_time =  201
 target_temperature = 10.0  current_temperature = 10.0  delta_temperature = 0.0  elapsed_time =  206
 target_temperature = 10.0  current_temperature = 10.1  delta_temperature = 0.09999999999999964  elapsed_time =  211
 target_temperature = 10.0  current_temperature = 10.1  delta_temperature = 0.09999999999999964  elapsed_time =  216
 target_temperature = 10.0  current_temperature = 10.2  delta_temperature = 0.1999999999999993  elapsed_time =  222
 target_temperature = 10.0  current_temperature = 10.2  delta_temperature = 0.1999999999999993  elapsed_time =  227
 target_temperature = 10.0  current_temperature = 10.2  delta_temperature = 0.1999999999999993  elapsed_time =  232
 target_temperature = 10.0  current_temperature = 10.2  delta_temperature = 0.1999999999999993  elapsed_time =  237
 target_temperature = 10.0  current_temperature = 10.2  delta_temperature = 0.1999999999999993  elapsed_time =  243
 target_temperature = 10.0  current_temperature = 10.2  delta_temperature = 0.1999999999999993  elapsed_time =  248
 target_temperature = 10.0  current_temperature = 10.2  delta_temperature = 0.1999999999999993  elapsed_time =  254
 target_temperature = 10.0  current_temperature = 10.1  delta_temperature = 0.09999999999999964  elapsed_time =  259
 target_temperature = 10.0  current_temperature = 10.0  delta_temperature = 0.0  elapsed_time =  265
 target_temperature = 10.0  current_temperature = 10.0  delta_temperature = 0.0  elapsed_time =  270
 target_temperature = 10.0  current_temperature = 10.1  delta_temperature = 0.09999999999999964  elapsed_time =  275
 target_temperature = 10.0  current_temperature = 10.2  delta_temperature = 0.1999999999999993  elapsed_time =  281
 target_temperature = 10.0  current_temperature = 9.9  delta_temperature = -0.09999999999999964  elapsed_time =  289
 target_temperature = 10.0  current_temperature = 9.9  delta_temperature = -0.09999999999999964  elapsed_time =  294
 target_temperature = 10.0  current_temperature = 9.9  delta_temperature = -0.09999999999999964  elapsed_time =  299
 target_temperature = 10.0  current_temperature = 9.9  delta_temperature = -0.09999999999999964  elapsed_time =  305
 target_temperature = 10.0  current_temperature = 9.9  delta_temperature = -0.09999999999999964  elapsed_time =  310
 target_temperature = 10.0  current_temperature = 9.7  delta_temperature = -0.3000000000000007  elapsed_time =  315
 target_temperature = 10.0  current_temperature = 9.7  delta_temperature = -0.3000000000000007  elapsed_time =  320
 target_temperature = 10.0  current_temperature = 9.7  delta_temperature = -0.3000000000000007  elapsed_time =  328
 target_temperature = 10.0  current_temperature = 9.7  delta_temperature = -0.3000000000000007  elapsed_time =  335
 target_temperature = 10.0  current_temperature = 9.7  delta_temperature = -0.3000000000000007  elapsed_time =  340
 target_temperature = 10.0  current_temperature = 9.5  delta_temperature = -0.5  elapsed_time =  347
 target_temperature = 10.0  current_temperature = 9.4  delta_temperature = -0.5999999999999996  elapsed_time =  354
 target_temperature = 10.0  current_temperature = 9.4  delta_temperature = -0.5999999999999996  elapsed_time =  359
 target_temperature = 10.0  current_temperature = 9.4  delta_temperature = -0.5999999999999996  elapsed_time =  364
 target_temperature = 10.0  current_temperature = 9.5  delta_temperature = -0.5  elapsed_time =  370
 target_temperature = 10.0  current_temperature = 9.3  delta_temperature = -0.6999999999999993  elapsed_time =  377
 target_temperature = 10.0  current_temperature = 9.3  delta_temperature = -0.6999999999999993  elapsed_time =  382
 target_temperature = 10.0  current_temperature = 9.3  delta_temperature = -0.6999999999999993  elapsed_time =  387
 target_temperature = 10.0  current_temperature = 9.3  delta_temperature = -0.6999999999999993  elapsed_time =  392
 target_temperature = 10.0  current_temperature = 9.3  delta_temperature = -0.6999999999999993  elapsed_time =  397
 target_temperature = 10.0  current_temperature = 9.3  delta_temperature = -0.6999999999999993  elapsed_time =  404
 target_temperature = 10.0  current_temperature = 9.1  delta_temperature = -0.9000000000000004  elapsed_time =  411
 target_temperature = 10.0  current_temperature = 9.2  delta_temperature = -0.8000000000000007  elapsed_time =  418
 target_temperature = 10.0  current_temperature = 9.2  delta_temperature = -0.8000000000000007  elapsed_time =  424
 target_temperature = 10.0  current_temperature = 9.4  delta_temperature = -0.5999999999999996  elapsed_time =  429
 target_temperature = 10.0  current_temperature = 9.4  delta_temperature = -0.5999999999999996  elapsed_time =  434
 target_temperature = 10.0  current_temperature = 9.3  delta_temperature = -0.6999999999999993  elapsed_time =  439
 target_temperature = 10.0  current_temperature = 9.3  delta_temperature = -0.6999999999999993  elapsed_time =  446
 target_temperature = 10.0  current_temperature = 9.3  delta_temperature = -0.6999999999999993  elapsed_time =  452
 target_temperature = 10.0  current_temperature = 9.5  delta_temperature = -0.5  elapsed_time =  457
 target_temperature = 10.0  current_temperature = 9.6  delta_temperature = -0.40000000000000036  elapsed_time =  463
 target_temperature = 10.0  current_temperature = 9.5  delta_temperature = -0.5  elapsed_time =  468
 target_temperature = 10.0  current_temperature = 9.6  delta_temperature = -0.40000000000000036  elapsed_time =  474
 target_temperature = 10.0  current_temperature = 9.7  delta_temperature = -0.3000000000000007  elapsed_time =  479
 target_temperature = 10.0  current_temperature = 9.7  delta_temperature = -0.3000000000000007  elapsed_time =  484
 target_temperature = 10.0  current_temperature = 9.8  delta_temperature = -0.1999999999999993  elapsed_time =  491
 target_temperature = 10.0  current_temperature = 9.7  delta_temperature = -0.3000000000000007  elapsed_time =  496
 target_temperature = 10.0  current_temperature = 9.6  delta_temperature = -0.40000000000000036  elapsed_time =  502
 target_temperature = 10.0  current_temperature = 9.6  delta_temperature = -0.40000000000000036  elapsed_time =  507
 target_temperature = 10.0  current_temperature = 9.7  delta_temperature = -0.3000000000000007  elapsed_time =  512
 target_temperature = 10.0  current_temperature = 9.7  delta_temperature = -0.3000000000000007  elapsed_time =  517
 target_temperature = 10.0  current_temperature = 9.8  delta_temperature = -0.1999999999999993  elapsed_time =  522
 target_temperature = 10.0  current_temperature = 9.7  delta_temperature = -0.3000000000000007  elapsed_time =  528
 target_temperature = 10.0  current_temperature = 9.6  delta_temperature = -0.40000000000000036  elapsed_time =  533
 target_temperature = 10.0  current_temperature = 9.6  delta_temperature = -0.40000000000000036  elapsed_time =  538
 target_temperature = 10.0  current_temperature = 9.6  delta_temperature = -0.40000000000000036  elapsed_time =  544
 target_temperature = 10.0  current_temperature = 9.6  delta_temperature = -0.40000000000000036  elapsed_time =  549
 target_temperature = 10.0  current_temperature = 9.6  delta_temperature = -0.40000000000000036  elapsed_time =  555
 target_temperature = 10.0  current_temperature = 9.5  delta_temperature = -0.5  elapsed_time =  560
 target_temperature = 10.0  current_temperature = 9.5  delta_temperature = -0.5  elapsed_time =  565
 target_temperature = 10.0  current_temperature = 9.4  delta_temperature = -0.5999999999999996  elapsed_time =  573
 target_temperature = 10.0  current_temperature = 9.5  delta_temperature = -0.5  elapsed_time =  580
 target_temperature = 10.0  current_temperature = 9.5  delta_temperature = -0.5  elapsed_time =  585
 target_temperature = 10.0  current_temperature = 9.3  delta_temperature = -0.6999999999999993  elapsed_time =  590
 target_temperature = 10.0  current_temperature = 9.3  delta_temperature = -0.6999999999999993  elapsed_time =  597
 target_temperature = 10.0  current_temperature = 9.3  delta_temperature = -0.6999999999999993  elapsed_time =  602
 target_temperature = 10.0  current_temperature = 9.3  delta_temperature = -0.6999999999999993  elapsed_time =  607
 target_temperature = 10.0  current_temperature = 9.4  delta_temperature = -0.5999999999999996  elapsed_time =  614
 target_temperature = 10.0  current_temperature = 9.2  delta_temperature = -0.8000000000000007  elapsed_time =  619
 target_temperature = 10.0  current_temperature = 9.2  delta_temperature = -0.8000000000000007  elapsed_time =  626
 target_temperature = 10.0  current_temperature = 9.2  delta_temperature = -0.8000000000000007  elapsed_time =  633
 target_temperature = 10.0  current_temperature = 9.4  delta_temperature = -0.5999999999999996  elapsed_time =  639
 target_temperature = 10.0  current_temperature = 9.4  delta_temperature = -0.5999999999999996  elapsed_time =  644
 target_temperature = 10.0  current_temperature = 9.2  delta_temperature = -0.8000000000000007  elapsed_time =  650
 target_temperature = 10.0  current_temperature = 9.3  delta_temperature = -0.6999999999999993  elapsed_time =  655
 target_temperature = 10.0  current_temperature = 9.4  delta_temperature = -0.5999999999999996  elapsed_time =  660
 target_temperature = 10.0  current_temperature = 9.5  delta_temperature = -0.5  elapsed_time =  667
 target_temperature = 10.0  current_temperature = 9.6  delta_temperature = -0.40000000000000036  elapsed_time =  672
 target_temperature = 10.0  current_temperature = 9.5  delta_temperature = -0.5  elapsed_time =  677
 target_temperature = 10.0  current_temperature = 9.4  delta_temperature = -0.5999999999999996  elapsed_time =  683
 target_temperature = 10.0  current_temperature = 9.6  delta_temperature = -0.40000000000000036  elapsed_time =  688
 target_temperature = 10.0  current_temperature = 9.6  delta_temperature = -0.40000000000000036  elapsed_time =  693
 target_temperature = 10.0  current_temperature = 9.6  delta_temperature = -0.40000000000000036  elapsed_time =  698
 target_temperature = 10.0  current_temperature = 9.6  delta_temperature = -0.40000000000000036  elapsed_time =  704
 target_temperature = 10.0  current_temperature = 9.5  delta_temperature = -0.5  elapsed_time =  709
 target_temperature = 10.0  current_temperature = 9.6  delta_temperature = -0.40000000000000036  elapsed_time =  714
 target_temperature = 10.0  current_temperature = 9.6  delta_temperature = -0.40000000000000036  elapsed_time =  719
 target_temperature = 10.0  current_temperature = 9.6  delta_temperature = -0.40000000000000036  elapsed_time =  724
 target_temperature = 10.0  current_temperature = 9.8  delta_temperature = -0.1999999999999993  elapsed_time =  730
 target_temperature = 10.0  current_temperature = 9.8  delta_temperature = -0.1999999999999993  elapsed_time =  735
 target_temperature = 10.0  current_temperature = 9.5  delta_temperature = -0.5  elapsed_time =  740
 target_temperature = 10.0  current_temperature = 9.5  delta_temperature = -0.5  elapsed_time =  746
 target_temperature = 10.0  current_temperature = 9.6  delta_temperature = -0.40000000000000036  elapsed_time =  751
 target_temperature = 10.0  current_temperature = 9.6  delta_temperature = -0.40000000000000036  elapsed_time =  756
 target_temperature = 10.0  current_temperature = 9.6  delta_temperature = -0.40000000000000036  elapsed_time =  762
 target_temperature = 10.0  current_temperature = 9.5  delta_temperature = -0.5  elapsed_time =  767
 target_temperature = 10.0  current_temperature = 9.4  delta_temperature = -0.5999999999999996  elapsed_time =  772
 target_temperature = 10.0  current_temperature = 9.4  delta_temperature = -0.5999999999999996  elapsed_time =  777
 target_temperature = 10.0  current_temperature = 9.4  delta_temperature = -0.5999999999999996  elapsed_time =  783
 target_temperature = 10.0  current_temperature = 9.4  delta_temperature = -0.5999999999999996  elapsed_time =  788
 target_temperature = 10.0  current_temperature = 9.5  delta_temperature = -0.5  elapsed_time =  793
 target_temperature = 10.0  current_temperature = 9.3  delta_temperature = -0.6999999999999993  elapsed_time =  798
 target_temperature = 10.0  current_temperature = 9.3  delta_temperature = -0.6999999999999993  elapsed_time =  803
 target_temperature = 10.0  current_temperature = 9.3  delta_temperature = -0.6999999999999993  elapsed_time =  809
 target_temperature = 10.0  current_temperature = 9.3  delta_temperature = -0.6999999999999993  elapsed_time =  814
 target_temperature = 10.0  current_temperature = 9.3  delta_temperature = -0.6999999999999993  elapsed_time =  819
 target_temperature = 10.0  current_temperature = 9.4  delta_temperature = -0.5999999999999996  elapsed_time =  824
 target_temperature = 10.0  current_temperature = 9.3  delta_temperature = -0.6999999999999993  elapsed_time =  830
 target_temperature = 10.0  current_temperature = 9.3  delta_temperature = -0.6999999999999993  elapsed_time =  835
 target_temperature = 10.0  current_temperature = 9.2  delta_temperature = -0.8000000000000007  elapsed_time =  841
 target_temperature = 10.0  current_temperature = 9.3  delta_temperature = -0.6999999999999993  elapsed_time =  846
 target_temperature = 10.0  current_temperature = 9.4  delta_temperature = -0.5999999999999996  elapsed_time =  851
 target_temperature = 10.0  current_temperature = 9.4  delta_temperature = -0.5999999999999996  elapsed_time =  856
 target_temperature = 10.0  current_temperature = 9.4  delta_temperature = -0.5999999999999996  elapsed_time =  866
 target_temperature = 10.0  current_temperature = 9.5  delta_temperature = -0.5  elapsed_time =  871
 target_temperature = 10.0  current_temperature = 9.5  delta_temperature = -0.5  elapsed_time =  876
 target_temperature = 10.0  current_temperature = 9.6  delta_temperature = -0.40000000000000036  elapsed_time =  882
 target_temperature = 10.0  current_temperature = 9.5  delta_temperature = -0.5  elapsed_time =  888
 target_temperature = 10.0  current_temperature = 9.5  delta_temperature = -0.5  elapsed_time =  894
 target_temperature = 10.0  current_temperature = 9.6  delta_temperature = -0.40000000000000036  elapsed_time =  901
 target_temperature = 10.0  current_temperature = 9.7  delta_temperature = -0.3000000000000007  elapsed_time =  906
 target_temperature = 10.0  current_temperature = 9.7  delta_temperature = -0.3000000000000007  elapsed_time =  912
 target_temperature = 10.0  current_temperature = 9.6  delta_temperature = -0.40000000000000036  elapsed_time =  917
 target_temperature = 10.0  current_temperature = 9.6  delta_temperature = -0.40000000000000036  elapsed_time =  922
 target_temperature = 10.0  current_temperature = 9.6  delta_temperature = -0.40000000000000036  elapsed_time =  930
 target_temperature = 10.0  current_temperature = 9.6  delta_temperature = -0.40000000000000036  elapsed_time =  936
 target_temperature = 10.0  current_temperature = 9.6  delta_temperature = -0.40000000000000036  elapsed_time =  941
 target_temperature = 10.0  current_temperature = 9.5  delta_temperature = -0.5  elapsed_time =  946
 target_temperature = 10.0  current_temperature = 9.5  delta_temperature = -0.5  elapsed_time =  954
 target_temperature = 10.0  current_temperature = 9.5  delta_temperature = -0.5  elapsed_time =  959
 target_temperature = 10.0  current_temperature = 9.5  delta_temperature = -0.5  elapsed_time =  964
 target_temperature = 10.0  current_temperature = 9.6  delta_temperature = -0.40000000000000036  elapsed_time =  971
 target_temperature = 10.0  current_temperature = 9.5  delta_temperature = -0.5  elapsed_time =  978
 target_temperature = 10.0  current_temperature = 9.4  delta_temperature = -0.5999999999999996  elapsed_time =  984
 target_temperature = 10.0  current_temperature = 9.4  delta_temperature = -0.5999999999999996  elapsed_time =  990
 target_temperature = 10.0  current_temperature = 9.4  delta_temperature = -0.5999999999999996  elapsed_time =  996
 target_temperature = 10.0  current_temperature = 9.5  delta_temperature = -0.5  elapsed_time =  1002
 target_temperature = 10.0  current_temperature = 9.4  delta_temperature = -0.5999999999999996  elapsed_time =  1007
 target_temperature = 10.0  current_temperature = 9.3  delta_temperature = -0.6999999999999993  elapsed_time =  1013
 target_temperature = 10.0  current_temperature = 9.3  delta_temperature = -0.6999999999999993  elapsed_time =  1018
 target_temperature = 10.0  current_temperature = 9.4  delta_temperature = -0.5999999999999996  elapsed_time =  1023
 target_temperature = 10.0  current_temperature = 9.4  delta_temperature = -0.5999999999999996  elapsed_time =  1029
 target_temperature = 10.0  current_temperature = 9.6  delta_temperature = -0.40000000000000036  elapsed_time =  1034
 target_temperature = 10.0  current_temperature = 9.4  delta_temperature = -0.5999999999999996  elapsed_time =  1039
 target_temperature = 10.0  current_temperature = 9.4  delta_temperature = -0.5999999999999996  elapsed_time =  1044
 target_temperature = 10.0  current_temperature = 9.5  delta_temperature = -0.5  elapsed_time =  1049
 target_temperature = 10.0  current_temperature = 9.5  delta_temperature = -0.5  elapsed_time =  1055
 target_temperature = 10.0  current_temperature = 9.6  delta_temperature = -0.40000000000000036  elapsed_time =  1060
 target_temperature = 10.0  current_temperature = 9.6  delta_temperature = -0.40000000000000036  elapsed_time =  1066
 target_temperature = 10.0  current_temperature = 9.6  delta_temperature = -0.40000000000000036  elapsed_time =  1071
 target_temperature = 10.0  current_temperature = 9.6  delta_temperature = -0.40000000000000036  elapsed_time =  1076
 target_temperature = 10.0  current_temperature = 9.7  delta_temperature = -0.3000000000000007  elapsed_time =  1082
 target_temperature = 10.0  current_temperature = 9.8  delta_temperature = -0.1999999999999993  elapsed_time =  1087
 target_temperature = 10.0  current_temperature = 9.9  delta_temperature = -0.09999999999999964  elapsed_time =  1092
 target_temperature = 10.0  current_temperature = 9.8  delta_temperature = -0.1999999999999993  elapsed_time =  1097
 target_temperature = 10.0  current_temperature = 9.7  delta_temperature = -0.3000000000000007  elapsed_time =  1103
 target_temperature = 10.0  current_temperature = 9.7  delta_temperature = -0.3000000000000007  elapsed_time =  1108
 target_temperature = 10.0  current_temperature = 9.8  delta_temperature = -0.1999999999999993  elapsed_time =  1113
 target_temperature = 10.0  current_temperature = 9.9  delta_temperature = -0.09999999999999964  elapsed_time =  1122
 target_temperature = 10.0  current_temperature = 9.7  delta_temperature = -0.3000000000000007  elapsed_time =  1127
 target_temperature = 10.0  current_temperature = 9.6  delta_temperature = -0.40000000000000036  elapsed_time =  1132
 target_temperature = 10.0  current_temperature = 9.6  delta_temperature = -0.40000000000000036  elapsed_time =  1137
 target_temperature = 10.0  current_temperature = 9.7  delta_temperature = -0.3000000000000007  elapsed_time =  1143
 target_temperature = 10.0  current_temperature = 9.7  delta_temperature = -0.3000000000000007  elapsed_time =  1148
 target_temperature = 10.0  current_temperature = 9.8  delta_temperature = -0.1999999999999993  elapsed_time =  1153
 target_temperature = 10.0  current_temperature = 9.6  delta_temperature = -0.40000000000000036  elapsed_time =  1158
 target_temperature = 10.0  current_temperature = 9.6  delta_temperature = -0.40000000000000036  elapsed_time =  1163
 target_temperature = 10.0  current_temperature = 9.6  delta_temperature = -0.40000000000000036  elapsed_time =  1169
 target_temperature = 10.0  current_temperature = 9.6  delta_temperature = -0.40000000000000036  elapsed_time =  1174
 target_temperature = 10.0  current_temperature = 9.6  delta_temperature = -0.40000000000000036  elapsed_time =  1179
 target_temperature = 10.0  current_temperature = 9.7  delta_temperature = -0.3000000000000007  elapsed_time =  1186
 target_temperature = 10.0  current_temperature = 9.5  delta_temperature = -0.5  elapsed_time =  1191
 target_temperature = 10.0  current_temperature = 9.5  delta_temperature = -0.5  elapsed_time =  1197
 target_temperature = 10.0  current_temperature = 9.6  delta_temperature = -0.40000000000000036  elapsed_time =  1202
 target_temperature = 10.0  current_temperature = 9.7  delta_temperature = -0.3000000000000007  elapsed_time =  1207
 target_temperature = 10.0  current_temperature = 9.8  delta_temperature = -0.1999999999999993  elapsed_time =  1213
 target_temperature = 10.0  current_temperature = 9.7  delta_temperature = -0.3000000000000007  elapsed_time =  1218
 target_temperature = 10.0  current_temperature = 9.6  delta_temperature = -0.40000000000000036  elapsed_time =  1223
 target_temperature = 10.0  current_temperature = 9.7  delta_temperature = -0.3000000000000007  elapsed_time =  1229
 target_temperature = 10.0  current_temperature = 9.8  delta_temperature = -0.1999999999999993  elapsed_time =  1234
 target_temperature = 10.0  current_temperature = 9.9  delta_temperature = -0.09999999999999964  elapsed_time =  1241
 target_temperature = 10.0  current_temperature = 9.9  delta_temperature = -0.09999999999999964  elapsed_time =  1246
 target_temperature = 10.0  current_temperature = 9.7  delta_temperature = -0.3000000000000007  elapsed_time =  1251
 target_temperature = 10.0  current_temperature = 9.7  delta_temperature = -0.3000000000000007  elapsed_time =  1257
 target_temperature = 10.0  current_temperature = 9.8  delta_temperature = -0.1999999999999993  elapsed_time =  1262
 target_temperature = 10.0  current_temperature = 9.8  delta_temperature = -0.1999999999999993  elapsed_time =  1267
 target_temperature = 10.0  current_temperature = 9.8  delta_temperature = -0.1999999999999993  elapsed_time =  1272
 target_temperature = 10.0  current_temperature = 9.9  delta_temperature = -0.09999999999999964  elapsed_time =  1278
 target_temperature = 10.0  current_temperature = 9.8  delta_temperature = -0.1999999999999993  elapsed_time =  1283
 target_temperature = 10.0  current_temperature = 9.8  delta_temperature = -0.1999999999999993  elapsed_time =  1288
 target_temperature = 10.0  current_temperature = 9.8  delta_temperature = -0.1999999999999993  elapsed_time =  1293
 target_temperature = 10.0  current_temperature = 9.8  delta_temperature = -0.1999999999999993  elapsed_time =  1299
 target_temperature = 10.0  current_temperature = 9.9  delta_temperature = -0.09999999999999964  elapsed_time =  1304
 target_temperature = 10.0  current_temperature = 9.8  delta_temperature = -0.1999999999999993  elapsed_time =  1309
 target_temperature = 10.0  current_temperature = 9.7  delta_temperature = -0.3000000000000007  elapsed_time =  1314
 target_temperature = 10.0  current_temperature = 9.7  delta_temperature = -0.3000000000000007  elapsed_time =  1321
 target_temperature = 10.0  current_temperature = 9.7  delta_temperature = -0.3000000000000007  elapsed_time =  1326
 target_temperature = 10.0  current_temperature = 9.8  delta_temperature = -0.1999999999999993  elapsed_time =  1331
 target_temperature = 10.0  current_temperature = 9.7  delta_temperature = -0.3000000000000007  elapsed_time =  1337
 target_temperature = 10.0  current_temperature = 9.6  delta_temperature = -0.40000000000000036  elapsed_time =  1342
 target_temperature = 10.0  current_temperature = 9.6  delta_temperature = -0.40000000000000036  elapsed_time =  1347
 target_temperature = 10.0  current_temperature = 9.7  delta_temperature = -0.3000000000000007  elapsed_time =  1352
 target_temperature = 10.0  current_temperature = 9.7  delta_temperature = -0.3000000000000007  elapsed_time =  1357
 target_temperature = 10.0  current_temperature = 9.8  delta_temperature = -0.1999999999999993  elapsed_time =  1363
 target_temperature = 10.0  current_temperature = 9.7  delta_temperature = -0.3000000000000007  elapsed_time =  1368
 target_temperature = 10.0  current_temperature = 9.6  delta_temperature = -0.40000000000000036  elapsed_time =  1373
 target_temperature = 10.0  current_temperature = 9.7  delta_temperature = -0.3000000000000007  elapsed_time =  1378
 target_temperature = 10.0  current_temperature = 9.8  delta_temperature = -0.1999999999999993  elapsed_time =  1383
 target_temperature = 10.0  current_temperature = 9.8  delta_temperature = -0.1999999999999993  elapsed_time =  1388
 target_temperature = 10.0  current_temperature = 9.9  delta_temperature = -0.09999999999999964  elapsed_time =  1394
 target_temperature = 10.0  current_temperature = 9.8  delta_temperature = -0.1999999999999993  elapsed_time =  1399
 target_temperature = 10.0  current_temperature = 9.8  delta_temperature = -0.1999999999999993  elapsed_time =  1404
 target_temperature = 10.0  current_temperature = 9.9  delta_temperature = -0.09999999999999964  elapsed_time =  1410
 target_temperature = 10.0  current_temperature = 9.9  delta_temperature = -0.09999999999999964  elapsed_time =  1416
 target_temperature = 10.0  current_temperature = 9.9  delta_temperature = -0.09999999999999964  elapsed_time =  1421
 target_temperature = 10.0  current_temperature = 9.9  delta_temperature = -0.09999999999999964  elapsed_time =  1426
 target_temperature = 10.0  current_temperature = 9.9  delta_temperature = -0.09999999999999964  elapsed_time =  1431
 target_temperature = 10.0  current_temperature = 9.9  delta_temperature = -0.09999999999999964  elapsed_time =  1438
 target_temperature = 10.0  current_temperature = 9.9  delta_temperature = -0.09999999999999964  elapsed_time =  1445
 target_temperature = 10.0  current_temperature = 10.0  delta_temperature = 0.0  elapsed_time =  1453
 target_temperature = 10.0  current_temperature = 9.9  delta_temperature = -0.09999999999999964  elapsed_time =  1459
 target_temperature = 10.0  current_temperature = 9.8  delta_temperature = -0.1999999999999993  elapsed_time =  1464
 target_temperature = 10.0  current_temperature = 9.8  delta_temperature = -0.1999999999999993  elapsed_time =  1470
 target_temperature = 10.0  current_temperature = 9.8  delta_temperature = -0.1999999999999993  elapsed_time =  1475
 target_temperature = 10.0  current_temperature = 9.8  delta_temperature = -0.1999999999999993  elapsed_time =  1480
 target_temperature = 10.0  current_temperature = 9.9  delta_temperature = -0.09999999999999964  elapsed_time =  1485
 target_temperature = 10.0  current_temperature = 9.7  delta_temperature = -0.3000000000000007  elapsed_time =  1491
 target_temperature = 10.0  current_temperature = 9.7  delta_temperature = -0.3000000000000007  elapsed_time =  1496
 target_temperature = 10.0  current_temperature = 9.8  delta_temperature = -0.1999999999999993  elapsed_time =  1502
 target_temperature = 10.0  current_temperature = 9.8  delta_temperature = -0.1999999999999993  elapsed_time =  1507
 target_temperature = 10.0  current_temperature = 9.8  delta_temperature = -0.1999999999999993  elapsed_time =  1513
 target_temperature = 10.0  current_temperature = 9.7  delta_temperature = -0.3000000000000007  elapsed_time =  1518
 target_temperature = 10.0  current_temperature = 9.7  delta_temperature = -0.3000000000000007  elapsed_time =  1525
 target_temperature = 10.0  current_temperature = 9.8  delta_temperature = -0.1999999999999993  elapsed_time =  1531
 target_temperature = 10.0  current_temperature = 9.8  delta_temperature = -0.1999999999999993  elapsed_time =  1536
 target_temperature = 10.0  current_temperature = 9.9  delta_temperature = -0.09999999999999964  elapsed_time =  1542
 target_temperature = 10.0  current_temperature = 10.0  delta_temperature = 0.0  elapsed_time =  1547
 target_temperature = 10.0  current_temperature = 9.8  delta_temperature = -0.1999999999999993  elapsed_time =  1552
 target_temperature = 10.0  current_temperature = 9.9  delta_temperature = -0.09999999999999964  elapsed_time =  1557
 target_temperature = 10.0  current_temperature = 9.9  delta_temperature = -0.09999999999999964  elapsed_time =  1562
 target_temperature = 10.0  current_temperature = 10.0  delta_temperature = 0.0  elapsed_time =  1568
 target_temperature = 10.0  current_temperature = 10.1  delta_temperature = 0.09999999999999964  elapsed_time =  1573
 target_temperature = 10.0  current_temperature = 10.0  delta_temperature = 0.0  elapsed_time =  1578
 target_temperature = 10.0  current_temperature = 9.9  delta_temperature = -0.09999999999999964  elapsed_time =  1583
 target_temperature = 10.0  current_temperature = 10.0  delta_temperature = 0.0  elapsed_time =  1588
 target_temperature = 10.0  current_temperature = 10.0  delta_temperature = 0.0  elapsed_time =  1594
 target_temperature = 10.0  current_temperature = 10.1  delta_temperature = 0.09999999999999964  elapsed_time =  1599
 target_temperature = 10.0  current_temperature = 10.1  delta_temperature = 0.09999999999999964  elapsed_time =  1604
 target_temperature = 10.0  current_temperature = 9.9  delta_temperature = -0.09999999999999964  elapsed_time =  1609
 target_temperature = 10.0  current_temperature = 9.9  delta_temperature = -0.09999999999999964  elapsed_time =  1614
 target_temperature = 10.0  current_temperature = 9.9  delta_temperature = -0.09999999999999964  elapsed_time =  1619
 target_temperature = 10.0  current_temperature = 9.9  delta_temperature = -0.09999999999999964  elapsed_time =  1625
 target_temperature = 10.0  current_temperature = 9.9  delta_temperature = -0.09999999999999964  elapsed_time =  1636
 target_temperature = 10.0  current_temperature = 9.8  delta_temperature = -0.1999999999999993  elapsed_time =  1641
 target_temperature = 10.0  current_temperature = 9.7  delta_temperature = -0.3000000000000007  elapsed_time =  1646
 target_temperature = 10.0  current_temperature = 9.8  delta_temperature = -0.1999999999999993  elapsed_time =  1651
 target_temperature = 10.0  current_temperature = 9.8  delta_temperature = -0.1999999999999993  elapsed_time =  1656
 target_temperature = 10.0  current_temperature = 9.9  delta_temperature = -0.09999999999999964  elapsed_time =  1662
 target_temperature = 10.0  current_temperature = 9.8  delta_temperature = -0.1999999999999993  elapsed_time =  1667
 target_temperature = 10.0  current_temperature = 9.7  delta_temperature = -0.3000000000000007  elapsed_time =  1673
 target_temperature = 10.0  current_temperature = 9.7  delta_temperature = -0.3000000000000007  elapsed_time =  1678
 target_temperature = 10.0  current_temperature = 9.8  delta_temperature = -0.1999999999999993  elapsed_time =  1684
 target_temperature = 10.0  current_temperature = 9.9  delta_temperature = -0.09999999999999964  elapsed_time =  1691
 target_temperature = 10.0  current_temperature = 9.9  delta_temperature = -0.09999999999999964  elapsed_time =  1696
 target_temperature = 10.0  current_temperature = 9.7  delta_temperature = -0.3000000000000007  elapsed_time =  1701
 target_temperature = 10.0  current_temperature = 9.9  delta_temperature = -0.09999999999999964  elapsed_time =  1706
 target_temperature = 10.0  current_temperature = 9.9  delta_temperature = -0.09999999999999964  elapsed_time =  1712
 target_temperature = 10.0  current_temperature = 10.0  delta_temperature = 0.0  elapsed_time =  1718
 target_temperature = 10.0  current_temperature = 10.1  delta_temperature = 0.09999999999999964  elapsed_time =  1724
 target_temperature = 10.0  current_temperature = 9.9  delta_temperature = -0.09999999999999964  elapsed_time =  1730
 target_temperature = 10.0  current_temperature = 10.0  delta_temperature = 0.0  elapsed_time =  1735
 target_temperature = 10.0  current_temperature = 10.1  delta_temperature = 0.09999999999999964  elapsed_time =  1740
 target_temperature = 10.0  current_temperature = 10.1  delta_temperature = 0.09999999999999964  elapsed_time =  1745
 target_temperature = 10.0  current_temperature = 10.1  delta_temperature = 0.09999999999999964  elapsed_time =  1751
 target_temperature = 10.0  current_temperature = 10.2  delta_temperature = 0.1999999999999993  elapsed_time =  1757
 target_temperature = 10.0  current_temperature = 10.0  delta_temperature = 0.0  elapsed_time =  1762
 target_temperature = 10.0  current_temperature = 10.0  delta_temperature = 0.0  elapsed_time =  1767
 target_temperature = 10.0  current_temperature = 10.0  delta_temperature = 0.0  elapsed_time =  1772
 target_temperature = 10.0  current_temperature = 10.1  delta_temperature = 0.09999999999999964  elapsed_time =  1778
 target_temperature = 10.0  current_temperature = 10.2  delta_temperature = 0.1999999999999993  elapsed_time =  1783
 target_temperature = 10.0  current_temperature = 9.9  delta_temperature = -0.09999999999999964  elapsed_time =  1789
 target_temperature = 10.0  current_temperature = 9.9  delta_temperature = -0.09999999999999964  elapsed_time =  1794
 target_temperature = 10.0  current_temperature = 9.9  delta_temperature = -0.09999999999999964  elapsed_time =  1799
 target_temperature = 10.0  current_temperature = 10.0  delta_temperature = 0.0  elapsed_time =  1805
