 --- 
 --- START: /home/eic/DATA/2023-characterisation/actual/20230806-065108/memmert-hama3-iv 
 --- 
1691297468 | Sun  6 Aug 06:51:08 CEST 2023 
 --- 
 --- go to -30 C: /au/memmert/memmert_go_to_minus_30.sh 
 --- 
 --- SCAN: /home/eic/DATA/2023-characterisation/actual/20230806-065108/memmert-hama3-iv 
 --- 
1691300372 | Sun  6 Aug 07:39:32 CEST 2023 
 --- 
 --- starting IV setup: /au/measure/2023-characterisation/run-iv-setup.sh run-memmert-hama3-setup
 --- waiting for processes to complete 
 --- 
 --- COMPLETED: /home/eic/DATA/2023-characterisation/actual/20230806-065108/memmert-hama3-iv 
 --- 
1691304288 | Sun  6 Aug 08:44:48 CEST 2023 
 --- 
 --- go back to 20 C: /au/memmert/memmert_back_to_plus_20.sh 
 --- 
 --- DONE: /home/eic/DATA/2023-characterisation/actual/20230806-065108/memmert-hama3-iv 
 --- 
1691304798 | Sun  6 Aug 08:53:18 CEST 2023 
 --- 
