 --- 
 --- START: /home/eic/DATA/2023-characterisation/actual/20230629-144521/memmert-hama3 
 --- 
1688042721 | Thu 29 Jun 14:45:21 CEST 2023 
 --- 
 --- go to -30 C: /au/memmert/memmert_go_to_minus_30.sh 
 --- 
 --- SCAN: /home/eic/DATA/2023-characterisation/actual/20230629-144521/memmert-hama3 
 --- 
1688052438 | Thu 29 Jun 17:27:18 CEST 2023 
 --- 
 --- starting IV setup: /au/measure/2023-characterisation/run-iv-setup.sh run-memmert-hama3-setup
 --- starting DCR setup: /au/measure/2023-characterisation/run-dcr-setup.sh run-memmert-hama3-setup
 --- waiting for processes to complete 
 --- 
 --- COMPLETED: /home/eic/DATA/2023-characterisation/actual/20230629-144521/memmert-hama3 
 --- 
1688058134 | Thu 29 Jun 19:02:14 CEST 2023 
 --- 
 --- go back to 20 C: /au/memmert/memmert_back_to_plus_20.sh 
 --- 
 --- DONE: /home/eic/DATA/2023-characterisation/actual/20230629-144521/memmert-hama3 
 --- 
1688059066 | Thu 29 Jun 19:17:46 CEST 2023 
 --- 
