 --- setting temperature: 25.0
 --- response: OK
 --- temperature set value: 25.0
 target_temperature = 25.0  current_temperature = -30.0  delta_temperature = -55.0  elapsed_time =  0
 target_temperature = 25.0  current_temperature = -30.1  delta_temperature = -55.1  elapsed_time =  0
 target_temperature = 25.0  current_temperature = -30.1  delta_temperature = -55.1  elapsed_time =  0
 target_temperature = 25.0  current_temperature = -30.1  delta_temperature = -55.1  elapsed_time =  0
 target_temperature = 25.0  current_temperature = -30.1  delta_temperature = -55.1  elapsed_time =  0
 target_temperature = 25.0  current_temperature = -29.9  delta_temperature = -54.9  elapsed_time =  0
 target_temperature = 25.0  current_temperature = -29.7  delta_temperature = -54.7  elapsed_time =  0
 target_temperature = 25.0  current_temperature = -29.5  delta_temperature = -54.5  elapsed_time =  0
 target_temperature = 25.0  current_temperature = -28.7  delta_temperature = -53.7  elapsed_time =  0
 target_temperature = 25.0  current_temperature = -27.9  delta_temperature = -52.9  elapsed_time =  0
 target_temperature = 25.0  current_temperature = -27.2  delta_temperature = -52.2  elapsed_time =  0
 target_temperature = 25.0  current_temperature = -26.9  delta_temperature = -51.9  elapsed_time =  0
 target_temperature = 25.0  current_temperature = -25.7  delta_temperature = -50.7  elapsed_time =  0
 target_temperature = 25.0  current_temperature = -25.0  delta_temperature = -50.0  elapsed_time =  0
 target_temperature = 25.0  current_temperature = -24.1  delta_temperature = -49.1  elapsed_time =  0
 target_temperature = 25.0  current_temperature = -22.8  delta_temperature = -47.8  elapsed_time =  0
 target_temperature = 25.0  current_temperature = -22.0  delta_temperature = -47.0  elapsed_time =  0
 target_temperature = 25.0  current_temperature = -20.9  delta_temperature = -45.9  elapsed_time =  0
 target_temperature = 25.0  current_temperature = -19.9  delta_temperature = -44.9  elapsed_time =  0
 target_temperature = 25.0  current_temperature = -18.4  delta_temperature = -43.4  elapsed_time =  0
 target_temperature = 25.0  current_temperature = -17.4  delta_temperature = -42.4  elapsed_time =  0
 target_temperature = 25.0  current_temperature = -16.0  delta_temperature = -41.0  elapsed_time =  0
 target_temperature = 25.0  current_temperature = -14.8  delta_temperature = -39.8  elapsed_time =  0
 target_temperature = 25.0  current_temperature = -13.5  delta_temperature = -38.5  elapsed_time =  0
 target_temperature = 25.0  current_temperature = -12.4  delta_temperature = -37.4  elapsed_time =  0
 target_temperature = 25.0  current_temperature = -10.8  delta_temperature = -35.8  elapsed_time =  0
 target_temperature = 25.0  current_temperature = -9.5  delta_temperature = -34.5  elapsed_time =  0
 target_temperature = 25.0  current_temperature = -8.0  delta_temperature = -33.0  elapsed_time =  0
 target_temperature = 25.0  current_temperature = -6.9  delta_temperature = -31.9  elapsed_time =  0
 target_temperature = 25.0  current_temperature = -5.1  delta_temperature = -30.1  elapsed_time =  0
 target_temperature = 25.0  current_temperature = -4.1  delta_temperature = -29.1  elapsed_time =  0
 target_temperature = 25.0  current_temperature = -3.1  delta_temperature = -28.1  elapsed_time =  0
 target_temperature = 25.0  current_temperature = -1.6  delta_temperature = -26.6  elapsed_time =  0
 target_temperature = 25.0  current_temperature = -0.7  delta_temperature = -25.7  elapsed_time =  0
 target_temperature = 25.0  current_temperature = 0.8  delta_temperature = -24.2  elapsed_time =  0
 target_temperature = 25.0  current_temperature = 1.9  delta_temperature = -23.1  elapsed_time =  0
 target_temperature = 25.0  current_temperature = 3.3  delta_temperature = -21.7  elapsed_time =  0
 target_temperature = 25.0  current_temperature = 4.4  delta_temperature = -20.6  elapsed_time =  0
 target_temperature = 25.0  current_temperature = 5.6  delta_temperature = -19.4  elapsed_time =  0
 target_temperature = 25.0  current_temperature = 6.7  delta_temperature = -18.3  elapsed_time =  0
 target_temperature = 25.0  current_temperature = 8.2  delta_temperature = -16.8  elapsed_time =  0
 target_temperature = 25.0  current_temperature = 9.2  delta_temperature = -15.8  elapsed_time =  0
 target_temperature = 25.0  current_temperature = 10.1  delta_temperature = -14.9  elapsed_time =  0
 target_temperature = 25.0  current_temperature = 11.3  delta_temperature = -13.7  elapsed_time =  0
 target_temperature = 25.0  current_temperature = 12.2  delta_temperature = -12.8  elapsed_time =  0
 target_temperature = 25.0  current_temperature = 13.2  delta_temperature = -11.8  elapsed_time =  0
 target_temperature = 25.0  current_temperature = 14.0  delta_temperature = -11.0  elapsed_time =  0
 target_temperature = 25.0  current_temperature = 15.5  delta_temperature = -9.5  elapsed_time =  0
 target_temperature = 25.0  current_temperature = 16.1  delta_temperature = -8.899999999999999  elapsed_time =  0
 target_temperature = 25.0  current_temperature = 17.0  delta_temperature = -8.0  elapsed_time =  0
 target_temperature = 25.0  current_temperature = 17.4  delta_temperature = -7.600000000000001  elapsed_time =  0
 target_temperature = 25.0  current_temperature = 17.9  delta_temperature = -7.100000000000001  elapsed_time =  0
 target_temperature = 25.0  current_temperature = 18.3  delta_temperature = -6.699999999999999  elapsed_time =  0
 target_temperature = 25.0  current_temperature = 18.5  delta_temperature = -6.5  elapsed_time =  0
 target_temperature = 25.0  current_temperature = 18.8  delta_temperature = -6.199999999999999  elapsed_time =  0
 target_temperature = 25.0  current_temperature = 19.0  delta_temperature = -6.0  elapsed_time =  0
 target_temperature = 25.0  current_temperature = 19.1  delta_temperature = -5.899999999999999  elapsed_time =  0
 target_temperature = 25.0  current_temperature = 19.4  delta_temperature = -5.600000000000001  elapsed_time =  0
 target_temperature = 25.0  current_temperature = 19.4  delta_temperature = -5.600000000000001  elapsed_time =  0
 target_temperature = 25.0  current_temperature = 19.3  delta_temperature = -5.699999999999999  elapsed_time =  0
 target_temperature = 25.0  current_temperature = 19.3  delta_temperature = -5.699999999999999  elapsed_time =  0
 target_temperature = 25.0  current_temperature = 19.3  delta_temperature = -5.699999999999999  elapsed_time =  0
 target_temperature = 25.0  current_temperature = 19.3  delta_temperature = -5.699999999999999  elapsed_time =  0
 target_temperature = 25.0  current_temperature = 19.1  delta_temperature = -5.899999999999999  elapsed_time =  0
 target_temperature = 25.0  current_temperature = 18.8  delta_temperature = -6.199999999999999  elapsed_time =  0
 target_temperature = 25.0  current_temperature = 18.8  delta_temperature = -6.199999999999999  elapsed_time =  0
 target_temperature = 25.0  current_temperature = 18.7  delta_temperature = -6.300000000000001  elapsed_time =  0
 target_temperature = 25.0  current_temperature = 18.5  delta_temperature = -6.5  elapsed_time =  0
 target_temperature = 25.0  current_temperature = 18.4  delta_temperature = -6.600000000000001  elapsed_time =  0
 target_temperature = 25.0  current_temperature = 18.2  delta_temperature = -6.800000000000001  elapsed_time =  0
 target_temperature = 25.0  current_temperature = 17.9  delta_temperature = -7.100000000000001  elapsed_time =  0
 target_temperature = 25.0  current_temperature = 17.8  delta_temperature = -7.199999999999999  elapsed_time =  0
 target_temperature = 25.0  current_temperature = 17.6  delta_temperature = -7.399999999999999  elapsed_time =  0
 target_temperature = 25.0  current_temperature = 17.3  delta_temperature = -7.699999999999999  elapsed_time =  0
 target_temperature = 25.0  current_temperature = 17.3  delta_temperature = -7.699999999999999  elapsed_time =  0
 target_temperature = 25.0  current_temperature = 17.1  delta_temperature = -7.899999999999999  elapsed_time =  0
 target_temperature = 25.0  current_temperature = 17.0  delta_temperature = -8.0  elapsed_time =  0
 target_temperature = 25.0  current_temperature = 16.9  delta_temperature = -8.100000000000001  elapsed_time =  0
 target_temperature = 25.0  current_temperature = 16.7  delta_temperature = -8.3  elapsed_time =  0
 target_temperature = 25.0  current_temperature = 16.7  delta_temperature = -8.3  elapsed_time =  0
 target_temperature = 25.0  current_temperature = 16.3  delta_temperature = -8.7  elapsed_time =  0
 target_temperature = 25.0  current_temperature = 16.2  delta_temperature = -8.8  elapsed_time =  0
 target_temperature = 25.0  current_temperature = 16.2  delta_temperature = -8.8  elapsed_time =  0
 target_temperature = 25.0  current_temperature = 16.2  delta_temperature = -8.8  elapsed_time =  0
 target_temperature = 25.0  current_temperature = 16.2  delta_temperature = -8.8  elapsed_time =  0
 target_temperature = 25.0  current_temperature = 16.1  delta_temperature = -8.899999999999999  elapsed_time =  0
 target_temperature = 25.0  current_temperature = 15.9  delta_temperature = -9.1  elapsed_time =  0
 target_temperature = 25.0  current_temperature = 15.9  delta_temperature = -9.1  elapsed_time =  0
 target_temperature = 25.0  current_temperature = 16.0  delta_temperature = -9.0  elapsed_time =  0
 target_temperature = 25.0  current_temperature = 16.0  delta_temperature = -9.0  elapsed_time =  0
 target_temperature = 25.0  current_temperature = 16.0  delta_temperature = -9.0  elapsed_time =  0
 target_temperature = 25.0  current_temperature = 16.0  delta_temperature = -9.0  elapsed_time =  0
 target_temperature = 25.0  current_temperature = 16.1  delta_temperature = -8.899999999999999  elapsed_time =  0
 target_temperature = 25.0  current_temperature = 16.3  delta_temperature = -8.7  elapsed_time =  0
 target_temperature = 25.0  current_temperature = 16.5  delta_temperature = -8.5  elapsed_time =  0
 target_temperature = 25.0  current_temperature = 16.7  delta_temperature = -8.3  elapsed_time =  0
 target_temperature = 25.0  current_temperature = 16.7  delta_temperature = -8.3  elapsed_time =  0
 target_temperature = 25.0  current_temperature = 16.8  delta_temperature = -8.2  elapsed_time =  0
 target_temperature = 25.0  current_temperature = 17.1  delta_temperature = -7.899999999999999  elapsed_time =  0
 target_temperature = 25.0  current_temperature = 17.2  delta_temperature = -7.800000000000001  elapsed_time =  0
 target_temperature = 25.0  current_temperature = 17.6  delta_temperature = -7.399999999999999  elapsed_time =  0
 target_temperature = 25.0  current_temperature = 17.8  delta_temperature = -7.199999999999999  elapsed_time =  0
 target_temperature = 25.0  current_temperature = 18.0  delta_temperature = -7.0  elapsed_time =  0
 target_temperature = 25.0  current_temperature = 18.1  delta_temperature = -6.899999999999999  elapsed_time =  0
 target_temperature = 25.0  current_temperature = 18.4  delta_temperature = -6.600000000000001  elapsed_time =  0
 target_temperature = 25.0  current_temperature = 18.7  delta_temperature = -6.300000000000001  elapsed_time =  0
 target_temperature = 25.0  current_temperature = 18.9  delta_temperature = -6.100000000000001  elapsed_time =  0
 target_temperature = 25.0  current_temperature = 19.0  delta_temperature = -6.0  elapsed_time =  0
 target_temperature = 25.0  current_temperature = 19.4  delta_temperature = -5.600000000000001  elapsed_time =  0
 target_temperature = 25.0  current_temperature = 19.5  delta_temperature = -5.5  elapsed_time =  0
 target_temperature = 25.0  current_temperature = 19.7  delta_temperature = -5.300000000000001  elapsed_time =  0
 target_temperature = 25.0  current_temperature = 19.9  delta_temperature = -5.100000000000001  elapsed_time =  0
 target_temperature = 25.0  current_temperature = 20.0  delta_temperature = -5.0  elapsed_time =  0
 target_temperature = 25.0  current_temperature = 20.0  delta_temperature = -5.0  elapsed_time =  0
 target_temperature = 25.0  current_temperature = 20.1  delta_temperature = -4.899999999999999  elapsed_time =  0
 target_temperature = 25.0  current_temperature = 20.2  delta_temperature = -4.800000000000001  elapsed_time =  0
 target_temperature = 25.0  current_temperature = 20.3  delta_temperature = -4.699999999999999  elapsed_time =  0
 target_temperature = 25.0  current_temperature = 20.4  delta_temperature = -4.600000000000001  elapsed_time =  0
 target_temperature = 25.0  current_temperature = 20.4  delta_temperature = -4.600000000000001  elapsed_time =  0
 target_temperature = 25.0  current_temperature = 20.5  delta_temperature = -4.5  elapsed_time =  0
 target_temperature = 25.0  current_temperature = 20.5  delta_temperature = -4.5  elapsed_time =  0
 target_temperature = 25.0  current_temperature = 20.5  delta_temperature = -4.5  elapsed_time =  0
 target_temperature = 25.0  current_temperature = 20.6  delta_temperature = -4.399999999999999  elapsed_time =  0
 target_temperature = 25.0  current_temperature = 20.6  delta_temperature = -4.399999999999999  elapsed_time =  0
 target_temperature = 25.0  current_temperature = 20.7  delta_temperature = -4.300000000000001  elapsed_time =  0
 target_temperature = 25.0  current_temperature = 20.7  delta_temperature = -4.300000000000001  elapsed_time =  0
 target_temperature = 25.0  current_temperature = 20.7  delta_temperature = -4.300000000000001  elapsed_time =  0
 target_temperature = 25.0  current_temperature = 20.7  delta_temperature = -4.300000000000001  elapsed_time =  0
 target_temperature = 25.0  current_temperature = 20.6  delta_temperature = -4.399999999999999  elapsed_time =  0
 target_temperature = 25.0  current_temperature = 20.7  delta_temperature = -4.300000000000001  elapsed_time =  0
 target_temperature = 25.0  current_temperature = 20.8  delta_temperature = -4.199999999999999  elapsed_time =  0
 target_temperature = 25.0  current_temperature = 20.8  delta_temperature = -4.199999999999999  elapsed_time =  0
 target_temperature = 25.0  current_temperature = 20.8  delta_temperature = -4.199999999999999  elapsed_time =  0
 target_temperature = 25.0  current_temperature = 20.8  delta_temperature = -4.199999999999999  elapsed_time =  0
 target_temperature = 25.0  current_temperature = 20.8  delta_temperature = -4.199999999999999  elapsed_time =  0
 target_temperature = 25.0  current_temperature = 20.9  delta_temperature = -4.100000000000001  elapsed_time =  0
 target_temperature = 25.0  current_temperature = 20.9  delta_temperature = -4.100000000000001  elapsed_time =  0
 target_temperature = 25.0  current_temperature = 21.0  delta_temperature = -4.0  elapsed_time =  0
 target_temperature = 25.0  current_temperature = 21.0  delta_temperature = -4.0  elapsed_time =  0
 target_temperature = 25.0  current_temperature = 21.2  delta_temperature = -3.8000000000000007  elapsed_time =  0
 target_temperature = 25.0  current_temperature = 21.4  delta_temperature = -3.6000000000000014  elapsed_time =  0
 target_temperature = 25.0  current_temperature = 21.4  delta_temperature = -3.6000000000000014  elapsed_time =  0
 target_temperature = 25.0  current_temperature = 21.6  delta_temperature = -3.3999999999999986  elapsed_time =  0
 target_temperature = 25.0  current_temperature = 21.6  delta_temperature = -3.3999999999999986  elapsed_time =  0
 target_temperature = 25.0  current_temperature = 21.9  delta_temperature = -3.1000000000000014  elapsed_time =  0
 target_temperature = 25.0  current_temperature = 22.0  delta_temperature = -3.0  elapsed_time =  0
 target_temperature = 25.0  current_temperature = 22.1  delta_temperature = -2.8999999999999986  elapsed_time =  0
 target_temperature = 25.0  current_temperature = 22.3  delta_temperature = -2.6999999999999993  elapsed_time =  0
 target_temperature = 25.0  current_temperature = 22.5  delta_temperature = -2.5  elapsed_time =  0
 target_temperature = 25.0  current_temperature = 22.6  delta_temperature = -2.3999999999999986  elapsed_time =  0
 target_temperature = 25.0  current_temperature = 22.8  delta_temperature = -2.1999999999999993  elapsed_time =  0
 target_temperature = 25.0  current_temperature = 23.0  delta_temperature = -2.0  elapsed_time =  5
 target_temperature = 25.0  current_temperature = 23.1  delta_temperature = -1.8999999999999986  elapsed_time =  10
 target_temperature = 25.0  current_temperature = 23.2  delta_temperature = -1.8000000000000007  elapsed_time =  15
 target_temperature = 25.0  current_temperature = 23.5  delta_temperature = -1.5  elapsed_time =  20
 target_temperature = 25.0  current_temperature = 23.5  delta_temperature = -1.5  elapsed_time =  25
 target_temperature = 25.0  current_temperature = 23.7  delta_temperature = -1.3000000000000007  elapsed_time =  31
 target_temperature = 25.0  current_temperature = 23.9  delta_temperature = -1.1000000000000014  elapsed_time =  36
 target_temperature = 25.0  current_temperature = 24.0  delta_temperature = -1.0  elapsed_time =  41
 target_temperature = 25.0  current_temperature = 24.1  delta_temperature = -0.8999999999999986  elapsed_time =  46
 target_temperature = 25.0  current_temperature = 24.3  delta_temperature = -0.6999999999999993  elapsed_time =  51
 target_temperature = 25.0  current_temperature = 24.4  delta_temperature = -0.6000000000000014  elapsed_time =  57
 target_temperature = 25.0  current_temperature = 24.4  delta_temperature = -0.6000000000000014  elapsed_time =  62
 --- setting mode: 0
 --- response: OK
 --- mode set value: 0
