 --- 
 --- START: /home/eic/DATA/2023-characterisation/actual/20230727-120344/memmert-hama3-iv 
 --- 
1690452224 | Thu 27 Jul 12:03:44 CEST 2023 
 --- 
 --- go to -30 C: /au/memmert/memmert_go_to_minus_30.sh 
 --- 
 --- SCAN: /home/eic/DATA/2023-characterisation/actual/20230727-120344/memmert-hama3-iv 
 --- 
1690452224 | Thu 27 Jul 12:03:44 CEST 2023 
 --- 
 --- starting IV setup: /au/measure/2023-characterisation/run-iv-setup.sh run-memmert-hama3-setup
 --- waiting for processes to complete 
 --- 
 --- COMPLETED: /home/eic/DATA/2023-characterisation/actual/20230727-120344/memmert-hama3-iv 
 --- 
1690457123 | Thu 27 Jul 13:25:23 CEST 2023 
 --- 
 --- go back to 20 C: /au/memmert/memmert_back_to_plus_20.sh 
 --- 
 --- DONE: /home/eic/DATA/2023-characterisation/actual/20230727-120344/memmert-hama3-iv 
 --- 
1690457123 | Thu 27 Jul 13:25:23 CEST 2023 
 --- 
