 --- 
 --- START: /home/eic/DATA/2023-characterisation/actual/20230630-094047/memmert-hama3-iv 
 --- 
1688110848 | Fri 30 Jun 09:40:48 CEST 2023 
 --- 
 --- go to -30 C: /au/memmert/memmert_go_to_minus_30.sh 
 --- 
 --- SCAN: /home/eic/DATA/2023-characterisation/actual/20230630-094047/memmert-hama3-iv 
 --- 
1688119188 | Fri 30 Jun 11:59:48 CEST 2023 
 --- 
 --- starting IV setup: /au/measure/2023-characterisation/run-iv-setup.sh run-memmert-hama3-setup
 --- waiting for processes to complete 
 --- 
 --- COMPLETED: /home/eic/DATA/2023-characterisation/actual/20230630-094047/memmert-hama3-iv 
 --- 
1688123963 | Fri 30 Jun 13:19:23 CEST 2023 
 --- 
 --- go back to 20 C: /au/memmert/memmert_back_to_plus_20.sh 
 --- 
 --- DONE: /home/eic/DATA/2023-characterisation/actual/20230630-094047/memmert-hama3-iv 
 --- 
1688124917 | Fri 30 Jun 13:35:17 CEST 2023 
 --- 
