 --- 
 --- START: /home/eic/DATA/2023-characterisation/actual/20230626-112604/memmert-hama3 
 --- 
1687771565 | Mon 26 Jun 11:26:05 CEST 2023 
 --- 
 --- go to -30 C: /au/memmert/memmert_go_to_minus_30.sh 
 --- 
 --- SCAN: /home/eic/DATA/2023-characterisation/actual/20230626-112604/memmert-hama3 
 --- 
1687778474 | Mon 26 Jun 13:21:14 CEST 2023 
 --- 
 --- starting IV setup: /au/measure/2023-characterisation/run-iv-setup.sh run-memmert-hama3-setup
 --- starting DCR setup: /au/measure/2023-characterisation/run-dcr-setup.sh run-memmert-hama3-setup
 --- waiting for processes to complete 
 --- 
 --- COMPLETED: /home/eic/DATA/2023-characterisation/actual/20230626-112604/memmert-hama3 
 --- 
1687782979 | Mon 26 Jun 14:36:19 CEST 2023 
 --- 
 --- go back to 20 C: /au/memmert/memmert_back_to_plus_20.sh 
 --- 
 --- DONE: /home/eic/DATA/2023-characterisation/actual/20230626-112604/memmert-hama3 
 --- 
1687783997 | Mon 26 Jun 14:53:17 CEST 2023 
 --- 
