 --- 
 --- START: /home/eic/DATA/2023-characterisation/actual/20230627-125751/memmert-hama3-dcr 
 --- 
1687863471 | Tue 27 Jun 12:57:51 CEST 2023 
 --- 
 --- go to -30 C: /au/memmert/memmert_go_to_minus_30.sh 
 --- 
 --- SCAN: /home/eic/DATA/2023-characterisation/actual/20230627-125751/memmert-hama3-dcr 
 --- 
1687874072 | Tue 27 Jun 15:54:32 CEST 2023 
 --- 
 --- starting DCR setup: /au/measure/2023-characterisation/run-dcr-setup.sh run-memmert-hama3-setup
 --- waiting for processes to complete 
 --- 
 --- COMPLETED: /home/eic/DATA/2023-characterisation/actual/20230627-125751/memmert-hama3-dcr 
 --- 
1687877214 | Tue 27 Jun 16:46:54 CEST 2023 
 --- 
 --- go back to 20 C: /au/memmert/memmert_back_to_plus_20.sh 
 --- 
 --- DONE: /home/eic/DATA/2023-characterisation/actual/20230627-125751/memmert-hama3-dcr 
 --- 
1687878239 | Tue 27 Jun 17:03:59 CEST 2023 
 --- 
