 --- 
 --- START: /home/eic/DATA/2023-characterisation/actual/20230704-113141/memmert-hama3-iv 
 --- 
1688463101 | Tue  4 Jul 11:31:41 CEST 2023 
 --- 
 --- go to -30 C: /au/memmert/memmert_go_to_minus_30.sh 
 --- 
 --- SCAN: /home/eic/DATA/2023-characterisation/actual/20230704-113141/memmert-hama3-iv 
 --- 
1688472702 | Tue  4 Jul 14:11:42 CEST 2023 
 --- 
 --- starting IV setup: /au/measure/2023-characterisation/run-iv-setup.sh run-memmert-hama3-setup
 --- waiting for processes to complete 
 --- 
 --- COMPLETED: /home/eic/DATA/2023-characterisation/actual/20230704-113141/memmert-hama3-iv 
 --- 
1688477529 | Tue  4 Jul 15:32:09 CEST 2023 
 --- 
 --- go back to 20 C: /au/memmert/memmert_back_to_plus_20.sh 
 --- 
 --- DONE: /home/eic/DATA/2023-characterisation/actual/20230704-113141/memmert-hama3-iv 
 --- 
1688478568 | Tue  4 Jul 15:49:28 CEST 2023 
 --- 
