 --- 
 --- START: /home/eic/DATA/2023-characterisation/actual/20230706-085239/memmert-hama3-dcr 
 --- 
1688626359 | Thu  6 Jul 08:52:39 CEST 2023 
 --- 
 --- go to -30 C: /au/memmert/memmert_go_to_minus_30.sh 
 --- 
 --- SCAN: /home/eic/DATA/2023-characterisation/actual/20230706-085239/memmert-hama3-dcr 
 --- 
1688634809 | Thu  6 Jul 11:13:29 CEST 2023 
 --- 
 --- starting DCR setup: /au/measure/2023-characterisation/run-dcr-setup.sh run-memmert-hama3-setup
 --- waiting for processes to complete 
 --- 
 --- COMPLETED: /home/eic/DATA/2023-characterisation/actual/20230706-085239/memmert-hama3-dcr 
 --- 
1688638025 | Thu  6 Jul 12:07:05 CEST 2023 
 --- 
 --- go back to 20 C: /au/memmert/memmert_back_to_plus_20.sh 
 --- 
 --- DONE: /home/eic/DATA/2023-characterisation/actual/20230706-085239/memmert-hama3-dcr 
 --- 
1688638025 | Thu  6 Jul 12:07:05 CEST 2023 
 --- 
