 --- 
 --- START: /home/eic/DATA/2023-characterisation/actual/20230810-090123/memmert-hama3-iv 
 --- 
1691650883 | Thu 10 Aug 09:01:23 CEST 2023 
 --- 
 --- go to -30 C: /au/memmert/memmert_go_to_minus_30.sh 
 --- 
 --- SCAN: /home/eic/DATA/2023-characterisation/actual/20230810-090123/memmert-hama3-iv 
 --- 
1691657946 | Thu 10 Aug 10:59:06 CEST 2023 
 --- 
 --- starting IV setup: /au/measure/2023-characterisation/run-iv-setup.sh run-memmert-hama3-setup
 --- waiting for processes to complete 
 --- 
 --- COMPLETED: /home/eic/DATA/2023-characterisation/actual/20230810-090123/memmert-hama3-iv 
 --- 
1691663203 | Thu 10 Aug 12:26:43 CEST 2023 
 --- 
 --- go back to 20 C: /au/memmert/memmert_back_to_plus_20.sh 
 --- 
 --- DONE: /home/eic/DATA/2023-characterisation/actual/20230810-090123/memmert-hama3-iv 
 --- 
1691664191 | Thu 10 Aug 12:43:11 CEST 2023 
 --- 
