 --- 
 --- START: /home/eic/DATA/2023-characterisation/actual/20230705-132553/memmert-hama3 
 --- 
1688556353 | Wed  5 Jul 13:25:53 CEST 2023 
 --- 
 --- go to -30 C: /au/memmert/memmert_go_to_minus_30.sh 
 --- 
 --- SCAN: /home/eic/DATA/2023-characterisation/actual/20230705-132553/memmert-hama3 
 --- 
1688565344 | Wed  5 Jul 15:55:44 CEST 2023 
 --- 
 --- starting IV setup: /au/measure/2023-characterisation/run-iv-setup.sh run-memmert-hama3-setup
 --- starting DCR setup: /au/measure/2023-characterisation/run-dcr-setup.sh run-memmert-hama3-setup
 --- waiting for processes to complete 
 --- 
 --- COMPLETED: /home/eic/DATA/2023-characterisation/actual/20230705-132553/memmert-hama3 
 --- 
1688571099 | Wed  5 Jul 17:31:39 CEST 2023 
 --- 
 --- go back to 20 C: /au/memmert/memmert_back_to_plus_20.sh 
 --- 
 --- DONE: /home/eic/DATA/2023-characterisation/actual/20230705-132553/memmert-hama3 
 --- 
1688572093 | Wed  5 Jul 17:48:13 CEST 2023 
 --- 
