 --- setting mode: 1
 --- response: OK
 --- mode set value: 1
 --- setting temperature: 25.0
 --- response: OK
 --- temperature set value: 25.0
 --- setting fan: A
 --- response: OK
 --- fan set value: A
 --- setting fan: A
 --- response: OK
 --- fan set value: A
 --- memmert reached RH = 5.0 %
 --- wait 10 minutes to make sure RH is really low
 --- setting temperature: -30.0
 --- response: OK
 --- temperature set value: -30.0
 target_temperature = -30.0  current_temperature = 25.8  delta_temperature = 55.8  elapsed_time =  0
 target_temperature = -30.0  current_temperature = 25.8  delta_temperature = 55.8  elapsed_time =  0
 target_temperature = -30.0  current_temperature = 25.8  delta_temperature = 55.8  elapsed_time =  0
 target_temperature = -30.0  current_temperature = 25.9  delta_temperature = 55.9  elapsed_time =  0
 target_temperature = -30.0  current_temperature = 25.8  delta_temperature = 55.8  elapsed_time =  0
 target_temperature = -30.0  current_temperature = 25.8  delta_temperature = 55.8  elapsed_time =  0
 target_temperature = -30.0  current_temperature = 25.7  delta_temperature = 55.7  elapsed_time =  0
 target_temperature = -30.0  current_temperature = 25.4  delta_temperature = 55.4  elapsed_time =  0
 target_temperature = -30.0  current_temperature = 25.2  delta_temperature = 55.2  elapsed_time =  0
 target_temperature = -30.0  current_temperature = 24.8  delta_temperature = 54.8  elapsed_time =  0
 target_temperature = -30.0  current_temperature = 24.4  delta_temperature = 54.4  elapsed_time =  0
 target_temperature = -30.0  current_temperature = 24.2  delta_temperature = 54.2  elapsed_time =  0
 target_temperature = -30.0  current_temperature = 23.7  delta_temperature = 53.7  elapsed_time =  0
 target_temperature = -30.0  current_temperature = 23.3  delta_temperature = 53.3  elapsed_time =  0
 target_temperature = -30.0  current_temperature = 22.9  delta_temperature = 52.9  elapsed_time =  0
 target_temperature = -30.0  current_temperature = 22.5  delta_temperature = 52.5  elapsed_time =  0
 target_temperature = -30.0  current_temperature = 22.1  delta_temperature = 52.1  elapsed_time =  0
 target_temperature = -30.0  current_temperature = 21.5  delta_temperature = 51.5  elapsed_time =  0
 target_temperature = -30.0  current_temperature = 21.3  delta_temperature = 51.3  elapsed_time =  0
 target_temperature = -30.0  current_temperature = 21.0  delta_temperature = 51.0  elapsed_time =  0
 target_temperature = -30.0  current_temperature = 20.7  delta_temperature = 50.7  elapsed_time =  0
 target_temperature = -30.0  current_temperature = 20.5  delta_temperature = 50.5  elapsed_time =  0
 target_temperature = -30.0  current_temperature = 20.2  delta_temperature = 50.2  elapsed_time =  0
 target_temperature = -30.0  current_temperature = 19.9  delta_temperature = 49.9  elapsed_time =  0
 target_temperature = -30.0  current_temperature = 19.8  delta_temperature = 49.8  elapsed_time =  0
 target_temperature = -30.0  current_temperature = 19.6  delta_temperature = 49.6  elapsed_time =  0
 target_temperature = -30.0  current_temperature = 19.4  delta_temperature = 49.4  elapsed_time =  0
 target_temperature = -30.0  current_temperature = 19.4  delta_temperature = 49.4  elapsed_time =  0
 target_temperature = -30.0  current_temperature = 19.4  delta_temperature = 49.4  elapsed_time =  0
 target_temperature = -30.0  current_temperature = 18.9  delta_temperature = 48.9  elapsed_time =  0
 target_temperature = -30.0  current_temperature = 18.9  delta_temperature = 48.9  elapsed_time =  0
 target_temperature = -30.0  current_temperature = 18.9  delta_temperature = 48.9  elapsed_time =  0
 target_temperature = -30.0  current_temperature = 18.7  delta_temperature = 48.7  elapsed_time =  0
 target_temperature = -30.0  current_temperature = 18.7  delta_temperature = 48.7  elapsed_time =  0
 target_temperature = -30.0  current_temperature = 18.3  delta_temperature = 48.3  elapsed_time =  0
 target_temperature = -30.0  current_temperature = 18.2  delta_temperature = 48.2  elapsed_time =  0
 target_temperature = -30.0  current_temperature = 18.1  delta_temperature = 48.1  elapsed_time =  0
 target_temperature = -30.0  current_temperature = 17.9  delta_temperature = 47.9  elapsed_time =  0
 target_temperature = -30.0  current_temperature = 17.7  delta_temperature = 47.7  elapsed_time =  0
 target_temperature = -30.0  current_temperature = 17.5  delta_temperature = 47.5  elapsed_time =  0
 target_temperature = -30.0  current_temperature = 17.3  delta_temperature = 47.3  elapsed_time =  0
 target_temperature = -30.0  current_temperature = 17.2  delta_temperature = 47.2  elapsed_time =  0
 target_temperature = -30.0  current_temperature = 17.1  delta_temperature = 47.1  elapsed_time =  0
 target_temperature = -30.0  current_temperature = 16.8  delta_temperature = 46.8  elapsed_time =  0
 target_temperature = -30.0  current_temperature = 16.4  delta_temperature = 46.4  elapsed_time =  0
 target_temperature = -30.0  current_temperature = 15.9  delta_temperature = 45.9  elapsed_time =  0
 target_temperature = -30.0  current_temperature = 15.8  delta_temperature = 45.8  elapsed_time =  0
 target_temperature = -30.0  current_temperature = 15.3  delta_temperature = 45.3  elapsed_time =  0
 target_temperature = -30.0  current_temperature = 15.0  delta_temperature = 45.0  elapsed_time =  0
 target_temperature = -30.0  current_temperature = 14.9  delta_temperature = 44.9  elapsed_time =  0
 target_temperature = -30.0  current_temperature = 14.3  delta_temperature = 44.3  elapsed_time =  0
 target_temperature = -30.0  current_temperature = 14.2  delta_temperature = 44.2  elapsed_time =  0
 target_temperature = -30.0  current_temperature = 14.0  delta_temperature = 44.0  elapsed_time =  0
 target_temperature = -30.0  current_temperature = 13.6  delta_temperature = 43.6  elapsed_time =  0
 target_temperature = -30.0  current_temperature = 13.3  delta_temperature = 43.3  elapsed_time =  0
 target_temperature = -30.0  current_temperature = 12.8  delta_temperature = 42.8  elapsed_time =  0
 target_temperature = -30.0  current_temperature = 12.8  delta_temperature = 42.8  elapsed_time =  0
 target_temperature = -30.0  current_temperature = 12.6  delta_temperature = 42.6  elapsed_time =  0
 target_temperature = -30.0  current_temperature = 12.3  delta_temperature = 42.3  elapsed_time =  0
 target_temperature = -30.0  current_temperature = 12.2  delta_temperature = 42.2  elapsed_time =  0
 target_temperature = -30.0  current_temperature = 11.9  delta_temperature = 41.9  elapsed_time =  0
 target_temperature = -30.0  current_temperature = 11.5  delta_temperature = 41.5  elapsed_time =  0
 target_temperature = -30.0  current_temperature = 11.4  delta_temperature = 41.4  elapsed_time =  0
 target_temperature = -30.0  current_temperature = 11.2  delta_temperature = 41.2  elapsed_time =  0
 target_temperature = -30.0  current_temperature = 10.9  delta_temperature = 40.9  elapsed_time =  0
 target_temperature = -30.0  current_temperature = 10.7  delta_temperature = 40.7  elapsed_time =  0
 target_temperature = -30.0  current_temperature = 10.2  delta_temperature = 40.2  elapsed_time =  0
 target_temperature = -30.0  current_temperature = 10.1  delta_temperature = 40.1  elapsed_time =  0
 target_temperature = -30.0  current_temperature = 9.9  delta_temperature = 39.9  elapsed_time =  0
 target_temperature = -30.0  current_temperature = 9.9  delta_temperature = 39.9  elapsed_time =  0
 target_temperature = -30.0  current_temperature = 9.7  delta_temperature = 39.7  elapsed_time =  0
 target_temperature = -30.0  current_temperature = 9.4  delta_temperature = 39.4  elapsed_time =  0
 target_temperature = -30.0  current_temperature = 9.4  delta_temperature = 39.4  elapsed_time =  0
 target_temperature = -30.0  current_temperature = 9.3  delta_temperature = 39.3  elapsed_time =  0
 target_temperature = -30.0  current_temperature = 9.1  delta_temperature = 39.1  elapsed_time =  0
 target_temperature = -30.0  current_temperature = 9.1  delta_temperature = 39.1  elapsed_time =  0
 target_temperature = -30.0  current_temperature = 8.6  delta_temperature = 38.6  elapsed_time =  0
 target_temperature = -30.0  current_temperature = 8.4  delta_temperature = 38.4  elapsed_time =  0
 target_temperature = -30.0  current_temperature = 8.3  delta_temperature = 38.3  elapsed_time =  0
 target_temperature = -30.0  current_temperature = 7.9  delta_temperature = 37.9  elapsed_time =  0
 target_temperature = -30.0  current_temperature = 7.8  delta_temperature = 37.8  elapsed_time =  0
 target_temperature = -30.0  current_temperature = 7.6  delta_temperature = 37.6  elapsed_time =  0
 target_temperature = -30.0  current_temperature = 7.2  delta_temperature = 37.2  elapsed_time =  0
 target_temperature = -30.0  current_temperature = 7.1  delta_temperature = 37.1  elapsed_time =  0
 target_temperature = -30.0  current_temperature = 6.9  delta_temperature = 36.9  elapsed_time =  0
 target_temperature = -30.0  current_temperature = 6.8  delta_temperature = 36.8  elapsed_time =  0
 target_temperature = -30.0  current_temperature = 6.3  delta_temperature = 36.3  elapsed_time =  0
 target_temperature = -30.0  current_temperature = 6.2  delta_temperature = 36.2  elapsed_time =  0
 target_temperature = -30.0  current_temperature = 6.1  delta_temperature = 36.1  elapsed_time =  0
 target_temperature = -30.0  current_temperature = 5.9  delta_temperature = 35.9  elapsed_time =  0
 target_temperature = -30.0  current_temperature = 5.8  delta_temperature = 35.8  elapsed_time =  0
 target_temperature = -30.0  current_temperature = 5.7  delta_temperature = 35.7  elapsed_time =  0
 target_temperature = -30.0  current_temperature = 5.4  delta_temperature = 35.4  elapsed_time =  0
 target_temperature = -30.0  current_temperature = 5.2  delta_temperature = 35.2  elapsed_time =  0
 target_temperature = -30.0  current_temperature = 5.0  delta_temperature = 35.0  elapsed_time =  0
 target_temperature = -30.0  current_temperature = 5.0  delta_temperature = 35.0  elapsed_time =  0
 target_temperature = -30.0  current_temperature = 4.9  delta_temperature = 34.9  elapsed_time =  0
 target_temperature = -30.0  current_temperature = 4.7  delta_temperature = 34.7  elapsed_time =  0
 target_temperature = -30.0  current_temperature = 4.4  delta_temperature = 34.4  elapsed_time =  0
 target_temperature = -30.0  current_temperature = 4.4  delta_temperature = 34.4  elapsed_time =  0
 target_temperature = -30.0  current_temperature = 4.3  delta_temperature = 34.3  elapsed_time =  0
 target_temperature = -30.0  current_temperature = 4.0  delta_temperature = 34.0  elapsed_time =  0
 target_temperature = -30.0  current_temperature = 3.9  delta_temperature = 33.9  elapsed_time =  0
 target_temperature = -30.0  current_temperature = 3.5  delta_temperature = 33.5  elapsed_time =  0
 target_temperature = -30.0  current_temperature = 3.5  delta_temperature = 33.5  elapsed_time =  0
 target_temperature = -30.0  current_temperature = 3.4  delta_temperature = 33.4  elapsed_time =  0
 target_temperature = -30.0  current_temperature = 3.2  delta_temperature = 33.2  elapsed_time =  0
 target_temperature = -30.0  current_temperature = 3.1  delta_temperature = 33.1  elapsed_time =  0
 target_temperature = -30.0  current_temperature = 3.1  delta_temperature = 33.1  elapsed_time =  0
 target_temperature = -30.0  current_temperature = 2.6  delta_temperature = 32.6  elapsed_time =  0
 target_temperature = -30.0  current_temperature = 2.6  delta_temperature = 32.6  elapsed_time =  0
 target_temperature = -30.0  current_temperature = 2.5  delta_temperature = 32.5  elapsed_time =  0
 target_temperature = -30.0  current_temperature = 2.3  delta_temperature = 32.3  elapsed_time =  0
 target_temperature = -30.0  current_temperature = 2.2  delta_temperature = 32.2  elapsed_time =  0
 target_temperature = -30.0  current_temperature = 2.0  delta_temperature = 32.0  elapsed_time =  0
 target_temperature = -30.0  current_temperature = 1.7  delta_temperature = 31.7  elapsed_time =  0
 target_temperature = -30.0  current_temperature = 1.6  delta_temperature = 31.6  elapsed_time =  0
 target_temperature = 5.0  current_temperature = 1.4  delta_temperature = -3.6  elapsed_time =  0
 target_temperature = 5.0  current_temperature = 1.2  delta_temperature = -3.8  elapsed_time =  0
 target_temperature = 5.0  current_temperature = 1.2  delta_temperature = -3.8  elapsed_time =  0
 target_temperature = 5.0  current_temperature = 0.9  delta_temperature = -4.1  elapsed_time =  0
 target_temperature = 5.0  current_temperature = 0.9  delta_temperature = -4.1  elapsed_time =  0
 target_temperature = 5.0  current_temperature = 0.9  delta_temperature = -4.1  elapsed_time =  0
 target_temperature = 5.0  current_temperature = 0.9  delta_temperature = -4.1  elapsed_time =  0
 target_temperature = 5.0  current_temperature = 0.9  delta_temperature = -4.1  elapsed_time =  0
 target_temperature = 5.0  current_temperature = 1.0  delta_temperature = -4.0  elapsed_time =  0
 target_temperature = 5.0  current_temperature = 0.9  delta_temperature = -4.1  elapsed_time =  0
 target_temperature = 5.0  current_temperature = 1.0  delta_temperature = -4.0  elapsed_time =  0
 target_temperature = 5.0  current_temperature = 1.1  delta_temperature = -3.9  elapsed_time =  0
 target_temperature = 5.0  current_temperature = 1.2  delta_temperature = -3.8  elapsed_time =  0
 target_temperature = 5.0  current_temperature = 1.4  delta_temperature = -3.6  elapsed_time =  0
 target_temperature = 5.0  current_temperature = 1.4  delta_temperature = -3.6  elapsed_time =  0
 target_temperature = 5.0  current_temperature = 1.7  delta_temperature = -3.3  elapsed_time =  0
 target_temperature = 5.0  current_temperature = 1.9  delta_temperature = -3.1  elapsed_time =  0
 target_temperature = 5.0  current_temperature = 2.0  delta_temperature = -3.0  elapsed_time =  0
 target_temperature = 5.0  current_temperature = 2.2  delta_temperature = -2.8  elapsed_time =  0
 target_temperature = 5.0  current_temperature = 2.3  delta_temperature = -2.7  elapsed_time =  0
 target_temperature = 5.0  current_temperature = 2.4  delta_temperature = -2.6  elapsed_time =  0
 target_temperature = 5.0  current_temperature = 2.7  delta_temperature = -2.3  elapsed_time =  0
 target_temperature = 5.0  current_temperature = 2.7  delta_temperature = -2.3  elapsed_time =  0
 target_temperature = 5.0  current_temperature = 2.8  delta_temperature = -2.2  elapsed_time =  0
 target_temperature = 5.0  current_temperature = 3.1  delta_temperature = -1.9  elapsed_time =  5
 target_temperature = 5.0  current_temperature = 3.2  delta_temperature = -1.7999999999999998  elapsed_time =  10
 target_temperature = 5.0  current_temperature = 3.4  delta_temperature = -1.6  elapsed_time =  15
 target_temperature = 5.0  current_temperature = 3.7  delta_temperature = -1.2999999999999998  elapsed_time =  20
 target_temperature = 5.0  current_temperature = 3.8  delta_temperature = -1.2000000000000002  elapsed_time =  26
 target_temperature = 5.0  current_temperature = 3.9  delta_temperature = -1.1  elapsed_time =  31
 target_temperature = 5.0  current_temperature = 4.0  delta_temperature = -1.0  elapsed_time =  37
 target_temperature = 5.0  current_temperature = 4.2  delta_temperature = -0.7999999999999998  elapsed_time =  42
 target_temperature = 5.0  current_temperature = 4.4  delta_temperature = -0.5999999999999996  elapsed_time =  47
 target_temperature = 5.0  current_temperature = 4.5  delta_temperature = -0.5  elapsed_time =  53
 target_temperature = 5.0  current_temperature = 4.6  delta_temperature = -0.40000000000000036  elapsed_time =  59
 target_temperature = 5.0  current_temperature = 4.8  delta_temperature = -0.20000000000000018  elapsed_time =  64
 target_temperature = 5.0  current_temperature = 4.8  delta_temperature = -0.20000000000000018  elapsed_time =  70
 target_temperature = 5.0  current_temperature = 4.9  delta_temperature = -0.09999999999999964  elapsed_time =  76
 target_temperature = 5.0  current_temperature = 5.0  delta_temperature = 0.0  elapsed_time =  81
 target_temperature = 5.0  current_temperature = 5.1  delta_temperature = 0.09999999999999964  elapsed_time =  87
 target_temperature = 5.0  current_temperature = 5.3  delta_temperature = 0.2999999999999998  elapsed_time =  93
 target_temperature = 5.0  current_temperature = 5.1  delta_temperature = 0.09999999999999964  elapsed_time =  99
 target_temperature = 5.0  current_temperature = 5.1  delta_temperature = 0.09999999999999964  elapsed_time =  104
 target_temperature = 5.0  current_temperature = 5.2  delta_temperature = 0.20000000000000018  elapsed_time =  109
 target_temperature = 5.0  current_temperature = 5.2  delta_temperature = 0.20000000000000018  elapsed_time =  115
 target_temperature = 5.0  current_temperature = 5.4  delta_temperature = 0.40000000000000036  elapsed_time =  121
 target_temperature = 5.0  current_temperature = 5.4  delta_temperature = 0.40000000000000036  elapsed_time =  127
 target_temperature = 5.0  current_temperature = 5.3  delta_temperature = 0.2999999999999998  elapsed_time =  132
 target_temperature = 5.0  current_temperature = 5.3  delta_temperature = 0.2999999999999998  elapsed_time =  137
 target_temperature = 5.0  current_temperature = 5.4  delta_temperature = 0.40000000000000036  elapsed_time =  142
 target_temperature = 5.0  current_temperature = 5.5  delta_temperature = 0.5  elapsed_time =  149
 target_temperature = 5.0  current_temperature = 5.6  delta_temperature = 0.5999999999999996  elapsed_time =  156
 target_temperature = 5.0  current_temperature = 5.6  delta_temperature = 0.5999999999999996  elapsed_time =  161
 target_temperature = 5.0  current_temperature = 5.7  delta_temperature = 0.7000000000000002  elapsed_time =  166
 target_temperature = 5.0  current_temperature = 5.9  delta_temperature = 0.9000000000000004  elapsed_time =  171
 target_temperature = 5.0  current_temperature = 5.9  delta_temperature = 0.9000000000000004  elapsed_time =  177
 target_temperature = 5.0  current_temperature = 5.9  delta_temperature = 0.9000000000000004  elapsed_time =  182
 target_temperature = 5.0  current_temperature = 6.0  delta_temperature = 1.0  elapsed_time =  187
 target_temperature = 5.0  current_temperature = 6.1  delta_temperature = 1.0999999999999996  elapsed_time =  197
 target_temperature = 5.0  current_temperature = 6.2  delta_temperature = 1.2000000000000002  elapsed_time =  202
 target_temperature = 5.0  current_temperature = 6.2  delta_temperature = 1.2000000000000002  elapsed_time =  207
 target_temperature = 5.0  current_temperature = 6.4  delta_temperature = 1.4000000000000004  elapsed_time =  212
 target_temperature = 5.0  current_temperature = 6.4  delta_temperature = 1.4000000000000004  elapsed_time =  217
 target_temperature = 5.0  current_temperature = 6.3  delta_temperature = 1.2999999999999998  elapsed_time =  222
 target_temperature = 5.0  current_temperature = 6.4  delta_temperature = 1.4000000000000004  elapsed_time =  228
 target_temperature = 5.0  current_temperature = 6.4  delta_temperature = 1.4000000000000004  elapsed_time =  233
 target_temperature = 5.0  current_temperature = 6.4  delta_temperature = 1.4000000000000004  elapsed_time =  238
 target_temperature = 5.0  current_temperature = 6.5  delta_temperature = 1.5  elapsed_time =  243
 target_temperature = 5.0  current_temperature = 6.4  delta_temperature = 1.4000000000000004  elapsed_time =  249
 target_temperature = 5.0  current_temperature = 6.3  delta_temperature = 1.2999999999999998  elapsed_time =  254
 target_temperature = 5.0  current_temperature = 6.3  delta_temperature = 1.2999999999999998  elapsed_time =  259
 target_temperature = 5.0  current_temperature = 6.4  delta_temperature = 1.4000000000000004  elapsed_time =  264
 target_temperature = 5.0  current_temperature = 6.4  delta_temperature = 1.4000000000000004  elapsed_time =  270
 target_temperature = 5.0  current_temperature = 6.4  delta_temperature = 1.4000000000000004  elapsed_time =  275
 target_temperature = 5.0  current_temperature = 6.2  delta_temperature = 1.2000000000000002  elapsed_time =  282
 target_temperature = 5.0  current_temperature = 6.2  delta_temperature = 1.2000000000000002  elapsed_time =  288
 target_temperature = 5.0  current_temperature = 6.3  delta_temperature = 1.2999999999999998  elapsed_time =  293
 target_temperature = 5.0  current_temperature = 6.3  delta_temperature = 1.2999999999999998  elapsed_time =  299
 target_temperature = 5.0  current_temperature = 6.3  delta_temperature = 1.2999999999999998  elapsed_time =  305
 target_temperature = 5.0  current_temperature = 6.1  delta_temperature = 1.0999999999999996  elapsed_time =  311
 target_temperature = 5.0  current_temperature = 6.1  delta_temperature = 1.0999999999999996  elapsed_time =  317
 target_temperature = 5.0  current_temperature = 6.1  delta_temperature = 1.0999999999999996  elapsed_time =  322
 target_temperature = 5.0  current_temperature = 6.1  delta_temperature = 1.0999999999999996  elapsed_time =  327
 target_temperature = 5.0  current_temperature = 6.3  delta_temperature = 1.2999999999999998  elapsed_time =  332
 target_temperature = 5.0  current_temperature = 6.2  delta_temperature = 1.2000000000000002  elapsed_time =  339
 target_temperature = 5.0  current_temperature = 6.1  delta_temperature = 1.0999999999999996  elapsed_time =  344
 target_temperature = 5.0  current_temperature = 6.1  delta_temperature = 1.0999999999999996  elapsed_time =  349
 target_temperature = 5.0  current_temperature = 6.1  delta_temperature = 1.0999999999999996  elapsed_time =  355
 target_temperature = 5.0  current_temperature = 6.2  delta_temperature = 1.2000000000000002  elapsed_time =  360
 target_temperature = 5.0  current_temperature = 6.3  delta_temperature = 1.2999999999999998  elapsed_time =  365
 target_temperature = 5.0  current_temperature = 6.1  delta_temperature = 1.0999999999999996  elapsed_time =  371
 target_temperature = 5.0  current_temperature = 6.2  delta_temperature = 1.2000000000000002  elapsed_time =  377
 target_temperature = 5.0  current_temperature = 6.2  delta_temperature = 1.2000000000000002  elapsed_time =  382
 target_temperature = 5.0  current_temperature = 6.3  delta_temperature = 1.2999999999999998  elapsed_time =  389
 target_temperature = 5.0  current_temperature = 6.4  delta_temperature = 1.4000000000000004  elapsed_time =  395
 target_temperature = 5.0  current_temperature = 6.2  delta_temperature = 1.2000000000000002  elapsed_time =  401
 target_temperature = 5.0  current_temperature = 6.3  delta_temperature = 1.2999999999999998  elapsed_time =  407
 target_temperature = 5.0  current_temperature = 6.3  delta_temperature = 1.2999999999999998  elapsed_time =  413
 target_temperature = 5.0  current_temperature = 6.3  delta_temperature = 1.2999999999999998  elapsed_time =  418
 target_temperature = 5.0  current_temperature = 6.4  delta_temperature = 1.4000000000000004  elapsed_time =  424
 target_temperature = 5.0  current_temperature = 6.3  delta_temperature = 1.2999999999999998  elapsed_time =  429
 target_temperature = 5.0  current_temperature = 6.2  delta_temperature = 1.2000000000000002  elapsed_time =  434
 target_temperature = 5.0  current_temperature = 6.2  delta_temperature = 1.2000000000000002  elapsed_time =  440
 target_temperature = 5.0  current_temperature = 6.2  delta_temperature = 1.2000000000000002  elapsed_time =  445
 target_temperature = 5.0  current_temperature = 6.2  delta_temperature = 1.2000000000000002  elapsed_time =  450
 target_temperature = 5.0  current_temperature = 6.3  delta_temperature = 1.2999999999999998  elapsed_time =  455
 target_temperature = 5.0  current_temperature = 6.1  delta_temperature = 1.0999999999999996  elapsed_time =  461
 target_temperature = 5.0  current_temperature = 6.1  delta_temperature = 1.0999999999999996  elapsed_time =  466
 target_temperature = 5.0  current_temperature = 6.1  delta_temperature = 1.0999999999999996  elapsed_time =  472
 target_temperature = 5.0  current_temperature = 6.1  delta_temperature = 1.0999999999999996  elapsed_time =  477
 target_temperature = 5.0  current_temperature = 6.1  delta_temperature = 1.0999999999999996  elapsed_time =  483
 target_temperature = 5.0  current_temperature = 5.9  delta_temperature = 0.9000000000000004  elapsed_time =  488
 target_temperature = 5.0  current_temperature = 5.8  delta_temperature = 0.7999999999999998  elapsed_time =  493
 target_temperature = 5.0  current_temperature = 5.8  delta_temperature = 0.7999999999999998  elapsed_time =  499
 target_temperature = 5.0  current_temperature = 5.8  delta_temperature = 0.7999999999999998  elapsed_time =  504
 target_temperature = 5.0  current_temperature = 5.7  delta_temperature = 0.7000000000000002  elapsed_time =  509
 target_temperature = 5.0  current_temperature = 5.8  delta_temperature = 0.7999999999999998  elapsed_time =  514
 target_temperature = 5.0  current_temperature = 5.6  delta_temperature = 0.5999999999999996  elapsed_time =  519
 target_temperature = 5.0  current_temperature = 5.5  delta_temperature = 0.5  elapsed_time =  525
 target_temperature = 5.0  current_temperature = 5.5  delta_temperature = 0.5  elapsed_time =  530
 target_temperature = 5.0  current_temperature = 5.4  delta_temperature = 0.40000000000000036  elapsed_time =  536
 target_temperature = 5.0  current_temperature = 5.4  delta_temperature = 0.40000000000000036  elapsed_time =  541
 target_temperature = 5.0  current_temperature = 5.4  delta_temperature = 0.40000000000000036  elapsed_time =  546
 target_temperature = 5.0  current_temperature = 5.1  delta_temperature = 0.09999999999999964  elapsed_time =  552
 target_temperature = 5.0  current_temperature = 5.1  delta_temperature = 0.09999999999999964  elapsed_time =  557
 target_temperature = 5.0  current_temperature = 5.1  delta_temperature = 0.09999999999999964  elapsed_time =  562
 target_temperature = 5.0  current_temperature = 5.1  delta_temperature = 0.09999999999999964  elapsed_time =  568
 target_temperature = 5.0  current_temperature = 5.2  delta_temperature = 0.20000000000000018  elapsed_time =  574
 target_temperature = 5.0  current_temperature = 5.0  delta_temperature = 0.0  elapsed_time =  579
 target_temperature = 5.0  current_temperature = 4.9  delta_temperature = -0.09999999999999964  elapsed_time =  584
 target_temperature = 5.0  current_temperature = 4.9  delta_temperature = -0.09999999999999964  elapsed_time =  590
 target_temperature = 5.0  current_temperature = 5.0  delta_temperature = 0.0  elapsed_time =  595
 target_temperature = 5.0  current_temperature = 5.0  delta_temperature = 0.0  elapsed_time =  601
 target_temperature = 5.0  current_temperature = 5.1  delta_temperature = 0.09999999999999964  elapsed_time =  608
 target_temperature = 5.0  current_temperature = 5.1  delta_temperature = 0.09999999999999964  elapsed_time =  613
 target_temperature = 5.0  current_temperature = 5.1  delta_temperature = 0.09999999999999964  elapsed_time =  619
 target_temperature = 5.0  current_temperature = 5.2  delta_temperature = 0.20000000000000018  elapsed_time =  624
 target_temperature = 5.0  current_temperature = 5.3  delta_temperature = 0.2999999999999998  elapsed_time =  629
 target_temperature = 5.0  current_temperature = 5.4  delta_temperature = 0.40000000000000036  elapsed_time =  635
 target_temperature = 5.0  current_temperature = 5.4  delta_temperature = 0.40000000000000036  elapsed_time =  640
 target_temperature = 5.0  current_temperature = 5.4  delta_temperature = 0.40000000000000036  elapsed_time =  645
 target_temperature = 5.0  current_temperature = 5.5  delta_temperature = 0.5  elapsed_time =  651
 target_temperature = 5.0  current_temperature = 5.5  delta_temperature = 0.5  elapsed_time =  656
 target_temperature = 5.0  current_temperature = 5.6  delta_temperature = 0.5999999999999996  elapsed_time =  661
 target_temperature = 5.0  current_temperature = 5.7  delta_temperature = 0.7000000000000002  elapsed_time =  666
 target_temperature = 5.0  current_temperature = 5.6  delta_temperature = 0.5999999999999996  elapsed_time =  672
 target_temperature = 5.0  current_temperature = 5.6  delta_temperature = 0.5999999999999996  elapsed_time =  677
 target_temperature = 5.0  current_temperature = 5.7  delta_temperature = 0.7000000000000002  elapsed_time =  682
 target_temperature = 5.0  current_temperature = 5.7  delta_temperature = 0.7000000000000002  elapsed_time =  688
 target_temperature = 5.0  current_temperature = 5.8  delta_temperature = 0.7999999999999998  elapsed_time =  693
 target_temperature = 5.0  current_temperature = 5.7  delta_temperature = 0.7000000000000002  elapsed_time =  700
 target_temperature = 5.0  current_temperature = 5.7  delta_temperature = 0.7000000000000002  elapsed_time =  707
 target_temperature = 5.0  current_temperature = 5.7  delta_temperature = 0.7000000000000002  elapsed_time =  713
 target_temperature = 5.0  current_temperature = 5.7  delta_temperature = 0.7000000000000002  elapsed_time =  718
 target_temperature = 5.0  current_temperature = 5.8  delta_temperature = 0.7999999999999998  elapsed_time =  724
 target_temperature = 5.0  current_temperature = 5.6  delta_temperature = 0.5999999999999996  elapsed_time =  729
 target_temperature = 5.0  current_temperature = 5.6  delta_temperature = 0.5999999999999996  elapsed_time =  735
 target_temperature = 5.0  current_temperature = 5.6  delta_temperature = 0.5999999999999996  elapsed_time =  740
 target_temperature = 5.0  current_temperature = 5.6  delta_temperature = 0.5999999999999996  elapsed_time =  745
 target_temperature = 5.0  current_temperature = 5.5  delta_temperature = 0.5  elapsed_time =  750
 target_temperature = 5.0  current_temperature = 5.5  delta_temperature = 0.5  elapsed_time =  755
 target_temperature = 5.0  current_temperature = 5.4  delta_temperature = 0.40000000000000036  elapsed_time =  761
 target_temperature = 5.0  current_temperature = 5.4  delta_temperature = 0.40000000000000036  elapsed_time =  767
 target_temperature = 5.0  current_temperature = 5.4  delta_temperature = 0.40000000000000036  elapsed_time =  772
 target_temperature = 5.0  current_temperature = 5.4  delta_temperature = 0.40000000000000036  elapsed_time =  778
 target_temperature = 5.0  current_temperature = 5.4  delta_temperature = 0.40000000000000036  elapsed_time =  783
 target_temperature = 5.0  current_temperature = 5.2  delta_temperature = 0.20000000000000018  elapsed_time =  788
 target_temperature = 5.0  current_temperature = 5.1  delta_temperature = 0.09999999999999964  elapsed_time =  794
 target_temperature = 5.0  current_temperature = 5.1  delta_temperature = 0.09999999999999964  elapsed_time =  799
 target_temperature = 5.0  current_temperature = 5.1  delta_temperature = 0.09999999999999964  elapsed_time =  804
 target_temperature = 5.0  current_temperature = 5.1  delta_temperature = 0.09999999999999964  elapsed_time =  809
 target_temperature = 5.0  current_temperature = 5.1  delta_temperature = 0.09999999999999964  elapsed_time =  814
 target_temperature = 5.0  current_temperature = 4.9  delta_temperature = -0.09999999999999964  elapsed_time =  819
 target_temperature = 5.0  current_temperature = 4.8  delta_temperature = -0.20000000000000018  elapsed_time =  825
 target_temperature = 5.0  current_temperature = 4.8  delta_temperature = -0.20000000000000018  elapsed_time =  830
 target_temperature = 5.0  current_temperature = 4.7  delta_temperature = -0.2999999999999998  elapsed_time =  835
 target_temperature = 5.0  current_temperature = 4.7  delta_temperature = -0.2999999999999998  elapsed_time =  840
 target_temperature = 5.0  current_temperature = 4.7  delta_temperature = -0.2999999999999998  elapsed_time =  846
 target_temperature = 5.0  current_temperature = 4.4  delta_temperature = -0.5999999999999996  elapsed_time =  852
 target_temperature = 5.0  current_temperature = 4.4  delta_temperature = -0.5999999999999996  elapsed_time =  857
 target_temperature = 5.0  current_temperature = 4.4  delta_temperature = -0.5999999999999996  elapsed_time =  862
 target_temperature = 5.0  current_temperature = 4.4  delta_temperature = -0.5999999999999996  elapsed_time =  868
 target_temperature = 5.0  current_temperature = 4.4  delta_temperature = -0.5999999999999996  elapsed_time =  874
 target_temperature = 5.0  current_temperature = 4.4  delta_temperature = -0.5999999999999996  elapsed_time =  879
 target_temperature = 5.0  current_temperature = 4.4  delta_temperature = -0.5999999999999996  elapsed_time =  884
 target_temperature = 5.0  current_temperature = 4.4  delta_temperature = -0.5999999999999996  elapsed_time =  889
 target_temperature = 5.0  current_temperature = 4.5  delta_temperature = -0.5  elapsed_time =  894
 target_temperature = 5.0  current_temperature = 4.6  delta_temperature = -0.40000000000000036  elapsed_time =  900
 target_temperature = 5.0  current_temperature = 4.7  delta_temperature = -0.2999999999999998  elapsed_time =  905
 target_temperature = 5.0  current_temperature = 4.7  delta_temperature = -0.2999999999999998  elapsed_time =  910
 target_temperature = 5.0  current_temperature = 4.7  delta_temperature = -0.2999999999999998  elapsed_time =  916
 target_temperature = 5.0  current_temperature = 4.8  delta_temperature = -0.20000000000000018  elapsed_time =  921
 target_temperature = 5.0  current_temperature = 4.9  delta_temperature = -0.09999999999999964  elapsed_time =  926
 target_temperature = 5.0  current_temperature = 4.9  delta_temperature = -0.09999999999999964  elapsed_time =  931
 target_temperature = 5.0  current_temperature = 5.1  delta_temperature = 0.09999999999999964  elapsed_time =  936
 target_temperature = 5.0  current_temperature = 5.1  delta_temperature = 0.09999999999999964  elapsed_time =  942
 target_temperature = 5.0  current_temperature = 5.1  delta_temperature = 0.09999999999999964  elapsed_time =  947
 target_temperature = 5.0  current_temperature = 5.2  delta_temperature = 0.20000000000000018  elapsed_time =  953
 target_temperature = 5.0  current_temperature = 5.2  delta_temperature = 0.20000000000000018  elapsed_time =  958
 target_temperature = 5.0  current_temperature = 5.2  delta_temperature = 0.20000000000000018  elapsed_time =  963
 target_temperature = 5.0  current_temperature = 5.2  delta_temperature = 0.20000000000000018  elapsed_time =  969
 target_temperature = 5.0  current_temperature = 5.2  delta_temperature = 0.20000000000000018  elapsed_time =  974
 target_temperature = 5.0  current_temperature = 5.2  delta_temperature = 0.20000000000000018  elapsed_time =  979
 target_temperature = 5.0  current_temperature = 5.3  delta_temperature = 0.2999999999999998  elapsed_time =  985
 target_temperature = 5.0  current_temperature = 5.4  delta_temperature = 0.40000000000000036  elapsed_time =  991
 target_temperature = 5.0  current_temperature = 5.4  delta_temperature = 0.40000000000000036  elapsed_time =  996
 target_temperature = 5.0  current_temperature = 5.4  delta_temperature = 0.40000000000000036  elapsed_time =  1001
 target_temperature = 5.0  current_temperature = 5.3  delta_temperature = 0.2999999999999998  elapsed_time =  1006
 target_temperature = 5.0  current_temperature = 5.2  delta_temperature = 0.20000000000000018  elapsed_time =  1012
 target_temperature = 5.0  current_temperature = 5.2  delta_temperature = 0.20000000000000018  elapsed_time =  1017
 target_temperature = 5.0  current_temperature = 5.4  delta_temperature = 0.40000000000000036  elapsed_time =  1023
 target_temperature = 5.0  current_temperature = 5.4  delta_temperature = 0.40000000000000036  elapsed_time =  1029
 target_temperature = 5.0  current_temperature = 5.2  delta_temperature = 0.20000000000000018  elapsed_time =  1034
 target_temperature = 5.0  current_temperature = 5.2  delta_temperature = 0.20000000000000018  elapsed_time =  1039
 target_temperature = 5.0  current_temperature = 5.2  delta_temperature = 0.20000000000000018  elapsed_time =  1046
 target_temperature = 5.0  current_temperature = 5.2  delta_temperature = 0.20000000000000018  elapsed_time =  1051
 target_temperature = 5.0  current_temperature = 5.2  delta_temperature = 0.20000000000000018  elapsed_time =  1056
 target_temperature = 5.0  current_temperature = 5.0  delta_temperature = 0.0  elapsed_time =  1061
 target_temperature = 5.0  current_temperature = 5.0  delta_temperature = 0.0  elapsed_time =  1067
 target_temperature = 5.0  current_temperature = 5.0  delta_temperature = 0.0  elapsed_time =  1072
 target_temperature = 5.0  current_temperature = 5.0  delta_temperature = 0.0  elapsed_time =  1078
 target_temperature = 5.0  current_temperature = 5.0  delta_temperature = 0.0  elapsed_time =  1083
 target_temperature = 5.0  current_temperature = 4.8  delta_temperature = -0.20000000000000018  elapsed_time =  1088
 target_temperature = 5.0  current_temperature = 4.8  delta_temperature = -0.20000000000000018  elapsed_time =  1094
 target_temperature = 5.0  current_temperature = 4.8  delta_temperature = -0.20000000000000018  elapsed_time =  1100
 target_temperature = 5.0  current_temperature = 4.8  delta_temperature = -0.20000000000000018  elapsed_time =  1105
 target_temperature = 5.0  current_temperature = 4.8  delta_temperature = -0.20000000000000018  elapsed_time =  1110
 target_temperature = 5.0  current_temperature = 4.7  delta_temperature = -0.2999999999999998  elapsed_time =  1115
 target_temperature = 5.0  current_temperature = 4.5  delta_temperature = -0.5  elapsed_time =  1121
 target_temperature = 5.0  current_temperature = 4.5  delta_temperature = -0.5  elapsed_time =  1126
 target_temperature = 5.0  current_temperature = 4.5  delta_temperature = -0.5  elapsed_time =  1132
 target_temperature = 5.0  current_temperature = 4.5  delta_temperature = -0.5  elapsed_time =  1137
 target_temperature = 5.0  current_temperature = 4.5  delta_temperature = -0.5  elapsed_time =  1142
 target_temperature = 5.0  current_temperature = 4.6  delta_temperature = -0.40000000000000036  elapsed_time =  1147
 target_temperature = 5.0  current_temperature = 4.4  delta_temperature = -0.5999999999999996  elapsed_time =  1153
 target_temperature = 5.0  current_temperature = 4.5  delta_temperature = -0.5  elapsed_time =  1158
 target_temperature = 5.0  current_temperature = 4.6  delta_temperature = -0.40000000000000036  elapsed_time =  1163
 target_temperature = 5.0  current_temperature = 4.6  delta_temperature = -0.40000000000000036  elapsed_time =  1169
 target_temperature = 5.0  current_temperature = 4.7  delta_temperature = -0.2999999999999998  elapsed_time =  1175
 target_temperature = 5.0  current_temperature = 4.7  delta_temperature = -0.2999999999999998  elapsed_time =  1180
 target_temperature = 5.0  current_temperature = 4.7  delta_temperature = -0.2999999999999998  elapsed_time =  1185
 target_temperature = 5.0  current_temperature = 4.8  delta_temperature = -0.20000000000000018  elapsed_time =  1191
 target_temperature = 5.0  current_temperature = 4.9  delta_temperature = -0.09999999999999964  elapsed_time =  1197
 target_temperature = 5.0  current_temperature = 4.9  delta_temperature = -0.09999999999999964  elapsed_time =  1202
 target_temperature = 5.0  current_temperature = 5.0  delta_temperature = 0.0  elapsed_time =  1208
 target_temperature = 5.0  current_temperature = 5.0  delta_temperature = 0.0  elapsed_time =  1213
 target_temperature = 5.0  current_temperature = 5.0  delta_temperature = 0.0  elapsed_time =  1218
 target_temperature = 5.0  current_temperature = 5.1  delta_temperature = 0.09999999999999964  elapsed_time =  1223
 target_temperature = 5.0  current_temperature = 5.1  delta_temperature = 0.09999999999999964  elapsed_time =  1229
 target_temperature = 5.0  current_temperature = 5.2  delta_temperature = 0.20000000000000018  elapsed_time =  1234
 target_temperature = 5.0  current_temperature = 5.2  delta_temperature = 0.20000000000000018  elapsed_time =  1240
 target_temperature = 5.0  current_temperature = 5.2  delta_temperature = 0.20000000000000018  elapsed_time =  1245
 target_temperature = 5.0  current_temperature = 5.2  delta_temperature = 0.20000000000000018  elapsed_time =  1250
 target_temperature = 5.0  current_temperature = 5.3  delta_temperature = 0.2999999999999998  elapsed_time =  1255
 target_temperature = 5.0  current_temperature = 5.3  delta_temperature = 0.2999999999999998  elapsed_time =  1261
 target_temperature = 5.0  current_temperature = 5.4  delta_temperature = 0.40000000000000036  elapsed_time =  1266
 target_temperature = 5.0  current_temperature = 5.2  delta_temperature = 0.20000000000000018  elapsed_time =  1272
 target_temperature = 5.0  current_temperature = 5.2  delta_temperature = 0.20000000000000018  elapsed_time =  1278
 target_temperature = 5.0  current_temperature = 5.3  delta_temperature = 0.2999999999999998  elapsed_time =  1284
 target_temperature = 5.0  current_temperature = 5.3  delta_temperature = 0.2999999999999998  elapsed_time =  1291
 target_temperature = 5.0  current_temperature = 5.4  delta_temperature = 0.40000000000000036  elapsed_time =  1296
 target_temperature = 5.0  current_temperature = 5.2  delta_temperature = 0.20000000000000018  elapsed_time =  1301
 target_temperature = 5.0  current_temperature = 5.1  delta_temperature = 0.09999999999999964  elapsed_time =  1306
 target_temperature = 5.0  current_temperature = 5.2  delta_temperature = 0.20000000000000018  elapsed_time =  1312
 target_temperature = 5.0  current_temperature = 5.2  delta_temperature = 0.20000000000000018  elapsed_time =  1317
 target_temperature = 5.0  current_temperature = 5.2  delta_temperature = 0.20000000000000018  elapsed_time =  1322
 target_temperature = 5.0  current_temperature = 5.2  delta_temperature = 0.20000000000000018  elapsed_time =  1328
 target_temperature = 5.0  current_temperature = 5.0  delta_temperature = 0.0  elapsed_time =  1335
 target_temperature = 5.0  current_temperature = 5.0  delta_temperature = 0.0  elapsed_time =  1340
 target_temperature = 5.0  current_temperature = 5.0  delta_temperature = 0.0  elapsed_time =  1345
 target_temperature = 5.0  current_temperature = 5.0  delta_temperature = 0.0  elapsed_time =  1351
 target_temperature = 5.0  current_temperature = 5.0  delta_temperature = 0.0  elapsed_time =  1356
 target_temperature = 5.0  current_temperature = 4.7  delta_temperature = -0.2999999999999998  elapsed_time =  1362
 target_temperature = 5.0  current_temperature = 4.7  delta_temperature = -0.2999999999999998  elapsed_time =  1368
 target_temperature = 5.0  current_temperature = 4.8  delta_temperature = -0.20000000000000018  elapsed_time =  1373
 target_temperature = 5.0  current_temperature = 4.7  delta_temperature = -0.2999999999999998  elapsed_time =  1378
 target_temperature = 5.0  current_temperature = 4.7  delta_temperature = -0.2999999999999998  elapsed_time =  1384
 target_temperature = 5.0  current_temperature = 4.7  delta_temperature = -0.2999999999999998  elapsed_time =  1389
 target_temperature = 5.0  current_temperature = 4.5  delta_temperature = -0.5  elapsed_time =  1394
 target_temperature = 5.0  current_temperature = 4.5  delta_temperature = -0.5  elapsed_time =  1399
 target_temperature = 5.0  current_temperature = 4.6  delta_temperature = -0.40000000000000036  elapsed_time =  1404
 target_temperature = 5.0  current_temperature = 4.6  delta_temperature = -0.40000000000000036  elapsed_time =  1411
 target_temperature = 5.0  current_temperature = 4.6  delta_temperature = -0.40000000000000036  elapsed_time =  1416
 target_temperature = 5.0  current_temperature = 4.6  delta_temperature = -0.40000000000000036  elapsed_time =  1421
 target_temperature = 5.0  current_temperature = 4.6  delta_temperature = -0.40000000000000036  elapsed_time =  1427
 target_temperature = 5.0  current_temperature = 4.7  delta_temperature = -0.2999999999999998  elapsed_time =  1432
 target_temperature = 5.0  current_temperature = 4.7  delta_temperature = -0.2999999999999998  elapsed_time =  1438
 target_temperature = 5.0  current_temperature = 4.7  delta_temperature = -0.2999999999999998  elapsed_time =  1443
 target_temperature = 5.0  current_temperature = 4.8  delta_temperature = -0.20000000000000018  elapsed_time =  1448
 target_temperature = 5.0  current_temperature = 4.8  delta_temperature = -0.20000000000000018  elapsed_time =  1453
 target_temperature = 5.0  current_temperature = 4.9  delta_temperature = -0.09999999999999964  elapsed_time =  1459
 target_temperature = 5.0  current_temperature = 5.0  delta_temperature = 0.0  elapsed_time =  1465
 target_temperature = 5.0  current_temperature = 5.1  delta_temperature = 0.09999999999999964  elapsed_time =  1470
 target_temperature = 5.0  current_temperature = 5.2  delta_temperature = 0.20000000000000018  elapsed_time =  1476
 target_temperature = 5.0  current_temperature = 5.1  delta_temperature = 0.09999999999999964  elapsed_time =  1481
 target_temperature = 5.0  current_temperature = 5.1  delta_temperature = 0.09999999999999964  elapsed_time =  1486
 target_temperature = 5.0  current_temperature = 5.3  delta_temperature = 0.2999999999999998  elapsed_time =  1492
 target_temperature = 5.0  current_temperature = 5.3  delta_temperature = 0.2999999999999998  elapsed_time =  1498
 target_temperature = 5.0  current_temperature = 5.4  delta_temperature = 0.40000000000000036  elapsed_time =  1504
 target_temperature = 5.0  current_temperature = 5.4  delta_temperature = 0.40000000000000036  elapsed_time =  1509
 target_temperature = 5.0  current_temperature = 5.2  delta_temperature = 0.20000000000000018  elapsed_time =  1514
 target_temperature = 5.0  current_temperature = 5.2  delta_temperature = 0.20000000000000018  elapsed_time =  1519
 target_temperature = 5.0  current_temperature = 5.3  delta_temperature = 0.2999999999999998  elapsed_time =  1525
 target_temperature = 5.0  current_temperature = 5.3  delta_temperature = 0.2999999999999998  elapsed_time =  1531
 target_temperature = 5.0  current_temperature = 5.4  delta_temperature = 0.40000000000000036  elapsed_time =  1537
 target_temperature = 5.0  current_temperature = 5.2  delta_temperature = 0.20000000000000018  elapsed_time =  1542
 target_temperature = 5.0  current_temperature = 5.2  delta_temperature = 0.20000000000000018  elapsed_time =  1548
 target_temperature = 5.0  current_temperature = 5.3  delta_temperature = 0.2999999999999998  elapsed_time =  1554
 target_temperature = 5.0  current_temperature = 5.3  delta_temperature = 0.2999999999999998  elapsed_time =  1559
 target_temperature = 5.0  current_temperature = 5.3  delta_temperature = 0.2999999999999998  elapsed_time =  1565
 target_temperature = 5.0  current_temperature = 5.0  delta_temperature = 0.0  elapsed_time =  1570
 target_temperature = 5.0  current_temperature = 5.0  delta_temperature = 0.0  elapsed_time =  1575
 target_temperature = 5.0  current_temperature = 5.1  delta_temperature = 0.09999999999999964  elapsed_time =  1581
 target_temperature = 5.0  current_temperature = 5.1  delta_temperature = 0.09999999999999964  elapsed_time =  1586
 target_temperature = 5.0  current_temperature = 5.1  delta_temperature = 0.09999999999999964  elapsed_time =  1591
 target_temperature = 5.0  current_temperature = 5.2  delta_temperature = 0.20000000000000018  elapsed_time =  1597
 target_temperature = 5.0  current_temperature = 5.0  delta_temperature = 0.0  elapsed_time =  1602
 target_temperature = 5.0  current_temperature = 4.9  delta_temperature = -0.09999999999999964  elapsed_time =  1607
 target_temperature = 5.0  current_temperature = 4.9  delta_temperature = -0.09999999999999964  elapsed_time =  1613
 target_temperature = 5.0  current_temperature = 4.9  delta_temperature = -0.09999999999999964  elapsed_time =  1618
 target_temperature = 5.0  current_temperature = 4.9  delta_temperature = -0.09999999999999964  elapsed_time =  1624
 target_temperature = 5.0  current_temperature = 4.8  delta_temperature = -0.20000000000000018  elapsed_time =  1629
 target_temperature = 5.0  current_temperature = 4.7  delta_temperature = -0.2999999999999998  elapsed_time =  1634
 target_temperature = 5.0  current_temperature = 4.7  delta_temperature = -0.2999999999999998  elapsed_time =  1640
 target_temperature = 5.0  current_temperature = 4.7  delta_temperature = -0.2999999999999998  elapsed_time =  1646
 target_temperature = 5.0  current_temperature = 4.7  delta_temperature = -0.2999999999999998  elapsed_time =  1651
 target_temperature = 5.0  current_temperature = 4.7  delta_temperature = -0.2999999999999998  elapsed_time =  1656
 target_temperature = 5.0  current_temperature = 4.6  delta_temperature = -0.40000000000000036  elapsed_time =  1662
 target_temperature = 5.0  current_temperature = 4.5  delta_temperature = -0.5  elapsed_time =  1667
 target_temperature = 5.0  current_temperature = 4.5  delta_temperature = -0.5  elapsed_time =  1672
 target_temperature = 5.0  current_temperature = 4.6  delta_temperature = -0.40000000000000036  elapsed_time =  1677
 target_temperature = 5.0  current_temperature = 4.6  delta_temperature = -0.40000000000000036  elapsed_time =  1683
 target_temperature = 5.0  current_temperature = 4.7  delta_temperature = -0.2999999999999998  elapsed_time =  1688
 target_temperature = 5.0  current_temperature = 4.7  delta_temperature = -0.2999999999999998  elapsed_time =  1693
 target_temperature = 5.0  current_temperature = 4.7  delta_temperature = -0.2999999999999998  elapsed_time =  1698
 target_temperature = 5.0  current_temperature = 4.8  delta_temperature = -0.20000000000000018  elapsed_time =  1704
 target_temperature = 5.0  current_temperature = 4.8  delta_temperature = -0.20000000000000018  elapsed_time =  1710
 target_temperature = 5.0  current_temperature = 4.9  delta_temperature = -0.09999999999999964  elapsed_time =  1715
 target_temperature = 5.0  current_temperature = 4.9  delta_temperature = -0.09999999999999964  elapsed_time =  1720
 target_temperature = 5.0  current_temperature = 4.9  delta_temperature = -0.09999999999999964  elapsed_time =  1725
 target_temperature = 5.0  current_temperature = 5.0  delta_temperature = 0.0  elapsed_time =  1730
 target_temperature = 5.0  current_temperature = 5.1  delta_temperature = 0.09999999999999964  elapsed_time =  1735
 target_temperature = 5.0  current_temperature = 5.1  delta_temperature = 0.09999999999999964  elapsed_time =  1741
 target_temperature = 5.0  current_temperature = 5.2  delta_temperature = 0.20000000000000018  elapsed_time =  1748
 target_temperature = 5.0  current_temperature = 5.1  delta_temperature = 0.09999999999999964  elapsed_time =  1753
 target_temperature = 5.0  current_temperature = 5.2  delta_temperature = 0.20000000000000018  elapsed_time =  1759
 target_temperature = 5.0  current_temperature = 5.3  delta_temperature = 0.2999999999999998  elapsed_time =  1764
 target_temperature = 5.0  current_temperature = 5.3  delta_temperature = 0.2999999999999998  elapsed_time =  1769
 target_temperature = 5.0  current_temperature = 5.4  delta_temperature = 0.40000000000000036  elapsed_time =  1775
 target_temperature = 5.0  current_temperature = 5.3  delta_temperature = 0.2999999999999998  elapsed_time =  1782
 target_temperature = 5.0  current_temperature = 5.2  delta_temperature = 0.20000000000000018  elapsed_time =  1787
 target_temperature = 5.0  current_temperature = 5.2  delta_temperature = 0.20000000000000018  elapsed_time =  1792
 target_temperature = 5.0  current_temperature = 5.3  delta_temperature = 0.2999999999999998  elapsed_time =  1799
 target_temperature = 5.0  current_temperature = 5.4  delta_temperature = 0.40000000000000036  elapsed_time =  1805
