 --- 
 --- START: /home/eic/DATA/2023-characterisation/actual/20230721-105934/memmert-hama3-dcr 
 --- 
1689929974 | Fri 21 Jul 10:59:34 CEST 2023 
 --- 
 --- go to -30 C: /au/memmert/memmert_go_to_minus_30.sh 
 --- 
 --- SCAN: /home/eic/DATA/2023-characterisation/actual/20230721-105934/memmert-hama3-dcr 
 --- 
1689929974 | Fri 21 Jul 10:59:34 CEST 2023 
 --- 
 --- starting DCR setup: /au/measure/2023-characterisation/run-dcr-setup.sh run-memmert-hama3-setup
 --- waiting for processes to complete 
 --- 
 --- COMPLETED: /home/eic/DATA/2023-characterisation/actual/20230721-105934/memmert-hama3-dcr 
 --- 
1689933292 | Fri 21 Jul 11:54:52 CEST 2023 
 --- 
 --- go back to 20 C: /au/memmert/memmert_back_to_plus_20.sh 
 --- 
 --- DONE: /home/eic/DATA/2023-characterisation/actual/20230721-105934/memmert-hama3-dcr 
 --- 
1689933292 | Fri 21 Jul 11:54:52 CEST 2023 
 --- 
