 --- 
 --- START: /home/eic/DATA/2023-characterisation/actual/20230509-131701/memmert-hama3 
 --- 
1683631021 | Tue  9 May 13:17:01 CEST 2023 
 --- 
 --- go to -30 C: /au/memmert/memmert_go_to_minus_30.sh 
 --- 
 --- SCAN: /home/eic/DATA/2023-characterisation/actual/20230509-131701/memmert-hama3 
 --- 
1683631021 | Tue  9 May 13:17:01 CEST 2023 
 --- 
 --- starting IV setup: /au/measure/2023-characterisation/run-iv-setup.sh run-memmert-hama3-setup
 --- starting DCR setup: /au/measure/2023-characterisation/run-dcr-setup.sh run-memmert-hama3-setup
 --- waiting for processes to complete 
 --- 
 --- COMPLETED: /home/eic/DATA/2023-characterisation/actual/20230509-131701/memmert-hama3 
 --- 
1683637055 | Tue  9 May 14:57:35 CEST 2023 
 --- 
 --- go back to 20 C: /au/memmert/memmert_back_to_plus_20.sh 
 --- 
 --- DONE: /home/eic/DATA/2023-characterisation/actual/20230509-131701/memmert-hama3 
 --- 
1683637055 | Tue  9 May 14:57:35 CEST 2023 
 --- 
