 --- 
 --- START: /home/eic/DATA/2023-characterisation/actual/20230705-113526/memmert-hama3-dcr 
 --- 
1688549726 | Wed  5 Jul 11:35:26 CEST 2023 
 --- 
 --- go to -30 C: /au/memmert/memmert_go_to_minus_30.sh 
 --- 
 --- SCAN: /home/eic/DATA/2023-characterisation/actual/20230705-113526/memmert-hama3-dcr 
 --- 
1688549726 | Wed  5 Jul 11:35:26 CEST 2023 
 --- 
 --- starting DCR setup: /au/measure/2023-characterisation/run-dcr-setup.sh run-memmert-hama3-setup
 --- waiting for processes to complete 
 --- 
 --- COMPLETED: /home/eic/DATA/2023-characterisation/actual/20230705-113526/memmert-hama3-dcr 
 --- 
1688550859 | Wed  5 Jul 11:54:19 CEST 2023 
 --- 
 --- go back to 20 C: /au/memmert/memmert_back_to_plus_20.sh 
 --- 
 --- DONE: /home/eic/DATA/2023-characterisation/actual/20230705-113526/memmert-hama3-dcr 
 --- 
1688550859 | Wed  5 Jul 11:54:19 CEST 2023 
 --- 
