 --- 
 --- START: /home/eic/DATA/2023-characterisation/actual/20230802-145051/memmert-hama3-dcr 
 --- 
1690980651 | Wed  2 Aug 14:50:51 CEST 2023 
 --- 
 --- go to -30 C: /au/memmert/memmert_go_to_minus_30.sh 
 --- 
 --- SCAN: /home/eic/DATA/2023-characterisation/actual/20230802-145051/memmert-hama3-dcr 
 --- 
1690990104 | Wed  2 Aug 17:28:24 CEST 2023 
 --- 
 --- starting DCR setup: /au/measure/2023-characterisation/run-dcr-setup.sh run-memmert-hama3-setup
 --- waiting for processes to complete 
 --- 
 --- COMPLETED: /home/eic/DATA/2023-characterisation/actual/20230802-145051/memmert-hama3-dcr 
 --- 
1690993322 | Wed  2 Aug 18:22:02 CEST 2023 
 --- 
 --- go back to 20 C: /au/memmert/memmert_back_to_plus_20.sh 
 --- 
 --- DONE: /home/eic/DATA/2023-characterisation/actual/20230802-145051/memmert-hama3-dcr 
 --- 
1690994224 | Wed  2 Aug 18:37:04 CEST 2023 
 --- 
