 --- 
 --- START: /home/eic/DATA/2023-characterisation/actual/20230713-092454/memmert-hama3-iv 
 --- 
1689233094 | Thu 13 Jul 09:24:54 CEST 2023 
 --- 
 --- go to -30 C: /au/memmert/memmert_go_to_minus_30.sh 
 --- 
 --- SCAN: /home/eic/DATA/2023-characterisation/actual/20230713-092454/memmert-hama3-iv 
 --- 
1689240880 | Thu 13 Jul 11:34:40 CEST 2023 
 --- 
 --- starting IV setup: /au/measure/2023-characterisation/run-iv-setup.sh run-memmert-hama3-setup
 --- waiting for processes to complete 
 --- 
 --- COMPLETED: /home/eic/DATA/2023-characterisation/actual/20230713-092454/memmert-hama3-iv 
 --- 
1689245898 | Thu 13 Jul 12:58:18 CEST 2023 
 --- 
 --- go back to 20 C: /au/memmert/memmert_back_to_plus_20.sh 
 --- 
 --- DONE: /home/eic/DATA/2023-characterisation/actual/20230713-092454/memmert-hama3-iv 
 --- 
1689246815 | Thu 13 Jul 13:13:35 CEST 2023 
 --- 
