 --- 
 --- START: /home/eic/DATA/2023-characterisation/actual/20230720-115836/memmert-hama3-dcr 
 --- 
1689847116 | Thu 20 Jul 11:58:36 CEST 2023 
 --- 
 --- go to -30 C: /au/memmert/memmert_go_to_minus_30.sh 
 --- 
 --- SCAN: /home/eic/DATA/2023-characterisation/actual/20230720-115836/memmert-hama3-dcr 
 --- 
1689847116 | Thu 20 Jul 11:58:36 CEST 2023 
 --- 
 --- starting DCR setup: /au/measure/2023-characterisation/run-dcr-setup.sh run-memmert-hama3-setup
 --- waiting for processes to complete 
 --- 
 --- COMPLETED: /home/eic/DATA/2023-characterisation/actual/20230720-115836/memmert-hama3-dcr 
 --- 
1689850256 | Thu 20 Jul 12:50:56 CEST 2023 
 --- 
 --- go back to 20 C: /au/memmert/memmert_back_to_plus_20.sh 
 --- 
 --- DONE: /home/eic/DATA/2023-characterisation/actual/20230720-115836/memmert-hama3-dcr 
 --- 
1689850256 | Thu 20 Jul 12:50:56 CEST 2023 
 --- 
