 --- setting mode: 1
 --- response: OK
 --- mode set value: 1
 --- setting temperature: 25.0
 --- response: OK
 --- temperature set value: 25.0
 --- setting fan: A
 --- response: OK
 --- fan set value: A
 --- setting temperature: 25.0
 --- response: OK
 --- temperature set value: 25.0
 target_temperature = 25.0  current_temperature = -29.7  delta_temperature = -54.7  elapsed_time =  0
 target_temperature = 25.0  current_temperature = -29.7  delta_temperature = -54.7  elapsed_time =  0
 target_temperature = 25.0  current_temperature = -29.7  delta_temperature = -54.7  elapsed_time =  0
 target_temperature = 25.0  current_temperature = -29.6  delta_temperature = -54.6  elapsed_time =  0
 target_temperature = 25.0  current_temperature = -29.4  delta_temperature = -54.4  elapsed_time =  0
 target_temperature = 25.0  current_temperature = -29.1  delta_temperature = -54.1  elapsed_time =  0
 target_temperature = 25.0  current_temperature = -28.5  delta_temperature = -53.5  elapsed_time =  0
 target_temperature = 25.0  current_temperature = -28.2  delta_temperature = -53.2  elapsed_time =  0
 target_temperature = 25.0  current_temperature = -27.6  delta_temperature = -52.6  elapsed_time =  0
 target_temperature = 25.0  current_temperature = -27.0  delta_temperature = -52.0  elapsed_time =  0
 target_temperature = 25.0  current_temperature = -25.9  delta_temperature = -50.9  elapsed_time =  0
 target_temperature = 25.0  current_temperature = -25.1  delta_temperature = -50.1  elapsed_time =  0
 target_temperature = 25.0  current_temperature = -24.6  delta_temperature = -49.6  elapsed_time =  0
 target_temperature = 25.0  current_temperature = -23.6  delta_temperature = -48.6  elapsed_time =  0
 target_temperature = 25.0  current_temperature = -23.0  delta_temperature = -48.0  elapsed_time =  0
 target_temperature = 25.0  current_temperature = -21.6  delta_temperature = -46.6  elapsed_time =  0
 target_temperature = 25.0  current_temperature = -20.4  delta_temperature = -45.4  elapsed_time =  0
 target_temperature = 25.0  current_temperature = -19.6  delta_temperature = -44.6  elapsed_time =  0
 target_temperature = 25.0  current_temperature = -18.8  delta_temperature = -43.8  elapsed_time =  0
 target_temperature = 25.0  current_temperature = -18.0  delta_temperature = -43.0  elapsed_time =  0
 target_temperature = 25.0  current_temperature = -16.5  delta_temperature = -41.5  elapsed_time =  0
 target_temperature = 25.0  current_temperature = -14.6  delta_temperature = -39.6  elapsed_time =  0
 target_temperature = 25.0  current_temperature = -13.8  delta_temperature = -38.8  elapsed_time =  0
 target_temperature = 25.0  current_temperature = -13.0  delta_temperature = -38.0  elapsed_time =  0
 target_temperature = 25.0  current_temperature = -11.6  delta_temperature = -36.6  elapsed_time =  0
 target_temperature = 25.0  current_temperature = -10.1  delta_temperature = -35.1  elapsed_time =  0
 target_temperature = 25.0  current_temperature = -8.8  delta_temperature = -33.8  elapsed_time =  0
 target_temperature = 25.0  current_temperature = -7.3  delta_temperature = -32.3  elapsed_time =  0
 target_temperature = 25.0  current_temperature = -5.8  delta_temperature = -30.8  elapsed_time =  0
 target_temperature = 25.0  current_temperature = -3.9  delta_temperature = -28.9  elapsed_time =  0
 target_temperature = 25.0  current_temperature = -2.9  delta_temperature = -27.9  elapsed_time =  0
 target_temperature = 25.0  current_temperature = -1.8  delta_temperature = -26.8  elapsed_time =  0
 target_temperature = 25.0  current_temperature = -0.4  delta_temperature = -25.4  elapsed_time =  0
 target_temperature = 25.0  current_temperature = 0.4  delta_temperature = -24.6  elapsed_time =  0
 target_temperature = 25.0  current_temperature = 1.7  delta_temperature = -23.3  elapsed_time =  0
 target_temperature = 25.0  current_temperature = 2.6  delta_temperature = -22.4  elapsed_time =  0
 target_temperature = 25.0  current_temperature = 4.0  delta_temperature = -21.0  elapsed_time =  0
 target_temperature = 25.0  current_temperature = 5.1  delta_temperature = -19.9  elapsed_time =  0
 target_temperature = 25.0  current_temperature = 6.2  delta_temperature = -18.8  elapsed_time =  0
 target_temperature = 25.0  current_temperature = 7.5  delta_temperature = -17.5  elapsed_time =  0
 target_temperature = 25.0  current_temperature = 8.3  delta_temperature = -16.7  elapsed_time =  0
 target_temperature = 25.0  current_temperature = 9.3  delta_temperature = -15.7  elapsed_time =  0
 target_temperature = 25.0  current_temperature = 10.9  delta_temperature = -14.1  elapsed_time =  0
 target_temperature = 25.0  current_temperature = 11.5  delta_temperature = -13.5  elapsed_time =  0
 target_temperature = 25.0  current_temperature = 12.3  delta_temperature = -12.7  elapsed_time =  0
 target_temperature = 25.0  current_temperature = 13.3  delta_temperature = -11.7  elapsed_time =  0
 target_temperature = 25.0  current_temperature = 14.2  delta_temperature = -10.8  elapsed_time =  0
 target_temperature = 25.0  current_temperature = 15.1  delta_temperature = -9.9  elapsed_time =  0
 target_temperature = 25.0  current_temperature = 15.9  delta_temperature = -9.1  elapsed_time =  0
 target_temperature = 25.0  current_temperature = 16.4  delta_temperature = -8.600000000000001  elapsed_time =  0
 target_temperature = 25.0  current_temperature = 16.8  delta_temperature = -8.2  elapsed_time =  0
 target_temperature = 25.0  current_temperature = 17.5  delta_temperature = -7.5  elapsed_time =  0
 target_temperature = 25.0  current_temperature = 17.8  delta_temperature = -7.199999999999999  elapsed_time =  0
 target_temperature = 25.0  current_temperature = 18.0  delta_temperature = -7.0  elapsed_time =  0
 target_temperature = 25.0  current_temperature = 18.2  delta_temperature = -6.800000000000001  elapsed_time =  0
 target_temperature = 25.0  current_temperature = 18.2  delta_temperature = -6.800000000000001  elapsed_time =  0
 target_temperature = 25.0  current_temperature = 18.4  delta_temperature = -6.600000000000001  elapsed_time =  0
 target_temperature = 25.0  current_temperature = 18.6  delta_temperature = -6.399999999999999  elapsed_time =  0
 target_temperature = 25.0  current_temperature = 18.7  delta_temperature = -6.300000000000001  elapsed_time =  0
 target_temperature = 25.0  current_temperature = 18.8  delta_temperature = -6.199999999999999  elapsed_time =  0
 target_temperature = 25.0  current_temperature = 18.5  delta_temperature = -6.5  elapsed_time =  0
 target_temperature = 25.0  current_temperature = 18.4  delta_temperature = -6.600000000000001  elapsed_time =  0
 target_temperature = 25.0  current_temperature = 18.4  delta_temperature = -6.600000000000001  elapsed_time =  0
 target_temperature = 25.0  current_temperature = 18.1  delta_temperature = -6.899999999999999  elapsed_time =  0
 target_temperature = 25.0  current_temperature = 18.1  delta_temperature = -6.899999999999999  elapsed_time =  0
 target_temperature = 25.0  current_temperature = 17.7  delta_temperature = -7.300000000000001  elapsed_time =  0
 target_temperature = 25.0  current_temperature = 17.6  delta_temperature = -7.399999999999999  elapsed_time =  0
 target_temperature = 25.0  current_temperature = 17.5  delta_temperature = -7.5  elapsed_time =  0
 target_temperature = 25.0  current_temperature = 17.1  delta_temperature = -7.899999999999999  elapsed_time =  0
 target_temperature = 25.0  current_temperature = 17.0  delta_temperature = -8.0  elapsed_time =  0
 target_temperature = 25.0  current_temperature = 16.7  delta_temperature = -8.3  elapsed_time =  0
 target_temperature = 25.0  current_temperature = 16.7  delta_temperature = -8.3  elapsed_time =  0
 target_temperature = 25.0  current_temperature = 16.6  delta_temperature = -8.399999999999999  elapsed_time =  0
 target_temperature = 25.0  current_temperature = 16.4  delta_temperature = -8.600000000000001  elapsed_time =  0
 target_temperature = 25.0  current_temperature = 16.3  delta_temperature = -8.7  elapsed_time =  0
 target_temperature = 25.0  current_temperature = 15.9  delta_temperature = -9.1  elapsed_time =  0
 target_temperature = 25.0  current_temperature = 15.9  delta_temperature = -9.1  elapsed_time =  0
 target_temperature = 25.0  current_temperature = 15.9  delta_temperature = -9.1  elapsed_time =  0
 target_temperature = 25.0  current_temperature = 15.7  delta_temperature = -9.3  elapsed_time =  0
 target_temperature = 25.0  current_temperature = 15.7  delta_temperature = -9.3  elapsed_time =  0
 target_temperature = 25.0  current_temperature = 15.6  delta_temperature = -9.4  elapsed_time =  0
 target_temperature = 25.0  current_temperature = 15.5  delta_temperature = -9.5  elapsed_time =  0
 target_temperature = 25.0  current_temperature = 15.6  delta_temperature = -9.4  elapsed_time =  0
 target_temperature = 25.0  current_temperature = 15.6  delta_temperature = -9.4  elapsed_time =  0
 target_temperature = 25.0  current_temperature = 15.7  delta_temperature = -9.3  elapsed_time =  0
 target_temperature = 25.0  current_temperature = 15.7  delta_temperature = -9.3  elapsed_time =  0
 target_temperature = 25.0  current_temperature = 15.8  delta_temperature = -9.2  elapsed_time =  0
 target_temperature = 25.0  current_temperature = 16.0  delta_temperature = -9.0  elapsed_time =  0
 target_temperature = 25.0  current_temperature = 16.2  delta_temperature = -8.8  elapsed_time =  0
 target_temperature = 25.0  current_temperature = 16.4  delta_temperature = -8.600000000000001  elapsed_time =  0
 target_temperature = 25.0  current_temperature = 16.6  delta_temperature = -8.399999999999999  elapsed_time =  0
 target_temperature = 25.0  current_temperature = 16.8  delta_temperature = -8.2  elapsed_time =  0
 target_temperature = 25.0  current_temperature = 17.1  delta_temperature = -7.899999999999999  elapsed_time =  0
 target_temperature = 25.0  current_temperature = 17.6  delta_temperature = -7.399999999999999  elapsed_time =  0
 target_temperature = 25.0  current_temperature = 17.8  delta_temperature = -7.199999999999999  elapsed_time =  0
 target_temperature = 25.0  current_temperature = 18.0  delta_temperature = -7.0  elapsed_time =  0
 target_temperature = 25.0  current_temperature = 18.4  delta_temperature = -6.600000000000001  elapsed_time =  0
 target_temperature = 25.0  current_temperature = 18.6  delta_temperature = -6.399999999999999  elapsed_time =  0
 target_temperature = 25.0  current_temperature = 19.0  delta_temperature = -6.0  elapsed_time =  0
 target_temperature = 25.0  current_temperature = 19.1  delta_temperature = -5.899999999999999  elapsed_time =  0
 target_temperature = 25.0  current_temperature = 19.3  delta_temperature = -5.699999999999999  elapsed_time =  0
 target_temperature = 25.0  current_temperature = 19.6  delta_temperature = -5.399999999999999  elapsed_time =  0
 target_temperature = 25.0  current_temperature = 19.8  delta_temperature = -5.199999999999999  elapsed_time =  0
 target_temperature = 25.0  current_temperature = 19.9  delta_temperature = -5.100000000000001  elapsed_time =  0
 target_temperature = 25.0  current_temperature = 20.1  delta_temperature = -4.899999999999999  elapsed_time =  0
 target_temperature = 25.0  current_temperature = 20.1  delta_temperature = -4.899999999999999  elapsed_time =  0
 target_temperature = 25.0  current_temperature = 20.1  delta_temperature = -4.899999999999999  elapsed_time =  0
 target_temperature = 25.0  current_temperature = 20.3  delta_temperature = -4.699999999999999  elapsed_time =  0
 target_temperature = 25.0  current_temperature = 20.4  delta_temperature = -4.600000000000001  elapsed_time =  0
 target_temperature = 25.0  current_temperature = 20.4  delta_temperature = -4.600000000000001  elapsed_time =  0
 target_temperature = 25.0  current_temperature = 20.5  delta_temperature = -4.5  elapsed_time =  0
 target_temperature = 25.0  current_temperature = 20.5  delta_temperature = -4.5  elapsed_time =  0
 target_temperature = 25.0  current_temperature = 20.5  delta_temperature = -4.5  elapsed_time =  0
 target_temperature = 25.0  current_temperature = 20.5  delta_temperature = -4.5  elapsed_time =  0
 target_temperature = 25.0  current_temperature = 20.6  delta_temperature = -4.399999999999999  elapsed_time =  0
 target_temperature = 25.0  current_temperature = 20.6  delta_temperature = -4.399999999999999  elapsed_time =  0
 target_temperature = 25.0  current_temperature = 20.6  delta_temperature = -4.399999999999999  elapsed_time =  0
 target_temperature = 25.0  current_temperature = 20.5  delta_temperature = -4.5  elapsed_time =  0
 target_temperature = 25.0  current_temperature = 20.5  delta_temperature = -4.5  elapsed_time =  0
 target_temperature = 25.0  current_temperature = 20.6  delta_temperature = -4.399999999999999  elapsed_time =  0
 target_temperature = 25.0  current_temperature = 20.6  delta_temperature = -4.399999999999999  elapsed_time =  0
 target_temperature = 25.0  current_temperature = 20.6  delta_temperature = -4.399999999999999  elapsed_time =  0
 target_temperature = 25.0  current_temperature = 20.6  delta_temperature = -4.399999999999999  elapsed_time =  0
 target_temperature = 25.0  current_temperature = 20.6  delta_temperature = -4.399999999999999  elapsed_time =  0
 target_temperature = 25.0  current_temperature = 20.6  delta_temperature = -4.399999999999999  elapsed_time =  0
 target_temperature = 25.0  current_temperature = 20.6  delta_temperature = -4.399999999999999  elapsed_time =  0
 target_temperature = 25.0  current_temperature = 20.7  delta_temperature = -4.300000000000001  elapsed_time =  0
 target_temperature = 25.0  current_temperature = 20.7  delta_temperature = -4.300000000000001  elapsed_time =  0
 target_temperature = 25.0  current_temperature = 20.8  delta_temperature = -4.199999999999999  elapsed_time =  0
 target_temperature = 25.0  current_temperature = 20.8  delta_temperature = -4.199999999999999  elapsed_time =  0
 target_temperature = 25.0  current_temperature = 20.9  delta_temperature = -4.100000000000001  elapsed_time =  0
 target_temperature = 25.0  current_temperature = 20.9  delta_temperature = -4.100000000000001  elapsed_time =  0
 target_temperature = 25.0  current_temperature = 21.1  delta_temperature = -3.8999999999999986  elapsed_time =  0
 target_temperature = 25.0  current_temperature = 21.1  delta_temperature = -3.8999999999999986  elapsed_time =  0
 target_temperature = 25.0  current_temperature = 21.3  delta_temperature = -3.6999999999999993  elapsed_time =  0
 target_temperature = 25.0  current_temperature = 21.5  delta_temperature = -3.5  elapsed_time =  0
 target_temperature = 25.0  current_temperature = 21.6  delta_temperature = -3.3999999999999986  elapsed_time =  0
 target_temperature = 25.0  current_temperature = 21.8  delta_temperature = -3.1999999999999993  elapsed_time =  0
 target_temperature = 25.0  current_temperature = 21.9  delta_temperature = -3.1000000000000014  elapsed_time =  0
 target_temperature = 25.0  current_temperature = 22.2  delta_temperature = -2.8000000000000007  elapsed_time =  0
 target_temperature = 25.0  current_temperature = 22.4  delta_temperature = -2.6000000000000014  elapsed_time =  0
 target_temperature = 25.0  current_temperature = 22.6  delta_temperature = -2.3999999999999986  elapsed_time =  0
 target_temperature = 25.0  current_temperature = 22.7  delta_temperature = -2.3000000000000007  elapsed_time =  0
 target_temperature = 25.0  current_temperature = 22.8  delta_temperature = -2.1999999999999993  elapsed_time =  0
 target_temperature = 25.0  current_temperature = 22.9  delta_temperature = -2.1000000000000014  elapsed_time =  0
 target_temperature = 25.0  current_temperature = 23.3  delta_temperature = -1.6999999999999993  elapsed_time =  5
 target_temperature = 25.0  current_temperature = 23.4  delta_temperature = -1.6000000000000014  elapsed_time =  11
 target_temperature = 25.0  current_temperature = 23.5  delta_temperature = -1.5  elapsed_time =  16
 target_temperature = 25.0  current_temperature = 23.8  delta_temperature = -1.1999999999999993  elapsed_time =  21
 target_temperature = 25.0  current_temperature = 23.8  delta_temperature = -1.1999999999999993  elapsed_time =  27
 target_temperature = 25.0  current_temperature = 23.9  delta_temperature = -1.1000000000000014  elapsed_time =  32
 target_temperature = 25.0  current_temperature = 23.9  delta_temperature = -1.1000000000000014  elapsed_time =  37
 target_temperature = 25.0  current_temperature = 24.1  delta_temperature = -0.8999999999999986  elapsed_time =  42
 target_temperature = 25.0  current_temperature = 24.4  delta_temperature = -0.6000000000000014  elapsed_time =  47
 target_temperature = 25.0  current_temperature = 24.4  delta_temperature = -0.6000000000000014  elapsed_time =  53
 target_temperature = 25.0  current_temperature = 24.4  delta_temperature = -0.6000000000000014  elapsed_time =  58
 target_temperature = 25.0  current_temperature = 24.6  delta_temperature = -0.3999999999999986  elapsed_time =  63
 --- setting mode: 0
 --- response: OK
 --- mode set value: 0
