 --- setting temperature: 25.0
 --- response: OK
 --- temperature set value: 25.0
 target_temperature = 25.0  current_temperature = -30.1  delta_temperature = -55.1  elapsed_time =  0
 target_temperature = 25.0  current_temperature = -30.1  delta_temperature = -55.1  elapsed_time =  0
 target_temperature = 25.0  current_temperature = -30.1  delta_temperature = -55.1  elapsed_time =  0
 target_temperature = 25.0  current_temperature = -30.1  delta_temperature = -55.1  elapsed_time =  0
 target_temperature = 25.0  current_temperature = -30.1  delta_temperature = -55.1  elapsed_time =  0
 target_temperature = 25.0  current_temperature = -29.9  delta_temperature = -54.9  elapsed_time =  0
 target_temperature = 25.0  current_temperature = -29.8  delta_temperature = -54.8  elapsed_time =  0
 target_temperature = 25.0  current_temperature = -29.3  delta_temperature = -54.3  elapsed_time =  0
 target_temperature = 25.0  current_temperature = -28.8  delta_temperature = -53.8  elapsed_time =  0
 target_temperature = 25.0  current_temperature = -27.8  delta_temperature = -52.8  elapsed_time =  0
 target_temperature = 25.0  current_temperature = -27.2  delta_temperature = -52.2  elapsed_time =  0
 target_temperature = 25.0  current_temperature = -26.4  delta_temperature = -51.4  elapsed_time =  0
 target_temperature = 25.0  current_temperature = -25.8  delta_temperature = -50.8  elapsed_time =  0
 target_temperature = 25.0  current_temperature = -25.1  delta_temperature = -50.1  elapsed_time =  0
 target_temperature = 25.0  current_temperature = -24.3  delta_temperature = -49.3  elapsed_time =  0
 target_temperature = 25.0  current_temperature = -22.9  delta_temperature = -47.9  elapsed_time =  0
 target_temperature = 25.0  current_temperature = -22.2  delta_temperature = -47.2  elapsed_time =  0
 target_temperature = 25.0  current_temperature = -21.2  delta_temperature = -46.2  elapsed_time =  0
 target_temperature = 25.0  current_temperature = -20.4  delta_temperature = -45.4  elapsed_time =  0
 target_temperature = 25.0  current_temperature = -19.4  delta_temperature = -44.4  elapsed_time =  0
 target_temperature = 25.0  current_temperature = -18.3  delta_temperature = -43.3  elapsed_time =  0
 target_temperature = 25.0  current_temperature = -16.9  delta_temperature = -41.9  elapsed_time =  0
 target_temperature = 25.0  current_temperature = -15.7  delta_temperature = -40.7  elapsed_time =  0
 target_temperature = 25.0  current_temperature = -14.7  delta_temperature = -39.7  elapsed_time =  0
 target_temperature = 25.0  current_temperature = -13.7  delta_temperature = -38.7  elapsed_time =  0
 target_temperature = 25.0  current_temperature = -12.8  delta_temperature = -37.8  elapsed_time =  0
 target_temperature = 25.0  current_temperature = -11.6  delta_temperature = -36.6  elapsed_time =  0
 target_temperature = 25.0  current_temperature = -10.5  delta_temperature = -35.5  elapsed_time =  0
 target_temperature = 25.0  current_temperature = -9.0  delta_temperature = -34.0  elapsed_time =  0
 target_temperature = 25.0  current_temperature = -7.6  delta_temperature = -32.6  elapsed_time =  0
 target_temperature = 25.0  current_temperature = -5.6  delta_temperature = -30.6  elapsed_time =  0
 target_temperature = 25.0  current_temperature = -4.5  delta_temperature = -29.5  elapsed_time =  0
 target_temperature = 25.0  current_temperature = -3.4  delta_temperature = -28.4  elapsed_time =  0
 target_temperature = 25.0  current_temperature = -2.4  delta_temperature = -27.4  elapsed_time =  0
 target_temperature = 25.0  current_temperature = -1.6  delta_temperature = -26.6  elapsed_time =  0
 target_temperature = 25.0  current_temperature = 0.4  delta_temperature = -24.6  elapsed_time =  0
 target_temperature = 25.0  current_temperature = 1.4  delta_temperature = -23.6  elapsed_time =  0
 target_temperature = 25.0  current_temperature = 2.3  delta_temperature = -22.7  elapsed_time =  0
 target_temperature = 25.0  current_temperature = 3.3  delta_temperature = -21.7  elapsed_time =  0
 target_temperature = 25.0  current_temperature = 4.3  delta_temperature = -20.7  elapsed_time =  0
 target_temperature = 25.0  current_temperature = 5.3  delta_temperature = -19.7  elapsed_time =  0
 target_temperature = 25.0  current_temperature = 6.9  delta_temperature = -18.1  elapsed_time =  0
 target_temperature = 25.0  current_temperature = 7.9  delta_temperature = -17.1  elapsed_time =  0
 target_temperature = 25.0  current_temperature = 8.5  delta_temperature = -16.5  elapsed_time =  0
 target_temperature = 25.0  current_temperature = 9.9  delta_temperature = -15.1  elapsed_time =  0
 target_temperature = 25.0  current_temperature = 10.6  delta_temperature = -14.4  elapsed_time =  0
 target_temperature = 25.0  current_temperature = 11.8  delta_temperature = -13.2  elapsed_time =  0
 target_temperature = 25.0  current_temperature = 12.9  delta_temperature = -12.1  elapsed_time =  0
 target_temperature = 25.0  current_temperature = 13.9  delta_temperature = -11.1  elapsed_time =  0
 target_temperature = 25.0  current_temperature = 14.6  delta_temperature = -10.4  elapsed_time =  0
 target_temperature = 25.0  current_temperature = 15.4  delta_temperature = -9.6  elapsed_time =  0
 target_temperature = 25.0  current_temperature = 16.0  delta_temperature = -9.0  elapsed_time =  0
 target_temperature = 25.0  current_temperature = 16.6  delta_temperature = -8.399999999999999  elapsed_time =  0
 target_temperature = 25.0  current_temperature = 17.3  delta_temperature = -7.699999999999999  elapsed_time =  0
 target_temperature = 25.0  current_temperature = 17.6  delta_temperature = -7.399999999999999  elapsed_time =  0
 target_temperature = 25.0  current_temperature = 17.7  delta_temperature = -7.300000000000001  elapsed_time =  0
 target_temperature = 25.0  current_temperature = 18.1  delta_temperature = -6.899999999999999  elapsed_time =  0
 target_temperature = 25.0  current_temperature = 18.3  delta_temperature = -6.699999999999999  elapsed_time =  0
 target_temperature = 25.0  current_temperature = 18.7  delta_temperature = -6.300000000000001  elapsed_time =  0
 target_temperature = 25.0  current_temperature = 18.8  delta_temperature = -6.199999999999999  elapsed_time =  0
 target_temperature = 25.0  current_temperature = 18.7  delta_temperature = -6.300000000000001  elapsed_time =  0
 target_temperature = 25.0  current_temperature = 18.7  delta_temperature = -6.300000000000001  elapsed_time =  0
 target_temperature = 25.0  current_temperature = 18.8  delta_temperature = -6.199999999999999  elapsed_time =  0
 target_temperature = 25.0  current_temperature = 18.7  delta_temperature = -6.300000000000001  elapsed_time =  0
 target_temperature = 25.0  current_temperature = 18.7  delta_temperature = -6.300000000000001  elapsed_time =  0
 target_temperature = 25.0  current_temperature = 18.5  delta_temperature = -6.5  elapsed_time =  0
 target_temperature = 25.0  current_temperature = 18.3  delta_temperature = -6.699999999999999  elapsed_time =  0
 target_temperature = 25.0  current_temperature = 18.3  delta_temperature = -6.699999999999999  elapsed_time =  0
 target_temperature = 25.0  current_temperature = 18.1  delta_temperature = -6.899999999999999  elapsed_time =  0
 target_temperature = 25.0  current_temperature = 18.1  delta_temperature = -6.899999999999999  elapsed_time =  0
 target_temperature = 25.0  current_temperature = 18.0  delta_temperature = -7.0  elapsed_time =  0
 target_temperature = 25.0  current_temperature = 17.5  delta_temperature = -7.5  elapsed_time =  0
 target_temperature = 25.0  current_temperature = 17.5  delta_temperature = -7.5  elapsed_time =  0
 target_temperature = 25.0  current_temperature = 17.4  delta_temperature = -7.600000000000001  elapsed_time =  0
 target_temperature = 25.0  current_temperature = 17.2  delta_temperature = -7.800000000000001  elapsed_time =  0
 target_temperature = 25.0  current_temperature = 17.1  delta_temperature = -7.899999999999999  elapsed_time =  0
 target_temperature = 25.0  current_temperature = 16.9  delta_temperature = -8.100000000000001  elapsed_time =  0
 target_temperature = 25.0  current_temperature = 16.7  delta_temperature = -8.3  elapsed_time =  0
 target_temperature = 25.0  current_temperature = 16.6  delta_temperature = -8.399999999999999  elapsed_time =  0
 target_temperature = 25.0  current_temperature = 16.5  delta_temperature = -8.5  elapsed_time =  0
 target_temperature = 25.0  current_temperature = 16.5  delta_temperature = -8.5  elapsed_time =  0
 target_temperature = 25.0  current_temperature = 16.5  delta_temperature = -8.5  elapsed_time =  0
 target_temperature = 25.0  current_temperature = 16.2  delta_temperature = -8.8  elapsed_time =  0
 target_temperature = 25.0  current_temperature = 16.1  delta_temperature = -8.899999999999999  elapsed_time =  0
 target_temperature = 25.0  current_temperature = 16.1  delta_temperature = -8.899999999999999  elapsed_time =  0
 target_temperature = 25.0  current_temperature = 16.1  delta_temperature = -8.899999999999999  elapsed_time =  0
 target_temperature = 25.0  current_temperature = 16.1  delta_temperature = -8.899999999999999  elapsed_time =  0
 target_temperature = 25.0  current_temperature = 16.1  delta_temperature = -8.899999999999999  elapsed_time =  0
 target_temperature = 25.0  current_temperature = 15.9  delta_temperature = -9.1  elapsed_time =  0
 target_temperature = 25.0  current_temperature = 16.0  delta_temperature = -9.0  elapsed_time =  0
 target_temperature = 25.0  current_temperature = 16.0  delta_temperature = -9.0  elapsed_time =  0
 target_temperature = 25.0  current_temperature = 16.0  delta_temperature = -9.0  elapsed_time =  0
 target_temperature = 25.0  current_temperature = 16.1  delta_temperature = -8.899999999999999  elapsed_time =  0
 target_temperature = 25.0  current_temperature = 16.1  delta_temperature = -8.899999999999999  elapsed_time =  0
 target_temperature = 25.0  current_temperature = 16.4  delta_temperature = -8.600000000000001  elapsed_time =  0
 target_temperature = 25.0  current_temperature = 16.5  delta_temperature = -8.5  elapsed_time =  0
 target_temperature = 25.0  current_temperature = 16.6  delta_temperature = -8.399999999999999  elapsed_time =  0
 target_temperature = 25.0  current_temperature = 16.9  delta_temperature = -8.100000000000001  elapsed_time =  0
 target_temperature = 25.0  current_temperature = 17.0  delta_temperature = -8.0  elapsed_time =  0
 target_temperature = 25.0  current_temperature = 17.3  delta_temperature = -7.699999999999999  elapsed_time =  0
 target_temperature = 25.0  current_temperature = 17.6  delta_temperature = -7.399999999999999  elapsed_time =  0
 target_temperature = 25.0  current_temperature = 17.7  delta_temperature = -7.300000000000001  elapsed_time =  0
 target_temperature = 25.0  current_temperature = 18.0  delta_temperature = -7.0  elapsed_time =  0
 target_temperature = 25.0  current_temperature = 18.1  delta_temperature = -6.899999999999999  elapsed_time =  0
 target_temperature = 25.0  current_temperature = 18.2  delta_temperature = -6.800000000000001  elapsed_time =  0
 target_temperature = 25.0  current_temperature = 18.5  delta_temperature = -6.5  elapsed_time =  0
 target_temperature = 25.0  current_temperature = 18.9  delta_temperature = -6.100000000000001  elapsed_time =  0
 target_temperature = 25.0  current_temperature = 19.0  delta_temperature = -6.0  elapsed_time =  0
 target_temperature = 25.0  current_temperature = 19.2  delta_temperature = -5.800000000000001  elapsed_time =  0
 target_temperature = 25.0  current_temperature = 19.5  delta_temperature = -5.5  elapsed_time =  0
 target_temperature = 25.0  current_temperature = 19.6  delta_temperature = -5.399999999999999  elapsed_time =  0
 target_temperature = 25.0  current_temperature = 19.7  delta_temperature = -5.300000000000001  elapsed_time =  0
 target_temperature = 25.0  current_temperature = 19.9  delta_temperature = -5.100000000000001  elapsed_time =  0
 target_temperature = 25.0  current_temperature = 20.0  delta_temperature = -5.0  elapsed_time =  0
 target_temperature = 25.0  current_temperature = 20.0  delta_temperature = -5.0  elapsed_time =  0
 target_temperature = 25.0  current_temperature = 20.0  delta_temperature = -5.0  elapsed_time =  0
 target_temperature = 25.0  current_temperature = 20.1  delta_temperature = -4.899999999999999  elapsed_time =  0
 target_temperature = 25.0  current_temperature = 20.1  delta_temperature = -4.899999999999999  elapsed_time =  0
 target_temperature = 25.0  current_temperature = 20.2  delta_temperature = -4.800000000000001  elapsed_time =  0
 target_temperature = 25.0  current_temperature = 20.2  delta_temperature = -4.800000000000001  elapsed_time =  0
 target_temperature = 25.0  current_temperature = 20.2  delta_temperature = -4.800000000000001  elapsed_time =  0
 target_temperature = 25.0  current_temperature = 20.3  delta_temperature = -4.699999999999999  elapsed_time =  0
 target_temperature = 25.0  current_temperature = 20.3  delta_temperature = -4.699999999999999  elapsed_time =  0
 target_temperature = 25.0  current_temperature = 20.3  delta_temperature = -4.699999999999999  elapsed_time =  0
 target_temperature = 25.0  current_temperature = 20.3  delta_temperature = -4.699999999999999  elapsed_time =  0
 target_temperature = 25.0  current_temperature = 20.3  delta_temperature = -4.699999999999999  elapsed_time =  0
 target_temperature = 25.0  current_temperature = 20.3  delta_temperature = -4.699999999999999  elapsed_time =  0
 target_temperature = 25.0  current_temperature = 20.3  delta_temperature = -4.699999999999999  elapsed_time =  0
 target_temperature = 25.0  current_temperature = 20.3  delta_temperature = -4.699999999999999  elapsed_time =  0
 target_temperature = 25.0  current_temperature = 20.3  delta_temperature = -4.699999999999999  elapsed_time =  0
 target_temperature = 25.0  current_temperature = 20.3  delta_temperature = -4.699999999999999  elapsed_time =  0
 target_temperature = 25.0  current_temperature = 20.4  delta_temperature = -4.600000000000001  elapsed_time =  0
 target_temperature = 25.0  current_temperature = 20.4  delta_temperature = -4.600000000000001  elapsed_time =  0
 target_temperature = 25.0  current_temperature = 20.4  delta_temperature = -4.600000000000001  elapsed_time =  0
 target_temperature = 25.0  current_temperature = 20.5  delta_temperature = -4.5  elapsed_time =  0
 target_temperature = 25.0  current_temperature = 20.5  delta_temperature = -4.5  elapsed_time =  0
 target_temperature = 25.0  current_temperature = 20.6  delta_temperature = -4.399999999999999  elapsed_time =  0
 target_temperature = 25.0  current_temperature = 20.7  delta_temperature = -4.300000000000001  elapsed_time =  0
 target_temperature = 25.0  current_temperature = 20.7  delta_temperature = -4.300000000000001  elapsed_time =  0
 target_temperature = 25.0  current_temperature = 20.8  delta_temperature = -4.199999999999999  elapsed_time =  0
 target_temperature = 25.0  current_temperature = 21.0  delta_temperature = -4.0  elapsed_time =  0
 target_temperature = 25.0  current_temperature = 21.0  delta_temperature = -4.0  elapsed_time =  0
 target_temperature = 25.0  current_temperature = 21.2  delta_temperature = -3.8000000000000007  elapsed_time =  0
 target_temperature = 25.0  current_temperature = 21.4  delta_temperature = -3.6000000000000014  elapsed_time =  0
 target_temperature = 25.0  current_temperature = 21.5  delta_temperature = -3.5  elapsed_time =  0
 target_temperature = 25.0  current_temperature = 21.7  delta_temperature = -3.3000000000000007  elapsed_time =  0
 target_temperature = 25.0  current_temperature = 21.7  delta_temperature = -3.3000000000000007  elapsed_time =  0
 target_temperature = 25.0  current_temperature = 22.0  delta_temperature = -3.0  elapsed_time =  0
 target_temperature = 25.0  current_temperature = 22.1  delta_temperature = -2.8999999999999986  elapsed_time =  0
 target_temperature = 25.0  current_temperature = 22.2  delta_temperature = -2.8000000000000007  elapsed_time =  0
 target_temperature = 25.0  current_temperature = 22.5  delta_temperature = -2.5  elapsed_time =  0
 target_temperature = 25.0  current_temperature = 22.6  delta_temperature = -2.3999999999999986  elapsed_time =  0
 target_temperature = 25.0  current_temperature = 22.6  delta_temperature = -2.3999999999999986  elapsed_time =  0
 target_temperature = 25.0  current_temperature = 22.9  delta_temperature = -2.1000000000000014  elapsed_time =  0
 target_temperature = 25.0  current_temperature = 23.1  delta_temperature = -1.8999999999999986  elapsed_time =  6
 target_temperature = 25.0  current_temperature = 23.2  delta_temperature = -1.8000000000000007  elapsed_time =  11
 target_temperature = 25.0  current_temperature = 23.4  delta_temperature = -1.6000000000000014  elapsed_time =  18
 target_temperature = 25.0  current_temperature = 23.5  delta_temperature = -1.5  elapsed_time =  25
 target_temperature = 25.0  current_temperature = 23.7  delta_temperature = -1.3000000000000007  elapsed_time =  30
 target_temperature = 25.0  current_temperature = 23.8  delta_temperature = -1.1999999999999993  elapsed_time =  38
 target_temperature = 25.0  current_temperature = 23.9  delta_temperature = -1.1000000000000014  elapsed_time =  44
 target_temperature = 25.0  current_temperature = 24.0  delta_temperature = -1.0  elapsed_time =  49
 target_temperature = 25.0  current_temperature = 24.2  delta_temperature = -0.8000000000000007  elapsed_time =  55
 target_temperature = 25.0  current_temperature = 24.2  delta_temperature = -0.8000000000000007  elapsed_time =  60
 --- setting mode: 0
 --- response: OK
 --- mode set value: 0
