 --- 
 --- START: /home/eic/DATA/2023-characterisation/actual/20230810-161924/memmert-hama3-dcr 
 --- 
1691677164 | Thu 10 Aug 16:19:24 CEST 2023 
 --- 
 --- go to -30 C: /au/memmert/memmert_go_to_minus_30.sh 
 --- 
 --- SCAN: /home/eic/DATA/2023-characterisation/actual/20230810-161924/memmert-hama3-dcr 
 --- 
1691683969 | Thu 10 Aug 18:12:49 CEST 2023 
 --- 
 --- starting DCR setup: /au/measure/2023-characterisation/run-dcr-setup.sh run-memmert-hama3-setup
 --- waiting for processes to complete 
 --- 
 --- COMPLETED: /home/eic/DATA/2023-characterisation/actual/20230810-161924/memmert-hama3-dcr 
 --- 
1691687262 | Thu 10 Aug 19:07:42 CEST 2023 
 --- 
 --- go back to 20 C: /au/memmert/memmert_back_to_plus_20.sh 
 --- 
 --- DONE: /home/eic/DATA/2023-characterisation/actual/20230810-161924/memmert-hama3-dcr 
 --- 
1691688128 | Thu 10 Aug 19:22:08 CEST 2023 
 --- 
