 --- 
 --- START: /home/eic/DATA/2023-characterisation/actual/20230510-142550/memmert-hama3 
 --- 
1683721550 | Wed 10 May 14:25:50 CEST 2023 
 --- 
 --- go to -30 C: /au/memmert/memmert_go_to_minus_30.sh 
 --- 
 --- SCAN: /home/eic/DATA/2023-characterisation/actual/20230510-142550/memmert-hama3 
 --- 
1683730953 | Wed 10 May 17:02:33 CEST 2023 
 --- 
 --- starting IV setup: /au/measure/2023-characterisation/run-iv-setup.sh run-memmert-hama3-setup
 --- starting DCR setup: /au/measure/2023-characterisation/run-dcr-setup.sh run-memmert-hama3-setup
 --- waiting for processes to complete 
 --- 
 --- COMPLETED: /home/eic/DATA/2023-characterisation/actual/20230510-142550/memmert-hama3 
 --- 
1683737128 | Wed 10 May 18:45:28 CEST 2023 
 --- 
 --- go back to 20 C: /au/memmert/memmert_back_to_plus_20.sh 
 --- 
 --- DONE: /home/eic/DATA/2023-characterisation/actual/20230510-142550/memmert-hama3 
 --- 
1683738028 | Wed 10 May 19:00:28 CEST 2023 
 --- 
