 --- 
 --- START: /home/eic/DATA/2023-characterisation/actual/20230620-083837/memmert-hama3 
 --- 
1687243117 | Tue 20 Jun 08:38:37 CEST 2023 
 --- 
 --- go to -30 C: /au/memmert/memmert_go_to_minus_30.sh 
 --- 
 --- SCAN: /home/eic/DATA/2023-characterisation/actual/20230620-083837/memmert-hama3 
 --- 
1687252426 | Tue 20 Jun 11:13:46 CEST 2023 
 --- 
 --- starting IV setup: /au/measure/2023-characterisation/run-iv-setup.sh run-memmert-hama3-setup
 --- starting DCR setup: /au/measure/2023-characterisation/run-dcr-setup.sh run-memmert-hama3-setup
 --- waiting for processes to complete 
 --- 
 --- COMPLETED: /home/eic/DATA/2023-characterisation/actual/20230620-083837/memmert-hama3 
 --- 
1687257337 | Tue 20 Jun 12:35:37 CEST 2023 
 --- 
 --- go back to 20 C: /au/memmert/memmert_back_to_plus_20.sh 
 --- 
 --- DONE: /home/eic/DATA/2023-characterisation/actual/20230620-083837/memmert-hama3 
 --- 
1687258243 | Tue 20 Jun 12:50:43 CEST 2023 
 --- 
