 --- 
 --- START: /home/eic/DATA/2023-characterisation/actual/20230804-180820/memmert-hama3-dcr 
 --- 
1691165300 | Fri  4 Aug 18:08:20 CEST 2023 
 --- 
 --- go to -30 C: /au/memmert/memmert_go_to_minus_30.sh 
 --- 
 --- SCAN: /home/eic/DATA/2023-characterisation/actual/20230804-180820/memmert-hama3-dcr 
 --- 
1691173654 | Fri  4 Aug 20:27:34 CEST 2023 
 --- 
 --- starting DCR setup: /au/measure/2023-characterisation/run-dcr-setup.sh run-memmert-hama3-setup
 --- waiting for processes to complete 
 --- 
 --- COMPLETED: /home/eic/DATA/2023-characterisation/actual/20230804-180820/memmert-hama3-dcr 
 --- 
1691176969 | Fri  4 Aug 21:22:49 CEST 2023 
 --- 
 --- go back to 20 C: /au/memmert/memmert_back_to_plus_20.sh 
 --- 
 --- DONE: /home/eic/DATA/2023-characterisation/actual/20230804-180820/memmert-hama3-dcr 
 --- 
1691178000 | Fri  4 Aug 21:40:00 CEST 2023 
 --- 
