 --- setting temperature: 25.0
 --- response: OK
 --- temperature set value: 25.0
 target_temperature = 25.0  current_temperature = -29.8  delta_temperature = -54.8  elapsed_time =  0
 target_temperature = 25.0  current_temperature = -29.8  delta_temperature = -54.8  elapsed_time =  0
 target_temperature = 25.0  current_temperature = -29.8  delta_temperature = -54.8  elapsed_time =  0
 target_temperature = 25.0  current_temperature = -29.8  delta_temperature = -54.8  elapsed_time =  0
 target_temperature = 25.0  current_temperature = -29.8  delta_temperature = -54.8  elapsed_time =  0
 target_temperature = 25.0  current_temperature = -29.6  delta_temperature = -54.6  elapsed_time =  0
 target_temperature = 25.0  current_temperature = -29.5  delta_temperature = -54.5  elapsed_time =  0
 target_temperature = 25.0  current_temperature = -29.1  delta_temperature = -54.1  elapsed_time =  0
 target_temperature = 25.0  current_temperature = -28.7  delta_temperature = -53.7  elapsed_time =  0
 target_temperature = 25.0  current_temperature = -27.8  delta_temperature = -52.8  elapsed_time =  0
 target_temperature = 25.0  current_temperature = -27.1  delta_temperature = -52.1  elapsed_time =  0
 target_temperature = 25.0  current_temperature = -26.7  delta_temperature = -51.7  elapsed_time =  0
 target_temperature = 25.0  current_temperature = -25.4  delta_temperature = -50.4  elapsed_time =  0
 target_temperature = 25.0  current_temperature = -24.7  delta_temperature = -49.7  elapsed_time =  0
 target_temperature = 25.0  current_temperature = -23.9  delta_temperature = -48.9  elapsed_time =  0
 target_temperature = 25.0  current_temperature = -23.3  delta_temperature = -48.3  elapsed_time =  0
 target_temperature = 25.0  current_temperature = -22.0  delta_temperature = -47.0  elapsed_time =  0
 target_temperature = 25.0  current_temperature = -21.3  delta_temperature = -46.3  elapsed_time =  0
 target_temperature = 25.0  current_temperature = -20.6  delta_temperature = -45.6  elapsed_time =  0
 target_temperature = 25.0  current_temperature = -19.6  delta_temperature = -44.6  elapsed_time =  0
 target_temperature = 25.0  current_temperature = -18.5  delta_temperature = -43.5  elapsed_time =  0
 target_temperature = 25.0  current_temperature = -17.1  delta_temperature = -42.1  elapsed_time =  0
 target_temperature = 25.0  current_temperature = -16.1  delta_temperature = -41.1  elapsed_time =  0
 target_temperature = 25.0  current_temperature = -14.6  delta_temperature = -39.6  elapsed_time =  0
 target_temperature = 25.0  current_temperature = -13.3  delta_temperature = -38.3  elapsed_time =  0
 target_temperature = 25.0  current_temperature = -12.2  delta_temperature = -37.2  elapsed_time =  0
 target_temperature = 25.0  current_temperature = -11.1  delta_temperature = -36.1  elapsed_time =  0
 target_temperature = 25.0  current_temperature = -9.3  delta_temperature = -34.3  elapsed_time =  0
 target_temperature = 25.0  current_temperature = -8.3  delta_temperature = -33.3  elapsed_time =  0
 target_temperature = 25.0  current_temperature = -7.4  delta_temperature = -32.4  elapsed_time =  0
 target_temperature = 25.0  current_temperature = -5.6  delta_temperature = -30.6  elapsed_time =  0
 target_temperature = 25.0  current_temperature = -3.9  delta_temperature = -28.9  elapsed_time =  0
 target_temperature = 25.0  current_temperature = -2.3  delta_temperature = -27.3  elapsed_time =  0
 target_temperature = 25.0  current_temperature = -0.6  delta_temperature = -25.6  elapsed_time =  0
 target_temperature = 25.0  current_temperature = 0.2  delta_temperature = -24.8  elapsed_time =  0
 target_temperature = 25.0  current_temperature = 2.6  delta_temperature = -22.4  elapsed_time =  0
 target_temperature = 25.0  current_temperature = 4.0  delta_temperature = -21.0  elapsed_time =  0
 target_temperature = 25.0  current_temperature = 5.1  delta_temperature = -19.9  elapsed_time =  0
 target_temperature = 25.0  current_temperature = 6.3  delta_temperature = -18.7  elapsed_time =  0
 target_temperature = 25.0  current_temperature = 7.2  delta_temperature = -17.8  elapsed_time =  0
 target_temperature = 25.0  current_temperature = 8.8  delta_temperature = -16.2  elapsed_time =  0
 target_temperature = 25.0  current_temperature = 10.0  delta_temperature = -15.0  elapsed_time =  0
 target_temperature = 25.0  current_temperature = 10.9  delta_temperature = -14.1  elapsed_time =  0
 target_temperature = 25.0  current_temperature = 11.7  delta_temperature = -13.3  elapsed_time =  0
 target_temperature = 25.0  current_temperature = 12.6  delta_temperature = -12.4  elapsed_time =  0
 target_temperature = 25.0  current_temperature = 13.5  delta_temperature = -11.5  elapsed_time =  0
 target_temperature = 25.0  current_temperature = 14.7  delta_temperature = -10.3  elapsed_time =  0
 target_temperature = 25.0  current_temperature = 15.6  delta_temperature = -9.4  elapsed_time =  0
 target_temperature = 25.0  current_temperature = 16.0  delta_temperature = -9.0  elapsed_time =  0
 target_temperature = 25.0  current_temperature = 16.7  delta_temperature = -8.3  elapsed_time =  0
 target_temperature = 25.0  current_temperature = 17.2  delta_temperature = -7.800000000000001  elapsed_time =  0
 target_temperature = 25.0  current_temperature = 17.5  delta_temperature = -7.5  elapsed_time =  0
 target_temperature = 25.0  current_temperature = 17.8  delta_temperature = -7.199999999999999  elapsed_time =  0
 target_temperature = 25.0  current_temperature = 18.2  delta_temperature = -6.800000000000001  elapsed_time =  0
 target_temperature = 25.0  current_temperature = 18.4  delta_temperature = -6.600000000000001  elapsed_time =  0
 target_temperature = 25.0  current_temperature = 18.7  delta_temperature = -6.300000000000001  elapsed_time =  0
 target_temperature = 25.0  current_temperature = 18.9  delta_temperature = -6.100000000000001  elapsed_time =  0
 target_temperature = 25.0  current_temperature = 19.0  delta_temperature = -6.0  elapsed_time =  0
 target_temperature = 25.0  current_temperature = 18.8  delta_temperature = -6.199999999999999  elapsed_time =  0
 target_temperature = 25.0  current_temperature = 18.7  delta_temperature = -6.300000000000001  elapsed_time =  0
 target_temperature = 25.0  current_temperature = 18.7  delta_temperature = -6.300000000000001  elapsed_time =  0
 target_temperature = 25.0  current_temperature = 18.6  delta_temperature = -6.399999999999999  elapsed_time =  0
 target_temperature = 25.0  current_temperature = 18.6  delta_temperature = -6.399999999999999  elapsed_time =  0
 target_temperature = 25.0  current_temperature = 18.6  delta_temperature = -6.399999999999999  elapsed_time =  0
 target_temperature = 25.0  current_temperature = 18.1  delta_temperature = -6.899999999999999  elapsed_time =  0
 target_temperature = 25.0  current_temperature = 18.1  delta_temperature = -6.899999999999999  elapsed_time =  0
 target_temperature = 25.0  current_temperature = 17.8  delta_temperature = -7.199999999999999  elapsed_time =  0
 target_temperature = 25.0  current_temperature = 17.6  delta_temperature = -7.399999999999999  elapsed_time =  0
 target_temperature = 25.0  current_temperature = 17.6  delta_temperature = -7.399999999999999  elapsed_time =  0
 target_temperature = 25.0  current_temperature = 17.1  delta_temperature = -7.899999999999999  elapsed_time =  0
 target_temperature = 25.0  current_temperature = 17.1  delta_temperature = -7.899999999999999  elapsed_time =  0
 target_temperature = 25.0  current_temperature = 17.0  delta_temperature = -8.0  elapsed_time =  0
 target_temperature = 25.0  current_temperature = 16.7  delta_temperature = -8.3  elapsed_time =  0
 target_temperature = 25.0  current_temperature = 16.7  delta_temperature = -8.3  elapsed_time =  0
 target_temperature = 25.0  current_temperature = 16.5  delta_temperature = -8.5  elapsed_time =  0
 target_temperature = 25.0  current_temperature = 16.2  delta_temperature = -8.8  elapsed_time =  0
 target_temperature = 25.0  current_temperature = 16.2  delta_temperature = -8.8  elapsed_time =  0
 target_temperature = 25.0  current_temperature = 16.0  delta_temperature = -9.0  elapsed_time =  0
 target_temperature = 25.0  current_temperature = 15.9  delta_temperature = -9.1  elapsed_time =  0
 target_temperature = 25.0  current_temperature = 15.9  delta_temperature = -9.1  elapsed_time =  0
 target_temperature = 25.0  current_temperature = 15.7  delta_temperature = -9.3  elapsed_time =  0
 target_temperature = 25.0  current_temperature = 15.7  delta_temperature = -9.3  elapsed_time =  0
 target_temperature = 25.0  current_temperature = 15.7  delta_temperature = -9.3  elapsed_time =  0
 target_temperature = 25.0  current_temperature = 15.6  delta_temperature = -9.4  elapsed_time =  0
 target_temperature = 25.0  current_temperature = 15.6  delta_temperature = -9.4  elapsed_time =  0
 target_temperature = 25.0  current_temperature = 15.6  delta_temperature = -9.4  elapsed_time =  0
 target_temperature = 25.0  current_temperature = 15.6  delta_temperature = -9.4  elapsed_time =  0
 target_temperature = 25.0  current_temperature = 15.6  delta_temperature = -9.4  elapsed_time =  0
 target_temperature = 25.0  current_temperature = 15.7  delta_temperature = -9.3  elapsed_time =  0
 target_temperature = 25.0  current_temperature = 15.7  delta_temperature = -9.3  elapsed_time =  0
 target_temperature = 25.0  current_temperature = 15.9  delta_temperature = -9.1  elapsed_time =  0
 target_temperature = 25.0  current_temperature = 16.0  delta_temperature = -9.0  elapsed_time =  0
 target_temperature = 25.0  current_temperature = 16.2  delta_temperature = -8.8  elapsed_time =  0
 target_temperature = 25.0  current_temperature = 16.4  delta_temperature = -8.600000000000001  elapsed_time =  0
 target_temperature = 25.0  current_temperature = 16.8  delta_temperature = -8.2  elapsed_time =  0
 target_temperature = 25.0  current_temperature = 16.9  delta_temperature = -8.100000000000001  elapsed_time =  0
 target_temperature = 25.0  current_temperature = 17.2  delta_temperature = -7.800000000000001  elapsed_time =  0
 target_temperature = 25.0  current_temperature = 17.4  delta_temperature = -7.600000000000001  elapsed_time =  0
 target_temperature = 25.0  current_temperature = 17.6  delta_temperature = -7.399999999999999  elapsed_time =  0
 target_temperature = 25.0  current_temperature = 17.8  delta_temperature = -7.199999999999999  elapsed_time =  0
 target_temperature = 25.0  current_temperature = 17.9  delta_temperature = -7.100000000000001  elapsed_time =  0
 target_temperature = 25.0  current_temperature = 18.2  delta_temperature = -6.800000000000001  elapsed_time =  0
 target_temperature = 25.0  current_temperature = 18.3  delta_temperature = -6.699999999999999  elapsed_time =  0
 target_temperature = 25.0  current_temperature = 18.4  delta_temperature = -6.600000000000001  elapsed_time =  0
 target_temperature = 25.0  current_temperature = 18.7  delta_temperature = -6.300000000000001  elapsed_time =  0
 target_temperature = 25.0  current_temperature = 18.9  delta_temperature = -6.100000000000001  elapsed_time =  0
could not convert string to float: ''
[Errno 111] Connection refused
[Errno 111] Connection refused
[Errno 111] Connection refused
[Errno 111] Connection refused
[Errno 111] Connection refused
[Errno 111] Connection refused
[Errno 111] Connection refused
[Errno 111] Connection refused
[Errno 111] Connection refused
[Errno 111] Connection refused
[Errno 111] Connection refused
[Errno 111] Connection refused
could not convert string to float: ''
[Errno 111] Connection refused
[Errno 111] Connection refused
[Errno 111] Connection refused
[Errno 111] Connection refused
[Errno 111] Connection refused
[Errno 111] Connection refused
[Errno 111] Connection refused
[Errno 111] Connection refused
[Errno 111] Connection refused
[Errno 111] Connection refused
[Errno 111] Connection refused
[Errno 111] Connection refused
[Errno 111] Connection refused
[Errno 111] Connection refused
[Errno 111] Connection refused
 target_temperature = 25.0  current_temperature = 25.0  delta_temperature = 0.0  elapsed_time =  5
[Errno 104] Connection reset by peer
 target_temperature = 25.0  current_temperature = 25.0  delta_temperature = 0.0  elapsed_time =  5
 target_temperature = 25.0  current_temperature = 25.0  delta_temperature = 0.0  elapsed_time =  10
 target_temperature = 25.0  current_temperature = 25.0  delta_temperature = 0.0  elapsed_time =  15
 target_temperature = 25.0  current_temperature = 25.0  delta_temperature = 0.0  elapsed_time =  20
 target_temperature = 25.0  current_temperature = 25.0  delta_temperature = 0.0  elapsed_time =  26
 target_temperature = 25.0  current_temperature = 25.0  delta_temperature = 0.0  elapsed_time =  31
 target_temperature = 25.0  current_temperature = 25.0  delta_temperature = 0.0  elapsed_time =  37
 target_temperature = 25.0  current_temperature = 24.9  delta_temperature = -0.10000000000000142  elapsed_time =  42
 target_temperature = 25.0  current_temperature = 24.9  delta_temperature = -0.10000000000000142  elapsed_time =  47
 target_temperature = 25.0  current_temperature = 25.3  delta_temperature = 0.3000000000000007  elapsed_time =  52
 target_temperature = 25.0  current_temperature = 25.3  delta_temperature = 0.3000000000000007  elapsed_time =  59
 target_temperature = 25.0  current_temperature = 25.4  delta_temperature = 0.3999999999999986  elapsed_time =  67
 --- setting mode: 0
 --- response: OK
 --- mode set value: 0
