 --- 
 --- START: /home/eic/DATA/2023-characterisation/actual/20230712-102550/memmert-hama3 
 --- 
1689150350 | Wed 12 Jul 10:25:50 CEST 2023 
 --- 
 --- go to -30 C: /au/memmert/memmert_go_to_minus_30.sh 
 --- 
 --- SCAN: /home/eic/DATA/2023-characterisation/actual/20230712-102550/memmert-hama3 
 --- 
1689158453 | Wed 12 Jul 12:40:53 CEST 2023 
 --- 
 --- starting IV setup: /au/measure/2023-characterisation/run-iv-setup.sh run-memmert-hama3-setup
 --- starting DCR setup: /au/measure/2023-characterisation/run-dcr-setup.sh run-memmert-hama3-setup
 --- waiting for processes to complete 
 --- 
 --- COMPLETED: /home/eic/DATA/2023-characterisation/actual/20230712-102550/memmert-hama3 
 --- 
1689164129 | Wed 12 Jul 14:15:29 CEST 2023 
 --- 
 --- go back to 20 C: /au/memmert/memmert_back_to_plus_20.sh 
 --- 
 --- DONE: /home/eic/DATA/2023-characterisation/actual/20230712-102550/memmert-hama3 
 --- 
1689165058 | Wed 12 Jul 14:30:58 CEST 2023 
 --- 
