 --- 
 --- START: /home/eic/DATA/2023-characterisation/actual/20230710-094340/memmert-hama3-iv 
 --- 
1688975020 | Mon 10 Jul 09:43:40 CEST 2023 
 --- 
 --- go to -30 C: /au/memmert/memmert_go_to_minus_30.sh 
 --- 
 --- SCAN: /home/eic/DATA/2023-characterisation/actual/20230710-094340/memmert-hama3-iv 
 --- 
1688982035 | Mon 10 Jul 11:40:35 CEST 2023 
 --- 
 --- starting IV setup: /au/measure/2023-characterisation/run-iv-setup.sh run-memmert-hama3-setup
 --- waiting for processes to complete 
 --- 
 --- COMPLETED: /home/eic/DATA/2023-characterisation/actual/20230710-094340/memmert-hama3-iv 
 --- 
1688986927 | Mon 10 Jul 13:02:07 CEST 2023 
 --- 
 --- go back to 20 C: /au/memmert/memmert_back_to_plus_20.sh 
 --- 
 --- DONE: /home/eic/DATA/2023-characterisation/actual/20230710-094340/memmert-hama3-iv 
 --- 
1688987837 | Mon 10 Jul 13:17:17 CEST 2023 
 --- 
