 --- setting mode: 1
 --- response: OK
 --- mode set value: 1
 --- setting temperature: 25.0
 --- response: OK
 --- temperature set value: 25.0
 --- setting fan: A
 --- response: OK
 --- fan set value: A
 --- setting temperature: 25.0
 --- response: OK
 --- temperature set value: 25.0
 target_temperature = 25.0  current_temperature = 30.0  delta_temperature = 5.0  elapsed_time =  0
 target_temperature = 25.0  current_temperature = 30.0  delta_temperature = 5.0  elapsed_time =  0
 target_temperature = 25.0  current_temperature = 30.0  delta_temperature = 5.0  elapsed_time =  0
 target_temperature = 25.0  current_temperature = 30.0  delta_temperature = 5.0  elapsed_time =  0
 target_temperature = 25.0  current_temperature = 29.7  delta_temperature = 4.699999999999999  elapsed_time =  0
 target_temperature = 25.0  current_temperature = 29.7  delta_temperature = 4.699999999999999  elapsed_time =  0
 target_temperature = 25.0  current_temperature = 29.7  delta_temperature = 4.699999999999999  elapsed_time =  0
 target_temperature = 25.0  current_temperature = 29.7  delta_temperature = 4.699999999999999  elapsed_time =  0
 target_temperature = 25.0  current_temperature = 29.7  delta_temperature = 4.699999999999999  elapsed_time =  0
 target_temperature = 25.0  current_temperature = 29.5  delta_temperature = 4.5  elapsed_time =  0
 target_temperature = 25.0  current_temperature = 29.4  delta_temperature = 4.399999999999999  elapsed_time =  0
 target_temperature = 25.0  current_temperature = 29.4  delta_temperature = 4.399999999999999  elapsed_time =  0
 target_temperature = 25.0  current_temperature = 29.4  delta_temperature = 4.399999999999999  elapsed_time =  0
 target_temperature = 25.0  current_temperature = 29.3  delta_temperature = 4.300000000000001  elapsed_time =  0
 target_temperature = 25.0  current_temperature = 29.2  delta_temperature = 4.199999999999999  elapsed_time =  0
 target_temperature = 25.0  current_temperature = 29.0  delta_temperature = 4.0  elapsed_time =  0
 target_temperature = 25.0  current_temperature = 28.9  delta_temperature = 3.8999999999999986  elapsed_time =  0
 target_temperature = 25.0  current_temperature = 28.7  delta_temperature = 3.6999999999999993  elapsed_time =  0
 target_temperature = 25.0  current_temperature = 28.7  delta_temperature = 3.6999999999999993  elapsed_time =  0
 target_temperature = 25.0  current_temperature = 28.7  delta_temperature = 3.6999999999999993  elapsed_time =  0
 target_temperature = 25.0  current_temperature = 28.5  delta_temperature = 3.5  elapsed_time =  0
 target_temperature = 25.0  current_temperature = 28.4  delta_temperature = 3.3999999999999986  elapsed_time =  0
 target_temperature = 25.0  current_temperature = 28.4  delta_temperature = 3.3999999999999986  elapsed_time =  0
 target_temperature = 25.0  current_temperature = 28.1  delta_temperature = 3.1000000000000014  elapsed_time =  0
 target_temperature = 25.0  current_temperature = 28.1  delta_temperature = 3.1000000000000014  elapsed_time =  0
 target_temperature = 25.0  current_temperature = 27.8  delta_temperature = 2.8000000000000007  elapsed_time =  0
 target_temperature = 25.0  current_temperature = 27.7  delta_temperature = 2.6999999999999993  elapsed_time =  0
 target_temperature = 25.0  current_temperature = 27.7  delta_temperature = 2.6999999999999993  elapsed_time =  0
 target_temperature = 25.0  current_temperature = 27.5  delta_temperature = 2.5  elapsed_time =  0
 target_temperature = 25.0  current_temperature = 27.4  delta_temperature = 2.3999999999999986  elapsed_time =  0
 target_temperature = 25.0  current_temperature = 27.4  delta_temperature = 2.3999999999999986  elapsed_time =  0
 target_temperature = 25.0  current_temperature = 27.3  delta_temperature = 2.3000000000000007  elapsed_time =  0
 target_temperature = 25.0  current_temperature = 27.2  delta_temperature = 2.1999999999999993  elapsed_time =  0
 target_temperature = 25.0  current_temperature = 27.1  delta_temperature = 2.1000000000000014  elapsed_time =  0
 target_temperature = 25.0  current_temperature = 26.9  delta_temperature = 1.8999999999999986  elapsed_time =  5
 target_temperature = 25.0  current_temperature = 26.9  delta_temperature = 1.8999999999999986  elapsed_time =  10
 target_temperature = 25.0  current_temperature = 26.8  delta_temperature = 1.8000000000000007  elapsed_time =  16
 target_temperature = 25.0  current_temperature = 26.6  delta_temperature = 1.6000000000000014  elapsed_time =  21
 target_temperature = 25.0  current_temperature = 26.6  delta_temperature = 1.6000000000000014  elapsed_time =  27
 target_temperature = 25.0  current_temperature = 26.6  delta_temperature = 1.6000000000000014  elapsed_time =  35
 target_temperature = 25.0  current_temperature = 26.5  delta_temperature = 1.5  elapsed_time =  40
 target_temperature = 25.0  current_temperature = 26.5  delta_temperature = 1.5  elapsed_time =  45
 target_temperature = 25.0  current_temperature = 26.3  delta_temperature = 1.3000000000000007  elapsed_time =  50
 target_temperature = 25.0  current_temperature = 26.3  delta_temperature = 1.3000000000000007  elapsed_time =  57
 target_temperature = 25.0  current_temperature = 26.2  delta_temperature = 1.1999999999999993  elapsed_time =  62
 --- setting mode: 0
 --- response: OK
 --- mode set value: 0
