 --- 
 --- START: /home/eic/DATA/2023-characterisation/actual/20230620-184841/memmert-hama3 
 --- 
1687279721 | Tue 20 Jun 18:48:41 CEST 2023 
 --- 
 --- go to -30 C: /au/memmert/memmert_go_to_minus_30.sh 
 --- 
 --- SCAN: /home/eic/DATA/2023-characterisation/actual/20230620-184841/memmert-hama3 
 --- 
1687287293 | Tue 20 Jun 20:54:53 CEST 2023 
 --- 
 --- starting IV setup: /au/measure/2023-characterisation/run-iv-setup.sh run-memmert-hama3-setup
 --- starting DCR setup: /au/measure/2023-characterisation/run-dcr-setup.sh run-memmert-hama3-setup
 --- waiting for processes to complete 
 --- 
 --- COMPLETED: /home/eic/DATA/2023-characterisation/actual/20230620-184841/memmert-hama3 
 --- 
1687291784 | Tue 20 Jun 22:09:44 CEST 2023 
 --- 
 --- go back to 20 C: /au/memmert/memmert_back_to_plus_20.sh 
 --- 
 --- DONE: /home/eic/DATA/2023-characterisation/actual/20230620-184841/memmert-hama3 
 --- 
1687292693 | Tue 20 Jun 22:24:53 CEST 2023 
 --- 
