 --- setting mode: 1
 --- response: OK
 --- mode set value: 1
 --- setting temperature: 25.0
 --- response: OK
 --- temperature set value: 25.0
 --- setting fan: A
 --- response: OK
 --- fan set value: A
 --- setting temperature: 25.0
 --- response: OK
 --- temperature set value: 25.0
 target_temperature = 25.0  current_temperature = -29.8  delta_temperature = -54.8  elapsed_time =  0
 target_temperature = 25.0  current_temperature = -29.8  delta_temperature = -54.8  elapsed_time =  0
 target_temperature = 25.0  current_temperature = -29.8  delta_temperature = -54.8  elapsed_time =  0
 target_temperature = 25.0  current_temperature = -29.8  delta_temperature = -54.8  elapsed_time =  0
 target_temperature = 25.0  current_temperature = -29.6  delta_temperature = -54.6  elapsed_time =  0
 target_temperature = 25.0  current_temperature = -29.4  delta_temperature = -54.4  elapsed_time =  0
 target_temperature = 25.0  current_temperature = -28.9  delta_temperature = -53.9  elapsed_time =  0
 target_temperature = 25.0  current_temperature = -28.4  delta_temperature = -53.4  elapsed_time =  0
 target_temperature = 25.0  current_temperature = -28.0  delta_temperature = -53.0  elapsed_time =  0
 target_temperature = 25.0  current_temperature = -27.3  delta_temperature = -52.3  elapsed_time =  0
 target_temperature = 25.0  current_temperature = -26.7  delta_temperature = -51.7  elapsed_time =  0
 target_temperature = 25.0  current_temperature = -25.7  delta_temperature = -50.7  elapsed_time =  0
 target_temperature = 25.0  current_temperature = -24.9  delta_temperature = -49.9  elapsed_time =  0
 target_temperature = 25.0  current_temperature = -24.1  delta_temperature = -49.1  elapsed_time =  0
 target_temperature = 25.0  current_temperature = -23.7  delta_temperature = -48.7  elapsed_time =  0
 target_temperature = 25.0  current_temperature = -22.8  delta_temperature = -47.8  elapsed_time =  0
 target_temperature = 25.0  current_temperature = -21.4  delta_temperature = -46.4  elapsed_time =  0
 target_temperature = 25.0  current_temperature = -20.2  delta_temperature = -45.2  elapsed_time =  0
 target_temperature = 25.0  current_temperature = -19.4  delta_temperature = -44.4  elapsed_time =  0
 target_temperature = 25.0  current_temperature = -18.6  delta_temperature = -43.6  elapsed_time =  0
 target_temperature = 25.0  current_temperature = -17.4  delta_temperature = -42.4  elapsed_time =  0
 target_temperature = 25.0  current_temperature = -16.4  delta_temperature = -41.4  elapsed_time =  0
 target_temperature = 25.0  current_temperature = -15.2  delta_temperature = -40.2  elapsed_time =  0
 target_temperature = 25.0  current_temperature = -14.3  delta_temperature = -39.3  elapsed_time =  0
 target_temperature = 25.0  current_temperature = -12.8  delta_temperature = -37.8  elapsed_time =  0
 target_temperature = 25.0  current_temperature = -11.8  delta_temperature = -36.8  elapsed_time =  0
 target_temperature = 25.0  current_temperature = -11.0  delta_temperature = -36.0  elapsed_time =  0
 target_temperature = 25.0  current_temperature = -10.0  delta_temperature = -35.0  elapsed_time =  0
 target_temperature = 25.0  current_temperature = -8.5  delta_temperature = -33.5  elapsed_time =  0
 target_temperature = 25.0  current_temperature = -6.9  delta_temperature = -31.9  elapsed_time =  0
 target_temperature = 25.0  current_temperature = -5.9  delta_temperature = -30.9  elapsed_time =  0
 target_temperature = 25.0  current_temperature = -4.9  delta_temperature = -29.9  elapsed_time =  0
 target_temperature = 25.0  current_temperature = -3.9  delta_temperature = -28.9  elapsed_time =  0
 target_temperature = 25.0  current_temperature = -2.9  delta_temperature = -27.9  elapsed_time =  0
 target_temperature = 25.0  current_temperature = -1.4  delta_temperature = -26.4  elapsed_time =  0
 target_temperature = 25.0  current_temperature = -0.6  delta_temperature = -25.6  elapsed_time =  0
 target_temperature = 25.0  current_temperature = 0.4  delta_temperature = -24.6  elapsed_time =  0
 target_temperature = 25.0  current_temperature = 1.7  delta_temperature = -23.3  elapsed_time =  0
 target_temperature = 25.0  current_temperature = 2.8  delta_temperature = -22.2  elapsed_time =  0
 target_temperature = 25.0  current_temperature = 4.3  delta_temperature = -20.7  elapsed_time =  0
 target_temperature = 25.0  current_temperature = 5.3  delta_temperature = -19.7  elapsed_time =  0
 target_temperature = 25.0  current_temperature = 6.2  delta_temperature = -18.8  elapsed_time =  0
 target_temperature = 25.0  current_temperature = 7.4  delta_temperature = -17.6  elapsed_time =  0
 target_temperature = 25.0  current_temperature = 8.2  delta_temperature = -16.8  elapsed_time =  0
 target_temperature = 25.0  current_temperature = 9.1  delta_temperature = -15.9  elapsed_time =  0
 target_temperature = 25.0  current_temperature = 10.5  delta_temperature = -14.5  elapsed_time =  0
 target_temperature = 25.0  current_temperature = 11.8  delta_temperature = -13.2  elapsed_time =  0
 target_temperature = 25.0  current_temperature = 13.0  delta_temperature = -12.0  elapsed_time =  0
 target_temperature = 25.0  current_temperature = 13.8  delta_temperature = -11.2  elapsed_time =  0
 target_temperature = 25.0  current_temperature = 14.8  delta_temperature = -10.2  elapsed_time =  0
 target_temperature = 25.0  current_temperature = 15.5  delta_temperature = -9.5  elapsed_time =  0
 target_temperature = 25.0  current_temperature = 16.1  delta_temperature = -8.899999999999999  elapsed_time =  0
 target_temperature = 25.0  current_temperature = 16.6  delta_temperature = -8.399999999999999  elapsed_time =  0
 target_temperature = 25.0  current_temperature = 17.1  delta_temperature = -7.899999999999999  elapsed_time =  0
 target_temperature = 25.0  current_temperature = 17.5  delta_temperature = -7.5  elapsed_time =  0
 target_temperature = 25.0  current_temperature = 17.7  delta_temperature = -7.300000000000001  elapsed_time =  0
 target_temperature = 25.0  current_temperature = 18.0  delta_temperature = -7.0  elapsed_time =  0
 target_temperature = 25.0  current_temperature = 18.1  delta_temperature = -6.899999999999999  elapsed_time =  0
 target_temperature = 25.0  current_temperature = 18.3  delta_temperature = -6.699999999999999  elapsed_time =  0
 target_temperature = 25.0  current_temperature = 18.4  delta_temperature = -6.600000000000001  elapsed_time =  0
 target_temperature = 25.0  current_temperature = 18.5  delta_temperature = -6.5  elapsed_time =  0
 target_temperature = 25.0  current_temperature = 18.6  delta_temperature = -6.399999999999999  elapsed_time =  0
 target_temperature = 25.0  current_temperature = 18.5  delta_temperature = -6.5  elapsed_time =  0
 target_temperature = 25.0  current_temperature = 18.4  delta_temperature = -6.600000000000001  elapsed_time =  0
 target_temperature = 25.0  current_temperature = 18.4  delta_temperature = -6.600000000000001  elapsed_time =  0
 target_temperature = 25.0  current_temperature = 18.3  delta_temperature = -6.699999999999999  elapsed_time =  0
 target_temperature = 25.0  current_temperature = 18.2  delta_temperature = -6.800000000000001  elapsed_time =  0
 target_temperature = 25.0  current_temperature = 18.2  delta_temperature = -6.800000000000001  elapsed_time =  0
 target_temperature = 25.0  current_temperature = 17.7  delta_temperature = -7.300000000000001  elapsed_time =  0
 target_temperature = 25.0  current_temperature = 17.7  delta_temperature = -7.300000000000001  elapsed_time =  0
 target_temperature = 25.0  current_temperature = 17.5  delta_temperature = -7.5  elapsed_time =  0
 target_temperature = 25.0  current_temperature = 17.3  delta_temperature = -7.699999999999999  elapsed_time =  0
 target_temperature = 25.0  current_temperature = 17.2  delta_temperature = -7.800000000000001  elapsed_time =  0
 target_temperature = 25.0  current_temperature = 16.9  delta_temperature = -8.100000000000001  elapsed_time =  0
 target_temperature = 25.0  current_temperature = 16.9  delta_temperature = -8.100000000000001  elapsed_time =  0
 target_temperature = 25.0  current_temperature = 16.6  delta_temperature = -8.399999999999999  elapsed_time =  0
 target_temperature = 25.0  current_temperature = 16.6  delta_temperature = -8.399999999999999  elapsed_time =  0
 target_temperature = 25.0  current_temperature = 16.5  delta_temperature = -8.5  elapsed_time =  0
 target_temperature = 25.0  current_temperature = 16.1  delta_temperature = -8.899999999999999  elapsed_time =  0
 target_temperature = 25.0  current_temperature = 16.1  delta_temperature = -8.899999999999999  elapsed_time =  0
 target_temperature = 25.0  current_temperature = 16.0  delta_temperature = -9.0  elapsed_time =  0
 target_temperature = 25.0  current_temperature = 15.8  delta_temperature = -9.2  elapsed_time =  0
 target_temperature = 25.0  current_temperature = 15.8  delta_temperature = -9.2  elapsed_time =  0
 target_temperature = 25.0  current_temperature = 15.7  delta_temperature = -9.3  elapsed_time =  0
 target_temperature = 25.0  current_temperature = 15.7  delta_temperature = -9.3  elapsed_time =  0
 target_temperature = 25.0  current_temperature = 15.7  delta_temperature = -9.3  elapsed_time =  0
 target_temperature = 25.0  current_temperature = 15.6  delta_temperature = -9.4  elapsed_time =  0
 target_temperature = 25.0  current_temperature = 15.6  delta_temperature = -9.4  elapsed_time =  0
 target_temperature = 25.0  current_temperature = 15.6  delta_temperature = -9.4  elapsed_time =  0
 target_temperature = 25.0  current_temperature = 15.6  delta_temperature = -9.4  elapsed_time =  0
 target_temperature = 25.0  current_temperature = 15.6  delta_temperature = -9.4  elapsed_time =  0
 target_temperature = 25.0  current_temperature = 15.7  delta_temperature = -9.3  elapsed_time =  0
 target_temperature = 25.0  current_temperature = 15.7  delta_temperature = -9.3  elapsed_time =  0
 target_temperature = 25.0  current_temperature = 15.9  delta_temperature = -9.1  elapsed_time =  0
 target_temperature = 25.0  current_temperature = 15.9  delta_temperature = -9.1  elapsed_time =  0
 target_temperature = 25.0  current_temperature = 16.0  delta_temperature = -9.0  elapsed_time =  0
 target_temperature = 25.0  current_temperature = 16.2  delta_temperature = -8.8  elapsed_time =  0
 target_temperature = 25.0  current_temperature = 16.2  delta_temperature = -8.8  elapsed_time =  0
 target_temperature = 25.0  current_temperature = 16.5  delta_temperature = -8.5  elapsed_time =  0
 target_temperature = 25.0  current_temperature = 16.7  delta_temperature = -8.3  elapsed_time =  0
 target_temperature = 25.0  current_temperature = 16.8  delta_temperature = -8.2  elapsed_time =  0
 target_temperature = 25.0  current_temperature = 17.0  delta_temperature = -8.0  elapsed_time =  0
 target_temperature = 25.0  current_temperature = 17.2  delta_temperature = -7.800000000000001  elapsed_time =  0
 target_temperature = 25.0  current_temperature = 17.5  delta_temperature = -7.5  elapsed_time =  0
 target_temperature = 25.0  current_temperature = 17.7  delta_temperature = -7.300000000000001  elapsed_time =  0
 target_temperature = 25.0  current_temperature = 17.8  delta_temperature = -7.199999999999999  elapsed_time =  0
 target_temperature = 25.0  current_temperature = 18.0  delta_temperature = -7.0  elapsed_time =  0
 target_temperature = 25.0  current_temperature = 18.2  delta_temperature = -6.800000000000001  elapsed_time =  0
 target_temperature = 25.0  current_temperature = 18.5  delta_temperature = -6.5  elapsed_time =  0
 target_temperature = 25.0  current_temperature = 18.7  delta_temperature = -6.300000000000001  elapsed_time =  0
 target_temperature = 25.0  current_temperature = 18.7  delta_temperature = -6.300000000000001  elapsed_time =  0
 target_temperature = 25.0  current_temperature = 19.0  delta_temperature = -6.0  elapsed_time =  0
 target_temperature = 25.0  current_temperature = 19.0  delta_temperature = -6.0  elapsed_time =  0
 target_temperature = 25.0  current_temperature = 19.0  delta_temperature = -6.0  elapsed_time =  0
 target_temperature = 25.0  current_temperature = 19.3  delta_temperature = -5.699999999999999  elapsed_time =  0
 target_temperature = 25.0  current_temperature = 19.4  delta_temperature = -5.600000000000001  elapsed_time =  0
 target_temperature = 25.0  current_temperature = 19.3  delta_temperature = -5.699999999999999  elapsed_time =  0
 target_temperature = 25.0  current_temperature = 19.4  delta_temperature = -5.600000000000001  elapsed_time =  0
 target_temperature = 25.0  current_temperature = 19.5  delta_temperature = -5.5  elapsed_time =  0
 target_temperature = 25.0  current_temperature = 19.5  delta_temperature = -5.5  elapsed_time =  0
 target_temperature = 25.0  current_temperature = 19.8  delta_temperature = -5.199999999999999  elapsed_time =  0
 target_temperature = 25.0  current_temperature = 19.7  delta_temperature = -5.300000000000001  elapsed_time =  0
 target_temperature = 25.0  current_temperature = 19.7  delta_temperature = -5.300000000000001  elapsed_time =  0
 target_temperature = 25.0  current_temperature = 19.8  delta_temperature = -5.199999999999999  elapsed_time =  0
 target_temperature = 25.0  current_temperature = 19.9  delta_temperature = -5.100000000000001  elapsed_time =  0
 target_temperature = 25.0  current_temperature = 19.9  delta_temperature = -5.100000000000001  elapsed_time =  0
 target_temperature = 25.0  current_temperature = 19.9  delta_temperature = -5.100000000000001  elapsed_time =  0
 target_temperature = 25.0  current_temperature = 19.9  delta_temperature = -5.100000000000001  elapsed_time =  0
 target_temperature = 25.0  current_temperature = 19.9  delta_temperature = -5.100000000000001  elapsed_time =  0
 target_temperature = 25.0  current_temperature = 20.0  delta_temperature = -5.0  elapsed_time =  0
 target_temperature = 25.0  current_temperature = 20.0  delta_temperature = -5.0  elapsed_time =  0
 target_temperature = 25.0  current_temperature = 20.0  delta_temperature = -5.0  elapsed_time =  0
 target_temperature = 25.0  current_temperature = 20.0  delta_temperature = -5.0  elapsed_time =  0
 target_temperature = 25.0  current_temperature = 20.0  delta_temperature = -5.0  elapsed_time =  0
 target_temperature = 25.0  current_temperature = 20.1  delta_temperature = -4.899999999999999  elapsed_time =  0
 target_temperature = 25.0  current_temperature = 20.1  delta_temperature = -4.899999999999999  elapsed_time =  0
 target_temperature = 25.0  current_temperature = 20.1  delta_temperature = -4.899999999999999  elapsed_time =  0
 target_temperature = 25.0  current_temperature = 20.2  delta_temperature = -4.800000000000001  elapsed_time =  0
 target_temperature = 25.0  current_temperature = 20.2  delta_temperature = -4.800000000000001  elapsed_time =  0
 target_temperature = 25.0  current_temperature = 20.2  delta_temperature = -4.800000000000001  elapsed_time =  0
 target_temperature = 25.0  current_temperature = 20.3  delta_temperature = -4.699999999999999  elapsed_time =  0
 target_temperature = 25.0  current_temperature = 20.3  delta_temperature = -4.699999999999999  elapsed_time =  0
 target_temperature = 25.0  current_temperature = 20.4  delta_temperature = -4.600000000000001  elapsed_time =  0
 target_temperature = 25.0  current_temperature = 20.4  delta_temperature = -4.600000000000001  elapsed_time =  0
 target_temperature = 25.0  current_temperature = 20.5  delta_temperature = -4.5  elapsed_time =  0
 target_temperature = 25.0  current_temperature = 20.5  delta_temperature = -4.5  elapsed_time =  0
 target_temperature = 25.0  current_temperature = 20.6  delta_temperature = -4.399999999999999  elapsed_time =  0
 target_temperature = 25.0  current_temperature = 20.6  delta_temperature = -4.399999999999999  elapsed_time =  0
 target_temperature = 25.0  current_temperature = 20.8  delta_temperature = -4.199999999999999  elapsed_time =  0
 target_temperature = 25.0  current_temperature = 20.8  delta_temperature = -4.199999999999999  elapsed_time =  0
 target_temperature = 25.0  current_temperature = 20.9  delta_temperature = -4.100000000000001  elapsed_time =  0
 target_temperature = 25.0  current_temperature = 21.0  delta_temperature = -4.0  elapsed_time =  0
 target_temperature = 25.0  current_temperature = 21.2  delta_temperature = -3.8000000000000007  elapsed_time =  0
 target_temperature = 25.0  current_temperature = 21.4  delta_temperature = -3.6000000000000014  elapsed_time =  0
 target_temperature = 25.0  current_temperature = 21.4  delta_temperature = -3.6000000000000014  elapsed_time =  0
 target_temperature = 25.0  current_temperature = 21.5  delta_temperature = -3.5  elapsed_time =  0
 target_temperature = 25.0  current_temperature = 21.7  delta_temperature = -3.3000000000000007  elapsed_time =  0
 target_temperature = 25.0  current_temperature = 21.8  delta_temperature = -3.1999999999999993  elapsed_time =  0
 target_temperature = 25.0  current_temperature = 22.0  delta_temperature = -3.0  elapsed_time =  0
 target_temperature = 25.0  current_temperature = 22.0  delta_temperature = -3.0  elapsed_time =  0
 target_temperature = 25.0  current_temperature = 22.0  delta_temperature = -3.0  elapsed_time =  0
 target_temperature = 25.0  current_temperature = 22.2  delta_temperature = -2.8000000000000007  elapsed_time =  0
 target_temperature = 25.0  current_temperature = 22.4  delta_temperature = -2.6000000000000014  elapsed_time =  0
 target_temperature = 25.0  current_temperature = 22.5  delta_temperature = -2.5  elapsed_time =  0
 target_temperature = 25.0  current_temperature = 22.7  delta_temperature = -2.3000000000000007  elapsed_time =  0
 target_temperature = 25.0  current_temperature = 22.8  delta_temperature = -2.1999999999999993  elapsed_time =  0
 target_temperature = 25.0  current_temperature = 22.9  delta_temperature = -2.1000000000000014  elapsed_time =  0
 target_temperature = 25.0  current_temperature = 23.1  delta_temperature = -1.8999999999999986  elapsed_time =  5
 target_temperature = 25.0  current_temperature = 23.2  delta_temperature = -1.8000000000000007  elapsed_time =  10
 target_temperature = 25.0  current_temperature = 23.3  delta_temperature = -1.6999999999999993  elapsed_time =  15
 target_temperature = 25.0  current_temperature = 23.5  delta_temperature = -1.5  elapsed_time =  20
 target_temperature = 25.0  current_temperature = 23.5  delta_temperature = -1.5  elapsed_time =  26
 target_temperature = 25.0  current_temperature = 23.7  delta_temperature = -1.3000000000000007  elapsed_time =  31
 target_temperature = 25.0  current_temperature = 23.8  delta_temperature = -1.1999999999999993  elapsed_time =  36
 target_temperature = 25.0  current_temperature = 23.9  delta_temperature = -1.1000000000000014  elapsed_time =  41
 target_temperature = 25.0  current_temperature = 23.9  delta_temperature = -1.1000000000000014  elapsed_time =  46
 target_temperature = 25.0  current_temperature = 24.1  delta_temperature = -0.8999999999999986  elapsed_time =  51
 target_temperature = 25.0  current_temperature = 24.1  delta_temperature = -0.8999999999999986  elapsed_time =  57
 target_temperature = 25.0  current_temperature = 24.3  delta_temperature = -0.6999999999999993  elapsed_time =  62
 --- setting mode: 0
 --- response: OK
 --- mode set value: 0
