 --- 
 --- START: /home/eic/DATA/2023-characterisation/actual/20230714-085839/memmert-hama3 
 --- 
1689317919 | Fri 14 Jul 08:58:39 CEST 2023 
 --- 
 --- go to -30 C: /au/memmert/memmert_go_to_minus_30.sh 
 --- 
 --- SCAN: /home/eic/DATA/2023-characterisation/actual/20230714-085839/memmert-hama3 
 --- 
1689327450 | Fri 14 Jul 11:37:30 CEST 2023 
 --- 
 --- starting IV setup: /au/measure/2023-characterisation/run-iv-setup.sh run-memmert-hama3-setup
 --- starting DCR setup: /au/measure/2023-characterisation/run-dcr-setup.sh run-memmert-hama3-setup
 --- waiting for processes to complete 
 --- 
 --- COMPLETED: /home/eic/DATA/2023-characterisation/actual/20230714-085839/memmert-hama3 
 --- 
1689333137 | Fri 14 Jul 13:12:17 CEST 2023 
 --- 
 --- go back to 20 C: /au/memmert/memmert_back_to_plus_20.sh 
 --- 
 --- DONE: /home/eic/DATA/2023-characterisation/actual/20230714-085839/memmert-hama3 
 --- 
1689334131 | Fri 14 Jul 13:28:51 CEST 2023 
 --- 
