 --- 
 --- START: /home/eic/DATA/2023-characterisation/actual/20230531-110137/memmert-hama1-hama2 
 --- 
1685523697 | Wed 31 May 11:01:37 CEST 2023 
 --- 
 --- go to -30 C: /au/memmert/memmert_go_to_minus_30.sh 
 --- 
 --- SCAN: /home/eic/DATA/2023-characterisation/actual/20230531-110137/memmert-hama1-hama2 
 --- 
1685530949 | Wed 31 May 13:02:29 CEST 2023 
 --- 
 --- starting IV setup: /au/measure/2023-characterisation/run-iv-setup.sh run-memmert-hama1-hama2-setup
 --- starting DCR setup: /au/measure/2023-characterisation/run-dcr-setup.sh run-memmert-hama1-hama2-setup
 --- waiting for processes to complete 
 --- 
 --- COMPLETED: /home/eic/DATA/2023-characterisation/actual/20230531-110137/memmert-hama1-hama2 
 --- 
1685552552 | Wed 31 May 19:02:32 CEST 2023 
 --- 
 --- go back to 20 C: /au/memmert/memmert_back_to_plus_20.sh 
 --- 
 --- DONE: /home/eic/DATA/2023-characterisation/actual/20230531-110137/memmert-hama1-hama2 
 --- 
1685552552 | Wed 31 May 19:02:32 CEST 2023 
 --- 
