 --- 
 --- START: /home/eic/DATA/2023-characterisation/actual/20230711-113845/memmert-hama3-iv 
 --- 
1689068325 | Tue 11 Jul 11:38:45 CEST 2023 
 --- 
 --- go to -30 C: /au/memmert/memmert_go_to_minus_30.sh 
 --- 
 --- SCAN: /home/eic/DATA/2023-characterisation/actual/20230711-113845/memmert-hama3-iv 
 --- 
1689076143 | Tue 11 Jul 13:49:03 CEST 2023 
 --- 
 --- starting IV setup: /au/measure/2023-characterisation/run-iv-setup.sh run-memmert-hama3-setup
 --- waiting for processes to complete 
 --- 
 --- COMPLETED: /home/eic/DATA/2023-characterisation/actual/20230711-113845/memmert-hama3-iv 
 --- 
1689081022 | Tue 11 Jul 15:10:22 CEST 2023 
 --- 
 --- go back to 20 C: /au/memmert/memmert_back_to_plus_20.sh 
 --- 
 --- DONE: /home/eic/DATA/2023-characterisation/actual/20230711-113845/memmert-hama3-iv 
 --- 
1689082050 | Tue 11 Jul 15:27:30 CEST 2023 
 --- 
