 --- 
 --- START: /home/eic/DATA/2023-characterisation/actual/20230710-131943/memmert-hama3-dcr 
 --- 
1688987983 | Mon 10 Jul 13:19:43 CEST 2023 
 --- 
 --- go to -30 C: /au/memmert/memmert_go_to_minus_30.sh 
 --- 
 --- SCAN: /home/eic/DATA/2023-characterisation/actual/20230710-131943/memmert-hama3-dcr 
 --- 
1688996710 | Mon 10 Jul 15:45:10 CEST 2023 
 --- 
 --- starting DCR setup: /au/measure/2023-characterisation/run-dcr-setup.sh run-memmert-hama3-setup
 --- waiting for processes to complete 
 --- 
 --- COMPLETED: /home/eic/DATA/2023-characterisation/actual/20230710-131943/memmert-hama3-dcr 
 --- 
1688999984 | Mon 10 Jul 16:39:44 CEST 2023 
 --- 
 --- go back to 20 C: /au/memmert/memmert_back_to_plus_20.sh 
 --- 
 --- DONE: /home/eic/DATA/2023-characterisation/actual/20230710-131943/memmert-hama3-dcr 
 --- 
1689000915 | Mon 10 Jul 16:55:15 CEST 2023 
 --- 
