 --- 
 --- START: /home/eic/DATA/2023-characterisation/actual/20230731-100542/memmert-hama3-iv 
 --- 
1690790742 | Mon 31 Jul 10:05:42 CEST 2023 
 --- 
 --- go to -30 C: /au/memmert/memmert_go_to_minus_30.sh 
 --- 
 --- SCAN: /home/eic/DATA/2023-characterisation/actual/20230731-100542/memmert-hama3-iv 
 --- 
1690798103 | Mon 31 Jul 12:08:23 CEST 2023 
 --- 
 --- starting IV setup: /au/measure/2023-characterisation/run-iv-setup.sh run-memmert-hama3-setup
 --- waiting for processes to complete 
 --- 
 --- COMPLETED: /home/eic/DATA/2023-characterisation/actual/20230731-100542/memmert-hama3-iv 
 --- 
1690803318 | Mon 31 Jul 13:35:18 CEST 2023 
 --- 
 --- go back to 20 C: /au/memmert/memmert_back_to_plus_20.sh 
 --- 
 --- DONE: /home/eic/DATA/2023-characterisation/actual/20230731-100542/memmert-hama3-iv 
 --- 
1690804232 | Mon 31 Jul 13:50:32 CEST 2023 
 --- 
