 --- setting mode: 1
 --- response: OK
 --- mode set value: 1
 --- setting temperature: 25.0
 --- response: OK
 --- temperature set value: 25.0
 --- setting fan: A
 --- response: OK
 --- fan set value: A
 --- setting fan: A
 --- response: OK
 --- fan set value: A
 --- memmert did not reach RH = 5.0 %
 --- memmert did not reach RH = 5.0 %
 --- memmert did not reach RH = 5.0 %
 --- memmert did not reach RH = 5.0 %
 --- memmert did not reach RH = 5.0 %
 --- memmert did not reach RH = 5.0 %
 --- memmert did not reach RH = 5.0 %
 --- memmert did not reach RH = 5.0 %
 --- memmert did not reach RH = 5.0 %
 --- memmert did not reach RH = 5.0 %
 --- memmert did not reach RH = 5.0 %
 --- memmert did not reach RH = 5.0 %
 --- memmert did not reach RH = 5.0 %
 --- memmert did not reach RH = 5.0 %
 --- memmert did not reach RH = 5.0 %
 --- memmert did not reach RH = 5.0 %
 --- memmert did not reach RH = 5.0 %
 --- memmert did not reach RH = 5.0 %
 --- memmert did not reach RH = 5.0 %
 --- memmert did not reach RH = 5.0 %
 --- memmert did not reach RH = 5.0 %
 --- memmert did not reach RH = 5.0 %
 --- memmert did not reach RH = 5.0 %
 --- memmert did not reach RH = 5.0 %
 --- memmert did not reach RH = 5.0 %
 --- memmert did not reach RH = 5.0 %
 --- memmert did not reach RH = 5.0 %
 --- memmert did not reach RH = 5.0 %
 --- memmert did not reach RH = 5.0 %
 --- memmert did not reach RH = 5.0 %
 --- memmert did not reach RH = 5.0 %
 --- memmert did not reach RH = 5.0 %
 --- memmert reached RH = 5.0 %
 --- wait 10 minutes to make sure RH is really low
 --- setting temperature: -30.0
 --- response: OK
 --- temperature set value: -30.0
 target_temperature = -30.0  current_temperature = 25.0  delta_temperature = 55.0  elapsed_time =  0
 target_temperature = -30.0  current_temperature = 25.0  delta_temperature = 55.0  elapsed_time =  0
 target_temperature = -30.0  current_temperature = 25.0  delta_temperature = 55.0  elapsed_time =  0
 target_temperature = -30.0  current_temperature = 25.0  delta_temperature = 55.0  elapsed_time =  0
 target_temperature = -30.0  current_temperature = 24.9  delta_temperature = 54.9  elapsed_time =  0
 target_temperature = -30.0  current_temperature = 24.8  delta_temperature = 54.8  elapsed_time =  0
 target_temperature = -30.0  current_temperature = 24.5  delta_temperature = 54.5  elapsed_time =  0
 target_temperature = -30.0  current_temperature = 24.1  delta_temperature = 54.1  elapsed_time =  0
 target_temperature = -30.0  current_temperature = 23.7  delta_temperature = 53.7  elapsed_time =  0
 target_temperature = -30.0  current_temperature = 23.5  delta_temperature = 53.5  elapsed_time =  0
 target_temperature = -30.0  current_temperature = 23.0  delta_temperature = 53.0  elapsed_time =  0
 target_temperature = -30.0  current_temperature = 22.8  delta_temperature = 52.8  elapsed_time =  0
 target_temperature = -30.0  current_temperature = 22.3  delta_temperature = 52.3  elapsed_time =  0
 target_temperature = -30.0  current_temperature = 22.0  delta_temperature = 52.0  elapsed_time =  0
 target_temperature = -30.0  current_temperature = 21.8  delta_temperature = 51.8  elapsed_time =  0
 target_temperature = -30.0  current_temperature = 21.3  delta_temperature = 51.3  elapsed_time =  0
 target_temperature = -30.0  current_temperature = 21.2  delta_temperature = 51.2  elapsed_time =  0
 target_temperature = -30.0  current_temperature = 21.0  delta_temperature = 51.0  elapsed_time =  0
 target_temperature = -30.0  current_temperature = 20.5  delta_temperature = 50.5  elapsed_time =  0
 target_temperature = -30.0  current_temperature = 20.4  delta_temperature = 50.4  elapsed_time =  0
 target_temperature = -30.0  current_temperature = 20.0  delta_temperature = 50.0  elapsed_time =  0
 target_temperature = -30.0  current_temperature = 20.0  delta_temperature = 50.0  elapsed_time =  0
 target_temperature = -30.0  current_temperature = 19.8  delta_temperature = 49.8  elapsed_time =  0
 target_temperature = -30.0  current_temperature = 19.7  delta_temperature = 49.7  elapsed_time =  0
 target_temperature = -30.0  current_temperature = 19.6  delta_temperature = 49.6  elapsed_time =  0
 target_temperature = -30.0  current_temperature = 19.2  delta_temperature = 49.2  elapsed_time =  0
 target_temperature = -30.0  current_temperature = 19.1  delta_temperature = 49.1  elapsed_time =  0
 target_temperature = -30.0  current_temperature = 18.8  delta_temperature = 48.8  elapsed_time =  0
 target_temperature = -30.0  current_temperature = 18.5  delta_temperature = 48.5  elapsed_time =  0
 target_temperature = -30.0  current_temperature = 18.1  delta_temperature = 48.1  elapsed_time =  0
 target_temperature = -30.0  current_temperature = 18.0  delta_temperature = 48.0  elapsed_time =  0
 target_temperature = -30.0  current_temperature = 17.8  delta_temperature = 47.8  elapsed_time =  0
 target_temperature = -30.0  current_temperature = 17.2  delta_temperature = 47.2  elapsed_time =  0
 target_temperature = -30.0  current_temperature = 17.0  delta_temperature = 47.0  elapsed_time =  0
 target_temperature = -30.0  current_temperature = 16.7  delta_temperature = 46.7  elapsed_time =  0
 target_temperature = -30.0  current_temperature = 16.4  delta_temperature = 46.4  elapsed_time =  0
 target_temperature = -30.0  current_temperature = 16.2  delta_temperature = 46.2  elapsed_time =  0
 target_temperature = -30.0  current_temperature = 15.8  delta_temperature = 45.8  elapsed_time =  0
 target_temperature = -30.0  current_temperature = 15.6  delta_temperature = 45.6  elapsed_time =  0
 target_temperature = -30.0  current_temperature = 15.2  delta_temperature = 45.2  elapsed_time =  0
 target_temperature = -30.0  current_temperature = 14.9  delta_temperature = 44.9  elapsed_time =  0
 target_temperature = -30.0  current_temperature = 14.7  delta_temperature = 44.7  elapsed_time =  0
 target_temperature = -30.0  current_temperature = 14.5  delta_temperature = 44.5  elapsed_time =  0
 target_temperature = -30.0  current_temperature = 14.2  delta_temperature = 44.2  elapsed_time =  0
 target_temperature = -30.0  current_temperature = 14.1  delta_temperature = 44.1  elapsed_time =  0
 target_temperature = -30.0  current_temperature = 13.6  delta_temperature = 43.6  elapsed_time =  0
 target_temperature = -30.0  current_temperature = 13.4  delta_temperature = 43.4  elapsed_time =  0
 target_temperature = -30.0  current_temperature = 13.1  delta_temperature = 43.1  elapsed_time =  0
 target_temperature = -30.0  current_temperature = 12.9  delta_temperature = 42.9  elapsed_time =  0
 target_temperature = -30.0  current_temperature = 12.8  delta_temperature = 42.8  elapsed_time =  0
 target_temperature = -30.0  current_temperature = 12.3  delta_temperature = 42.3  elapsed_time =  0
 target_temperature = -30.0  current_temperature = 12.3  delta_temperature = 42.3  elapsed_time =  0
 target_temperature = -30.0  current_temperature = 12.2  delta_temperature = 42.2  elapsed_time =  0
 target_temperature = -30.0  current_temperature = 11.9  delta_temperature = 41.9  elapsed_time =  0
 target_temperature = -30.0  current_temperature = 11.8  delta_temperature = 41.8  elapsed_time =  0
 target_temperature = -30.0  current_temperature = 11.8  delta_temperature = 41.8  elapsed_time =  0
 target_temperature = -30.0  current_temperature = 11.6  delta_temperature = 41.6  elapsed_time =  0
 target_temperature = -30.0  current_temperature = 11.6  delta_temperature = 41.6  elapsed_time =  0
 target_temperature = -30.0  current_temperature = 11.4  delta_temperature = 41.4  elapsed_time =  0
 target_temperature = -30.0  current_temperature = 11.3  delta_temperature = 41.3  elapsed_time =  0
 target_temperature = -30.0  current_temperature = 11.3  delta_temperature = 41.3  elapsed_time =  0
 target_temperature = -30.0  current_temperature = 11.1  delta_temperature = 41.1  elapsed_time =  0
 target_temperature = -30.0  current_temperature = 11.0  delta_temperature = 41.0  elapsed_time =  0
 target_temperature = -30.0  current_temperature = 10.9  delta_temperature = 40.9  elapsed_time =  0
 target_temperature = -30.0  current_temperature = 10.8  delta_temperature = 40.8  elapsed_time =  0
 target_temperature = -30.0  current_temperature = 10.5  delta_temperature = 40.5  elapsed_time =  0
 target_temperature = -30.0  current_temperature = 10.2  delta_temperature = 40.2  elapsed_time =  0
 target_temperature = -30.0  current_temperature = 10.1  delta_temperature = 40.1  elapsed_time =  0
 target_temperature = -30.0  current_temperature = 10.0  delta_temperature = 40.0  elapsed_time =  0
 target_temperature = -30.0  current_temperature = 9.7  delta_temperature = 39.7  elapsed_time =  0
 target_temperature = -30.0  current_temperature = 9.7  delta_temperature = 39.7  elapsed_time =  0
 target_temperature = -30.0  current_temperature = 9.0  delta_temperature = 39.0  elapsed_time =  0
 target_temperature = -30.0  current_temperature = 9.0  delta_temperature = 39.0  elapsed_time =  0
 target_temperature = -30.0  current_temperature = 8.7  delta_temperature = 38.7  elapsed_time =  0
 target_temperature = -30.0  current_temperature = 8.5  delta_temperature = 38.5  elapsed_time =  0
 target_temperature = -30.0  current_temperature = 8.2  delta_temperature = 38.2  elapsed_time =  0
 target_temperature = -30.0  current_temperature = 7.9  delta_temperature = 37.9  elapsed_time =  0
 target_temperature = -30.0  current_temperature = 7.9  delta_temperature = 37.9  elapsed_time =  0
 target_temperature = -30.0  current_temperature = 7.5  delta_temperature = 37.5  elapsed_time =  0
 target_temperature = -30.0  current_temperature = 7.4  delta_temperature = 37.4  elapsed_time =  0
 target_temperature = -30.0  current_temperature = 7.0  delta_temperature = 37.0  elapsed_time =  0
 target_temperature = -30.0  current_temperature = 7.0  delta_temperature = 37.0  elapsed_time =  0
 target_temperature = -30.0  current_temperature = 6.8  delta_temperature = 36.8  elapsed_time =  0
 target_temperature = -30.0  current_temperature = 6.6  delta_temperature = 36.6  elapsed_time =  0
 target_temperature = -30.0  current_temperature = 6.5  delta_temperature = 36.5  elapsed_time =  0
 target_temperature = -30.0  current_temperature = 6.1  delta_temperature = 36.1  elapsed_time =  0
 target_temperature = -30.0  current_temperature = 6.0  delta_temperature = 36.0  elapsed_time =  0
 target_temperature = -30.0  current_temperature = 5.9  delta_temperature = 35.9  elapsed_time =  0
 target_temperature = -30.0  current_temperature = 5.7  delta_temperature = 35.7  elapsed_time =  0
 target_temperature = -30.0  current_temperature = 5.7  delta_temperature = 35.7  elapsed_time =  0
 target_temperature = -30.0  current_temperature = 5.2  delta_temperature = 35.2  elapsed_time =  0
 target_temperature = -30.0  current_temperature = 5.2  delta_temperature = 35.2  elapsed_time =  0
 target_temperature = -30.0  current_temperature = 5.2  delta_temperature = 35.2  elapsed_time =  0
 target_temperature = -30.0  current_temperature = 5.0  delta_temperature = 35.0  elapsed_time =  0
 target_temperature = -30.0  current_temperature = 5.0  delta_temperature = 35.0  elapsed_time =  0
 target_temperature = -30.0  current_temperature = 4.6  delta_temperature = 34.6  elapsed_time =  0
 target_temperature = -30.0  current_temperature = 4.5  delta_temperature = 34.5  elapsed_time =  0
 target_temperature = -30.0  current_temperature = 4.3  delta_temperature = 34.3  elapsed_time =  0
 target_temperature = -30.0  current_temperature = 4.1  delta_temperature = 34.1  elapsed_time =  0
 target_temperature = -30.0  current_temperature = 4.0  delta_temperature = 34.0  elapsed_time =  0
 target_temperature = -30.0  current_temperature = 3.8  delta_temperature = 33.8  elapsed_time =  0
 target_temperature = -30.0  current_temperature = 3.5  delta_temperature = 33.5  elapsed_time =  0
 target_temperature = -30.0  current_temperature = 3.4  delta_temperature = 33.4  elapsed_time =  0
 target_temperature = -30.0  current_temperature = 3.2  delta_temperature = 33.2  elapsed_time =  0
 target_temperature = -30.0  current_temperature = 3.2  delta_temperature = 33.2  elapsed_time =  0
 target_temperature = -30.0  current_temperature = 2.8  delta_temperature = 32.8  elapsed_time =  0
 target_temperature = -30.0  current_temperature = 2.6  delta_temperature = 32.6  elapsed_time =  0
 target_temperature = -30.0  current_temperature = 2.6  delta_temperature = 32.6  elapsed_time =  0
 target_temperature = -30.0  current_temperature = 2.4  delta_temperature = 32.4  elapsed_time =  0
 target_temperature = -30.0  current_temperature = 2.4  delta_temperature = 32.4  elapsed_time =  0
 target_temperature = -30.0  current_temperature = 2.4  delta_temperature = 32.4  elapsed_time =  0
 target_temperature = -30.0  current_temperature = 2.0  delta_temperature = 32.0  elapsed_time =  0
 target_temperature = -30.0  current_temperature = 2.0  delta_temperature = 32.0  elapsed_time =  0
 target_temperature = -30.0  current_temperature = 1.8  delta_temperature = 31.8  elapsed_time =  0
 target_temperature = -30.0  current_temperature = 1.6  delta_temperature = 31.6  elapsed_time =  0
 target_temperature = -30.0  current_temperature = 1.6  delta_temperature = 31.6  elapsed_time =  0
 target_temperature = -30.0  current_temperature = 1.3  delta_temperature = 31.3  elapsed_time =  0
 target_temperature = -30.0  current_temperature = 1.3  delta_temperature = 31.3  elapsed_time =  0
 target_temperature = -30.0  current_temperature = 1.2  delta_temperature = 31.2  elapsed_time =  0
 target_temperature = -30.0  current_temperature = 1.0  delta_temperature = 31.0  elapsed_time =  0
 target_temperature = -30.0  current_temperature = 0.9  delta_temperature = 30.9  elapsed_time =  0
 target_temperature = -30.0  current_temperature = 0.8  delta_temperature = 30.8  elapsed_time =  0
 target_temperature = -30.0  current_temperature = 0.5  delta_temperature = 30.5  elapsed_time =  0
 target_temperature = -30.0  current_temperature = 0.4  delta_temperature = 30.4  elapsed_time =  0
 target_temperature = -30.0  current_temperature = 0.4  delta_temperature = 30.4  elapsed_time =  0
 target_temperature = -30.0  current_temperature = 0.4  delta_temperature = 30.4  elapsed_time =  0
 target_temperature = -30.0  current_temperature = 0.1  delta_temperature = 30.1  elapsed_time =  0
 target_temperature = -30.0  current_temperature = 0.0  delta_temperature = 30.0  elapsed_time =  0
 target_temperature = -30.0  current_temperature = -0.2  delta_temperature = 29.8  elapsed_time =  0
 target_temperature = -30.0  current_temperature = -0.3  delta_temperature = 29.7  elapsed_time =  0
 target_temperature = -30.0  current_temperature = -0.3  delta_temperature = 29.7  elapsed_time =  0
 target_temperature = -30.0  current_temperature = -0.6  delta_temperature = 29.4  elapsed_time =  0
 target_temperature = -30.0  current_temperature = -0.7  delta_temperature = 29.3  elapsed_time =  0
 target_temperature = -30.0  current_temperature = -0.8  delta_temperature = 29.2  elapsed_time =  0
 target_temperature = -30.0  current_temperature = -1.1  delta_temperature = 28.9  elapsed_time =  0
 target_temperature = -30.0  current_temperature = -1.2  delta_temperature = 28.8  elapsed_time =  0
 target_temperature = -30.0  current_temperature = -1.5  delta_temperature = 28.5  elapsed_time =  0
 target_temperature = -30.0  current_temperature = -1.5  delta_temperature = 28.5  elapsed_time =  0
 target_temperature = -30.0  current_temperature = -1.8  delta_temperature = 28.2  elapsed_time =  0
 target_temperature = -30.0  current_temperature = -2.0  delta_temperature = 28.0  elapsed_time =  0
 target_temperature = -30.0  current_temperature = -2.1  delta_temperature = 27.9  elapsed_time =  0
 target_temperature = -30.0  current_temperature = -2.2  delta_temperature = 27.8  elapsed_time =  0
 target_temperature = -30.0  current_temperature = -2.2  delta_temperature = 27.8  elapsed_time =  0
 target_temperature = -30.0  current_temperature = -2.3  delta_temperature = 27.7  elapsed_time =  0
 target_temperature = -30.0  current_temperature = -2.4  delta_temperature = 27.6  elapsed_time =  0
 target_temperature = -30.0  current_temperature = -2.7  delta_temperature = 27.3  elapsed_time =  0
 target_temperature = -30.0  current_temperature = -2.8  delta_temperature = 27.2  elapsed_time =  0
 target_temperature = -30.0  current_temperature = -2.8  delta_temperature = 27.2  elapsed_time =  0
 target_temperature = -30.0  current_temperature = -3.1  delta_temperature = 26.9  elapsed_time =  0
 target_temperature = -30.0  current_temperature = -3.2  delta_temperature = 26.8  elapsed_time =  0
 target_temperature = -30.0  current_temperature = -3.4  delta_temperature = 26.6  elapsed_time =  0
 target_temperature = -30.0  current_temperature = -3.4  delta_temperature = 26.6  elapsed_time =  0
 target_temperature = -30.0  current_temperature = -3.5  delta_temperature = 26.5  elapsed_time =  0
 target_temperature = -30.0  current_temperature = -3.5  delta_temperature = 26.5  elapsed_time =  0
 target_temperature = -30.0  current_temperature = -3.8  delta_temperature = 26.2  elapsed_time =  0
 target_temperature = -30.0  current_temperature = -3.9  delta_temperature = 26.1  elapsed_time =  0
 target_temperature = -30.0  current_temperature = -4.0  delta_temperature = 26.0  elapsed_time =  0
 target_temperature = -30.0  current_temperature = -4.0  delta_temperature = 26.0  elapsed_time =  0
 target_temperature = -30.0  current_temperature = -4.0  delta_temperature = 26.0  elapsed_time =  0
 target_temperature = -30.0  current_temperature = -4.4  delta_temperature = 25.6  elapsed_time =  0
 target_temperature = -30.0  current_temperature = -4.4  delta_temperature = 25.6  elapsed_time =  0
 target_temperature = -30.0  current_temperature = -4.6  delta_temperature = 25.4  elapsed_time =  0
 target_temperature = -30.0  current_temperature = -4.7  delta_temperature = 25.3  elapsed_time =  0
 target_temperature = -30.0  current_temperature = -4.7  delta_temperature = 25.3  elapsed_time =  0
 target_temperature = -30.0  current_temperature = -4.9  delta_temperature = 25.1  elapsed_time =  0
 target_temperature = -30.0  current_temperature = -5.1  delta_temperature = 24.9  elapsed_time =  0
 target_temperature = -30.0  current_temperature = -5.1  delta_temperature = 24.9  elapsed_time =  0
 target_temperature = -30.0  current_temperature = -5.3  delta_temperature = 24.7  elapsed_time =  0
 target_temperature = -30.0  current_temperature = -5.3  delta_temperature = 24.7  elapsed_time =  0
 target_temperature = -30.0  current_temperature = -5.5  delta_temperature = 24.5  elapsed_time =  0
 target_temperature = -30.0  current_temperature = -5.7  delta_temperature = 24.3  elapsed_time =  0
 target_temperature = -30.0  current_temperature = -5.7  delta_temperature = 24.3  elapsed_time =  0
 target_temperature = -30.0  current_temperature = -5.8  delta_temperature = 24.2  elapsed_time =  0
 target_temperature = -30.0  current_temperature = -5.8  delta_temperature = 24.2  elapsed_time =  0
 target_temperature = -30.0  current_temperature = -5.9  delta_temperature = 24.1  elapsed_time =  0
 target_temperature = -30.0  current_temperature = -6.2  delta_temperature = 23.8  elapsed_time =  0
 target_temperature = -30.0  current_temperature = -6.2  delta_temperature = 23.8  elapsed_time =  0
 target_temperature = -30.0  current_temperature = -6.2  delta_temperature = 23.8  elapsed_time =  0
 target_temperature = -30.0  current_temperature = -6.3  delta_temperature = 23.7  elapsed_time =  0
 target_temperature = -30.0  current_temperature = -6.3  delta_temperature = 23.7  elapsed_time =  0
 target_temperature = -30.0  current_temperature = -6.6  delta_temperature = 23.4  elapsed_time =  0
 target_temperature = -30.0  current_temperature = -6.7  delta_temperature = 23.3  elapsed_time =  0
 target_temperature = -30.0  current_temperature = -6.7  delta_temperature = 23.3  elapsed_time =  0
 target_temperature = -30.0  current_temperature = -6.8  delta_temperature = 23.2  elapsed_time =  0
 target_temperature = -30.0  current_temperature = -6.8  delta_temperature = 23.2  elapsed_time =  0
 target_temperature = -30.0  current_temperature = -6.8  delta_temperature = 23.2  elapsed_time =  0
 target_temperature = -30.0  current_temperature = -7.1  delta_temperature = 22.9  elapsed_time =  0
 target_temperature = -30.0  current_temperature = -7.1  delta_temperature = 22.9  elapsed_time =  0
 target_temperature = -30.0  current_temperature = -7.1  delta_temperature = 22.9  elapsed_time =  0
 target_temperature = -30.0  current_temperature = -7.2  delta_temperature = 22.8  elapsed_time =  0
 target_temperature = -30.0  current_temperature = -7.3  delta_temperature = 22.7  elapsed_time =  0
 target_temperature = -30.0  current_temperature = -7.4  delta_temperature = 22.6  elapsed_time =  0
 target_temperature = -30.0  current_temperature = -7.4  delta_temperature = 22.6  elapsed_time =  0
 target_temperature = -30.0  current_temperature = -7.4  delta_temperature = 22.6  elapsed_time =  0
 target_temperature = -30.0  current_temperature = -7.6  delta_temperature = 22.4  elapsed_time =  0
 target_temperature = -30.0  current_temperature = -7.7  delta_temperature = 22.3  elapsed_time =  0
 target_temperature = -30.0  current_temperature = -7.7  delta_temperature = 22.3  elapsed_time =  0
 target_temperature = -30.0  current_temperature = -8.0  delta_temperature = 22.0  elapsed_time =  0
 target_temperature = -30.0  current_temperature = -8.0  delta_temperature = 22.0  elapsed_time =  0
 target_temperature = -30.0  current_temperature = -8.2  delta_temperature = 21.8  elapsed_time =  0
 target_temperature = -30.0  current_temperature = -8.2  delta_temperature = 21.8  elapsed_time =  0
 target_temperature = -30.0  current_temperature = -8.5  delta_temperature = 21.5  elapsed_time =  0
 target_temperature = -30.0  current_temperature = -8.6  delta_temperature = 21.4  elapsed_time =  0
 target_temperature = -30.0  current_temperature = -8.6  delta_temperature = 21.4  elapsed_time =  0
 target_temperature = -30.0  current_temperature = -8.7  delta_temperature = 21.3  elapsed_time =  0
 target_temperature = -30.0  current_temperature = -8.7  delta_temperature = 21.3  elapsed_time =  0
 target_temperature = -30.0  current_temperature = -9.0  delta_temperature = 21.0  elapsed_time =  0
 target_temperature = -30.0  current_temperature = -9.1  delta_temperature = 20.9  elapsed_time =  0
 target_temperature = -30.0  current_temperature = -9.1  delta_temperature = 20.9  elapsed_time =  0
 target_temperature = -30.0  current_temperature = -9.2  delta_temperature = 20.8  elapsed_time =  0
 target_temperature = -30.0  current_temperature = -9.4  delta_temperature = 20.6  elapsed_time =  0
 target_temperature = -30.0  current_temperature = -9.4  delta_temperature = 20.6  elapsed_time =  0
 target_temperature = -30.0  current_temperature = -9.6  delta_temperature = 20.4  elapsed_time =  0
 target_temperature = -30.0  current_temperature = -9.8  delta_temperature = 20.2  elapsed_time =  0
 target_temperature = -30.0  current_temperature = -9.8  delta_temperature = 20.2  elapsed_time =  0
 target_temperature = -30.0  current_temperature = -9.8  delta_temperature = 20.2  elapsed_time =  0
 target_temperature = -30.0  current_temperature = -9.9  delta_temperature = 20.1  elapsed_time =  0
 target_temperature = -30.0  current_temperature = -9.9  delta_temperature = 20.1  elapsed_time =  0
 target_temperature = -30.0  current_temperature = -10.2  delta_temperature = 19.8  elapsed_time =  0
 target_temperature = -30.0  current_temperature = -10.2  delta_temperature = 19.8  elapsed_time =  0
 target_temperature = -30.0  current_temperature = -10.3  delta_temperature = 19.7  elapsed_time =  0
 target_temperature = -30.0  current_temperature = -10.3  delta_temperature = 19.7  elapsed_time =  0
 target_temperature = -30.0  current_temperature = -10.4  delta_temperature = 19.6  elapsed_time =  0
 target_temperature = -30.0  current_temperature = -10.6  delta_temperature = 19.4  elapsed_time =  0
 target_temperature = -30.0  current_temperature = -10.6  delta_temperature = 19.4  elapsed_time =  0
 target_temperature = -30.0  current_temperature = -10.8  delta_temperature = 19.2  elapsed_time =  0
 target_temperature = -30.0  current_temperature = -10.8  delta_temperature = 19.2  elapsed_time =  0
 target_temperature = -30.0  current_temperature = -10.9  delta_temperature = 19.1  elapsed_time =  0
 target_temperature = -30.0  current_temperature = -11.1  delta_temperature = 18.9  elapsed_time =  0
 target_temperature = -30.0  current_temperature = -11.1  delta_temperature = 18.9  elapsed_time =  0
 target_temperature = -30.0  current_temperature = -11.2  delta_temperature = 18.8  elapsed_time =  0
 target_temperature = -30.0  current_temperature = -11.3  delta_temperature = 18.7  elapsed_time =  0
 target_temperature = -30.0  current_temperature = -11.4  delta_temperature = 18.6  elapsed_time =  0
 target_temperature = -30.0  current_temperature = -11.5  delta_temperature = 18.5  elapsed_time =  0
 target_temperature = -30.0  current_temperature = -11.5  delta_temperature = 18.5  elapsed_time =  0
 target_temperature = -30.0  current_temperature = -11.5  delta_temperature = 18.5  elapsed_time =  0
 target_temperature = -30.0  current_temperature = -11.5  delta_temperature = 18.5  elapsed_time =  0
 target_temperature = -30.0  current_temperature = -11.5  delta_temperature = 18.5  elapsed_time =  0
 target_temperature = -30.0  current_temperature = -11.6  delta_temperature = 18.4  elapsed_time =  0
 target_temperature = -30.0  current_temperature = -11.6  delta_temperature = 18.4  elapsed_time =  0
 target_temperature = -30.0  current_temperature = -11.6  delta_temperature = 18.4  elapsed_time =  0
 target_temperature = -30.0  current_temperature = -11.7  delta_temperature = 18.3  elapsed_time =  0
 target_temperature = -30.0  current_temperature = -11.7  delta_temperature = 18.3  elapsed_time =  0
 target_temperature = -30.0  current_temperature = -11.7  delta_temperature = 18.3  elapsed_time =  0
 target_temperature = -30.0  current_temperature = -11.9  delta_temperature = 18.1  elapsed_time =  0
 target_temperature = -30.0  current_temperature = -11.9  delta_temperature = 18.1  elapsed_time =  0
 target_temperature = -30.0  current_temperature = -11.9  delta_temperature = 18.1  elapsed_time =  0
 target_temperature = -30.0  current_temperature = -12.0  delta_temperature = 18.0  elapsed_time =  0
 target_temperature = -30.0  current_temperature = -12.1  delta_temperature = 17.9  elapsed_time =  0
 target_temperature = -30.0  current_temperature = -12.2  delta_temperature = 17.8  elapsed_time =  0
 target_temperature = -30.0  current_temperature = -12.3  delta_temperature = 17.7  elapsed_time =  0
 target_temperature = -30.0  current_temperature = -12.3  delta_temperature = 17.7  elapsed_time =  0
 target_temperature = -30.0  current_temperature = -12.3  delta_temperature = 17.7  elapsed_time =  0
 target_temperature = -30.0  current_temperature = -12.4  delta_temperature = 17.6  elapsed_time =  0
 target_temperature = -30.0  current_temperature = -12.4  delta_temperature = 17.6  elapsed_time =  0
 target_temperature = -30.0  current_temperature = -12.5  delta_temperature = 17.5  elapsed_time =  0
 target_temperature = -30.0  current_temperature = -12.5  delta_temperature = 17.5  elapsed_time =  0
 target_temperature = -30.0  current_temperature = -12.5  delta_temperature = 17.5  elapsed_time =  0
 target_temperature = -30.0  current_temperature = -12.6  delta_temperature = 17.4  elapsed_time =  0
 target_temperature = -30.0  current_temperature = -12.7  delta_temperature = 17.3  elapsed_time =  0
 target_temperature = -30.0  current_temperature = -12.8  delta_temperature = 17.2  elapsed_time =  0
 target_temperature = -30.0  current_temperature = -12.8  delta_temperature = 17.2  elapsed_time =  0
 target_temperature = -30.0  current_temperature = -12.8  delta_temperature = 17.2  elapsed_time =  0
 target_temperature = -30.0  current_temperature = -13.0  delta_temperature = 17.0  elapsed_time =  0
 target_temperature = -30.0  current_temperature = -13.0  delta_temperature = 17.0  elapsed_time =  0
 target_temperature = -30.0  current_temperature = -13.2  delta_temperature = 16.8  elapsed_time =  0
 target_temperature = -30.0  current_temperature = -13.3  delta_temperature = 16.7  elapsed_time =  0
 target_temperature = -30.0  current_temperature = -13.3  delta_temperature = 16.7  elapsed_time =  0
 target_temperature = -30.0  current_temperature = -13.4  delta_temperature = 16.6  elapsed_time =  0
 target_temperature = -30.0  current_temperature = -13.4  delta_temperature = 16.6  elapsed_time =  0
 target_temperature = -30.0  current_temperature = -13.7  delta_temperature = 16.3  elapsed_time =  0
 target_temperature = -30.0  current_temperature = -13.8  delta_temperature = 16.2  elapsed_time =  0
 target_temperature = -30.0  current_temperature = -13.8  delta_temperature = 16.2  elapsed_time =  0
 target_temperature = -30.0  current_temperature = -14.0  delta_temperature = 16.0  elapsed_time =  0
 target_temperature = -30.0  current_temperature = -14.0  delta_temperature = 16.0  elapsed_time =  0
 target_temperature = -30.0  current_temperature = -14.1  delta_temperature = 15.9  elapsed_time =  0
 target_temperature = -30.0  current_temperature = -14.1  delta_temperature = 15.9  elapsed_time =  0
 target_temperature = -30.0  current_temperature = -14.2  delta_temperature = 15.8  elapsed_time =  0
 target_temperature = -30.0  current_temperature = -14.2  delta_temperature = 15.8  elapsed_time =  0
 target_temperature = -30.0  current_temperature = -14.3  delta_temperature = 15.7  elapsed_time =  0
 target_temperature = -30.0  current_temperature = -14.4  delta_temperature = 15.6  elapsed_time =  0
 target_temperature = -30.0  current_temperature = -14.4  delta_temperature = 15.6  elapsed_time =  0
 target_temperature = -30.0  current_temperature = -14.5  delta_temperature = 15.5  elapsed_time =  0
 target_temperature = -30.0  current_temperature = -14.5  delta_temperature = 15.5  elapsed_time =  0
 target_temperature = -30.0  current_temperature = -14.7  delta_temperature = 15.3  elapsed_time =  0
 target_temperature = -30.0  current_temperature = -14.7  delta_temperature = 15.3  elapsed_time =  0
 target_temperature = -30.0  current_temperature = -14.7  delta_temperature = 15.3  elapsed_time =  0
 target_temperature = -30.0  current_temperature = -14.8  delta_temperature = 15.2  elapsed_time =  0
 target_temperature = -30.0  current_temperature = -14.8  delta_temperature = 15.2  elapsed_time =  0
 target_temperature = -30.0  current_temperature = -15.0  delta_temperature = 15.0  elapsed_time =  0
 target_temperature = -30.0  current_temperature = -15.0  delta_temperature = 15.0  elapsed_time =  0
 target_temperature = -30.0  current_temperature = -15.0  delta_temperature = 15.0  elapsed_time =  0
 target_temperature = -30.0  current_temperature = -15.0  delta_temperature = 15.0  elapsed_time =  0
 target_temperature = -30.0  current_temperature = -15.2  delta_temperature = 14.8  elapsed_time =  0
 target_temperature = -30.0  current_temperature = -15.2  delta_temperature = 14.8  elapsed_time =  0
 target_temperature = -30.0  current_temperature = -15.2  delta_temperature = 14.8  elapsed_time =  0
 target_temperature = -30.0  current_temperature = -15.3  delta_temperature = 14.7  elapsed_time =  0
 target_temperature = -30.0  current_temperature = -15.4  delta_temperature = 14.6  elapsed_time =  0
 target_temperature = -30.0  current_temperature = -15.4  delta_temperature = 14.6  elapsed_time =  0
 target_temperature = -30.0  current_temperature = -15.6  delta_temperature = 14.4  elapsed_time =  0
 target_temperature = -30.0  current_temperature = -15.6  delta_temperature = 14.4  elapsed_time =  0
 target_temperature = -30.0  current_temperature = -15.7  delta_temperature = 14.3  elapsed_time =  0
 target_temperature = -30.0  current_temperature = -15.8  delta_temperature = 14.2  elapsed_time =  0
 target_temperature = -30.0  current_temperature = -15.8  delta_temperature = 14.2  elapsed_time =  0
 target_temperature = -30.0  current_temperature = -16.0  delta_temperature = 14.0  elapsed_time =  0
 target_temperature = -30.0  current_temperature = -16.0  delta_temperature = 14.0  elapsed_time =  0
 target_temperature = -30.0  current_temperature = -16.1  delta_temperature = 13.899999999999999  elapsed_time =  0
 target_temperature = -30.0  current_temperature = -16.1  delta_temperature = 13.899999999999999  elapsed_time =  0
 target_temperature = -30.0  current_temperature = -16.1  delta_temperature = 13.899999999999999  elapsed_time =  0
 target_temperature = -30.0  current_temperature = -16.4  delta_temperature = 13.600000000000001  elapsed_time =  0
 target_temperature = -30.0  current_temperature = -16.4  delta_temperature = 13.600000000000001  elapsed_time =  0
 target_temperature = -30.0  current_temperature = -16.4  delta_temperature = 13.600000000000001  elapsed_time =  0
 target_temperature = -30.0  current_temperature = -16.5  delta_temperature = 13.5  elapsed_time =  0
 target_temperature = -30.0  current_temperature = -16.5  delta_temperature = 13.5  elapsed_time =  0
 target_temperature = -30.0  current_temperature = -16.5  delta_temperature = 13.5  elapsed_time =  0
 target_temperature = -30.0  current_temperature = -16.6  delta_temperature = 13.399999999999999  elapsed_time =  0
 target_temperature = -30.0  current_temperature = -16.6  delta_temperature = 13.399999999999999  elapsed_time =  0
 target_temperature = -30.0  current_temperature = -16.7  delta_temperature = 13.3  elapsed_time =  0
 target_temperature = -30.0  current_temperature = -16.6  delta_temperature = 13.399999999999999  elapsed_time =  0
 target_temperature = -30.0  current_temperature = -16.8  delta_temperature = 13.2  elapsed_time =  0
 target_temperature = -30.0  current_temperature = -16.9  delta_temperature = 13.100000000000001  elapsed_time =  0
 target_temperature = -30.0  current_temperature = -16.9  delta_temperature = 13.100000000000001  elapsed_time =  0
 target_temperature = -30.0  current_temperature = -17.0  delta_temperature = 13.0  elapsed_time =  0
 target_temperature = -30.0  current_temperature = -17.0  delta_temperature = 13.0  elapsed_time =  0
 target_temperature = -30.0  current_temperature = -17.0  delta_temperature = 13.0  elapsed_time =  0
 target_temperature = -30.0  current_temperature = -17.1  delta_temperature = 12.899999999999999  elapsed_time =  0
 target_temperature = -30.0  current_temperature = -17.1  delta_temperature = 12.899999999999999  elapsed_time =  0
 target_temperature = -30.0  current_temperature = -17.2  delta_temperature = 12.8  elapsed_time =  0
 target_temperature = -30.0  current_temperature = -17.2  delta_temperature = 12.8  elapsed_time =  0
 target_temperature = -30.0  current_temperature = -17.4  delta_temperature = 12.600000000000001  elapsed_time =  0
 target_temperature = -30.0  current_temperature = -17.4  delta_temperature = 12.600000000000001  elapsed_time =  0
 target_temperature = -30.0  current_temperature = -17.4  delta_temperature = 12.600000000000001  elapsed_time =  0
 target_temperature = -30.0  current_temperature = -17.4  delta_temperature = 12.600000000000001  elapsed_time =  0
 target_temperature = -30.0  current_temperature = -17.5  delta_temperature = 12.5  elapsed_time =  0
 target_temperature = -30.0  current_temperature = -17.5  delta_temperature = 12.5  elapsed_time =  0
 target_temperature = -30.0  current_temperature = -17.6  delta_temperature = 12.399999999999999  elapsed_time =  0
 target_temperature = -30.0  current_temperature = -17.6  delta_temperature = 12.399999999999999  elapsed_time =  0
 target_temperature = -30.0  current_temperature = -17.7  delta_temperature = 12.3  elapsed_time =  0
 target_temperature = -30.0  current_temperature = -17.8  delta_temperature = 12.2  elapsed_time =  0
 target_temperature = -30.0  current_temperature = -17.9  delta_temperature = 12.100000000000001  elapsed_time =  0
 target_temperature = -30.0  current_temperature = -18.0  delta_temperature = 12.0  elapsed_time =  0
 target_temperature = -30.0  current_temperature = -18.0  delta_temperature = 12.0  elapsed_time =  0
 target_temperature = -30.0  current_temperature = -18.0  delta_temperature = 12.0  elapsed_time =  0
 target_temperature = -30.0  current_temperature = -18.1  delta_temperature = 11.899999999999999  elapsed_time =  0
 target_temperature = -30.0  current_temperature = -18.1  delta_temperature = 11.899999999999999  elapsed_time =  0
 target_temperature = -30.0  current_temperature = -18.4  delta_temperature = 11.600000000000001  elapsed_time =  0
 target_temperature = -30.0  current_temperature = -18.4  delta_temperature = 11.600000000000001  elapsed_time =  0
 target_temperature = -30.0  current_temperature = -18.4  delta_temperature = 11.600000000000001  elapsed_time =  0
 target_temperature = -30.0  current_temperature = -18.4  delta_temperature = 11.600000000000001  elapsed_time =  0
 target_temperature = -30.0  current_temperature = -18.5  delta_temperature = 11.5  elapsed_time =  0
 target_temperature = -30.0  current_temperature = -18.5  delta_temperature = 11.5  elapsed_time =  0
 target_temperature = -30.0  current_temperature = -18.6  delta_temperature = 11.399999999999999  elapsed_time =  0
 target_temperature = -30.0  current_temperature = -18.6  delta_temperature = 11.399999999999999  elapsed_time =  0
 target_temperature = -30.0  current_temperature = -18.6  delta_temperature = 11.399999999999999  elapsed_time =  0
 target_temperature = -30.0  current_temperature = -18.6  delta_temperature = 11.399999999999999  elapsed_time =  0
 target_temperature = -30.0  current_temperature = -18.8  delta_temperature = 11.2  elapsed_time =  0
 target_temperature = -30.0  current_temperature = -18.9  delta_temperature = 11.100000000000001  elapsed_time =  0
 target_temperature = -30.0  current_temperature = -18.9  delta_temperature = 11.100000000000001  elapsed_time =  0
 target_temperature = -30.0  current_temperature = -18.9  delta_temperature = 11.100000000000001  elapsed_time =  0
 target_temperature = -30.0  current_temperature = -18.9  delta_temperature = 11.100000000000001  elapsed_time =  0
 target_temperature = -30.0  current_temperature = -19.1  delta_temperature = 10.899999999999999  elapsed_time =  0
 target_temperature = -30.0  current_temperature = -19.1  delta_temperature = 10.899999999999999  elapsed_time =  0
 target_temperature = -30.0  current_temperature = -19.1  delta_temperature = 10.899999999999999  elapsed_time =  0
 target_temperature = -30.0  current_temperature = -19.1  delta_temperature = 10.899999999999999  elapsed_time =  0
 target_temperature = -30.0  current_temperature = -19.1  delta_temperature = 10.899999999999999  elapsed_time =  0
 target_temperature = -30.0  current_temperature = -19.3  delta_temperature = 10.7  elapsed_time =  0
 target_temperature = -30.0  current_temperature = -19.4  delta_temperature = 10.600000000000001  elapsed_time =  0
 target_temperature = -30.0  current_temperature = -19.4  delta_temperature = 10.600000000000001  elapsed_time =  0
 target_temperature = -30.0  current_temperature = -19.4  delta_temperature = 10.600000000000001  elapsed_time =  0
 target_temperature = -30.0  current_temperature = -19.5  delta_temperature = 10.5  elapsed_time =  0
 target_temperature = -30.0  current_temperature = -19.5  delta_temperature = 10.5  elapsed_time =  0
 target_temperature = -30.0  current_temperature = -19.6  delta_temperature = 10.399999999999999  elapsed_time =  0
 target_temperature = -30.0  current_temperature = -19.6  delta_temperature = 10.399999999999999  elapsed_time =  0
 target_temperature = -30.0  current_temperature = -19.8  delta_temperature = 10.2  elapsed_time =  0
 target_temperature = -30.0  current_temperature = -19.9  delta_temperature = 10.100000000000001  elapsed_time =  0
 target_temperature = -30.0  current_temperature = -19.9  delta_temperature = 10.100000000000001  elapsed_time =  0
 target_temperature = -30.0  current_temperature = -20.0  delta_temperature = 10.0  elapsed_time =  0
 target_temperature = -30.0  current_temperature = -20.0  delta_temperature = 10.0  elapsed_time =  0
 target_temperature = -30.0  current_temperature = -20.2  delta_temperature = 9.8  elapsed_time =  0
 target_temperature = -30.0  current_temperature = -20.2  delta_temperature = 9.8  elapsed_time =  0
 target_temperature = -30.0  current_temperature = -20.2  delta_temperature = 9.8  elapsed_time =  0
 target_temperature = -30.0  current_temperature = -20.2  delta_temperature = 9.8  elapsed_time =  0
 target_temperature = -30.0  current_temperature = -20.2  delta_temperature = 9.8  elapsed_time =  0
 target_temperature = -30.0  current_temperature = -20.4  delta_temperature = 9.600000000000001  elapsed_time =  0
 target_temperature = -30.0  current_temperature = -20.4  delta_temperature = 9.600000000000001  elapsed_time =  0
 target_temperature = -30.0  current_temperature = -20.4  delta_temperature = 9.600000000000001  elapsed_time =  0
 target_temperature = -30.0  current_temperature = -20.5  delta_temperature = 9.5  elapsed_time =  0
 target_temperature = -30.0  current_temperature = -20.5  delta_temperature = 9.5  elapsed_time =  0
 target_temperature = -30.0  current_temperature = -20.5  delta_temperature = 9.5  elapsed_time =  0
 target_temperature = -30.0  current_temperature = -20.6  delta_temperature = 9.399999999999999  elapsed_time =  0
 target_temperature = -30.0  current_temperature = -20.6  delta_temperature = 9.399999999999999  elapsed_time =  0
 target_temperature = -30.0  current_temperature = -20.6  delta_temperature = 9.399999999999999  elapsed_time =  0
 target_temperature = -30.0  current_temperature = -20.7  delta_temperature = 9.3  elapsed_time =  0
 target_temperature = -30.0  current_temperature = -20.7  delta_temperature = 9.3  elapsed_time =  0
 target_temperature = -30.0  current_temperature = -20.9  delta_temperature = 9.100000000000001  elapsed_time =  0
 target_temperature = -30.0  current_temperature = -20.9  delta_temperature = 9.100000000000001  elapsed_time =  0
 target_temperature = -30.0  current_temperature = -20.9  delta_temperature = 9.100000000000001  elapsed_time =  0
 target_temperature = -30.0  current_temperature = -20.9  delta_temperature = 9.100000000000001  elapsed_time =  0
 target_temperature = -30.0  current_temperature = -21.0  delta_temperature = 9.0  elapsed_time =  0
 target_temperature = -30.0  current_temperature = -21.0  delta_temperature = 9.0  elapsed_time =  0
 target_temperature = -30.0  current_temperature = -21.0  delta_temperature = 9.0  elapsed_time =  0
 target_temperature = -30.0  current_temperature = -21.1  delta_temperature = 8.899999999999999  elapsed_time =  0
 target_temperature = -30.0  current_temperature = -21.2  delta_temperature = 8.8  elapsed_time =  0
 target_temperature = -30.0  current_temperature = -21.2  delta_temperature = 8.8  elapsed_time =  0
 target_temperature = -30.0  current_temperature = -21.2  delta_temperature = 8.8  elapsed_time =  0
 target_temperature = -30.0  current_temperature = -21.2  delta_temperature = 8.8  elapsed_time =  0
 target_temperature = -30.0  current_temperature = -21.3  delta_temperature = 8.7  elapsed_time =  0
 target_temperature = -30.0  current_temperature = -21.3  delta_temperature = 8.7  elapsed_time =  0
 target_temperature = -30.0  current_temperature = -21.4  delta_temperature = 8.600000000000001  elapsed_time =  0
 target_temperature = -30.0  current_temperature = -21.4  delta_temperature = 8.600000000000001  elapsed_time =  0
 target_temperature = -30.0  current_temperature = -21.5  delta_temperature = 8.5  elapsed_time =  0
 target_temperature = -30.0  current_temperature = -21.5  delta_temperature = 8.5  elapsed_time =  0
 target_temperature = -30.0  current_temperature = -21.6  delta_temperature = 8.399999999999999  elapsed_time =  0
 target_temperature = -30.0  current_temperature = -21.6  delta_temperature = 8.399999999999999  elapsed_time =  0
 target_temperature = -30.0  current_temperature = -21.6  delta_temperature = 8.399999999999999  elapsed_time =  0
 target_temperature = -30.0  current_temperature = -21.7  delta_temperature = 8.3  elapsed_time =  0
 target_temperature = -30.0  current_temperature = -21.8  delta_temperature = 8.2  elapsed_time =  0
 target_temperature = -30.0  current_temperature = -21.9  delta_temperature = 8.100000000000001  elapsed_time =  0
 target_temperature = -30.0  current_temperature = -22.0  delta_temperature = 8.0  elapsed_time =  0
 target_temperature = -30.0  current_temperature = -22.0  delta_temperature = 8.0  elapsed_time =  0
 target_temperature = -30.0  current_temperature = -22.0  delta_temperature = 8.0  elapsed_time =  0
 target_temperature = -30.0  current_temperature = -22.1  delta_temperature = 7.899999999999999  elapsed_time =  0
 target_temperature = -30.0  current_temperature = -22.1  delta_temperature = 7.899999999999999  elapsed_time =  0
 target_temperature = -30.0  current_temperature = -22.2  delta_temperature = 7.800000000000001  elapsed_time =  0
 target_temperature = -30.0  current_temperature = -22.2  delta_temperature = 7.800000000000001  elapsed_time =  0
 target_temperature = -30.0  current_temperature = -22.3  delta_temperature = 7.699999999999999  elapsed_time =  0
 target_temperature = -30.0  current_temperature = -22.3  delta_temperature = 7.699999999999999  elapsed_time =  0
 target_temperature = -30.0  current_temperature = -22.4  delta_temperature = 7.600000000000001  elapsed_time =  0
 target_temperature = -30.0  current_temperature = -22.4  delta_temperature = 7.600000000000001  elapsed_time =  0
 target_temperature = -30.0  current_temperature = -22.4  delta_temperature = 7.600000000000001  elapsed_time =  0
 target_temperature = -30.0  current_temperature = -22.4  delta_temperature = 7.600000000000001  elapsed_time =  0
 target_temperature = -30.0  current_temperature = -22.4  delta_temperature = 7.600000000000001  elapsed_time =  0
 target_temperature = -30.0  current_temperature = -22.5  delta_temperature = 7.5  elapsed_time =  0
 target_temperature = -30.0  current_temperature = -22.6  delta_temperature = 7.399999999999999  elapsed_time =  0
 target_temperature = -30.0  current_temperature = -22.6  delta_temperature = 7.399999999999999  elapsed_time =  0
 target_temperature = -30.0  current_temperature = -22.6  delta_temperature = 7.399999999999999  elapsed_time =  0
 target_temperature = -30.0  current_temperature = -22.6  delta_temperature = 7.399999999999999  elapsed_time =  0
 target_temperature = -30.0  current_temperature = -22.6  delta_temperature = 7.399999999999999  elapsed_time =  0
 target_temperature = -30.0  current_temperature = -22.7  delta_temperature = 7.300000000000001  elapsed_time =  0
 target_temperature = -30.0  current_temperature = -22.7  delta_temperature = 7.300000000000001  elapsed_time =  0
 target_temperature = -30.0  current_temperature = -22.7  delta_temperature = 7.300000000000001  elapsed_time =  0
 target_temperature = -30.0  current_temperature = -22.8  delta_temperature = 7.199999999999999  elapsed_time =  0
 target_temperature = -30.0  current_temperature = -22.8  delta_temperature = 7.199999999999999  elapsed_time =  0
 target_temperature = -30.0  current_temperature = -22.8  delta_temperature = 7.199999999999999  elapsed_time =  0
 target_temperature = -30.0  current_temperature = -22.8  delta_temperature = 7.199999999999999  elapsed_time =  0
 target_temperature = -30.0  current_temperature = -22.9  delta_temperature = 7.100000000000001  elapsed_time =  0
 target_temperature = -30.0  current_temperature = -22.9  delta_temperature = 7.100000000000001  elapsed_time =  0
 target_temperature = -30.0  current_temperature = -23.0  delta_temperature = 7.0  elapsed_time =  0
 target_temperature = -30.0  current_temperature = -23.0  delta_temperature = 7.0  elapsed_time =  0
 target_temperature = -30.0  current_temperature = -23.1  delta_temperature = 6.899999999999999  elapsed_time =  0
 target_temperature = -30.0  current_temperature = -23.1  delta_temperature = 6.899999999999999  elapsed_time =  0
 target_temperature = -30.0  current_temperature = -23.2  delta_temperature = 6.800000000000001  elapsed_time =  0
 target_temperature = -30.0  current_temperature = -23.2  delta_temperature = 6.800000000000001  elapsed_time =  0
 target_temperature = -30.0  current_temperature = -23.3  delta_temperature = 6.699999999999999  elapsed_time =  0
 target_temperature = -30.0  current_temperature = -23.3  delta_temperature = 6.699999999999999  elapsed_time =  0
 target_temperature = -30.0  current_temperature = -23.4  delta_temperature = 6.600000000000001  elapsed_time =  0
 target_temperature = -30.0  current_temperature = -23.5  delta_temperature = 6.5  elapsed_time =  0
 target_temperature = -30.0  current_temperature = -23.5  delta_temperature = 6.5  elapsed_time =  0
 target_temperature = -30.0  current_temperature = -23.5  delta_temperature = 6.5  elapsed_time =  0
 target_temperature = -30.0  current_temperature = -23.5  delta_temperature = 6.5  elapsed_time =  0
 target_temperature = -30.0  current_temperature = -23.6  delta_temperature = 6.399999999999999  elapsed_time =  0
 target_temperature = -30.0  current_temperature = -23.7  delta_temperature = 6.300000000000001  elapsed_time =  0
 target_temperature = -30.0  current_temperature = -23.7  delta_temperature = 6.300000000000001  elapsed_time =  0
 target_temperature = -30.0  current_temperature = -23.7  delta_temperature = 6.300000000000001  elapsed_time =  0
 target_temperature = -30.0  current_temperature = -23.7  delta_temperature = 6.300000000000001  elapsed_time =  0
 target_temperature = -30.0  current_temperature = -23.8  delta_temperature = 6.199999999999999  elapsed_time =  0
 target_temperature = -30.0  current_temperature = -23.8  delta_temperature = 6.199999999999999  elapsed_time =  0
 target_temperature = -30.0  current_temperature = -23.8  delta_temperature = 6.199999999999999  elapsed_time =  0
 target_temperature = -30.0  current_temperature = -23.8  delta_temperature = 6.199999999999999  elapsed_time =  0
 target_temperature = -30.0  current_temperature = -23.9  delta_temperature = 6.100000000000001  elapsed_time =  0
 target_temperature = -30.0  current_temperature = -23.9  delta_temperature = 6.100000000000001  elapsed_time =  0
 target_temperature = -30.0  current_temperature = -24.0  delta_temperature = 6.0  elapsed_time =  0
 target_temperature = -30.0  current_temperature = -24.0  delta_temperature = 6.0  elapsed_time =  0
 target_temperature = -30.0  current_temperature = -24.0  delta_temperature = 6.0  elapsed_time =  0
 target_temperature = -30.0  current_temperature = -24.0  delta_temperature = 6.0  elapsed_time =  0
 target_temperature = -30.0  current_temperature = -24.0  delta_temperature = 6.0  elapsed_time =  0
 target_temperature = -30.0  current_temperature = -24.1  delta_temperature = 5.899999999999999  elapsed_time =  0
 target_temperature = -30.0  current_temperature = -24.1  delta_temperature = 5.899999999999999  elapsed_time =  0
 target_temperature = -30.0  current_temperature = -24.1  delta_temperature = 5.899999999999999  elapsed_time =  0
 target_temperature = -30.0  current_temperature = -24.1  delta_temperature = 5.899999999999999  elapsed_time =  0
 target_temperature = -30.0  current_temperature = -24.2  delta_temperature = 5.800000000000001  elapsed_time =  0
 target_temperature = -30.0  current_temperature = -24.2  delta_temperature = 5.800000000000001  elapsed_time =  0
 target_temperature = -30.0  current_temperature = -24.2  delta_temperature = 5.800000000000001  elapsed_time =  0
 target_temperature = -30.0  current_temperature = -24.2  delta_temperature = 5.800000000000001  elapsed_time =  0
 target_temperature = -30.0  current_temperature = -24.2  delta_temperature = 5.800000000000001  elapsed_time =  0
 target_temperature = -30.0  current_temperature = -24.3  delta_temperature = 5.699999999999999  elapsed_time =  0
 target_temperature = -30.0  current_temperature = -24.3  delta_temperature = 5.699999999999999  elapsed_time =  0
 target_temperature = -30.0  current_temperature = -24.3  delta_temperature = 5.699999999999999  elapsed_time =  0
 target_temperature = -30.0  current_temperature = -24.3  delta_temperature = 5.699999999999999  elapsed_time =  0
 target_temperature = -30.0  current_temperature = -24.4  delta_temperature = 5.600000000000001  elapsed_time =  0
 target_temperature = -30.0  current_temperature = -24.4  delta_temperature = 5.600000000000001  elapsed_time =  0
 target_temperature = -30.0  current_temperature = -24.5  delta_temperature = 5.5  elapsed_time =  0
 target_temperature = -30.0  current_temperature = -24.5  delta_temperature = 5.5  elapsed_time =  0
 target_temperature = -30.0  current_temperature = -24.5  delta_temperature = 5.5  elapsed_time =  0
 target_temperature = -30.0  current_temperature = -24.6  delta_temperature = 5.399999999999999  elapsed_time =  0
 target_temperature = -30.0  current_temperature = -24.6  delta_temperature = 5.399999999999999  elapsed_time =  0
 target_temperature = -30.0  current_temperature = -24.7  delta_temperature = 5.300000000000001  elapsed_time =  0
 target_temperature = -30.0  current_temperature = -24.8  delta_temperature = 5.199999999999999  elapsed_time =  0
 target_temperature = -30.0  current_temperature = -24.8  delta_temperature = 5.199999999999999  elapsed_time =  0
 target_temperature = -30.0  current_temperature = -24.8  delta_temperature = 5.199999999999999  elapsed_time =  0
 target_temperature = -30.0  current_temperature = -24.9  delta_temperature = 5.100000000000001  elapsed_time =  0
 target_temperature = -30.0  current_temperature = -25.0  delta_temperature = 5.0  elapsed_time =  0
 target_temperature = -30.0  current_temperature = -25.0  delta_temperature = 5.0  elapsed_time =  0
 target_temperature = -30.0  current_temperature = -25.0  delta_temperature = 5.0  elapsed_time =  0
 target_temperature = -30.0  current_temperature = -25.0  delta_temperature = 5.0  elapsed_time =  0
 target_temperature = -30.0  current_temperature = -25.0  delta_temperature = 5.0  elapsed_time =  0
 target_temperature = -30.0  current_temperature = -25.1  delta_temperature = 4.899999999999999  elapsed_time =  0
 target_temperature = -30.0  current_temperature = -25.2  delta_temperature = 4.800000000000001  elapsed_time =  0
 target_temperature = -30.0  current_temperature = -25.2  delta_temperature = 4.800000000000001  elapsed_time =  0
 target_temperature = -30.0  current_temperature = -25.2  delta_temperature = 4.800000000000001  elapsed_time =  0
 target_temperature = -30.0  current_temperature = -25.2  delta_temperature = 4.800000000000001  elapsed_time =  0
 target_temperature = -30.0  current_temperature = -25.4  delta_temperature = 4.600000000000001  elapsed_time =  0
 target_temperature = -30.0  current_temperature = -25.4  delta_temperature = 4.600000000000001  elapsed_time =  0
 target_temperature = -30.0  current_temperature = -25.4  delta_temperature = 4.600000000000001  elapsed_time =  0
 target_temperature = -30.0  current_temperature = -25.4  delta_temperature = 4.600000000000001  elapsed_time =  0
 target_temperature = -30.0  current_temperature = -25.4  delta_temperature = 4.600000000000001  elapsed_time =  0
 target_temperature = -30.0  current_temperature = -25.4  delta_temperature = 4.600000000000001  elapsed_time =  0
 target_temperature = -30.0  current_temperature = -25.5  delta_temperature = 4.5  elapsed_time =  0
 target_temperature = -30.0  current_temperature = -25.5  delta_temperature = 4.5  elapsed_time =  0
 target_temperature = -30.0  current_temperature = -25.5  delta_temperature = 4.5  elapsed_time =  0
 target_temperature = -30.0  current_temperature = -25.5  delta_temperature = 4.5  elapsed_time =  0
 target_temperature = -30.0  current_temperature = -25.6  delta_temperature = 4.399999999999999  elapsed_time =  0
 target_temperature = -30.0  current_temperature = -25.6  delta_temperature = 4.399999999999999  elapsed_time =  0
 target_temperature = -30.0  current_temperature = -25.6  delta_temperature = 4.399999999999999  elapsed_time =  0
 target_temperature = -30.0  current_temperature = -25.6  delta_temperature = 4.399999999999999  elapsed_time =  0
 target_temperature = -30.0  current_temperature = -25.6  delta_temperature = 4.399999999999999  elapsed_time =  0
 target_temperature = -30.0  current_temperature = -25.7  delta_temperature = 4.300000000000001  elapsed_time =  0
 target_temperature = -30.0  current_temperature = -25.7  delta_temperature = 4.300000000000001  elapsed_time =  0
 target_temperature = -30.0  current_temperature = -25.7  delta_temperature = 4.300000000000001  elapsed_time =  0
 target_temperature = -30.0  current_temperature = -25.7  delta_temperature = 4.300000000000001  elapsed_time =  0
 target_temperature = -30.0  current_temperature = -25.7  delta_temperature = 4.300000000000001  elapsed_time =  0
 target_temperature = -30.0  current_temperature = -25.8  delta_temperature = 4.199999999999999  elapsed_time =  0
 target_temperature = -30.0  current_temperature = -25.8  delta_temperature = 4.199999999999999  elapsed_time =  0
 target_temperature = -30.0  current_temperature = -25.8  delta_temperature = 4.199999999999999  elapsed_time =  0
 target_temperature = -30.0  current_temperature = -25.8  delta_temperature = 4.199999999999999  elapsed_time =  0
 target_temperature = -30.0  current_temperature = -25.8  delta_temperature = 4.199999999999999  elapsed_time =  0
 target_temperature = -30.0  current_temperature = -25.9  delta_temperature = 4.100000000000001  elapsed_time =  0
 target_temperature = -30.0  current_temperature = -25.9  delta_temperature = 4.100000000000001  elapsed_time =  0
 target_temperature = -30.0  current_temperature = -26.0  delta_temperature = 4.0  elapsed_time =  0
 target_temperature = -30.0  current_temperature = -26.0  delta_temperature = 4.0  elapsed_time =  0
 target_temperature = -30.0  current_temperature = -26.0  delta_temperature = 4.0  elapsed_time =  0
 target_temperature = -30.0  current_temperature = -26.1  delta_temperature = 3.8999999999999986  elapsed_time =  0
 target_temperature = -30.0  current_temperature = -26.1  delta_temperature = 3.8999999999999986  elapsed_time =  0
 target_temperature = -30.0  current_temperature = -26.2  delta_temperature = 3.8000000000000007  elapsed_time =  0
 target_temperature = -30.0  current_temperature = -26.2  delta_temperature = 3.8000000000000007  elapsed_time =  0
 target_temperature = -30.0  current_temperature = -26.2  delta_temperature = 3.8000000000000007  elapsed_time =  0
 target_temperature = -30.0  current_temperature = -26.4  delta_temperature = 3.6000000000000014  elapsed_time =  0
 target_temperature = -30.0  current_temperature = -26.4  delta_temperature = 3.6000000000000014  elapsed_time =  0
 target_temperature = -30.0  current_temperature = -26.4  delta_temperature = 3.6000000000000014  elapsed_time =  0
 target_temperature = -30.0  current_temperature = -26.4  delta_temperature = 3.6000000000000014  elapsed_time =  0
 target_temperature = -30.0  current_temperature = -26.4  delta_temperature = 3.6000000000000014  elapsed_time =  0
 target_temperature = -30.0  current_temperature = -26.6  delta_temperature = 3.3999999999999986  elapsed_time =  0
 target_temperature = -30.0  current_temperature = -26.6  delta_temperature = 3.3999999999999986  elapsed_time =  0
 target_temperature = -30.0  current_temperature = -26.6  delta_temperature = 3.3999999999999986  elapsed_time =  0
 target_temperature = -30.0  current_temperature = -26.6  delta_temperature = 3.3999999999999986  elapsed_time =  0
 target_temperature = -30.0  current_temperature = -26.6  delta_temperature = 3.3999999999999986  elapsed_time =  0
 target_temperature = -30.0  current_temperature = -26.7  delta_temperature = 3.3000000000000007  elapsed_time =  0
 target_temperature = -30.0  current_temperature = -26.7  delta_temperature = 3.3000000000000007  elapsed_time =  0
 target_temperature = -30.0  current_temperature = -26.7  delta_temperature = 3.3000000000000007  elapsed_time =  0
 target_temperature = -30.0  current_temperature = -26.7  delta_temperature = 3.3000000000000007  elapsed_time =  0
 target_temperature = -30.0  current_temperature = -26.8  delta_temperature = 3.1999999999999993  elapsed_time =  0
 target_temperature = -30.0  current_temperature = -26.9  delta_temperature = 3.1000000000000014  elapsed_time =  0
 target_temperature = -30.0  current_temperature = -26.9  delta_temperature = 3.1000000000000014  elapsed_time =  0
 target_temperature = -30.0  current_temperature = -26.9  delta_temperature = 3.1000000000000014  elapsed_time =  0
 target_temperature = -30.0  current_temperature = -26.9  delta_temperature = 3.1000000000000014  elapsed_time =  0
 target_temperature = -30.0  current_temperature = -27.0  delta_temperature = 3.0  elapsed_time =  0
 target_temperature = -30.0  current_temperature = -27.0  delta_temperature = 3.0  elapsed_time =  0
 target_temperature = -30.0  current_temperature = -26.9  delta_temperature = 3.1000000000000014  elapsed_time =  0
 target_temperature = -30.0  current_temperature = -27.0  delta_temperature = 3.0  elapsed_time =  0
 target_temperature = -30.0  current_temperature = -27.0  delta_temperature = 3.0  elapsed_time =  0
 target_temperature = -30.0  current_temperature = -27.0  delta_temperature = 3.0  elapsed_time =  0
 target_temperature = -30.0  current_temperature = -27.0  delta_temperature = 3.0  elapsed_time =  0
 target_temperature = -30.0  current_temperature = -27.0  delta_temperature = 3.0  elapsed_time =  0
 target_temperature = -30.0  current_temperature = -27.0  delta_temperature = 3.0  elapsed_time =  0
 target_temperature = -30.0  current_temperature = -27.1  delta_temperature = 2.8999999999999986  elapsed_time =  0
 target_temperature = -30.0  current_temperature = -27.1  delta_temperature = 2.8999999999999986  elapsed_time =  0
 target_temperature = -30.0  current_temperature = -27.1  delta_temperature = 2.8999999999999986  elapsed_time =  0
 target_temperature = -30.0  current_temperature = -27.1  delta_temperature = 2.8999999999999986  elapsed_time =  0
 target_temperature = -30.0  current_temperature = -27.1  delta_temperature = 2.8999999999999986  elapsed_time =  0
 target_temperature = -30.0  current_temperature = -27.2  delta_temperature = 2.8000000000000007  elapsed_time =  0
 target_temperature = -30.0  current_temperature = -27.2  delta_temperature = 2.8000000000000007  elapsed_time =  0
 target_temperature = -30.0  current_temperature = -27.2  delta_temperature = 2.8000000000000007  elapsed_time =  0
 target_temperature = -30.0  current_temperature = -27.2  delta_temperature = 2.8000000000000007  elapsed_time =  0
 target_temperature = -30.0  current_temperature = -27.2  delta_temperature = 2.8000000000000007  elapsed_time =  0
 target_temperature = -30.0  current_temperature = -27.3  delta_temperature = 2.6999999999999993  elapsed_time =  0
 target_temperature = -30.0  current_temperature = -27.3  delta_temperature = 2.6999999999999993  elapsed_time =  0
 target_temperature = -30.0  current_temperature = -27.3  delta_temperature = 2.6999999999999993  elapsed_time =  0
 target_temperature = -30.0  current_temperature = -27.4  delta_temperature = 2.6000000000000014  elapsed_time =  0
 target_temperature = -30.0  current_temperature = -27.4  delta_temperature = 2.6000000000000014  elapsed_time =  0
 target_temperature = -30.0  current_temperature = -27.5  delta_temperature = 2.5  elapsed_time =  0
 target_temperature = -30.0  current_temperature = -27.5  delta_temperature = 2.5  elapsed_time =  0
 target_temperature = -30.0  current_temperature = -27.5  delta_temperature = 2.5  elapsed_time =  0
 target_temperature = -30.0  current_temperature = -27.5  delta_temperature = 2.5  elapsed_time =  0
 target_temperature = -30.0  current_temperature = -27.6  delta_temperature = 2.3999999999999986  elapsed_time =  0
 target_temperature = -30.0  current_temperature = -27.7  delta_temperature = 2.3000000000000007  elapsed_time =  0
 target_temperature = -30.0  current_temperature = -27.7  delta_temperature = 2.3000000000000007  elapsed_time =  0
 target_temperature = -30.0  current_temperature = -27.7  delta_temperature = 2.3000000000000007  elapsed_time =  0
 target_temperature = -30.0  current_temperature = -27.7  delta_temperature = 2.3000000000000007  elapsed_time =  0
 target_temperature = -30.0  current_temperature = -27.9  delta_temperature = 2.1000000000000014  elapsed_time =  0
 target_temperature = -30.0  current_temperature = -27.9  delta_temperature = 2.1000000000000014  elapsed_time =  0
 target_temperature = -30.0  current_temperature = -27.9  delta_temperature = 2.1000000000000014  elapsed_time =  0
 target_temperature = -30.0  current_temperature = -27.9  delta_temperature = 2.1000000000000014  elapsed_time =  0
 target_temperature = -30.0  current_temperature = -27.9  delta_temperature = 2.1000000000000014  elapsed_time =  0
 target_temperature = -30.0  current_temperature = -28.0  delta_temperature = 2.0  elapsed_time =  9
 target_temperature = -30.0  current_temperature = -28.0  delta_temperature = 2.0  elapsed_time =  18
 target_temperature = -30.0  current_temperature = -28.0  delta_temperature = 2.0  elapsed_time =  25
 target_temperature = -30.0  current_temperature = -28.0  delta_temperature = 2.0  elapsed_time =  31
 target_temperature = -30.0  current_temperature = -28.0  delta_temperature = 2.0  elapsed_time =  37
 target_temperature = -30.0  current_temperature = -28.1  delta_temperature = 1.8999999999999986  elapsed_time =  44
 target_temperature = -30.0  current_temperature = -28.0  delta_temperature = 2.0  elapsed_time =  50
 target_temperature = -30.0  current_temperature = -28.0  delta_temperature = 2.0  elapsed_time =  56
 target_temperature = -30.0  current_temperature = -28.0  delta_temperature = 2.0  elapsed_time =  61
 target_temperature = -30.0  current_temperature = -28.0  delta_temperature = 2.0  elapsed_time =  66
 target_temperature = -30.0  current_temperature = -28.1  delta_temperature = 1.8999999999999986  elapsed_time =  72
 target_temperature = -30.0  current_temperature = -28.1  delta_temperature = 1.8999999999999986  elapsed_time =  78
 target_temperature = -30.0  current_temperature = -28.1  delta_temperature = 1.8999999999999986  elapsed_time =  83
 target_temperature = -30.0  current_temperature = -28.1  delta_temperature = 1.8999999999999986  elapsed_time =  90
 target_temperature = -30.0  current_temperature = -28.1  delta_temperature = 1.8999999999999986  elapsed_time =  96
 target_temperature = -30.0  current_temperature = -28.2  delta_temperature = 1.8000000000000007  elapsed_time =  103
 target_temperature = -30.0  current_temperature = -28.2  delta_temperature = 1.8000000000000007  elapsed_time =  108
 target_temperature = -30.0  current_temperature = -28.2  delta_temperature = 1.8000000000000007  elapsed_time =  114
 target_temperature = -30.0  current_temperature = -28.2  delta_temperature = 1.8000000000000007  elapsed_time =  120
 target_temperature = -30.0  current_temperature = -28.2  delta_temperature = 1.8000000000000007  elapsed_time =  125
 target_temperature = -30.0  current_temperature = -28.3  delta_temperature = 1.6999999999999993  elapsed_time =  131
 target_temperature = -30.0  current_temperature = -28.3  delta_temperature = 1.6999999999999993  elapsed_time =  136
 target_temperature = -30.0  current_temperature = -28.3  delta_temperature = 1.6999999999999993  elapsed_time =  142
 target_temperature = -30.0  current_temperature = -28.3  delta_temperature = 1.6999999999999993  elapsed_time =  148
 target_temperature = -30.0  current_temperature = -28.3  delta_temperature = 1.6999999999999993  elapsed_time =  153
 target_temperature = -30.0  current_temperature = -28.3  delta_temperature = 1.6999999999999993  elapsed_time =  159
 target_temperature = -30.0  current_temperature = -28.4  delta_temperature = 1.6000000000000014  elapsed_time =  164
 target_temperature = -30.0  current_temperature = -28.4  delta_temperature = 1.6000000000000014  elapsed_time =  170
 target_temperature = -30.0  current_temperature = -28.4  delta_temperature = 1.6000000000000014  elapsed_time =  177
 target_temperature = -30.0  current_temperature = -28.4  delta_temperature = 1.6000000000000014  elapsed_time =  182
 target_temperature = -30.0  current_temperature = -28.6  delta_temperature = 1.3999999999999986  elapsed_time =  190
 target_temperature = -30.0  current_temperature = -28.6  delta_temperature = 1.3999999999999986  elapsed_time =  195
 target_temperature = -30.0  current_temperature = -28.6  delta_temperature = 1.3999999999999986  elapsed_time =  203
 target_temperature = -30.0  current_temperature = -28.6  delta_temperature = 1.3999999999999986  elapsed_time =  208
 target_temperature = -30.0  current_temperature = -28.6  delta_temperature = 1.3999999999999986  elapsed_time =  213
 target_temperature = -30.0  current_temperature = -28.7  delta_temperature = 1.3000000000000007  elapsed_time =  219
 target_temperature = -30.0  current_temperature = -28.7  delta_temperature = 1.3000000000000007  elapsed_time =  225
 target_temperature = -30.0  current_temperature = -28.7  delta_temperature = 1.3000000000000007  elapsed_time =  231
 target_temperature = -30.0  current_temperature = -28.8  delta_temperature = 1.1999999999999993  elapsed_time =  238
 target_temperature = -30.0  current_temperature = -28.8  delta_temperature = 1.1999999999999993  elapsed_time =  245
 target_temperature = -30.0  current_temperature = -28.9  delta_temperature = 1.1000000000000014  elapsed_time =  256
 target_temperature = -30.0  current_temperature = -28.9  delta_temperature = 1.1000000000000014  elapsed_time =  262
 target_temperature = -30.0  current_temperature = -28.9  delta_temperature = 1.1000000000000014  elapsed_time =  268
 target_temperature = -30.0  current_temperature = -28.9  delta_temperature = 1.1000000000000014  elapsed_time =  275
 target_temperature = -30.0  current_temperature = -29.0  delta_temperature = 1.0  elapsed_time =  280
 target_temperature = -30.0  current_temperature = -29.0  delta_temperature = 1.0  elapsed_time =  287
 target_temperature = -30.0  current_temperature = -29.0  delta_temperature = 1.0  elapsed_time =  295
 target_temperature = -30.0  current_temperature = -29.0  delta_temperature = 1.0  elapsed_time =  302
 target_temperature = -30.0  current_temperature = -29.1  delta_temperature = 0.8999999999999986  elapsed_time =  308
 target_temperature = -30.0  current_temperature = -29.1  delta_temperature = 0.8999999999999986  elapsed_time =  314
 target_temperature = -30.0  current_temperature = -29.1  delta_temperature = 0.8999999999999986  elapsed_time =  319
 target_temperature = -30.0  current_temperature = -29.1  delta_temperature = 0.8999999999999986  elapsed_time =  328
 target_temperature = -30.0  current_temperature = -29.1  delta_temperature = 0.8999999999999986  elapsed_time =  335
 target_temperature = -30.0  current_temperature = -29.2  delta_temperature = 0.8000000000000007  elapsed_time =  343
 target_temperature = -30.0  current_temperature = -29.2  delta_temperature = 0.8000000000000007  elapsed_time =  353
 target_temperature = -30.0  current_temperature = -29.2  delta_temperature = 0.8000000000000007  elapsed_time =  364
 target_temperature = -30.0  current_temperature = -29.2  delta_temperature = 0.8000000000000007  elapsed_time =  372
 target_temperature = -30.0  current_temperature = -29.2  delta_temperature = 0.8000000000000007  elapsed_time =  378
 target_temperature = -30.0  current_temperature = -29.2  delta_temperature = 0.8000000000000007  elapsed_time =  384
 target_temperature = -30.0  current_temperature = -29.2  delta_temperature = 0.8000000000000007  elapsed_time =  390
 target_temperature = -30.0  current_temperature = -29.2  delta_temperature = 0.8000000000000007  elapsed_time =  398
 target_temperature = -30.0  current_temperature = -29.3  delta_temperature = 0.6999999999999993  elapsed_time =  405
 target_temperature = -30.0  current_temperature = -29.3  delta_temperature = 0.6999999999999993  elapsed_time =  412
 target_temperature = -30.0  current_temperature = -29.3  delta_temperature = 0.6999999999999993  elapsed_time =  418
 target_temperature = -30.0  current_temperature = -29.3  delta_temperature = 0.6999999999999993  elapsed_time =  428
 target_temperature = -30.0  current_temperature = -29.4  delta_temperature = 0.6000000000000014  elapsed_time =  434
 target_temperature = -30.0  current_temperature = -29.4  delta_temperature = 0.6000000000000014  elapsed_time =  445
 target_temperature = -30.0  current_temperature = -29.4  delta_temperature = 0.6000000000000014  elapsed_time =  453
 target_temperature = -30.0  current_temperature = -29.4  delta_temperature = 0.6000000000000014  elapsed_time =  458
 target_temperature = -30.0  current_temperature = -29.5  delta_temperature = 0.5  elapsed_time =  467
 target_temperature = -30.0  current_temperature = -29.5  delta_temperature = 0.5  elapsed_time =  473
 target_temperature = -30.0  current_temperature = -29.5  delta_temperature = 0.5  elapsed_time =  480
 target_temperature = -30.0  current_temperature = -29.5  delta_temperature = 0.5  elapsed_time =  486
 target_temperature = -30.0  current_temperature = -29.7  delta_temperature = 0.3000000000000007  elapsed_time =  492
 target_temperature = -30.0  current_temperature = -29.7  delta_temperature = 0.3000000000000007  elapsed_time =  499
 target_temperature = -30.0  current_temperature = -29.7  delta_temperature = 0.3000000000000007  elapsed_time =  508
 target_temperature = -30.0  current_temperature = -29.7  delta_temperature = 0.3000000000000007  elapsed_time =  517
 target_temperature = -30.0  current_temperature = -29.9  delta_temperature = 0.10000000000000142  elapsed_time =  522
 target_temperature = -30.0  current_temperature = -29.9  delta_temperature = 0.10000000000000142  elapsed_time =  529
 target_temperature = -30.0  current_temperature = -29.8  delta_temperature = 0.1999999999999993  elapsed_time =  534
 target_temperature = -30.0  current_temperature = -29.8  delta_temperature = 0.1999999999999993  elapsed_time =  542
 target_temperature = -30.0  current_temperature = -29.8  delta_temperature = 0.1999999999999993  elapsed_time =  547
 target_temperature = -30.0  current_temperature = -30.0  delta_temperature = 0.0  elapsed_time =  554
 target_temperature = -30.0  current_temperature = -30.0  delta_temperature = 0.0  elapsed_time =  561
 target_temperature = -30.0  current_temperature = -30.0  delta_temperature = 0.0  elapsed_time =  566
 target_temperature = -30.0  current_temperature = -30.0  delta_temperature = 0.0  elapsed_time =  573
 target_temperature = -30.0  current_temperature = -30.0  delta_temperature = 0.0  elapsed_time =  579
 target_temperature = -30.0  current_temperature = -30.1  delta_temperature = -0.10000000000000142  elapsed_time =  585
 target_temperature = -30.0  current_temperature = -30.1  delta_temperature = -0.10000000000000142  elapsed_time =  591
 target_temperature = -30.0  current_temperature = -30.1  delta_temperature = -0.10000000000000142  elapsed_time =  597
 target_temperature = -30.0  current_temperature = -30.1  delta_temperature = -0.10000000000000142  elapsed_time =  602
 target_temperature = -30.0  current_temperature = -30.1  delta_temperature = -0.10000000000000142  elapsed_time =  608
 target_temperature = -30.0  current_temperature = -30.2  delta_temperature = -0.1999999999999993  elapsed_time =  613
 target_temperature = -30.0  current_temperature = -30.2  delta_temperature = -0.1999999999999993  elapsed_time =  619
 target_temperature = -30.0  current_temperature = -30.2  delta_temperature = -0.1999999999999993  elapsed_time =  625
 target_temperature = -30.0  current_temperature = -30.2  delta_temperature = -0.1999999999999993  elapsed_time =  632
 target_temperature = -30.0  current_temperature = -30.2  delta_temperature = -0.1999999999999993  elapsed_time =  638
 target_temperature = -30.0  current_temperature = -30.3  delta_temperature = -0.3000000000000007  elapsed_time =  646
 target_temperature = -30.0  current_temperature = -30.2  delta_temperature = -0.1999999999999993  elapsed_time =  652
 target_temperature = -30.0  current_temperature = -30.2  delta_temperature = -0.1999999999999993  elapsed_time =  657
 target_temperature = -30.0  current_temperature = -30.2  delta_temperature = -0.1999999999999993  elapsed_time =  663
 target_temperature = -30.0  current_temperature = -30.3  delta_temperature = -0.3000000000000007  elapsed_time =  668
 target_temperature = -30.0  current_temperature = -30.3  delta_temperature = -0.3000000000000007  elapsed_time =  674
 target_temperature = -30.0  current_temperature = -30.3  delta_temperature = -0.3000000000000007  elapsed_time =  680
 target_temperature = -30.0  current_temperature = -30.3  delta_temperature = -0.3000000000000007  elapsed_time =  685
 target_temperature = -30.0  current_temperature = -30.3  delta_temperature = -0.3000000000000007  elapsed_time =  691
 target_temperature = -30.0  current_temperature = -30.3  delta_temperature = -0.3000000000000007  elapsed_time =  697
 target_temperature = -30.0  current_temperature = -30.4  delta_temperature = -0.3999999999999986  elapsed_time =  703
 target_temperature = -30.0  current_temperature = -30.4  delta_temperature = -0.3999999999999986  elapsed_time =  710
 target_temperature = -30.0  current_temperature = -30.4  delta_temperature = -0.3999999999999986  elapsed_time =  716
 target_temperature = -30.0  current_temperature = -30.4  delta_temperature = -0.3999999999999986  elapsed_time =  724
 target_temperature = -30.0  current_temperature = -30.5  delta_temperature = -0.5  elapsed_time =  732
 target_temperature = -30.0  current_temperature = -30.5  delta_temperature = -0.5  elapsed_time =  737
 target_temperature = -30.0  current_temperature = -30.5  delta_temperature = -0.5  elapsed_time =  744
 target_temperature = -30.0  current_temperature = -30.5  delta_temperature = -0.5  elapsed_time =  749
 target_temperature = -30.0  current_temperature = -30.5  delta_temperature = -0.5  elapsed_time =  755
 target_temperature = -30.0  current_temperature = -30.6  delta_temperature = -0.6000000000000014  elapsed_time =  760
 target_temperature = -30.0  current_temperature = -30.7  delta_temperature = -0.6999999999999993  elapsed_time =  767
 target_temperature = -30.0  current_temperature = -30.7  delta_temperature = -0.6999999999999993  elapsed_time =  774
 target_temperature = -30.0  current_temperature = -30.7  delta_temperature = -0.6999999999999993  elapsed_time =  780
 target_temperature = -30.0  current_temperature = -30.7  delta_temperature = -0.6999999999999993  elapsed_time =  789
 target_temperature = -30.0  current_temperature = -30.8  delta_temperature = -0.8000000000000007  elapsed_time =  794
 target_temperature = -30.0  current_temperature = -30.8  delta_temperature = -0.8000000000000007  elapsed_time =  800
 target_temperature = -30.0  current_temperature = -30.8  delta_temperature = -0.8000000000000007  elapsed_time =  805
 target_temperature = -30.0  current_temperature = -30.8  delta_temperature = -0.8000000000000007  elapsed_time =  810
 target_temperature = -30.0  current_temperature = -30.8  delta_temperature = -0.8000000000000007  elapsed_time =  815
 target_temperature = -30.0  current_temperature = -30.9  delta_temperature = -0.8999999999999986  elapsed_time =  823
 target_temperature = -30.0  current_temperature = -30.9  delta_temperature = -0.8999999999999986  elapsed_time =  828
 target_temperature = -30.0  current_temperature = -30.9  delta_temperature = -0.8999999999999986  elapsed_time =  833
 target_temperature = -30.0  current_temperature = -30.9  delta_temperature = -0.8999999999999986  elapsed_time =  838
 target_temperature = -30.0  current_temperature = -31.0  delta_temperature = -1.0  elapsed_time =  844
 target_temperature = -30.0  current_temperature = -31.0  delta_temperature = -1.0  elapsed_time =  852
 target_temperature = -30.0  current_temperature = -31.0  delta_temperature = -1.0  elapsed_time =  862
 target_temperature = -30.0  current_temperature = -31.0  delta_temperature = -1.0  elapsed_time =  868
 target_temperature = -30.0  current_temperature = -31.1  delta_temperature = -1.1000000000000014  elapsed_time =  876
 target_temperature = -30.0  current_temperature = -31.1  delta_temperature = -1.1000000000000014  elapsed_time =  882
 target_temperature = -30.0  current_temperature = -31.1  delta_temperature = -1.1000000000000014  elapsed_time =  888
 target_temperature = -30.0  current_temperature = -31.1  delta_temperature = -1.1000000000000014  elapsed_time =  894
 target_temperature = -30.0  current_temperature = -31.1  delta_temperature = -1.1000000000000014  elapsed_time =  902
 target_temperature = -30.0  current_temperature = -31.1  delta_temperature = -1.1000000000000014  elapsed_time =  911
 target_temperature = -30.0  current_temperature = -31.2  delta_temperature = -1.1999999999999993  elapsed_time =  916
 target_temperature = -30.0  current_temperature = -31.2  delta_temperature = -1.1999999999999993  elapsed_time =  923
 target_temperature = -30.0  current_temperature = -31.2  delta_temperature = -1.1999999999999993  elapsed_time =  933
 target_temperature = -30.0  current_temperature = -31.2  delta_temperature = -1.1999999999999993  elapsed_time =  938
 target_temperature = -30.0  current_temperature = -31.3  delta_temperature = -1.3000000000000007  elapsed_time =  944
 target_temperature = -30.0  current_temperature = -31.3  delta_temperature = -1.3000000000000007  elapsed_time =  951
 target_temperature = -30.0  current_temperature = -31.3  delta_temperature = -1.3000000000000007  elapsed_time =  958
 target_temperature = -30.0  current_temperature = -31.2  delta_temperature = -1.1999999999999993  elapsed_time =  963
 target_temperature = -30.0  current_temperature = -31.3  delta_temperature = -1.3000000000000007  elapsed_time =  973
 target_temperature = -30.0  current_temperature = -31.3  delta_temperature = -1.3000000000000007  elapsed_time =  978
 target_temperature = -30.0  current_temperature = -31.3  delta_temperature = -1.3000000000000007  elapsed_time =  983
 target_temperature = -30.0  current_temperature = -31.3  delta_temperature = -1.3000000000000007  elapsed_time =  990
 target_temperature = -30.0  current_temperature = -31.3  delta_temperature = -1.3000000000000007  elapsed_time =  996
 target_temperature = -30.0  current_temperature = -31.4  delta_temperature = -1.3999999999999986  elapsed_time =  1001
 target_temperature = -30.0  current_temperature = -31.4  delta_temperature = -1.3999999999999986  elapsed_time =  1006
 target_temperature = -30.0  current_temperature = -31.4  delta_temperature = -1.3999999999999986  elapsed_time =  1013
 target_temperature = -30.0  current_temperature = -31.4  delta_temperature = -1.3999999999999986  elapsed_time =  1019
 target_temperature = -30.0  current_temperature = -31.4  delta_temperature = -1.3999999999999986  elapsed_time =  1028
 target_temperature = -30.0  current_temperature = -31.5  delta_temperature = -1.5  elapsed_time =  1033
 target_temperature = -30.0  current_temperature = -31.5  delta_temperature = -1.5  elapsed_time =  1038
 target_temperature = -30.0  current_temperature = -31.5  delta_temperature = -1.5  elapsed_time =  1043
 target_temperature = -30.0  current_temperature = -31.6  delta_temperature = -1.6000000000000014  elapsed_time =  1051
 target_temperature = -30.0  current_temperature = -31.6  delta_temperature = -1.6000000000000014  elapsed_time =  1056
 target_temperature = -30.0  current_temperature = -31.6  delta_temperature = -1.6000000000000014  elapsed_time =  1061
 target_temperature = -30.0  current_temperature = -31.6  delta_temperature = -1.6000000000000014  elapsed_time =  1068
 target_temperature = -30.0  current_temperature = -31.6  delta_temperature = -1.6000000000000014  elapsed_time =  1075
 target_temperature = -30.0  current_temperature = -31.6  delta_temperature = -1.6000000000000014  elapsed_time =  1080
 target_temperature = -30.0  current_temperature = -31.7  delta_temperature = -1.6999999999999993  elapsed_time =  1085
 target_temperature = -30.0  current_temperature = -31.8  delta_temperature = -1.8000000000000007  elapsed_time =  1092
 target_temperature = -30.0  current_temperature = -31.8  delta_temperature = -1.8000000000000007  elapsed_time =  1099
 target_temperature = -30.0  current_temperature = -31.7  delta_temperature = -1.6999999999999993  elapsed_time =  1104
 target_temperature = -30.0  current_temperature = -31.7  delta_temperature = -1.6999999999999993  elapsed_time =  1110
 target_temperature = -30.0  current_temperature = -31.7  delta_temperature = -1.6999999999999993  elapsed_time =  1115
 target_temperature = -30.0  current_temperature = -31.8  delta_temperature = -1.8000000000000007  elapsed_time =  1121
 target_temperature = -30.0  current_temperature = -31.8  delta_temperature = -1.8000000000000007  elapsed_time =  1127
 target_temperature = -30.0  current_temperature = -31.8  delta_temperature = -1.8000000000000007  elapsed_time =  1136
 target_temperature = -30.0  current_temperature = -31.9  delta_temperature = -1.8999999999999986  elapsed_time =  1141
 target_temperature = -30.0  current_temperature = -31.9  delta_temperature = -1.8999999999999986  elapsed_time =  1146
 target_temperature = -30.0  current_temperature = -31.9  delta_temperature = -1.8999999999999986  elapsed_time =  1152
 target_temperature = -30.0  current_temperature = -31.9  delta_temperature = -1.8999999999999986  elapsed_time =  1161
 target_temperature = -30.0  current_temperature = -31.9  delta_temperature = -1.8999999999999986  elapsed_time =  1166
 target_temperature = -30.0  current_temperature = -31.9  delta_temperature = -1.8999999999999986  elapsed_time =  1171
 target_temperature = -30.0  current_temperature = -31.9  delta_temperature = -1.8999999999999986  elapsed_time =  1178
 target_temperature = -30.0  current_temperature = -32.0  delta_temperature = -2.0  elapsed_time =  1183
 target_temperature = -30.0  current_temperature = -32.0  delta_temperature = -2.0  elapsed_time =  1189
 target_temperature = -30.0  current_temperature = -32.0  delta_temperature = -2.0  elapsed_time =  1195
 target_temperature = -30.0  current_temperature = -32.0  delta_temperature = -2.0  elapsed_time =  1200
 target_temperature = -30.0  current_temperature = -32.0  delta_temperature = -2.0  elapsed_time =  1205
 target_temperature = -30.0  current_temperature = -32.0  delta_temperature = -2.0  elapsed_time =  1210
 target_temperature = -30.0  current_temperature = -32.0  delta_temperature = -2.0  elapsed_time =  1215
 target_temperature = -30.0  current_temperature = -32.0  delta_temperature = -2.0  elapsed_time =  1221
 target_temperature = -30.0  current_temperature = -32.0  delta_temperature = -2.0  elapsed_time =  1226
 target_temperature = -30.0  current_temperature = -32.0  delta_temperature = -2.0  elapsed_time =  1234
 target_temperature = -30.0  current_temperature = -32.0  delta_temperature = -2.0  elapsed_time =  1240
 target_temperature = -30.0  current_temperature = -32.0  delta_temperature = -2.0  elapsed_time =  1246
 target_temperature = -30.0  current_temperature = -32.0  delta_temperature = -2.0  elapsed_time =  1251
 target_temperature = -30.0  current_temperature = -31.9  delta_temperature = -1.8999999999999986  elapsed_time =  1258
 target_temperature = -30.0  current_temperature = -31.9  delta_temperature = -1.8999999999999986  elapsed_time =  1264
 target_temperature = -30.0  current_temperature = -31.9  delta_temperature = -1.8999999999999986  elapsed_time =  1269
 target_temperature = -30.0  current_temperature = -31.9  delta_temperature = -1.8999999999999986  elapsed_time =  1279
 target_temperature = -30.0  current_temperature = -31.9  delta_temperature = -1.8999999999999986  elapsed_time =  1287
 target_temperature = -30.0  current_temperature = -31.9  delta_temperature = -1.8999999999999986  elapsed_time =  1292
 target_temperature = -30.0  current_temperature = -31.9  delta_temperature = -1.8999999999999986  elapsed_time =  1298
 target_temperature = -30.0  current_temperature = -31.9  delta_temperature = -1.8999999999999986  elapsed_time =  1308
 target_temperature = -30.0  current_temperature = -31.8  delta_temperature = -1.8000000000000007  elapsed_time =  1314
 target_temperature = -30.0  current_temperature = -31.8  delta_temperature = -1.8000000000000007  elapsed_time =  1320
 target_temperature = -30.0  current_temperature = -31.8  delta_temperature = -1.8000000000000007  elapsed_time =  1325
 target_temperature = -30.0  current_temperature = -31.8  delta_temperature = -1.8000000000000007  elapsed_time =  1331
 target_temperature = -30.0  current_temperature = -31.8  delta_temperature = -1.8000000000000007  elapsed_time =  1337
 target_temperature = -30.0  current_temperature = -31.7  delta_temperature = -1.6999999999999993  elapsed_time =  1344
 target_temperature = -30.0  current_temperature = -31.7  delta_temperature = -1.6999999999999993  elapsed_time =  1349
 target_temperature = -30.0  current_temperature = -31.7  delta_temperature = -1.6999999999999993  elapsed_time =  1354
 target_temperature = -30.0  current_temperature = -31.7  delta_temperature = -1.6999999999999993  elapsed_time =  1360
 target_temperature = -30.0  current_temperature = -31.7  delta_temperature = -1.6999999999999993  elapsed_time =  1370
 target_temperature = -30.0  current_temperature = -31.6  delta_temperature = -1.6000000000000014  elapsed_time =  1375
 target_temperature = -30.0  current_temperature = -31.6  delta_temperature = -1.6000000000000014  elapsed_time =  1383
 target_temperature = -30.0  current_temperature = -31.6  delta_temperature = -1.6000000000000014  elapsed_time =  1389
 target_temperature = -30.0  current_temperature = -31.6  delta_temperature = -1.6000000000000014  elapsed_time =  1396
 target_temperature = -30.0  current_temperature = -31.6  delta_temperature = -1.6000000000000014  elapsed_time =  1403
 target_temperature = -30.0  current_temperature = -31.6  delta_temperature = -1.6000000000000014  elapsed_time =  1409
 target_temperature = -30.0  current_temperature = -31.6  delta_temperature = -1.6000000000000014  elapsed_time =  1415
 target_temperature = -30.0  current_temperature = -31.6  delta_temperature = -1.6000000000000014  elapsed_time =  1421
 target_temperature = -30.0  current_temperature = -31.6  delta_temperature = -1.6000000000000014  elapsed_time =  1428
 target_temperature = -30.0  current_temperature = -31.5  delta_temperature = -1.5  elapsed_time =  1435
 target_temperature = -30.0  current_temperature = -31.5  delta_temperature = -1.5  elapsed_time =  1440
 target_temperature = -30.0  current_temperature = -31.5  delta_temperature = -1.5  elapsed_time =  1445
 target_temperature = -30.0  current_temperature = -31.5  delta_temperature = -1.5  elapsed_time =  1450
 target_temperature = -30.0  current_temperature = -31.5  delta_temperature = -1.5  elapsed_time =  1456
 target_temperature = -30.0  current_temperature = -31.4  delta_temperature = -1.3999999999999986  elapsed_time =  1461
 target_temperature = -30.0  current_temperature = -31.4  delta_temperature = -1.3999999999999986  elapsed_time =  1467
 target_temperature = -30.0  current_temperature = -31.4  delta_temperature = -1.3999999999999986  elapsed_time =  1472
 target_temperature = -30.0  current_temperature = -31.3  delta_temperature = -1.3000000000000007  elapsed_time =  1477
 target_temperature = -30.0  current_temperature = -31.3  delta_temperature = -1.3000000000000007  elapsed_time =  1483
 target_temperature = -30.0  current_temperature = -31.3  delta_temperature = -1.3000000000000007  elapsed_time =  1488
 target_temperature = -30.0  current_temperature = -31.3  delta_temperature = -1.3000000000000007  elapsed_time =  1493
 target_temperature = -30.0  current_temperature = -31.3  delta_temperature = -1.3000000000000007  elapsed_time =  1498
 target_temperature = -30.0  current_temperature = -31.3  delta_temperature = -1.3000000000000007  elapsed_time =  1504
 target_temperature = -30.0  current_temperature = -31.3  delta_temperature = -1.3000000000000007  elapsed_time =  1509
 target_temperature = -30.0  current_temperature = -31.3  delta_temperature = -1.3000000000000007  elapsed_time =  1516
 target_temperature = -30.0  current_temperature = -31.3  delta_temperature = -1.3000000000000007  elapsed_time =  1522
 target_temperature = -30.0  current_temperature = -31.2  delta_temperature = -1.1999999999999993  elapsed_time =  1530
 target_temperature = -30.0  current_temperature = -31.2  delta_temperature = -1.1999999999999993  elapsed_time =  1536
 target_temperature = -30.0  current_temperature = -31.2  delta_temperature = -1.1999999999999993  elapsed_time =  1541
 target_temperature = -30.0  current_temperature = -31.1  delta_temperature = -1.1000000000000014  elapsed_time =  1547
 target_temperature = -30.0  current_temperature = -31.1  delta_temperature = -1.1000000000000014  elapsed_time =  1553
 target_temperature = -30.0  current_temperature = -31.1  delta_temperature = -1.1000000000000014  elapsed_time =  1559
 target_temperature = -30.0  current_temperature = -31.0  delta_temperature = -1.0  elapsed_time =  1565
 target_temperature = -30.0  current_temperature = -31.0  delta_temperature = -1.0  elapsed_time =  1570
 target_temperature = -30.0  current_temperature = -31.0  delta_temperature = -1.0  elapsed_time =  1576
 target_temperature = -30.0  current_temperature = -31.0  delta_temperature = -1.0  elapsed_time =  1581
 target_temperature = -30.0  current_temperature = -31.0  delta_temperature = -1.0  elapsed_time =  1587
 target_temperature = -30.0  current_temperature = -31.0  delta_temperature = -1.0  elapsed_time =  1594
 target_temperature = -30.0  current_temperature = -30.9  delta_temperature = -0.8999999999999986  elapsed_time =  1599
 target_temperature = -30.0  current_temperature = -30.9  delta_temperature = -0.8999999999999986  elapsed_time =  1604
 target_temperature = -30.0  current_temperature = -30.9  delta_temperature = -0.8999999999999986  elapsed_time =  1609
 target_temperature = -30.0  current_temperature = -30.9  delta_temperature = -0.8999999999999986  elapsed_time =  1615
 target_temperature = -30.0  current_temperature = -30.9  delta_temperature = -0.8999999999999986  elapsed_time =  1621
 target_temperature = -30.0  current_temperature = -30.9  delta_temperature = -0.8999999999999986  elapsed_time =  1626
 target_temperature = -30.0  current_temperature = -30.9  delta_temperature = -0.8999999999999986  elapsed_time =  1631
 target_temperature = -30.0  current_temperature = -30.9  delta_temperature = -0.8999999999999986  elapsed_time =  1637
 target_temperature = -30.0  current_temperature = -30.9  delta_temperature = -0.8999999999999986  elapsed_time =  1642
 target_temperature = -30.0  current_temperature = -30.8  delta_temperature = -0.8000000000000007  elapsed_time =  1647
 target_temperature = -30.0  current_temperature = -30.8  delta_temperature = -0.8000000000000007  elapsed_time =  1652
 target_temperature = -30.0  current_temperature = -30.8  delta_temperature = -0.8000000000000007  elapsed_time =  1658
 target_temperature = -30.0  current_temperature = -30.8  delta_temperature = -0.8000000000000007  elapsed_time =  1663
 target_temperature = -30.0  current_temperature = -30.8  delta_temperature = -0.8000000000000007  elapsed_time =  1668
 target_temperature = -30.0  current_temperature = -30.7  delta_temperature = -0.6999999999999993  elapsed_time =  1673
 target_temperature = -30.0  current_temperature = -30.7  delta_temperature = -0.6999999999999993  elapsed_time =  1678
 target_temperature = -30.0  current_temperature = -30.7  delta_temperature = -0.6999999999999993  elapsed_time =  1684
 target_temperature = -30.0  current_temperature = -30.7  delta_temperature = -0.6999999999999993  elapsed_time =  1689
 target_temperature = -30.0  current_temperature = -30.7  delta_temperature = -0.6999999999999993  elapsed_time =  1696
 target_temperature = -30.0  current_temperature = -30.7  delta_temperature = -0.6999999999999993  elapsed_time =  1702
 target_temperature = -30.0  current_temperature = -30.7  delta_temperature = -0.6999999999999993  elapsed_time =  1707
 target_temperature = -30.0  current_temperature = -30.7  delta_temperature = -0.6999999999999993  elapsed_time =  1713
 target_temperature = -30.0  current_temperature = -30.6  delta_temperature = -0.6000000000000014  elapsed_time =  1718
 target_temperature = -30.0  current_temperature = -30.6  delta_temperature = -0.6000000000000014  elapsed_time =  1724
 target_temperature = -30.0  current_temperature = -30.6  delta_temperature = -0.6000000000000014  elapsed_time =  1729
 target_temperature = -30.0  current_temperature = -30.5  delta_temperature = -0.5  elapsed_time =  1735
 target_temperature = -30.0  current_temperature = -30.5  delta_temperature = -0.5  elapsed_time =  1741
 target_temperature = -30.0  current_temperature = -30.5  delta_temperature = -0.5  elapsed_time =  1746
 target_temperature = -30.0  current_temperature = -30.5  delta_temperature = -0.5  elapsed_time =  1751
 target_temperature = -30.0  current_temperature = -30.5  delta_temperature = -0.5  elapsed_time =  1757
 target_temperature = -30.0  current_temperature = -30.4  delta_temperature = -0.3999999999999986  elapsed_time =  1762
 target_temperature = -30.0  current_temperature = -30.4  delta_temperature = -0.3999999999999986  elapsed_time =  1767
 target_temperature = -30.0  current_temperature = -30.4  delta_temperature = -0.3999999999999986  elapsed_time =  1772
 target_temperature = -30.0  current_temperature = -30.2  delta_temperature = -0.1999999999999993  elapsed_time =  1780
 target_temperature = -30.0  current_temperature = -30.2  delta_temperature = -0.1999999999999993  elapsed_time =  1785
 target_temperature = -30.0  current_temperature = -30.2  delta_temperature = -0.1999999999999993  elapsed_time =  1790
 target_temperature = -30.0  current_temperature = -30.1  delta_temperature = -0.10000000000000142  elapsed_time =  1796
 target_temperature = -30.0  current_temperature = -30.1  delta_temperature = -0.10000000000000142  elapsed_time =  1802
