 --- 
 --- START: /home/eic/DATA/2023-characterisation/actual/20230801-085616/memmert-hama3-iv 
 --- 
1690872976 | Tue  1 Aug 08:56:16 CEST 2023 
 --- 
 --- go to -30 C: /au/memmert/memmert_go_to_minus_30.sh 
 --- 
 --- SCAN: /home/eic/DATA/2023-characterisation/actual/20230801-085616/memmert-hama3-iv 
 --- 
1690881004 | Tue  1 Aug 11:10:04 CEST 2023 
 --- 
 --- starting IV setup: /au/measure/2023-characterisation/run-iv-setup.sh run-memmert-hama3-setup
 --- waiting for processes to complete 
 --- 
 --- COMPLETED: /home/eic/DATA/2023-characterisation/actual/20230801-085616/memmert-hama3-iv 
 --- 
1690886224 | Tue  1 Aug 12:37:04 CEST 2023 
 --- 
 --- go back to 20 C: /au/memmert/memmert_back_to_plus_20.sh 
 --- 
 --- DONE: /home/eic/DATA/2023-characterisation/actual/20230801-085616/memmert-hama3-iv 
 --- 
1690887227 | Tue  1 Aug 12:53:47 CEST 2023 
 --- 
