 --- setting mode: 1
 --- response: OK
 --- mode set value: 1
 --- setting temperature: 25.0
 --- response: OK
 --- temperature set value: 25.0
 --- setting fan: A
 --- response: OK
 --- fan set value: A
 --- setting fan: A
 --- response: OK
 --- fan set value: A
 --- memmert reached RH = 5.0 %
 --- wait 10 minutes to make sure RH is really low
 --- setting temperature: -30.0
 --- response: OK
 --- temperature set value: -30.0
 target_temperature = -30.0  current_temperature = 24.9  delta_temperature = 54.9  elapsed_time =  0
 target_temperature = -30.0  current_temperature = 25.0  delta_temperature = 55.0  elapsed_time =  0
 target_temperature = -30.0  current_temperature = 24.9  delta_temperature = 54.9  elapsed_time =  0
 target_temperature = -30.0  current_temperature = 24.9  delta_temperature = 54.9  elapsed_time =  0
 target_temperature = -30.0  current_temperature = 25.0  delta_temperature = 55.0  elapsed_time =  0
 target_temperature = -30.0  current_temperature = 24.8  delta_temperature = 54.8  elapsed_time =  0
 target_temperature = -20.0  current_temperature = 24.7  delta_temperature = 44.7  elapsed_time =  0
 target_temperature = -20.0  current_temperature = 24.4  delta_temperature = 44.4  elapsed_time =  0
 target_temperature = -20.0  current_temperature = 24.1  delta_temperature = 44.1  elapsed_time =  0
 target_temperature = -20.0  current_temperature = 23.8  delta_temperature = 43.8  elapsed_time =  0
 target_temperature = -20.0  current_temperature = 23.4  delta_temperature = 43.4  elapsed_time =  0
 target_temperature = -20.0  current_temperature = 23.0  delta_temperature = 43.0  elapsed_time =  0
 target_temperature = -20.0  current_temperature = 22.6  delta_temperature = 42.6  elapsed_time =  0
 target_temperature = -20.0  current_temperature = 22.2  delta_temperature = 42.2  elapsed_time =  0
 target_temperature = -20.0  current_temperature = 21.9  delta_temperature = 41.9  elapsed_time =  0
 target_temperature = -20.0  current_temperature = 21.6  delta_temperature = 41.6  elapsed_time =  0
 target_temperature = -20.0  current_temperature = 21.4  delta_temperature = 41.4  elapsed_time =  0
 target_temperature = -20.0  current_temperature = 21.2  delta_temperature = 41.2  elapsed_time =  0
 target_temperature = -20.0  current_temperature = 20.7  delta_temperature = 40.7  elapsed_time =  0
 target_temperature = -20.0  current_temperature = 20.6  delta_temperature = 40.6  elapsed_time =  0
 target_temperature = -20.0  current_temperature = 20.1  delta_temperature = 40.1  elapsed_time =  0
 target_temperature = -20.0  current_temperature = 20.0  delta_temperature = 40.0  elapsed_time =  0
 target_temperature = -20.0  current_temperature = 19.9  delta_temperature = 39.9  elapsed_time =  0
 target_temperature = -20.0  current_temperature = 19.7  delta_temperature = 39.7  elapsed_time =  0
 target_temperature = -20.0  current_temperature = 19.4  delta_temperature = 39.4  elapsed_time =  0
 target_temperature = -20.0  current_temperature = 19.1  delta_temperature = 39.1  elapsed_time =  0
 target_temperature = -20.0  current_temperature = 19.0  delta_temperature = 39.0  elapsed_time =  0
 target_temperature = -20.0  current_temperature = 18.9  delta_temperature = 38.9  elapsed_time =  0
 target_temperature = -20.0  current_temperature = 18.7  delta_temperature = 38.7  elapsed_time =  0
 target_temperature = -20.0  current_temperature = 18.6  delta_temperature = 38.6  elapsed_time =  0
 target_temperature = -20.0  current_temperature = 18.5  delta_temperature = 38.5  elapsed_time =  0
 target_temperature = -20.0  current_temperature = 18.1  delta_temperature = 38.1  elapsed_time =  0
 target_temperature = -20.0  current_temperature = 18.0  delta_temperature = 38.0  elapsed_time =  0
 target_temperature = -20.0  current_temperature = 17.8  delta_temperature = 37.8  elapsed_time =  0
 target_temperature = -20.0  current_temperature = 17.5  delta_temperature = 37.5  elapsed_time =  0
 target_temperature = -20.0  current_temperature = 17.2  delta_temperature = 37.2  elapsed_time =  0
 target_temperature = -20.0  current_temperature = 17.0  delta_temperature = 37.0  elapsed_time =  0
 target_temperature = -20.0  current_temperature = 16.5  delta_temperature = 36.5  elapsed_time =  0
 target_temperature = -20.0  current_temperature = 16.2  delta_temperature = 36.2  elapsed_time =  0
 target_temperature = -20.0  current_temperature = 15.9  delta_temperature = 35.9  elapsed_time =  0
 target_temperature = -20.0  current_temperature = 15.8  delta_temperature = 35.8  elapsed_time =  0
 target_temperature = -20.0  current_temperature = 15.4  delta_temperature = 35.4  elapsed_time =  0
 target_temperature = -20.0  current_temperature = 14.9  delta_temperature = 34.9  elapsed_time =  0
 target_temperature = -20.0  current_temperature = 14.8  delta_temperature = 34.8  elapsed_time =  0
 target_temperature = -20.0  current_temperature = 14.7  delta_temperature = 34.7  elapsed_time =  0
 target_temperature = -20.0  current_temperature = 14.4  delta_temperature = 34.4  elapsed_time =  0
 target_temperature = -20.0  current_temperature = 14.2  delta_temperature = 34.2  elapsed_time =  0
 target_temperature = -20.0  current_temperature = 14.1  delta_temperature = 34.1  elapsed_time =  0
 target_temperature = -20.0  current_temperature = 13.6  delta_temperature = 33.6  elapsed_time =  0
 target_temperature = -20.0  current_temperature = 13.6  delta_temperature = 33.6  elapsed_time =  0
 target_temperature = -20.0  current_temperature = 13.4  delta_temperature = 33.4  elapsed_time =  0
 target_temperature = -20.0  current_temperature = 13.1  delta_temperature = 33.1  elapsed_time =  0
 target_temperature = -20.0  current_temperature = 12.8  delta_temperature = 32.8  elapsed_time =  0
 target_temperature = -20.0  current_temperature = 12.4  delta_temperature = 32.4  elapsed_time =  0
 target_temperature = -20.0  current_temperature = 12.3  delta_temperature = 32.3  elapsed_time =  0
 target_temperature = -20.0  current_temperature = 12.1  delta_temperature = 32.1  elapsed_time =  0
 target_temperature = -20.0  current_temperature = 11.8  delta_temperature = 31.8  elapsed_time =  0
 target_temperature = -20.0  current_temperature = 11.6  delta_temperature = 31.6  elapsed_time =  0
 target_temperature = -20.0  current_temperature = 11.2  delta_temperature = 31.2  elapsed_time =  0
 target_temperature = -20.0  current_temperature = 11.2  delta_temperature = 31.2  elapsed_time =  0
 target_temperature = -20.0  current_temperature = 11.1  delta_temperature = 31.1  elapsed_time =  0
 target_temperature = -20.0  current_temperature = 10.8  delta_temperature = 30.8  elapsed_time =  0
 target_temperature = -20.0  current_temperature = 10.7  delta_temperature = 30.7  elapsed_time =  0
 target_temperature = -20.0  current_temperature = 10.3  delta_temperature = 30.3  elapsed_time =  0
 target_temperature = -20.0  current_temperature = 10.2  delta_temperature = 30.2  elapsed_time =  0
 target_temperature = -20.0  current_temperature = 10.0  delta_temperature = 30.0  elapsed_time =  0
 target_temperature = -20.0  current_temperature = 9.8  delta_temperature = 29.8  elapsed_time =  0
 target_temperature = -20.0  current_temperature = 9.6  delta_temperature = 29.6  elapsed_time =  0
 target_temperature = -20.0  current_temperature = 9.5  delta_temperature = 29.5  elapsed_time =  0
 target_temperature = -20.0  current_temperature = 9.0  delta_temperature = 29.0  elapsed_time =  0
 target_temperature = -20.0  current_temperature = 8.8  delta_temperature = 28.8  elapsed_time =  0
 target_temperature = -20.0  current_temperature = 8.6  delta_temperature = 28.6  elapsed_time =  0
 target_temperature = -20.0  current_temperature = 8.4  delta_temperature = 28.4  elapsed_time =  0
 target_temperature = -20.0  current_temperature = 8.4  delta_temperature = 28.4  elapsed_time =  0
 target_temperature = -20.0  current_temperature = 8.0  delta_temperature = 28.0  elapsed_time =  0
 target_temperature = -20.0  current_temperature = 7.8  delta_temperature = 27.8  elapsed_time =  0
 target_temperature = -20.0  current_temperature = 7.8  delta_temperature = 27.8  elapsed_time =  0
 target_temperature = -20.0  current_temperature = 7.5  delta_temperature = 27.5  elapsed_time =  0
 target_temperature = -20.0  current_temperature = 7.4  delta_temperature = 27.4  elapsed_time =  0
 target_temperature = -20.0  current_temperature = 7.0  delta_temperature = 27.0  elapsed_time =  0
 target_temperature = -20.0  current_temperature = 7.0  delta_temperature = 27.0  elapsed_time =  0
 target_temperature = -20.0  current_temperature = 6.9  delta_temperature = 26.9  elapsed_time =  0
 target_temperature = -20.0  current_temperature = 6.7  delta_temperature = 26.7  elapsed_time =  0
 target_temperature = -20.0  current_temperature = 6.6  delta_temperature = 26.6  elapsed_time =  0
 target_temperature = -20.0  current_temperature = 6.6  delta_temperature = 26.6  elapsed_time =  0
 target_temperature = -20.0  current_temperature = 6.1  delta_temperature = 26.1  elapsed_time =  0
 target_temperature = -20.0  current_temperature = 6.1  delta_temperature = 26.1  elapsed_time =  0
 target_temperature = -20.0  current_temperature = 6.0  delta_temperature = 26.0  elapsed_time =  0
 target_temperature = -20.0  current_temperature = 5.7  delta_temperature = 25.7  elapsed_time =  0
 target_temperature = -20.0  current_temperature = 5.7  delta_temperature = 25.7  elapsed_time =  0
 target_temperature = -20.0  current_temperature = 5.2  delta_temperature = 25.2  elapsed_time =  0
 target_temperature = -20.0  current_temperature = 5.2  delta_temperature = 25.2  elapsed_time =  0
 target_temperature = -20.0  current_temperature = 5.1  delta_temperature = 25.1  elapsed_time =  0
 target_temperature = -20.0  current_temperature = 4.9  delta_temperature = 24.9  elapsed_time =  0
 target_temperature = -20.0  current_temperature = 4.8  delta_temperature = 24.8  elapsed_time =  0
 target_temperature = -20.0  current_temperature = 4.5  delta_temperature = 24.5  elapsed_time =  0
 target_temperature = -20.0  current_temperature = 4.4  delta_temperature = 24.4  elapsed_time =  0
 target_temperature = -20.0  current_temperature = 4.3  delta_temperature = 24.3  elapsed_time =  0
 target_temperature = -20.0  current_temperature = 4.1  delta_temperature = 24.1  elapsed_time =  0
 target_temperature = -20.0  current_temperature = 3.9  delta_temperature = 23.9  elapsed_time =  0
 target_temperature = -20.0  current_temperature = 3.8  delta_temperature = 23.8  elapsed_time =  0
 target_temperature = -20.0  current_temperature = 3.4  delta_temperature = 23.4  elapsed_time =  0
 target_temperature = -20.0  current_temperature = 3.4  delta_temperature = 23.4  elapsed_time =  0
 target_temperature = -20.0  current_temperature = 3.3  delta_temperature = 23.3  elapsed_time =  0
 target_temperature = -20.0  current_temperature = 3.0  delta_temperature = 23.0  elapsed_time =  0
 target_temperature = -20.0  current_temperature = 3.0  delta_temperature = 23.0  elapsed_time =  0
 target_temperature = -20.0  current_temperature = 2.6  delta_temperature = 22.6  elapsed_time =  0
 target_temperature = -20.0  current_temperature = 2.4  delta_temperature = 22.4  elapsed_time =  0
 target_temperature = -20.0  current_temperature = 2.4  delta_temperature = 22.4  elapsed_time =  0
 target_temperature = -20.0  current_temperature = 2.2  delta_temperature = 22.2  elapsed_time =  0
 target_temperature = -20.0  current_temperature = 2.1  delta_temperature = 22.1  elapsed_time =  0
 target_temperature = -20.0  current_temperature = 2.0  delta_temperature = 22.0  elapsed_time =  0
 target_temperature = -20.0  current_temperature = 1.7  delta_temperature = 21.7  elapsed_time =  0
 target_temperature = -20.0  current_temperature = 1.7  delta_temperature = 21.7  elapsed_time =  0
 target_temperature = -20.0  current_temperature = 1.5  delta_temperature = 21.5  elapsed_time =  0
 target_temperature = -20.0  current_temperature = 1.4  delta_temperature = 21.4  elapsed_time =  0
 target_temperature = -20.0  current_temperature = 1.4  delta_temperature = 21.4  elapsed_time =  0
 target_temperature = -20.0  current_temperature = 1.1  delta_temperature = 21.1  elapsed_time =  0
 target_temperature = -20.0  current_temperature = 1.1  delta_temperature = 21.1  elapsed_time =  0
 target_temperature = -20.0  current_temperature = 1.1  delta_temperature = 21.1  elapsed_time =  0
 target_temperature = -20.0  current_temperature = 0.9  delta_temperature = 20.9  elapsed_time =  0
 target_temperature = -20.0  current_temperature = 0.9  delta_temperature = 20.9  elapsed_time =  0
 target_temperature = -20.0  current_temperature = 0.7  delta_temperature = 20.7  elapsed_time =  0
 target_temperature = -20.0  current_temperature = 0.5  delta_temperature = 20.5  elapsed_time =  0
 target_temperature = -20.0  current_temperature = 0.4  delta_temperature = 20.4  elapsed_time =  0
 target_temperature = -20.0  current_temperature = 0.3  delta_temperature = 20.3  elapsed_time =  0
 target_temperature = -20.0  current_temperature = 0.2  delta_temperature = 20.2  elapsed_time =  0
 target_temperature = -20.0  current_temperature = 0.2  delta_temperature = 20.2  elapsed_time =  0
 target_temperature = -20.0  current_temperature = -0.2  delta_temperature = 19.8  elapsed_time =  0
 target_temperature = -20.0  current_temperature = -0.2  delta_temperature = 19.8  elapsed_time =  0
 target_temperature = -20.0  current_temperature = -0.3  delta_temperature = 19.7  elapsed_time =  0
 target_temperature = -20.0  current_temperature = -0.5  delta_temperature = 19.5  elapsed_time =  0
 target_temperature = -20.0  current_temperature = -0.5  delta_temperature = 19.5  elapsed_time =  0
 target_temperature = -20.0  current_temperature = -1.0  delta_temperature = 19.0  elapsed_time =  0
 target_temperature = -20.0  current_temperature = -1.0  delta_temperature = 19.0  elapsed_time =  0
 target_temperature = -20.0  current_temperature = -1.0  delta_temperature = 19.0  elapsed_time =  0
 target_temperature = -20.0  current_temperature = -1.3  delta_temperature = 18.7  elapsed_time =  0
 target_temperature = -20.0  current_temperature = -1.4  delta_temperature = 18.6  elapsed_time =  0
 target_temperature = -20.0  current_temperature = -1.6  delta_temperature = 18.4  elapsed_time =  0
 target_temperature = -20.0  current_temperature = -1.7  delta_temperature = 18.3  elapsed_time =  0
 target_temperature = -20.0  current_temperature = -1.8  delta_temperature = 18.2  elapsed_time =  0
 target_temperature = -20.0  current_temperature = -2.1  delta_temperature = 17.9  elapsed_time =  0
 target_temperature = -20.0  current_temperature = -2.1  delta_temperature = 17.9  elapsed_time =  0
 target_temperature = -20.0  current_temperature = -2.1  delta_temperature = 17.9  elapsed_time =  0
 target_temperature = -20.0  current_temperature = -2.5  delta_temperature = 17.5  elapsed_time =  0
 target_temperature = -20.0  current_temperature = -2.5  delta_temperature = 17.5  elapsed_time =  0
 target_temperature = -20.0  current_temperature = -2.5  delta_temperature = 17.5  elapsed_time =  0
 target_temperature = -20.0  current_temperature = -2.6  delta_temperature = 17.4  elapsed_time =  0
 target_temperature = -20.0  current_temperature = -2.6  delta_temperature = 17.4  elapsed_time =  0
 target_temperature = -20.0  current_temperature = -2.8  delta_temperature = 17.2  elapsed_time =  0
 target_temperature = -20.0  current_temperature = -2.9  delta_temperature = 17.1  elapsed_time =  0
 target_temperature = -20.0  current_temperature = -2.9  delta_temperature = 17.1  elapsed_time =  0
 target_temperature = -20.0  current_temperature = -3.0  delta_temperature = 17.0  elapsed_time =  0
 target_temperature = -20.0  current_temperature = -3.1  delta_temperature = 16.9  elapsed_time =  0
 target_temperature = -20.0  current_temperature = -3.1  delta_temperature = 16.9  elapsed_time =  0
 target_temperature = -20.0  current_temperature = -3.3  delta_temperature = 16.7  elapsed_time =  0
 target_temperature = -20.0  current_temperature = -3.3  delta_temperature = 16.7  elapsed_time =  0
 target_temperature = -20.0  current_temperature = -3.3  delta_temperature = 16.7  elapsed_time =  0
 target_temperature = -20.0  current_temperature = -3.5  delta_temperature = 16.5  elapsed_time =  0
 target_temperature = -20.0  current_temperature = -3.5  delta_temperature = 16.5  elapsed_time =  0
 target_temperature = -20.0  current_temperature = -3.6  delta_temperature = 16.4  elapsed_time =  0
 target_temperature = -20.0  current_temperature = -3.8  delta_temperature = 16.2  elapsed_time =  0
 target_temperature = -20.0  current_temperature = -3.8  delta_temperature = 16.2  elapsed_time =  0
 target_temperature = -20.0  current_temperature = -3.9  delta_temperature = 16.1  elapsed_time =  0
 target_temperature = -20.0  current_temperature = -3.9  delta_temperature = 16.1  elapsed_time =  0
 target_temperature = -20.0  current_temperature = -4.0  delta_temperature = 16.0  elapsed_time =  0
 target_temperature = -20.0  current_temperature = -4.1  delta_temperature = 15.9  elapsed_time =  0
 target_temperature = -20.0  current_temperature = -4.2  delta_temperature = 15.8  elapsed_time =  0
 target_temperature = -20.0  current_temperature = -4.2  delta_temperature = 15.8  elapsed_time =  0
 target_temperature = -20.0  current_temperature = -4.5  delta_temperature = 15.5  elapsed_time =  0
 target_temperature = -20.0  current_temperature = -4.5  delta_temperature = 15.5  elapsed_time =  0
 target_temperature = -20.0  current_temperature = -4.6  delta_temperature = 15.4  elapsed_time =  0
 target_temperature = -20.0  current_temperature = -4.8  delta_temperature = 15.2  elapsed_time =  0
 target_temperature = -20.0  current_temperature = -4.8  delta_temperature = 15.2  elapsed_time =  0
 target_temperature = -20.0  current_temperature = -5.0  delta_temperature = 15.0  elapsed_time =  0
 target_temperature = -20.0  current_temperature = -5.2  delta_temperature = 14.8  elapsed_time =  0
 target_temperature = -20.0  current_temperature = -5.3  delta_temperature = 14.7  elapsed_time =  0
 target_temperature = -20.0  current_temperature = -5.5  delta_temperature = 14.5  elapsed_time =  0
 target_temperature = -20.0  current_temperature = -5.5  delta_temperature = 14.5  elapsed_time =  0
 target_temperature = -20.0  current_temperature = -5.6  delta_temperature = 14.4  elapsed_time =  0
 target_temperature = -20.0  current_temperature = -5.6  delta_temperature = 14.4  elapsed_time =  0
 target_temperature = -20.0  current_temperature = -5.7  delta_temperature = 14.3  elapsed_time =  0
 target_temperature = -20.0  current_temperature = -5.9  delta_temperature = 14.1  elapsed_time =  0
 target_temperature = -20.0  current_temperature = -5.9  delta_temperature = 14.1  elapsed_time =  0
 target_temperature = -20.0  current_temperature = -5.9  delta_temperature = 14.1  elapsed_time =  0
 target_temperature = -20.0  current_temperature = -6.0  delta_temperature = 14.0  elapsed_time =  0
 target_temperature = -20.0  current_temperature = -6.0  delta_temperature = 14.0  elapsed_time =  0
 target_temperature = -20.0  current_temperature = -6.2  delta_temperature = 13.8  elapsed_time =  0
 target_temperature = -20.0  current_temperature = -6.2  delta_temperature = 13.8  elapsed_time =  0
 target_temperature = -20.0  current_temperature = -6.3  delta_temperature = 13.7  elapsed_time =  0
 target_temperature = -20.0  current_temperature = -6.3  delta_temperature = 13.7  elapsed_time =  0
 target_temperature = -20.0  current_temperature = -6.3  delta_temperature = 13.7  elapsed_time =  0
 target_temperature = -20.0  current_temperature = -6.6  delta_temperature = 13.4  elapsed_time =  0
 target_temperature = -20.0  current_temperature = -6.7  delta_temperature = 13.3  elapsed_time =  0
 target_temperature = -20.0  current_temperature = -6.7  delta_temperature = 13.3  elapsed_time =  0
 target_temperature = -20.0  current_temperature = -6.8  delta_temperature = 13.2  elapsed_time =  0
 target_temperature = -20.0  current_temperature = -6.8  delta_temperature = 13.2  elapsed_time =  0
 target_temperature = -20.0  current_temperature = -6.8  delta_temperature = 13.2  elapsed_time =  0
 target_temperature = -20.0  current_temperature = -7.1  delta_temperature = 12.9  elapsed_time =  0
 target_temperature = -20.0  current_temperature = -7.1  delta_temperature = 12.9  elapsed_time =  0
 target_temperature = -20.0  current_temperature = -7.1  delta_temperature = 12.9  elapsed_time =  0
 target_temperature = -20.0  current_temperature = -7.2  delta_temperature = 12.8  elapsed_time =  0
 target_temperature = -20.0  current_temperature = -7.3  delta_temperature = 12.7  elapsed_time =  0
 target_temperature = -20.0  current_temperature = -7.5  delta_temperature = 12.5  elapsed_time =  0
 target_temperature = -20.0  current_temperature = -7.5  delta_temperature = 12.5  elapsed_time =  0
 target_temperature = -20.0  current_temperature = -7.7  delta_temperature = 12.3  elapsed_time =  0
 target_temperature = -20.0  current_temperature = -7.9  delta_temperature = 12.1  elapsed_time =  0
 target_temperature = -20.0  current_temperature = -7.9  delta_temperature = 12.1  elapsed_time =  0
 target_temperature = -20.0  current_temperature = -8.1  delta_temperature = 11.9  elapsed_time =  0
 target_temperature = -20.0  current_temperature = -8.1  delta_temperature = 11.9  elapsed_time =  0
 target_temperature = -20.0  current_temperature = -8.1  delta_temperature = 11.9  elapsed_time =  0
 target_temperature = -20.0  current_temperature = -8.3  delta_temperature = 11.7  elapsed_time =  0
 target_temperature = -20.0  current_temperature = -8.3  delta_temperature = 11.7  elapsed_time =  0
 target_temperature = -20.0  current_temperature = -8.3  delta_temperature = 11.7  elapsed_time =  0
 target_temperature = -20.0  current_temperature = -8.5  delta_temperature = 11.5  elapsed_time =  0
 target_temperature = -20.0  current_temperature = -8.5  delta_temperature = 11.5  elapsed_time =  0
 target_temperature = -20.0  current_temperature = -8.6  delta_temperature = 11.4  elapsed_time =  0
 target_temperature = -20.0  current_temperature = -8.6  delta_temperature = 11.4  elapsed_time =  0
 target_temperature = -20.0  current_temperature = -8.6  delta_temperature = 11.4  elapsed_time =  0
 target_temperature = -20.0  current_temperature = -8.8  delta_temperature = 11.2  elapsed_time =  0
 target_temperature = -20.0  current_temperature = -8.9  delta_temperature = 11.1  elapsed_time =  0
 target_temperature = -20.0  current_temperature = -8.9  delta_temperature = 11.1  elapsed_time =  0
 target_temperature = -20.0  current_temperature = -9.0  delta_temperature = 11.0  elapsed_time =  0
 target_temperature = -20.0  current_temperature = -9.0  delta_temperature = 11.0  elapsed_time =  0
 target_temperature = -20.0  current_temperature = -9.1  delta_temperature = 10.9  elapsed_time =  0
 target_temperature = -20.0  current_temperature = -9.2  delta_temperature = 10.8  elapsed_time =  0
 target_temperature = -20.0  current_temperature = -9.2  delta_temperature = 10.8  elapsed_time =  0
 target_temperature = -20.0  current_temperature = -9.2  delta_temperature = 10.8  elapsed_time =  0
 target_temperature = -20.0  current_temperature = -9.3  delta_temperature = 10.7  elapsed_time =  0
 target_temperature = -20.0  current_temperature = -9.3  delta_temperature = 10.7  elapsed_time =  0
 target_temperature = -20.0  current_temperature = -9.6  delta_temperature = 10.4  elapsed_time =  0
 target_temperature = -20.0  current_temperature = -9.6  delta_temperature = 10.4  elapsed_time =  0
 target_temperature = -20.0  current_temperature = -9.7  delta_temperature = 10.3  elapsed_time =  0
 target_temperature = -20.0  current_temperature = -9.7  delta_temperature = 10.3  elapsed_time =  0
 target_temperature = -20.0  current_temperature = -9.7  delta_temperature = 10.3  elapsed_time =  0
 target_temperature = -20.0  current_temperature = -9.9  delta_temperature = 10.1  elapsed_time =  0
 target_temperature = -20.0  current_temperature = -10.0  delta_temperature = 10.0  elapsed_time =  0
 target_temperature = -20.0  current_temperature = -10.0  delta_temperature = 10.0  elapsed_time =  0
 target_temperature = -20.0  current_temperature = -10.1  delta_temperature = 9.9  elapsed_time =  0
 target_temperature = -20.0  current_temperature = -10.1  delta_temperature = 9.9  elapsed_time =  0
 target_temperature = -20.0  current_temperature = -10.4  delta_temperature = 9.6  elapsed_time =  0
 target_temperature = -20.0  current_temperature = -10.5  delta_temperature = 9.5  elapsed_time =  0
 target_temperature = -20.0  current_temperature = -10.5  delta_temperature = 9.5  elapsed_time =  0
 target_temperature = -20.0  current_temperature = -10.7  delta_temperature = 9.3  elapsed_time =  0
 target_temperature = -20.0  current_temperature = -10.7  delta_temperature = 9.3  elapsed_time =  0
 target_temperature = -20.0  current_temperature = -10.9  delta_temperature = 9.1  elapsed_time =  0
 target_temperature = -20.0  current_temperature = -11.0  delta_temperature = 9.0  elapsed_time =  0
 target_temperature = -20.0  current_temperature = -11.0  delta_temperature = 9.0  elapsed_time =  0
 target_temperature = -20.0  current_temperature = -11.2  delta_temperature = 8.8  elapsed_time =  0
 target_temperature = -20.0  current_temperature = -11.2  delta_temperature = 8.8  elapsed_time =  0
 target_temperature = -20.0  current_temperature = -11.3  delta_temperature = 8.7  elapsed_time =  0
 target_temperature = -20.0  current_temperature = -11.3  delta_temperature = 8.7  elapsed_time =  0
 target_temperature = -20.0  current_temperature = -11.3  delta_temperature = 8.7  elapsed_time =  0
 target_temperature = -20.0  current_temperature = -11.4  delta_temperature = 8.6  elapsed_time =  0
 target_temperature = -20.0  current_temperature = -11.5  delta_temperature = 8.5  elapsed_time =  0
 target_temperature = -20.0  current_temperature = -11.5  delta_temperature = 8.5  elapsed_time =  0
 target_temperature = -20.0  current_temperature = -11.6  delta_temperature = 8.4  elapsed_time =  0
 target_temperature = -20.0  current_temperature = -11.6  delta_temperature = 8.4  elapsed_time =  0
 target_temperature = -20.0  current_temperature = -11.7  delta_temperature = 8.3  elapsed_time =  0
 target_temperature = -20.0  current_temperature = -11.8  delta_temperature = 8.2  elapsed_time =  0
 target_temperature = -20.0  current_temperature = -11.8  delta_temperature = 8.2  elapsed_time =  0
 target_temperature = -20.0  current_temperature = -11.9  delta_temperature = 8.1  elapsed_time =  0
 target_temperature = -20.0  current_temperature = -11.9  delta_temperature = 8.1  elapsed_time =  0
 target_temperature = -20.0  current_temperature = -11.9  delta_temperature = 8.1  elapsed_time =  0
 target_temperature = -20.0  current_temperature = -12.1  delta_temperature = 7.9  elapsed_time =  0
 target_temperature = -20.0  current_temperature = -12.1  delta_temperature = 7.9  elapsed_time =  0
 target_temperature = -20.0  current_temperature = -12.2  delta_temperature = 7.800000000000001  elapsed_time =  0
 target_temperature = -20.0  current_temperature = -12.3  delta_temperature = 7.699999999999999  elapsed_time =  0
 target_temperature = -20.0  current_temperature = -12.3  delta_temperature = 7.699999999999999  elapsed_time =  0
 target_temperature = -20.0  current_temperature = -12.5  delta_temperature = 7.5  elapsed_time =  0
 target_temperature = -20.0  current_temperature = -12.5  delta_temperature = 7.5  elapsed_time =  0
 target_temperature = -20.0  current_temperature = -12.6  delta_temperature = 7.4  elapsed_time =  0
 target_temperature = -20.0  current_temperature = -12.7  delta_temperature = 7.300000000000001  elapsed_time =  0
 target_temperature = -20.0  current_temperature = -12.7  delta_temperature = 7.300000000000001  elapsed_time =  0
 target_temperature = -20.0  current_temperature = -12.8  delta_temperature = 7.199999999999999  elapsed_time =  0
 target_temperature = -20.0  current_temperature = -12.9  delta_temperature = 7.1  elapsed_time =  0
 target_temperature = -20.0  current_temperature = -13.1  delta_temperature = 6.9  elapsed_time =  0
 target_temperature = -20.0  current_temperature = -13.1  delta_temperature = 6.9  elapsed_time =  0
 target_temperature = -20.0  current_temperature = -13.1  delta_temperature = 6.9  elapsed_time =  0
 target_temperature = -20.0  current_temperature = -13.3  delta_temperature = 6.699999999999999  elapsed_time =  0
 target_temperature = -20.0  current_temperature = -13.3  delta_temperature = 6.699999999999999  elapsed_time =  0
 target_temperature = -20.0  current_temperature = -13.4  delta_temperature = 6.6  elapsed_time =  0
 target_temperature = -20.0  current_temperature = -13.6  delta_temperature = 6.4  elapsed_time =  0
 target_temperature = -20.0  current_temperature = -13.8  delta_temperature = 6.199999999999999  elapsed_time =  0
 target_temperature = -20.0  current_temperature = -13.8  delta_temperature = 6.199999999999999  elapsed_time =  0
 target_temperature = -20.0  current_temperature = -13.8  delta_temperature = 6.199999999999999  elapsed_time =  0
 target_temperature = -20.0  current_temperature = -13.8  delta_temperature = 6.199999999999999  elapsed_time =  0
 target_temperature = -20.0  current_temperature = -13.9  delta_temperature = 6.1  elapsed_time =  0
 target_temperature = -20.0  current_temperature = -13.9  delta_temperature = 6.1  elapsed_time =  0
 target_temperature = -20.0  current_temperature = -13.9  delta_temperature = 6.1  elapsed_time =  0
 target_temperature = -20.0  current_temperature = -14.0  delta_temperature = 6.0  elapsed_time =  0
 target_temperature = -20.0  current_temperature = -14.0  delta_temperature = 6.0  elapsed_time =  0
 target_temperature = -20.0  current_temperature = -14.1  delta_temperature = 5.9  elapsed_time =  0
 target_temperature = -20.0  current_temperature = -14.1  delta_temperature = 5.9  elapsed_time =  0
 target_temperature = -20.0  current_temperature = -14.1  delta_temperature = 5.9  elapsed_time =  0
 target_temperature = -20.0  current_temperature = -14.1  delta_temperature = 5.9  elapsed_time =  0
 target_temperature = -20.0  current_temperature = -14.1  delta_temperature = 5.9  elapsed_time =  0
 target_temperature = -20.0  current_temperature = -14.2  delta_temperature = 5.800000000000001  elapsed_time =  0
 target_temperature = -20.0  current_temperature = -14.3  delta_temperature = 5.699999999999999  elapsed_time =  0
 target_temperature = -20.0  current_temperature = -14.3  delta_temperature = 5.699999999999999  elapsed_time =  0
 target_temperature = -20.0  current_temperature = -14.4  delta_temperature = 5.6  elapsed_time =  0
 target_temperature = -20.0  current_temperature = -14.5  delta_temperature = 5.5  elapsed_time =  0
 target_temperature = -20.0  current_temperature = -14.5  delta_temperature = 5.5  elapsed_time =  0
 target_temperature = -20.0  current_temperature = -14.6  delta_temperature = 5.4  elapsed_time =  0
 target_temperature = -20.0  current_temperature = -14.6  delta_temperature = 5.4  elapsed_time =  0
 target_temperature = -20.0  current_temperature = -14.6  delta_temperature = 5.4  elapsed_time =  0
 target_temperature = -20.0  current_temperature = -14.7  delta_temperature = 5.300000000000001  elapsed_time =  0
 target_temperature = -20.0  current_temperature = -14.7  delta_temperature = 5.300000000000001  elapsed_time =  0
 target_temperature = -20.0  current_temperature = -14.9  delta_temperature = 5.1  elapsed_time =  0
 target_temperature = -20.0  current_temperature = -14.9  delta_temperature = 5.1  elapsed_time =  0
 target_temperature = -20.0  current_temperature = -14.9  delta_temperature = 5.1  elapsed_time =  0
 target_temperature = -20.0  current_temperature = -15.0  delta_temperature = 5.0  elapsed_time =  0
 target_temperature = -20.0  current_temperature = -15.1  delta_temperature = 4.9  elapsed_time =  0
 target_temperature = -20.0  current_temperature = -15.1  delta_temperature = 4.9  elapsed_time =  0
 target_temperature = -20.0  current_temperature = -15.3  delta_temperature = 4.699999999999999  elapsed_time =  0
 target_temperature = -20.0  current_temperature = -15.3  delta_temperature = 4.699999999999999  elapsed_time =  0
 target_temperature = -20.0  current_temperature = -15.4  delta_temperature = 4.6  elapsed_time =  0
 target_temperature = -20.0  current_temperature = -15.5  delta_temperature = 4.5  elapsed_time =  0
 target_temperature = -20.0  current_temperature = -15.5  delta_temperature = 4.5  elapsed_time =  0
 target_temperature = -20.0  current_temperature = -15.7  delta_temperature = 4.300000000000001  elapsed_time =  0
 target_temperature = -20.0  current_temperature = -15.7  delta_temperature = 4.300000000000001  elapsed_time =  0
 target_temperature = -20.0  current_temperature = -15.7  delta_temperature = 4.300000000000001  elapsed_time =  0
 target_temperature = -20.0  current_temperature = -15.8  delta_temperature = 4.199999999999999  elapsed_time =  0
 target_temperature = -20.0  current_temperature = -15.9  delta_temperature = 4.1  elapsed_time =  0
 target_temperature = -20.0  current_temperature = -15.9  delta_temperature = 4.1  elapsed_time =  0
 target_temperature = -20.0  current_temperature = -16.0  delta_temperature = 4.0  elapsed_time =  0
 target_temperature = -20.0  current_temperature = -16.0  delta_temperature = 4.0  elapsed_time =  0
 target_temperature = -20.0  current_temperature = -16.0  delta_temperature = 4.0  elapsed_time =  0
 target_temperature = -20.0  current_temperature = -16.0  delta_temperature = 4.0  elapsed_time =  0
 target_temperature = -20.0  current_temperature = -16.0  delta_temperature = 4.0  elapsed_time =  0
 target_temperature = -20.0  current_temperature = -16.1  delta_temperature = 3.8999999999999986  elapsed_time =  0
 target_temperature = -20.0  current_temperature = -16.1  delta_temperature = 3.8999999999999986  elapsed_time =  0
 target_temperature = -20.0  current_temperature = -16.1  delta_temperature = 3.8999999999999986  elapsed_time =  0
 target_temperature = -20.0  current_temperature = -16.2  delta_temperature = 3.8000000000000007  elapsed_time =  0
 target_temperature = -20.0  current_temperature = -16.2  delta_temperature = 3.8000000000000007  elapsed_time =  0
 target_temperature = -20.0  current_temperature = -16.2  delta_temperature = 3.8000000000000007  elapsed_time =  0
 target_temperature = -20.0  current_temperature = -16.4  delta_temperature = 3.6000000000000014  elapsed_time =  0
 target_temperature = -20.0  current_temperature = -16.4  delta_temperature = 3.6000000000000014  elapsed_time =  0
 target_temperature = -20.0  current_temperature = -16.4  delta_temperature = 3.6000000000000014  elapsed_time =  0
 target_temperature = -20.0  current_temperature = -16.5  delta_temperature = 3.5  elapsed_time =  0
 target_temperature = -20.0  current_temperature = -16.5  delta_temperature = 3.5  elapsed_time =  0
 target_temperature = -20.0  current_temperature = -16.6  delta_temperature = 3.3999999999999986  elapsed_time =  0
 target_temperature = -20.0  current_temperature = -16.7  delta_temperature = 3.3000000000000007  elapsed_time =  0
 target_temperature = -20.0  current_temperature = -16.7  delta_temperature = 3.3000000000000007  elapsed_time =  0
 target_temperature = -20.0  current_temperature = -16.7  delta_temperature = 3.3000000000000007  elapsed_time =  0
 target_temperature = -20.0  current_temperature = -16.8  delta_temperature = 3.1999999999999993  elapsed_time =  0
 target_temperature = -20.0  current_temperature = -16.8  delta_temperature = 3.1999999999999993  elapsed_time =  0
 target_temperature = -20.0  current_temperature = -17.0  delta_temperature = 3.0  elapsed_time =  0
 target_temperature = -20.0  current_temperature = -17.0  delta_temperature = 3.0  elapsed_time =  0
 target_temperature = -20.0  current_temperature = -17.0  delta_temperature = 3.0  elapsed_time =  0
 target_temperature = -20.0  current_temperature = -17.1  delta_temperature = 2.8999999999999986  elapsed_time =  0
 target_temperature = -20.0  current_temperature = -17.1  delta_temperature = 2.8999999999999986  elapsed_time =  0
 target_temperature = -20.0  current_temperature = -17.3  delta_temperature = 2.6999999999999993  elapsed_time =  0
 target_temperature = -20.0  current_temperature = -17.3  delta_temperature = 2.6999999999999993  elapsed_time =  0
 target_temperature = -20.0  current_temperature = -17.3  delta_temperature = 2.6999999999999993  elapsed_time =  0
 target_temperature = -20.0  current_temperature = -17.4  delta_temperature = 2.6000000000000014  elapsed_time =  0
 target_temperature = -20.0  current_temperature = -17.5  delta_temperature = 2.5  elapsed_time =  0
 target_temperature = -20.0  current_temperature = -17.6  delta_temperature = 2.3999999999999986  elapsed_time =  0
 target_temperature = -20.0  current_temperature = -17.6  delta_temperature = 2.3999999999999986  elapsed_time =  0
 target_temperature = -20.0  current_temperature = -17.6  delta_temperature = 2.3999999999999986  elapsed_time =  0
 target_temperature = -20.0  current_temperature = -17.7  delta_temperature = 2.3000000000000007  elapsed_time =  0
 target_temperature = -20.0  current_temperature = -17.8  delta_temperature = 2.1999999999999993  elapsed_time =  0
 target_temperature = -20.0  current_temperature = -17.8  delta_temperature = 2.1999999999999993  elapsed_time =  0
 target_temperature = -20.0  current_temperature = -17.9  delta_temperature = 2.1000000000000014  elapsed_time =  0
 target_temperature = -20.0  current_temperature = -17.9  delta_temperature = 2.1000000000000014  elapsed_time =  0
 target_temperature = -20.0  current_temperature = -17.9  delta_temperature = 2.1000000000000014  elapsed_time =  0
 target_temperature = -20.0  current_temperature = -17.9  delta_temperature = 2.1000000000000014  elapsed_time =  0
 target_temperature = -20.0  current_temperature = -18.0  delta_temperature = 2.0  elapsed_time =  5
 target_temperature = -20.0  current_temperature = -18.0  delta_temperature = 2.0  elapsed_time =  10
 target_temperature = -20.0  current_temperature = -18.1  delta_temperature = 1.8999999999999986  elapsed_time =  15
 target_temperature = -20.0  current_temperature = -18.1  delta_temperature = 1.8999999999999986  elapsed_time =  21
 target_temperature = -20.0  current_temperature = -18.1  delta_temperature = 1.8999999999999986  elapsed_time =  26
 target_temperature = -20.0  current_temperature = -18.1  delta_temperature = 1.8999999999999986  elapsed_time =  32
 target_temperature = -20.0  current_temperature = -18.0  delta_temperature = 2.0  elapsed_time =  37
 target_temperature = -20.0  current_temperature = -18.1  delta_temperature = 1.8999999999999986  elapsed_time =  43
 target_temperature = -20.0  current_temperature = -18.3  delta_temperature = 1.6999999999999993  elapsed_time =  49
 target_temperature = -20.0  current_temperature = -18.5  delta_temperature = 1.5  elapsed_time =  57
 target_temperature = -20.0  current_temperature = -18.5  delta_temperature = 1.5  elapsed_time =  63
 target_temperature = -20.0  current_temperature = -18.4  delta_temperature = 1.6000000000000014  elapsed_time =  68
 target_temperature = -20.0  current_temperature = -18.5  delta_temperature = 1.5  elapsed_time =  73
 target_temperature = -20.0  current_temperature = -18.6  delta_temperature = 1.3999999999999986  elapsed_time =  79
 target_temperature = -20.0  current_temperature = -18.6  delta_temperature = 1.3999999999999986  elapsed_time =  86
 target_temperature = -20.0  current_temperature = -18.6  delta_temperature = 1.3999999999999986  elapsed_time =  93
 target_temperature = -20.0  current_temperature = -18.6  delta_temperature = 1.3999999999999986  elapsed_time =  98
 target_temperature = -20.0  current_temperature = -18.8  delta_temperature = 1.1999999999999993  elapsed_time =  104
 target_temperature = -20.0  current_temperature = -18.8  delta_temperature = 1.1999999999999993  elapsed_time =  109
 target_temperature = -20.0  current_temperature = -18.8  delta_temperature = 1.1999999999999993  elapsed_time =  115
 target_temperature = -20.0  current_temperature = -18.8  delta_temperature = 1.1999999999999993  elapsed_time =  122
 target_temperature = -20.0  current_temperature = -18.8  delta_temperature = 1.1999999999999993  elapsed_time =  127
 target_temperature = -20.0  current_temperature = -19.0  delta_temperature = 1.0  elapsed_time =  132
 target_temperature = -20.0  current_temperature = -19.0  delta_temperature = 1.0  elapsed_time =  137
 target_temperature = -20.0  current_temperature = -19.0  delta_temperature = 1.0  elapsed_time =  143
 target_temperature = -20.0  current_temperature = -19.0  delta_temperature = 1.0  elapsed_time =  148
 target_temperature = -20.0  current_temperature = -19.1  delta_temperature = 0.8999999999999986  elapsed_time =  154
 target_temperature = -20.0  current_temperature = -19.1  delta_temperature = 0.8999999999999986  elapsed_time =  159
 target_temperature = -20.0  current_temperature = -19.3  delta_temperature = 0.6999999999999993  elapsed_time =  164
 target_temperature = -20.0  current_temperature = -19.3  delta_temperature = 0.6999999999999993  elapsed_time =  172
 target_temperature = -20.0  current_temperature = -19.4  delta_temperature = 0.6000000000000014  elapsed_time =  178
 target_temperature = -20.0  current_temperature = -19.5  delta_temperature = 0.5  elapsed_time =  185
 target_temperature = -20.0  current_temperature = -19.5  delta_temperature = 0.5  elapsed_time =  190
 target_temperature = -20.0  current_temperature = -19.7  delta_temperature = 0.3000000000000007  elapsed_time =  195
 target_temperature = -20.0  current_temperature = -19.7  delta_temperature = 0.3000000000000007  elapsed_time =  201
 target_temperature = -20.0  current_temperature = -19.7  delta_temperature = 0.3000000000000007  elapsed_time =  206
 target_temperature = -20.0  current_temperature = -19.7  delta_temperature = 0.3000000000000007  elapsed_time =  212
 target_temperature = -20.0  current_temperature = -19.6  delta_temperature = 0.3999999999999986  elapsed_time =  218
 target_temperature = -20.0  current_temperature = -19.9  delta_temperature = 0.10000000000000142  elapsed_time =  225
 target_temperature = -20.0  current_temperature = -19.9  delta_temperature = 0.10000000000000142  elapsed_time =  230
 target_temperature = -20.0  current_temperature = -19.8  delta_temperature = 0.1999999999999993  elapsed_time =  236
 target_temperature = -20.0  current_temperature = -19.8  delta_temperature = 0.1999999999999993  elapsed_time =  243
 target_temperature = -20.0  current_temperature = -19.8  delta_temperature = 0.1999999999999993  elapsed_time =  248
 target_temperature = -20.0  current_temperature = -19.9  delta_temperature = 0.10000000000000142  elapsed_time =  254
 target_temperature = -20.0  current_temperature = -20.0  delta_temperature = 0.0  elapsed_time =  259
 target_temperature = -20.0  current_temperature = -20.0  delta_temperature = 0.0  elapsed_time =  264
 target_temperature = -20.0  current_temperature = -20.0  delta_temperature = 0.0  elapsed_time =  269
 target_temperature = -20.0  current_temperature = -20.0  delta_temperature = 0.0  elapsed_time =  275
 target_temperature = -20.0  current_temperature = -20.0  delta_temperature = 0.0  elapsed_time =  281
 target_temperature = -20.0  current_temperature = -20.1  delta_temperature = -0.10000000000000142  elapsed_time =  286
 target_temperature = -20.0  current_temperature = -20.1  delta_temperature = -0.10000000000000142  elapsed_time =  291
 target_temperature = -20.0  current_temperature = -20.1  delta_temperature = -0.10000000000000142  elapsed_time =  296
 target_temperature = -20.0  current_temperature = -20.2  delta_temperature = -0.1999999999999993  elapsed_time =  302
 target_temperature = -20.0  current_temperature = -20.2  delta_temperature = -0.1999999999999993  elapsed_time =  307
 target_temperature = -20.0  current_temperature = -20.3  delta_temperature = -0.3000000000000007  elapsed_time =  312
 target_temperature = -20.0  current_temperature = -20.4  delta_temperature = -0.3999999999999986  elapsed_time =  317
 target_temperature = -20.0  current_temperature = -20.4  delta_temperature = -0.3999999999999986  elapsed_time =  323
 target_temperature = -20.0  current_temperature = -20.4  delta_temperature = -0.3999999999999986  elapsed_time =  328
 target_temperature = -20.0  current_temperature = -20.4  delta_temperature = -0.3999999999999986  elapsed_time =  333
 target_temperature = -20.0  current_temperature = -20.4  delta_temperature = -0.3999999999999986  elapsed_time =  339
 target_temperature = -20.0  current_temperature = -20.5  delta_temperature = -0.5  elapsed_time =  344
 target_temperature = -20.0  current_temperature = -20.6  delta_temperature = -0.6000000000000014  elapsed_time =  349
 target_temperature = -20.0  current_temperature = -20.6  delta_temperature = -0.6000000000000014  elapsed_time =  355
 target_temperature = -20.0  current_temperature = -20.6  delta_temperature = -0.6000000000000014  elapsed_time =  360
 target_temperature = -20.0  current_temperature = -20.7  delta_temperature = -0.6999999999999993  elapsed_time =  365
 target_temperature = -20.0  current_temperature = -20.7  delta_temperature = -0.6999999999999993  elapsed_time =  370
 target_temperature = -20.0  current_temperature = -20.9  delta_temperature = -0.8999999999999986  elapsed_time =  376
 target_temperature = -20.0  current_temperature = -20.9  delta_temperature = -0.8999999999999986  elapsed_time =  382
 target_temperature = -20.0  current_temperature = -20.9  delta_temperature = -0.8999999999999986  elapsed_time =  388
 target_temperature = -20.0  current_temperature = -21.0  delta_temperature = -1.0  elapsed_time =  393
 target_temperature = -20.0  current_temperature = -21.0  delta_temperature = -1.0  elapsed_time =  398
 target_temperature = -20.0  current_temperature = -21.2  delta_temperature = -1.1999999999999993  elapsed_time =  404
 target_temperature = -20.0  current_temperature = -21.2  delta_temperature = -1.1999999999999993  elapsed_time =  410
 target_temperature = -20.0  current_temperature = -21.2  delta_temperature = -1.1999999999999993  elapsed_time =  415
 target_temperature = -20.0  current_temperature = -21.2  delta_temperature = -1.1999999999999993  elapsed_time =  420
 target_temperature = -20.0  current_temperature = -21.3  delta_temperature = -1.3000000000000007  elapsed_time =  425
 target_temperature = -20.0  current_temperature = -21.4  delta_temperature = -1.3999999999999986  elapsed_time =  432
 target_temperature = -20.0  current_temperature = -21.4  delta_temperature = -1.3999999999999986  elapsed_time =  437
 target_temperature = -20.0  current_temperature = -21.4  delta_temperature = -1.3999999999999986  elapsed_time =  444
 target_temperature = -20.0  current_temperature = -21.4  delta_temperature = -1.3999999999999986  elapsed_time =  449
 target_temperature = -20.0  current_temperature = -21.5  delta_temperature = -1.5  elapsed_time =  454
 target_temperature = -20.0  current_temperature = -21.5  delta_temperature = -1.5  elapsed_time =  460
 target_temperature = -20.0  current_temperature = -21.6  delta_temperature = -1.6000000000000014  elapsed_time =  466
 target_temperature = -20.0  current_temperature = -21.6  delta_temperature = -1.6000000000000014  elapsed_time =  471
 target_temperature = -20.0  current_temperature = -21.6  delta_temperature = -1.6000000000000014  elapsed_time =  476
 target_temperature = -20.0  current_temperature = -21.6  delta_temperature = -1.6000000000000014  elapsed_time =  481
 target_temperature = -20.0  current_temperature = -21.7  delta_temperature = -1.6999999999999993  elapsed_time =  487
 target_temperature = -20.0  current_temperature = -21.7  delta_temperature = -1.6999999999999993  elapsed_time =  492
 target_temperature = -20.0  current_temperature = -21.8  delta_temperature = -1.8000000000000007  elapsed_time =  497
 target_temperature = -20.0  current_temperature = -21.8  delta_temperature = -1.8000000000000007  elapsed_time =  503
 target_temperature = -20.0  current_temperature = -21.8  delta_temperature = -1.8000000000000007  elapsed_time =  509
 target_temperature = -20.0  current_temperature = -21.8  delta_temperature = -1.8000000000000007  elapsed_time =  514
 target_temperature = -20.0  current_temperature = -21.8  delta_temperature = -1.8000000000000007  elapsed_time =  519
 target_temperature = -20.0  current_temperature = -21.9  delta_temperature = -1.8999999999999986  elapsed_time =  524
 target_temperature = -20.0  current_temperature = -21.9  delta_temperature = -1.8999999999999986  elapsed_time =  529
 target_temperature = -20.0  current_temperature = -21.9  delta_temperature = -1.8999999999999986  elapsed_time =  535
 target_temperature = -20.0  current_temperature = -21.9  delta_temperature = -1.8999999999999986  elapsed_time =  540
 target_temperature = -20.0  current_temperature = -22.0  delta_temperature = -2.0  elapsed_time =  546
 target_temperature = -20.0  current_temperature = -22.0  delta_temperature = -2.0  elapsed_time =  551
 target_temperature = -20.0  current_temperature = -22.1  delta_temperature = -2.1000000000000014  elapsed_time =  0
 target_temperature = -20.0  current_temperature = -22.1  delta_temperature = -2.1000000000000014  elapsed_time =  0
 target_temperature = -20.0  current_temperature = -22.1  delta_temperature = -2.1000000000000014  elapsed_time =  0
 target_temperature = -20.0  current_temperature = -22.1  delta_temperature = -2.1000000000000014  elapsed_time =  0
 target_temperature = -20.0  current_temperature = -22.1  delta_temperature = -2.1000000000000014  elapsed_time =  0
 target_temperature = -20.0  current_temperature = -22.2  delta_temperature = -2.1999999999999993  elapsed_time =  0
 target_temperature = -20.0  current_temperature = -22.2  delta_temperature = -2.1999999999999993  elapsed_time =  0
 target_temperature = -20.0  current_temperature = -22.2  delta_temperature = -2.1999999999999993  elapsed_time =  0
 target_temperature = -20.0  current_temperature = -22.2  delta_temperature = -2.1999999999999993  elapsed_time =  0
 target_temperature = -20.0  current_temperature = -22.3  delta_temperature = -2.3000000000000007  elapsed_time =  0
 target_temperature = -20.0  current_temperature = -22.3  delta_temperature = -2.3000000000000007  elapsed_time =  0
 target_temperature = -20.0  current_temperature = -22.3  delta_temperature = -2.3000000000000007  elapsed_time =  0
 target_temperature = -20.0  current_temperature = -22.4  delta_temperature = -2.3999999999999986  elapsed_time =  0
 target_temperature = -20.0  current_temperature = -22.4  delta_temperature = -2.3999999999999986  elapsed_time =  0
 target_temperature = -20.0  current_temperature = -22.4  delta_temperature = -2.3999999999999986  elapsed_time =  0
 target_temperature = -20.0  current_temperature = -22.4  delta_temperature = -2.3999999999999986  elapsed_time =  0
 target_temperature = -20.0  current_temperature = -22.4  delta_temperature = -2.3999999999999986  elapsed_time =  0
 target_temperature = -20.0  current_temperature = -22.5  delta_temperature = -2.5  elapsed_time =  0
 target_temperature = -20.0  current_temperature = -22.5  delta_temperature = -2.5  elapsed_time =  0
 target_temperature = -20.0  current_temperature = -22.5  delta_temperature = -2.5  elapsed_time =  0
 target_temperature = -20.0  current_temperature = -22.5  delta_temperature = -2.5  elapsed_time =  0
 target_temperature = -20.0  current_temperature = -22.5  delta_temperature = -2.5  elapsed_time =  0
 target_temperature = -20.0  current_temperature = -22.5  delta_temperature = -2.5  elapsed_time =  0
 target_temperature = -20.0  current_temperature = -22.6  delta_temperature = -2.6000000000000014  elapsed_time =  0
 target_temperature = -20.0  current_temperature = -22.6  delta_temperature = -2.6000000000000014  elapsed_time =  0
 target_temperature = -20.0  current_temperature = -22.6  delta_temperature = -2.6000000000000014  elapsed_time =  0
 target_temperature = -20.0  current_temperature = -22.6  delta_temperature = -2.6000000000000014  elapsed_time =  0
 target_temperature = -20.0  current_temperature = -22.6  delta_temperature = -2.6000000000000014  elapsed_time =  0
 target_temperature = -20.0  current_temperature = -22.6  delta_temperature = -2.6000000000000014  elapsed_time =  0
 target_temperature = -20.0  current_temperature = -22.6  delta_temperature = -2.6000000000000014  elapsed_time =  0
 target_temperature = -20.0  current_temperature = -22.6  delta_temperature = -2.6000000000000014  elapsed_time =  0
 target_temperature = -20.0  current_temperature = -22.6  delta_temperature = -2.6000000000000014  elapsed_time =  0
 target_temperature = -20.0  current_temperature = -22.6  delta_temperature = -2.6000000000000014  elapsed_time =  0
 target_temperature = -20.0  current_temperature = -22.6  delta_temperature = -2.6000000000000014  elapsed_time =  0
 target_temperature = -20.0  current_temperature = -22.6  delta_temperature = -2.6000000000000014  elapsed_time =  0
 target_temperature = -20.0  current_temperature = -22.6  delta_temperature = -2.6000000000000014  elapsed_time =  0
 target_temperature = -20.0  current_temperature = -22.5  delta_temperature = -2.5  elapsed_time =  0
 target_temperature = -20.0  current_temperature = -22.5  delta_temperature = -2.5  elapsed_time =  0
 target_temperature = -20.0  current_temperature = -22.5  delta_temperature = -2.5  elapsed_time =  0
 target_temperature = -20.0  current_temperature = -22.6  delta_temperature = -2.6000000000000014  elapsed_time =  0
 target_temperature = -20.0  current_temperature = -22.5  delta_temperature = -2.5  elapsed_time =  0
 target_temperature = -20.0  current_temperature = -22.5  delta_temperature = -2.5  elapsed_time =  0
 target_temperature = -20.0  current_temperature = -22.4  delta_temperature = -2.3999999999999986  elapsed_time =  0
 target_temperature = -20.0  current_temperature = -22.3  delta_temperature = -2.3000000000000007  elapsed_time =  0
 target_temperature = -20.0  current_temperature = -22.3  delta_temperature = -2.3000000000000007  elapsed_time =  0
 target_temperature = -20.0  current_temperature = -22.3  delta_temperature = -2.3000000000000007  elapsed_time =  0
 target_temperature = -20.0  current_temperature = -22.2  delta_temperature = -2.1999999999999993  elapsed_time =  0
 target_temperature = -20.0  current_temperature = -22.2  delta_temperature = -2.1999999999999993  elapsed_time =  0
 target_temperature = -20.0  current_temperature = -22.2  delta_temperature = -2.1999999999999993  elapsed_time =  0
 target_temperature = -20.0  current_temperature = -22.1  delta_temperature = -2.1000000000000014  elapsed_time =  0
 target_temperature = -20.0  current_temperature = -22.1  delta_temperature = -2.1000000000000014  elapsed_time =  0
 target_temperature = -20.0  current_temperature = -22.1  delta_temperature = -2.1000000000000014  elapsed_time =  0
 target_temperature = -20.0  current_temperature = -22.0  delta_temperature = -2.0  elapsed_time =  5
 target_temperature = -20.0  current_temperature = -22.0  delta_temperature = -2.0  elapsed_time =  10
 target_temperature = -20.0  current_temperature = -21.9  delta_temperature = -1.8999999999999986  elapsed_time =  15
 target_temperature = -20.0  current_temperature = -21.9  delta_temperature = -1.8999999999999986  elapsed_time =  20
 target_temperature = -20.0  current_temperature = -21.9  delta_temperature = -1.8999999999999986  elapsed_time =  25
 target_temperature = -20.0  current_temperature = -21.8  delta_temperature = -1.8000000000000007  elapsed_time =  31
 target_temperature = -20.0  current_temperature = -21.8  delta_temperature = -1.8000000000000007  elapsed_time =  36
 target_temperature = -20.0  current_temperature = -21.8  delta_temperature = -1.8000000000000007  elapsed_time =  41
 target_temperature = -20.0  current_temperature = -21.7  delta_temperature = -1.6999999999999993  elapsed_time =  46
 target_temperature = -20.0  current_temperature = -21.7  delta_temperature = -1.6999999999999993  elapsed_time =  51
 target_temperature = -20.0  current_temperature = -21.6  delta_temperature = -1.6000000000000014  elapsed_time =  57
 target_temperature = -20.0  current_temperature = -21.6  delta_temperature = -1.6000000000000014  elapsed_time =  62
 target_temperature = -20.0  current_temperature = -21.5  delta_temperature = -1.5  elapsed_time =  67
 target_temperature = -20.0  current_temperature = -21.4  delta_temperature = -1.3999999999999986  elapsed_time =  74
 target_temperature = -20.0  current_temperature = -21.4  delta_temperature = -1.3999999999999986  elapsed_time =  79
 target_temperature = -20.0  current_temperature = -21.3  delta_temperature = -1.3000000000000007  elapsed_time =  86
 target_temperature = -20.0  current_temperature = -21.1  delta_temperature = -1.1000000000000014  elapsed_time =  92
 target_temperature = -20.0  current_temperature = -21.1  delta_temperature = -1.1000000000000014  elapsed_time =  98
 target_temperature = -20.0  current_temperature = -21.1  delta_temperature = -1.1000000000000014  elapsed_time =  103
 target_temperature = -20.0  current_temperature = -20.9  delta_temperature = -0.8999999999999986  elapsed_time =  110
 target_temperature = -20.0  current_temperature = -21.0  delta_temperature = -1.0  elapsed_time =  116
 target_temperature = -20.0  current_temperature = -20.9  delta_temperature = -0.8999999999999986  elapsed_time =  121
 target_temperature = -20.0  current_temperature = -20.8  delta_temperature = -0.8000000000000007  elapsed_time =  127
 target_temperature = -20.0  current_temperature = -20.8  delta_temperature = -0.8000000000000007  elapsed_time =  132
 target_temperature = -20.0  current_temperature = -20.8  delta_temperature = -0.8000000000000007  elapsed_time =  138
 target_temperature = -20.0  current_temperature = -20.8  delta_temperature = -0.8000000000000007  elapsed_time =  143
 target_temperature = -20.0  current_temperature = -20.7  delta_temperature = -0.6999999999999993  elapsed_time =  149
 target_temperature = -20.0  current_temperature = -20.6  delta_temperature = -0.6000000000000014  elapsed_time =  154
 target_temperature = -20.0  current_temperature = -20.6  delta_temperature = -0.6000000000000014  elapsed_time =  159
 target_temperature = -20.0  current_temperature = -20.6  delta_temperature = -0.6000000000000014  elapsed_time =  164
 target_temperature = -20.0  current_temperature = -20.6  delta_temperature = -0.6000000000000014  elapsed_time =  170
 target_temperature = -20.0  current_temperature = -20.6  delta_temperature = -0.6000000000000014  elapsed_time =  176
 target_temperature = -20.0  current_temperature = -20.6  delta_temperature = -0.6000000000000014  elapsed_time =  181
 target_temperature = -20.0  current_temperature = -20.6  delta_temperature = -0.6000000000000014  elapsed_time =  186
 target_temperature = -20.0  current_temperature = -20.6  delta_temperature = -0.6000000000000014  elapsed_time =  192
 target_temperature = -20.0  current_temperature = -20.6  delta_temperature = -0.6000000000000014  elapsed_time =  197
 target_temperature = -20.0  current_temperature = -20.7  delta_temperature = -0.6999999999999993  elapsed_time =  204
 target_temperature = -20.0  current_temperature = -20.7  delta_temperature = -0.6999999999999993  elapsed_time =  209
 target_temperature = -20.0  current_temperature = -20.6  delta_temperature = -0.6000000000000014  elapsed_time =  214
 target_temperature = -20.0  current_temperature = -20.6  delta_temperature = -0.6000000000000014  elapsed_time =  219
 target_temperature = -20.0  current_temperature = -20.6  delta_temperature = -0.6000000000000014  elapsed_time =  225
 target_temperature = -20.0  current_temperature = -20.6  delta_temperature = -0.6000000000000014  elapsed_time =  230
 target_temperature = -20.0  current_temperature = -20.7  delta_temperature = -0.6999999999999993  elapsed_time =  235
 target_temperature = -20.0  current_temperature = -20.7  delta_temperature = -0.6999999999999993  elapsed_time =  240
 target_temperature = -20.0  current_temperature = -20.7  delta_temperature = -0.6999999999999993  elapsed_time =  246
 target_temperature = -20.0  current_temperature = -20.7  delta_temperature = -0.6999999999999993  elapsed_time =  251
 target_temperature = -20.0  current_temperature = -20.7  delta_temperature = -0.6999999999999993  elapsed_time =  257
 target_temperature = -20.0  current_temperature = -20.7  delta_temperature = -0.6999999999999993  elapsed_time =  262
 target_temperature = -20.0  current_temperature = -20.7  delta_temperature = -0.6999999999999993  elapsed_time =  267
 target_temperature = -20.0  current_temperature = -20.6  delta_temperature = -0.6000000000000014  elapsed_time =  272
 target_temperature = -20.0  current_temperature = -20.6  delta_temperature = -0.6000000000000014  elapsed_time =  278
 target_temperature = -20.0  current_temperature = -20.6  delta_temperature = -0.6000000000000014  elapsed_time =  283
 target_temperature = -20.0  current_temperature = -20.6  delta_temperature = -0.6000000000000014  elapsed_time =  288
 target_temperature = -20.0  current_temperature = -20.5  delta_temperature = -0.5  elapsed_time =  293
 target_temperature = -20.0  current_temperature = -20.4  delta_temperature = -0.3999999999999986  elapsed_time =  298
 target_temperature = -20.0  current_temperature = -20.3  delta_temperature = -0.3000000000000007  elapsed_time =  304
 target_temperature = -20.0  current_temperature = -20.3  delta_temperature = -0.3000000000000007  elapsed_time =  309
 target_temperature = -20.0  current_temperature = -20.3  delta_temperature = -0.3000000000000007  elapsed_time =  314
 target_temperature = -20.0  current_temperature = -20.2  delta_temperature = -0.1999999999999993  elapsed_time =  319
 target_temperature = -20.0  current_temperature = -20.2  delta_temperature = -0.1999999999999993  elapsed_time =  325
 target_temperature = -20.0  current_temperature = -20.2  delta_temperature = -0.1999999999999993  elapsed_time =  331
 target_temperature = -20.0  current_temperature = -20.1  delta_temperature = -0.10000000000000142  elapsed_time =  336
 target_temperature = -20.0  current_temperature = -20.1  delta_temperature = -0.10000000000000142  elapsed_time =  341
 target_temperature = -20.0  current_temperature = -20.0  delta_temperature = 0.0  elapsed_time =  346
 target_temperature = -20.0  current_temperature = -20.0  delta_temperature = 0.0  elapsed_time =  352
 target_temperature = -20.0  current_temperature = -20.1  delta_temperature = -0.10000000000000142  elapsed_time =  357
 target_temperature = -20.0  current_temperature = -20.1  delta_temperature = -0.10000000000000142  elapsed_time =  363
 target_temperature = -20.0  current_temperature = -20.0  delta_temperature = 0.0  elapsed_time =  368
 target_temperature = -20.0  current_temperature = -20.0  delta_temperature = 0.0  elapsed_time =  373
 target_temperature = -20.0  current_temperature = -20.0  delta_temperature = 0.0  elapsed_time =  378
 target_temperature = -20.0  current_temperature = -20.1  delta_temperature = -0.10000000000000142  elapsed_time =  384
 target_temperature = -20.0  current_temperature = -20.1  delta_temperature = -0.10000000000000142  elapsed_time =  389
 target_temperature = -20.0  current_temperature = -20.1  delta_temperature = -0.10000000000000142  elapsed_time =  394
 target_temperature = -20.0  current_temperature = -20.1  delta_temperature = -0.10000000000000142  elapsed_time =  399
 target_temperature = -20.0  current_temperature = -20.1  delta_temperature = -0.10000000000000142  elapsed_time =  405
 target_temperature = -20.0  current_temperature = -20.1  delta_temperature = -0.10000000000000142  elapsed_time =  410
 target_temperature = -20.0  current_temperature = -20.2  delta_temperature = -0.1999999999999993  elapsed_time =  415
 target_temperature = -20.0  current_temperature = -20.2  delta_temperature = -0.1999999999999993  elapsed_time =  421
 target_temperature = -20.0  current_temperature = -20.2  delta_temperature = -0.1999999999999993  elapsed_time =  426
 target_temperature = -20.0  current_temperature = -20.2  delta_temperature = -0.1999999999999993  elapsed_time =  436
 target_temperature = -20.0  current_temperature = -20.2  delta_temperature = -0.1999999999999993  elapsed_time =  441
 target_temperature = -20.0  current_temperature = -20.3  delta_temperature = -0.3000000000000007  elapsed_time =  447
 target_temperature = -20.0  current_temperature = -20.3  delta_temperature = -0.3000000000000007  elapsed_time =  452
 target_temperature = -20.0  current_temperature = -20.2  delta_temperature = -0.1999999999999993  elapsed_time =  457
 target_temperature = -20.0  current_temperature = -20.2  delta_temperature = -0.1999999999999993  elapsed_time =  462
 target_temperature = -20.0  current_temperature = -20.2  delta_temperature = -0.1999999999999993  elapsed_time =  467
 target_temperature = -20.0  current_temperature = -20.2  delta_temperature = -0.1999999999999993  elapsed_time =  473
 target_temperature = -20.0  current_temperature = -20.1  delta_temperature = -0.10000000000000142  elapsed_time =  479
 target_temperature = -20.0  current_temperature = -20.1  delta_temperature = -0.10000000000000142  elapsed_time =  484
 target_temperature = -20.0  current_temperature = -20.1  delta_temperature = -0.10000000000000142  elapsed_time =  490
 target_temperature = -20.0  current_temperature = -20.0  delta_temperature = 0.0  elapsed_time =  497
 target_temperature = -20.0  current_temperature = -19.9  delta_temperature = 0.10000000000000142  elapsed_time =  502
 target_temperature = -20.0  current_temperature = -20.0  delta_temperature = 0.0  elapsed_time =  508
 target_temperature = -20.0  current_temperature = -19.9  delta_temperature = 0.10000000000000142  elapsed_time =  513
 target_temperature = -20.0  current_temperature = -19.9  delta_temperature = 0.10000000000000142  elapsed_time =  518
 target_temperature = -20.0  current_temperature = -19.9  delta_temperature = 0.10000000000000142  elapsed_time =  524
 target_temperature = -20.0  current_temperature = -19.8  delta_temperature = 0.1999999999999993  elapsed_time =  529
 target_temperature = -20.0  current_temperature = -19.8  delta_temperature = 0.1999999999999993  elapsed_time =  535
 target_temperature = -20.0  current_temperature = -19.8  delta_temperature = 0.1999999999999993  elapsed_time =  541
 target_temperature = -20.0  current_temperature = -19.7  delta_temperature = 0.3000000000000007  elapsed_time =  546
 target_temperature = -20.0  current_temperature = -19.7  delta_temperature = 0.3000000000000007  elapsed_time =  551
 target_temperature = -20.0  current_temperature = -19.7  delta_temperature = 0.3000000000000007  elapsed_time =  556
 target_temperature = -20.0  current_temperature = -19.7  delta_temperature = 0.3000000000000007  elapsed_time =  561
 target_temperature = -20.0  current_temperature = -19.8  delta_temperature = 0.1999999999999993  elapsed_time =  567
 target_temperature = -20.0  current_temperature = -19.8  delta_temperature = 0.1999999999999993  elapsed_time =  572
 target_temperature = -20.0  current_temperature = -19.8  delta_temperature = 0.1999999999999993  elapsed_time =  577
 target_temperature = -20.0  current_temperature = -19.8  delta_temperature = 0.1999999999999993  elapsed_time =  583
 target_temperature = -20.0  current_temperature = -19.8  delta_temperature = 0.1999999999999993  elapsed_time =  588
 target_temperature = -20.0  current_temperature = -20.0  delta_temperature = 0.0  elapsed_time =  594
 target_temperature = -20.0  current_temperature = -20.0  delta_temperature = 0.0  elapsed_time =  599
 target_temperature = -20.0  current_temperature = -19.9  delta_temperature = 0.10000000000000142  elapsed_time =  604
 target_temperature = -20.0  current_temperature = -19.9  delta_temperature = 0.10000000000000142  elapsed_time =  610
 target_temperature = -20.0  current_temperature = -20.0  delta_temperature = 0.0  elapsed_time =  615
 target_temperature = -20.0  current_temperature = -20.0  delta_temperature = 0.0  elapsed_time =  620
 target_temperature = -20.0  current_temperature = -20.1  delta_temperature = -0.10000000000000142  elapsed_time =  626
 target_temperature = -20.0  current_temperature = -20.1  delta_temperature = -0.10000000000000142  elapsed_time =  631
 target_temperature = -20.0  current_temperature = -20.0  delta_temperature = 0.0  elapsed_time =  636
 target_temperature = -20.0  current_temperature = -20.0  delta_temperature = 0.0  elapsed_time =  642
 target_temperature = -20.0  current_temperature = -20.0  delta_temperature = 0.0  elapsed_time =  647
 target_temperature = -20.0  current_temperature = -20.0  delta_temperature = 0.0  elapsed_time =  653
 target_temperature = -20.0  current_temperature = -20.1  delta_temperature = -0.10000000000000142  elapsed_time =  658
 target_temperature = -20.0  current_temperature = -20.0  delta_temperature = 0.0  elapsed_time =  664
 target_temperature = -20.0  current_temperature = -20.0  delta_temperature = 0.0  elapsed_time =  669
 target_temperature = -20.0  current_temperature = -20.0  delta_temperature = 0.0  elapsed_time =  674
 target_temperature = -20.0  current_temperature = -19.9  delta_temperature = 0.10000000000000142  elapsed_time =  679
 target_temperature = -20.0  current_temperature = -19.9  delta_temperature = 0.10000000000000142  elapsed_time =  684
 target_temperature = -20.0  current_temperature = -19.9  delta_temperature = 0.10000000000000142  elapsed_time =  690
 target_temperature = -20.0  current_temperature = -19.8  delta_temperature = 0.1999999999999993  elapsed_time =  695
 target_temperature = -20.0  current_temperature = -19.8  delta_temperature = 0.1999999999999993  elapsed_time =  700
 target_temperature = -20.0  current_temperature = -19.5  delta_temperature = 0.5  elapsed_time =  706
 target_temperature = -20.0  current_temperature = -19.7  delta_temperature = 0.3000000000000007  elapsed_time =  711
 target_temperature = -20.0  current_temperature = -19.7  delta_temperature = 0.3000000000000007  elapsed_time =  716
 target_temperature = -20.0  current_temperature = -19.6  delta_temperature = 0.3999999999999986  elapsed_time =  722
 target_temperature = -20.0  current_temperature = -19.6  delta_temperature = 0.3999999999999986  elapsed_time =  727
 target_temperature = -20.0  current_temperature = -19.5  delta_temperature = 0.5  elapsed_time =  734
 target_temperature = -20.0  current_temperature = -19.5  delta_temperature = 0.5  elapsed_time =  740
 target_temperature = -20.0  current_temperature = -19.7  delta_temperature = 0.3000000000000007  elapsed_time =  746
 target_temperature = -20.0  current_temperature = -19.7  delta_temperature = 0.3000000000000007  elapsed_time =  751
 target_temperature = -20.0  current_temperature = -19.6  delta_temperature = 0.3999999999999986  elapsed_time =  756
 target_temperature = -20.0  current_temperature = -19.7  delta_temperature = 0.3000000000000007  elapsed_time =  761
 target_temperature = -20.0  current_temperature = -19.7  delta_temperature = 0.3000000000000007  elapsed_time =  767
 target_temperature = -20.0  current_temperature = -19.8  delta_temperature = 0.1999999999999993  elapsed_time =  772
 target_temperature = -20.0  current_temperature = -19.8  delta_temperature = 0.1999999999999993  elapsed_time =  777
 target_temperature = -20.0  current_temperature = -19.8  delta_temperature = 0.1999999999999993  elapsed_time =  782
 target_temperature = -20.0  current_temperature = -19.8  delta_temperature = 0.1999999999999993  elapsed_time =  788
 target_temperature = -20.0  current_temperature = -19.9  delta_temperature = 0.10000000000000142  elapsed_time =  793
 target_temperature = -20.0  current_temperature = -19.9  delta_temperature = 0.10000000000000142  elapsed_time =  799
 target_temperature = -20.0  current_temperature = -20.0  delta_temperature = 0.0  elapsed_time =  806
 target_temperature = -20.0  current_temperature = -20.0  delta_temperature = 0.0  elapsed_time =  812
 target_temperature = -20.0  current_temperature = -20.0  delta_temperature = 0.0  elapsed_time =  817
 target_temperature = -20.0  current_temperature = -20.1  delta_temperature = -0.10000000000000142  elapsed_time =  823
 target_temperature = -20.0  current_temperature = -20.1  delta_temperature = -0.10000000000000142  elapsed_time =  829
 target_temperature = -20.0  current_temperature = -20.2  delta_temperature = -0.1999999999999993  elapsed_time =  836
 target_temperature = -20.0  current_temperature = -20.2  delta_temperature = -0.1999999999999993  elapsed_time =  841
 target_temperature = -20.0  current_temperature = -20.1  delta_temperature = -0.10000000000000142  elapsed_time =  849
 target_temperature = -20.0  current_temperature = -20.1  delta_temperature = -0.10000000000000142  elapsed_time =  855
 target_temperature = -20.0  current_temperature = -20.0  delta_temperature = 0.0  elapsed_time =  860
 target_temperature = -20.0  current_temperature = -20.1  delta_temperature = -0.10000000000000142  elapsed_time =  865
 target_temperature = -20.0  current_temperature = -20.1  delta_temperature = -0.10000000000000142  elapsed_time =  870
 target_temperature = -20.0  current_temperature = -20.0  delta_temperature = 0.0  elapsed_time =  876
 target_temperature = -20.0  current_temperature = -20.0  delta_temperature = 0.0  elapsed_time =  881
 target_temperature = -20.0  current_temperature = -19.9  delta_temperature = 0.10000000000000142  elapsed_time =  886
 target_temperature = -20.0  current_temperature = -19.9  delta_temperature = 0.10000000000000142  elapsed_time =  891
 target_temperature = -20.0  current_temperature = -19.9  delta_temperature = 0.10000000000000142  elapsed_time =  896
 target_temperature = -20.0  current_temperature = -19.9  delta_temperature = 0.10000000000000142  elapsed_time =  903
 target_temperature = -20.0  current_temperature = -19.8  delta_temperature = 0.1999999999999993  elapsed_time =  908
 target_temperature = -20.0  current_temperature = -19.8  delta_temperature = 0.1999999999999993  elapsed_time =  913
 target_temperature = -20.0  current_temperature = -19.8  delta_temperature = 0.1999999999999993  elapsed_time =  918
 target_temperature = -20.0  current_temperature = -19.8  delta_temperature = 0.1999999999999993  elapsed_time =  923
 target_temperature = -20.0  current_temperature = -19.8  delta_temperature = 0.1999999999999993  elapsed_time =  929
 target_temperature = -20.0  current_temperature = -19.7  delta_temperature = 0.3000000000000007  elapsed_time =  934
 target_temperature = -20.0  current_temperature = -19.6  delta_temperature = 0.3999999999999986  elapsed_time =  939
 target_temperature = -20.0  current_temperature = -19.7  delta_temperature = 0.3000000000000007  elapsed_time =  945
 target_temperature = -20.0  current_temperature = -19.7  delta_temperature = 0.3000000000000007  elapsed_time =  950
 target_temperature = -20.0  current_temperature = -19.8  delta_temperature = 0.1999999999999993  elapsed_time =  955
 target_temperature = -20.0  current_temperature = -19.8  delta_temperature = 0.1999999999999993  elapsed_time =  960
 target_temperature = -20.0  current_temperature = -19.8  delta_temperature = 0.1999999999999993  elapsed_time =  966
 target_temperature = -20.0  current_temperature = -19.8  delta_temperature = 0.1999999999999993  elapsed_time =  971
 target_temperature = -20.0  current_temperature = -19.8  delta_temperature = 0.1999999999999993  elapsed_time =  978
 target_temperature = -20.0  current_temperature = -19.9  delta_temperature = 0.10000000000000142  elapsed_time =  984
 target_temperature = -20.0  current_temperature = -20.0  delta_temperature = 0.0  elapsed_time =  990
 target_temperature = -20.0  current_temperature = -20.0  delta_temperature = 0.0  elapsed_time =  995
 target_temperature = -20.0  current_temperature = -20.0  delta_temperature = 0.0  elapsed_time =  1001
 target_temperature = -20.0  current_temperature = -20.0  delta_temperature = 0.0  elapsed_time =  1006
 target_temperature = -20.0  current_temperature = -20.0  delta_temperature = 0.0  elapsed_time =  1011
 target_temperature = -20.0  current_temperature = -20.1  delta_temperature = -0.10000000000000142  elapsed_time =  1017
 target_temperature = -20.0  current_temperature = -20.1  delta_temperature = -0.10000000000000142  elapsed_time =  1022
 target_temperature = -20.0  current_temperature = -20.1  delta_temperature = -0.10000000000000142  elapsed_time =  1027
 target_temperature = -20.0  current_temperature = -20.1  delta_temperature = -0.10000000000000142  elapsed_time =  1032
 target_temperature = -20.0  current_temperature = -20.1  delta_temperature = -0.10000000000000142  elapsed_time =  1037
 target_temperature = -20.0  current_temperature = -20.1  delta_temperature = -0.10000000000000142  elapsed_time =  1043
 target_temperature = -20.0  current_temperature = -20.2  delta_temperature = -0.1999999999999993  elapsed_time =  1048
 target_temperature = -20.0  current_temperature = -20.2  delta_temperature = -0.1999999999999993  elapsed_time =  1053
 target_temperature = -20.0  current_temperature = -20.2  delta_temperature = -0.1999999999999993  elapsed_time =  1059
 target_temperature = -20.0  current_temperature = -20.2  delta_temperature = -0.1999999999999993  elapsed_time =  1064
 target_temperature = -20.0  current_temperature = -20.1  delta_temperature = -0.10000000000000142  elapsed_time =  1069
 target_temperature = -20.0  current_temperature = -20.1  delta_temperature = -0.10000000000000142  elapsed_time =  1077
 target_temperature = -20.0  current_temperature = -20.0  delta_temperature = 0.0  elapsed_time =  1085
 target_temperature = -20.0  current_temperature = -20.0  delta_temperature = 0.0  elapsed_time =  1092
 target_temperature = -20.0  current_temperature = -20.0  delta_temperature = 0.0  elapsed_time =  1098
 target_temperature = -20.0  current_temperature = -19.9  delta_temperature = 0.10000000000000142  elapsed_time =  1104
 target_temperature = -20.0  current_temperature = -19.9  delta_temperature = 0.10000000000000142  elapsed_time =  1110
 target_temperature = -20.0  current_temperature = -19.8  delta_temperature = 0.1999999999999993  elapsed_time =  1116
 target_temperature = -20.0  current_temperature = -19.8  delta_temperature = 0.1999999999999993  elapsed_time =  1121
 target_temperature = -20.0  current_temperature = -19.8  delta_temperature = 0.1999999999999993  elapsed_time =  1126
 target_temperature = -20.0  current_temperature = -19.8  delta_temperature = 0.1999999999999993  elapsed_time =  1132
 target_temperature = -20.0  current_temperature = -19.8  delta_temperature = 0.1999999999999993  elapsed_time =  1137
 target_temperature = -20.0  current_temperature = -19.8  delta_temperature = 0.1999999999999993  elapsed_time =  1143
 target_temperature = -20.0  current_temperature = -19.8  delta_temperature = 0.1999999999999993  elapsed_time =  1148
 target_temperature = -20.0  current_temperature = -19.8  delta_temperature = 0.1999999999999993  elapsed_time =  1153
 target_temperature = -20.0  current_temperature = -19.8  delta_temperature = 0.1999999999999993  elapsed_time =  1158
 target_temperature = -20.0  current_temperature = -19.9  delta_temperature = 0.10000000000000142  elapsed_time =  1164
 target_temperature = -20.0  current_temperature = -19.9  delta_temperature = 0.10000000000000142  elapsed_time =  1169
 target_temperature = -20.0  current_temperature = -19.9  delta_temperature = 0.10000000000000142  elapsed_time =  1174
 target_temperature = -20.0  current_temperature = -19.9  delta_temperature = 0.10000000000000142  elapsed_time =  1181
 target_temperature = -20.0  current_temperature = -19.9  delta_temperature = 0.10000000000000142  elapsed_time =  1188
 target_temperature = -20.0  current_temperature = -20.0  delta_temperature = 0.0  elapsed_time =  1193
 target_temperature = -20.0  current_temperature = -20.1  delta_temperature = -0.10000000000000142  elapsed_time =  1198
 target_temperature = -20.0  current_temperature = -20.1  delta_temperature = -0.10000000000000142  elapsed_time =  1206
 target_temperature = -20.0  current_temperature = -20.1  delta_temperature = -0.10000000000000142  elapsed_time =  1211
 target_temperature = -20.0  current_temperature = -20.1  delta_temperature = -0.10000000000000142  elapsed_time =  1217
 target_temperature = -20.0  current_temperature = -20.1  delta_temperature = -0.10000000000000142  elapsed_time =  1222
 target_temperature = -20.0  current_temperature = -20.2  delta_temperature = -0.1999999999999993  elapsed_time =  1227
 target_temperature = -20.0  current_temperature = -20.2  delta_temperature = -0.1999999999999993  elapsed_time =  1234
 target_temperature = -20.0  current_temperature = -20.2  delta_temperature = -0.1999999999999993  elapsed_time =  1241
 target_temperature = -20.0  current_temperature = -20.2  delta_temperature = -0.1999999999999993  elapsed_time =  1246
 target_temperature = -20.0  current_temperature = -20.2  delta_temperature = -0.1999999999999993  elapsed_time =  1252
 target_temperature = -20.0  current_temperature = -20.2  delta_temperature = -0.1999999999999993  elapsed_time =  1259
 target_temperature = -20.0  current_temperature = -20.2  delta_temperature = -0.1999999999999993  elapsed_time =  1265
 target_temperature = -20.0  current_temperature = -20.1  delta_temperature = -0.10000000000000142  elapsed_time =  1272
 target_temperature = -20.0  current_temperature = -20.1  delta_temperature = -0.10000000000000142  elapsed_time =  1277
 target_temperature = -20.0  current_temperature = -20.0  delta_temperature = 0.0  elapsed_time =  1282
 target_temperature = -20.0  current_temperature = -20.1  delta_temperature = -0.10000000000000142  elapsed_time =  1287
 target_temperature = -20.0  current_temperature = -20.1  delta_temperature = -0.10000000000000142  elapsed_time =  1292
 target_temperature = -20.0  current_temperature = -20.0  delta_temperature = 0.0  elapsed_time =  1298
 target_temperature = -20.0  current_temperature = -20.0  delta_temperature = 0.0  elapsed_time =  1303
 target_temperature = -20.0  current_temperature = -19.9  delta_temperature = 0.10000000000000142  elapsed_time =  1308
 target_temperature = -20.0  current_temperature = -19.9  delta_temperature = 0.10000000000000142  elapsed_time =  1313
 target_temperature = -20.0  current_temperature = -19.9  delta_temperature = 0.10000000000000142  elapsed_time =  1322
 target_temperature = -20.0  current_temperature = -19.8  delta_temperature = 0.1999999999999993  elapsed_time =  1329
 target_temperature = -20.0  current_temperature = -19.8  delta_temperature = 0.1999999999999993  elapsed_time =  1334
 target_temperature = -20.0  current_temperature = -19.8  delta_temperature = 0.1999999999999993  elapsed_time =  1339
 target_temperature = -20.0  current_temperature = -19.9  delta_temperature = 0.10000000000000142  elapsed_time =  1345
 target_temperature = -20.0  current_temperature = -19.9  delta_temperature = 0.10000000000000142  elapsed_time =  1350
 target_temperature = -20.0  current_temperature = -19.9  delta_temperature = 0.10000000000000142  elapsed_time =  1358
 target_temperature = -20.0  current_temperature = -19.9  delta_temperature = 0.10000000000000142  elapsed_time =  1363
 target_temperature = -20.0  current_temperature = -19.8  delta_temperature = 0.1999999999999993  elapsed_time =  1370
 target_temperature = -20.0  current_temperature = -19.9  delta_temperature = 0.10000000000000142  elapsed_time =  1375
 target_temperature = -20.0  current_temperature = -20.0  delta_temperature = 0.0  elapsed_time =  1380
 target_temperature = -20.0  current_temperature = -20.0  delta_temperature = 0.0  elapsed_time =  1385
 target_temperature = -20.0  current_temperature = -20.0  delta_temperature = 0.0  elapsed_time =  1391
 target_temperature = -20.0  current_temperature = -20.1  delta_temperature = -0.10000000000000142  elapsed_time =  1396
 target_temperature = -20.0  current_temperature = -20.1  delta_temperature = -0.10000000000000142  elapsed_time =  1401
 target_temperature = -20.0  current_temperature = -20.2  delta_temperature = -0.1999999999999993  elapsed_time =  1406
 target_temperature = -20.0  current_temperature = -20.2  delta_temperature = -0.1999999999999993  elapsed_time =  1412
 target_temperature = -20.0  current_temperature = -20.2  delta_temperature = -0.1999999999999993  elapsed_time =  1418
 target_temperature = -20.0  current_temperature = -20.3  delta_temperature = -0.3000000000000007  elapsed_time =  1424
 target_temperature = -20.0  current_temperature = -20.3  delta_temperature = -0.3000000000000007  elapsed_time =  1429
 target_temperature = -20.0  current_temperature = -20.3  delta_temperature = -0.3000000000000007  elapsed_time =  1434
 target_temperature = -20.0  current_temperature = -20.3  delta_temperature = -0.3000000000000007  elapsed_time =  1439
 target_temperature = -20.0  current_temperature = -20.3  delta_temperature = -0.3000000000000007  elapsed_time =  1445
 target_temperature = -20.0  current_temperature = -20.3  delta_temperature = -0.3000000000000007  elapsed_time =  1453
 target_temperature = -20.0  current_temperature = -20.2  delta_temperature = -0.1999999999999993  elapsed_time =  1459
 target_temperature = -20.0  current_temperature = -20.2  delta_temperature = -0.1999999999999993  elapsed_time =  1464
 target_temperature = -20.0  current_temperature = -20.2  delta_temperature = -0.1999999999999993  elapsed_time =  1470
 target_temperature = -20.0  current_temperature = -20.2  delta_temperature = -0.1999999999999993  elapsed_time =  1475
 target_temperature = -20.0  current_temperature = -20.2  delta_temperature = -0.1999999999999993  elapsed_time =  1481
 target_temperature = -20.0  current_temperature = -20.2  delta_temperature = -0.1999999999999993  elapsed_time =  1486
 target_temperature = -20.0  current_temperature = -20.1  delta_temperature = -0.10000000000000142  elapsed_time =  1491
 target_temperature = -20.0  current_temperature = -20.1  delta_temperature = -0.10000000000000142  elapsed_time =  1497
 target_temperature = -20.0  current_temperature = -20.1  delta_temperature = -0.10000000000000142  elapsed_time =  1502
 target_temperature = -20.0  current_temperature = -20.0  delta_temperature = 0.0  elapsed_time =  1507
 target_temperature = -20.0  current_temperature = -20.0  delta_temperature = 0.0  elapsed_time =  1512
 target_temperature = -20.0  current_temperature = -20.0  delta_temperature = 0.0  elapsed_time =  1517
 target_temperature = -20.0  current_temperature = -20.0  delta_temperature = 0.0  elapsed_time =  1523
 target_temperature = -20.0  current_temperature = -20.0  delta_temperature = 0.0  elapsed_time =  1528
 target_temperature = -20.0  current_temperature = -19.9  delta_temperature = 0.10000000000000142  elapsed_time =  1533
 target_temperature = -20.0  current_temperature = -19.9  delta_temperature = 0.10000000000000142  elapsed_time =  1538
 target_temperature = -20.0  current_temperature = -19.8  delta_temperature = 0.1999999999999993  elapsed_time =  1543
 target_temperature = -20.0  current_temperature = -19.8  delta_temperature = 0.1999999999999993  elapsed_time =  1549
 target_temperature = -20.0  current_temperature = -20.0  delta_temperature = 0.0  elapsed_time =  1554
 target_temperature = -20.0  current_temperature = -20.0  delta_temperature = 0.0  elapsed_time =  1559
 target_temperature = -20.0  current_temperature = -20.0  delta_temperature = 0.0  elapsed_time =  1564
 target_temperature = -20.0  current_temperature = -19.9  delta_temperature = 0.10000000000000142  elapsed_time =  1571
 target_temperature = -20.0  current_temperature = -20.0  delta_temperature = 0.0  elapsed_time =  1579
 target_temperature = -20.0  current_temperature = -20.0  delta_temperature = 0.0  elapsed_time =  1584
 target_temperature = -20.0  current_temperature = -20.1  delta_temperature = -0.10000000000000142  elapsed_time =  1590
 target_temperature = -20.0  current_temperature = -20.1  delta_temperature = -0.10000000000000142  elapsed_time =  1595
 target_temperature = -20.0  current_temperature = -20.1  delta_temperature = -0.10000000000000142  elapsed_time =  1601
 target_temperature = -20.0  current_temperature = -20.2  delta_temperature = -0.1999999999999993  elapsed_time =  1606
 target_temperature = -20.0  current_temperature = -20.2  delta_temperature = -0.1999999999999993  elapsed_time =  1612
 target_temperature = -20.0  current_temperature = -20.3  delta_temperature = -0.3000000000000007  elapsed_time =  1618
 target_temperature = -20.0  current_temperature = -20.3  delta_temperature = -0.3000000000000007  elapsed_time =  1623
 target_temperature = -20.0  current_temperature = -20.3  delta_temperature = -0.3000000000000007  elapsed_time =  1629
 target_temperature = -20.0  current_temperature = -20.3  delta_temperature = -0.3000000000000007  elapsed_time =  1634
 target_temperature = -20.0  current_temperature = -20.3  delta_temperature = -0.3000000000000007  elapsed_time =  1640
 target_temperature = -20.0  current_temperature = -20.2  delta_temperature = -0.1999999999999993  elapsed_time =  1645
 target_temperature = -20.0  current_temperature = -20.3  delta_temperature = -0.3000000000000007  elapsed_time =  1650
 target_temperature = -20.0  current_temperature = -20.3  delta_temperature = -0.3000000000000007  elapsed_time =  1656
 target_temperature = -20.0  current_temperature = -20.2  delta_temperature = -0.1999999999999993  elapsed_time =  1661
 target_temperature = -20.0  current_temperature = -20.2  delta_temperature = -0.1999999999999993  elapsed_time =  1666
 target_temperature = -20.0  current_temperature = -20.2  delta_temperature = -0.1999999999999993  elapsed_time =  1671
 target_temperature = -20.0  current_temperature = -20.1  delta_temperature = -0.10000000000000142  elapsed_time =  1679
 target_temperature = -20.0  current_temperature = -20.1  delta_temperature = -0.10000000000000142  elapsed_time =  1684
 target_temperature = -20.0  current_temperature = -20.0  delta_temperature = 0.0  elapsed_time =  1689
 target_temperature = -20.0  current_temperature = -20.0  delta_temperature = 0.0  elapsed_time =  1695
 target_temperature = -20.0  current_temperature = -20.0  delta_temperature = 0.0  elapsed_time =  1700
 target_temperature = -20.0  current_temperature = -20.0  delta_temperature = 0.0  elapsed_time =  1705
 target_temperature = -20.0  current_temperature = -20.0  delta_temperature = 0.0  elapsed_time =  1713
 target_temperature = -20.0  current_temperature = -19.9  delta_temperature = 0.10000000000000142  elapsed_time =  1719
 target_temperature = -20.0  current_temperature = -19.8  delta_temperature = 0.1999999999999993  elapsed_time =  1724
 target_temperature = -20.0  current_temperature = -19.8  delta_temperature = 0.1999999999999993  elapsed_time =  1730
 target_temperature = -20.0  current_temperature = -19.9  delta_temperature = 0.10000000000000142  elapsed_time =  1735
 target_temperature = -20.0  current_temperature = -19.9  delta_temperature = 0.10000000000000142  elapsed_time =  1740
 target_temperature = -20.0  current_temperature = -19.9  delta_temperature = 0.10000000000000142  elapsed_time =  1745
 target_temperature = -20.0  current_temperature = -19.8  delta_temperature = 0.1999999999999993  elapsed_time =  1751
 target_temperature = -20.0  current_temperature = -19.9  delta_temperature = 0.10000000000000142  elapsed_time =  1756
 target_temperature = -20.0  current_temperature = -19.9  delta_temperature = 0.10000000000000142  elapsed_time =  1761
 target_temperature = -20.0  current_temperature = -20.0  delta_temperature = 0.0  elapsed_time =  1766
 target_temperature = -20.0  current_temperature = -20.0  delta_temperature = 0.0  elapsed_time =  1772
 target_temperature = -20.0  current_temperature = -20.0  delta_temperature = 0.0  elapsed_time =  1777
 target_temperature = -20.0  current_temperature = -20.0  delta_temperature = 0.0  elapsed_time =  1783
 target_temperature = -20.0  current_temperature = -20.1  delta_temperature = -0.10000000000000142  elapsed_time =  1788
 target_temperature = -20.0  current_temperature = -20.0  delta_temperature = 0.0  elapsed_time =  1793
 target_temperature = -20.0  current_temperature = -20.0  delta_temperature = 0.0  elapsed_time =  1798
 target_temperature = -20.0  current_temperature = -20.1  delta_temperature = -0.10000000000000142  elapsed_time =  1804
