 --- 
 --- START: /home/eic/DATA/2023-characterisation/actual/20230627-032243/memmert-hama3 
 --- 
1687828963 | Tue 27 Jun 03:22:43 CEST 2023 
 --- 
 --- go to -30 C: /au/memmert/memmert_go_to_minus_30.sh 
 --- 
 --- SCAN: /home/eic/DATA/2023-characterisation/actual/20230627-032243/memmert-hama3 
 --- 
1687834256 | Tue 27 Jun 04:50:56 CEST 2023 
 --- 
 --- starting IV setup: /au/measure/2023-characterisation/run-iv-setup.sh run-memmert-hama3-setup
 --- starting DCR setup: /au/measure/2023-characterisation/run-dcr-setup.sh run-memmert-hama3-setup
 --- waiting for processes to complete 
 --- 
 --- COMPLETED: /home/eic/DATA/2023-characterisation/actual/20230627-032243/memmert-hama3 
 --- 
1687838646 | Tue 27 Jun 06:04:06 CEST 2023 
 --- 
 --- go back to 20 C: /au/memmert/memmert_back_to_plus_20.sh 
 --- 
 --- DONE: /home/eic/DATA/2023-characterisation/actual/20230627-032243/memmert-hama3 
 --- 
1687839536 | Tue 27 Jun 06:18:56 CEST 2023 
 --- 
