 --- 
 --- START: /home/eic/DATA/2023-characterisation/actual/20230717-100852/memmert-hama3 
 --- 
1689581332 | Mon 17 Jul 10:08:52 CEST 2023 
 --- 
 --- go to -30 C: /au/memmert/memmert_go_to_minus_30.sh 
 --- 
 --- SCAN: /home/eic/DATA/2023-characterisation/actual/20230717-100852/memmert-hama3 
 --- 
1689590321 | Mon 17 Jul 12:38:41 CEST 2023 
 --- 
 --- starting IV setup: /au/measure/2023-characterisation/run-iv-setup.sh run-memmert-hama3-setup
 --- starting DCR setup: /au/measure/2023-characterisation/run-dcr-setup.sh run-memmert-hama3-setup
 --- waiting for processes to complete 
 --- 
 --- COMPLETED: /home/eic/DATA/2023-characterisation/actual/20230717-100852/memmert-hama3 
 --- 
1689595459 | Mon 17 Jul 14:04:19 CEST 2023 
 --- 
 --- go back to 20 C: /au/memmert/memmert_back_to_plus_20.sh 
 --- 
 --- DONE: /home/eic/DATA/2023-characterisation/actual/20230717-100852/memmert-hama3 
 --- 
1689596381 | Mon 17 Jul 14:19:41 CEST 2023 
 --- 
