 --- 
 --- START: /home/eic/DATA/2023-characterisation/actual/20230706-123227/memmert-hama3-dcr 
 --- 
1688639547 | Thu  6 Jul 12:32:27 CEST 2023 
 --- 
 --- go to -30 C: /au/memmert/memmert_go_to_minus_30.sh 
 --- 
 --- SCAN: /home/eic/DATA/2023-characterisation/actual/20230706-123227/memmert-hama3-dcr 
 --- 
1688639547 | Thu  6 Jul 12:32:27 CEST 2023 
 --- 
 --- starting DCR setup: /au/measure/2023-characterisation/run-dcr-setup.sh run-memmert-hama3-setup
 --- waiting for processes to complete 
 --- 
 --- COMPLETED: /home/eic/DATA/2023-characterisation/actual/20230706-123227/memmert-hama3-dcr 
 --- 
1688644926 | Thu  6 Jul 14:02:06 CEST 2023 
 --- 
 --- go back to 20 C: /au/memmert/memmert_back_to_plus_20.sh 
 --- 
 --- DONE: /home/eic/DATA/2023-characterisation/actual/20230706-123227/memmert-hama3-dcr 
 --- 
1688644926 | Thu  6 Jul 14:02:06 CEST 2023 
 --- 
