 --- setting mode: 1
 --- response: OK
 --- mode set value: 1
 --- setting temperature: 25.0
 --- response: OK
 --- temperature set value: 25.0
 --- setting fan: A
 --- response: OK
 --- fan set value: A
 --- setting fan: A
 --- response: OK
 --- fan set value: A
 --- memmert reached RH = 5.0 %
 --- wait 10 minutes to make sure RH is really low
 --- setting temperature: -30.0
 --- response: OK
 --- temperature set value: -30.0
 target_temperature = -30.0  current_temperature = 25.7  delta_temperature = 55.7  elapsed_time =  0
 target_temperature = -30.0  current_temperature = 25.7  delta_temperature = 55.7  elapsed_time =  0
 target_temperature = -30.0  current_temperature = 25.7  delta_temperature = 55.7  elapsed_time =  0
 target_temperature = -30.0  current_temperature = 25.8  delta_temperature = 55.8  elapsed_time =  0
 target_temperature = -30.0  current_temperature = 25.7  delta_temperature = 55.7  elapsed_time =  0
 target_temperature = -30.0  current_temperature = 25.7  delta_temperature = 55.7  elapsed_time =  0
 target_temperature = -30.0  current_temperature = 25.6  delta_temperature = 55.6  elapsed_time =  0
 target_temperature = -30.0  current_temperature = 25.3  delta_temperature = 55.3  elapsed_time =  0
 target_temperature = -30.0  current_temperature = 25.2  delta_temperature = 55.2  elapsed_time =  0
 target_temperature = -30.0  current_temperature = 24.6  delta_temperature = 54.6  elapsed_time =  0
 target_temperature = -30.0  current_temperature = 24.5  delta_temperature = 54.5  elapsed_time =  0
 target_temperature = -30.0  current_temperature = 24.2  delta_temperature = 54.2  elapsed_time =  0
 target_temperature = -30.0  current_temperature = 23.6  delta_temperature = 53.6  elapsed_time =  0
 target_temperature = -30.0  current_temperature = 23.3  delta_temperature = 53.3  elapsed_time =  0
 target_temperature = -30.0  current_temperature = 22.6  delta_temperature = 52.6  elapsed_time =  0
 target_temperature = -30.0  current_temperature = 22.4  delta_temperature = 52.4  elapsed_time =  0
 target_temperature = -30.0  current_temperature = 22.0  delta_temperature = 52.0  elapsed_time =  0
 target_temperature = 0.0  current_temperature = 21.6  delta_temperature = 21.6  elapsed_time =  0
 target_temperature = 0.0  current_temperature = 21.0  delta_temperature = 21.0  elapsed_time =  0
 target_temperature = 0.0  current_temperature = 20.7  delta_temperature = 20.7  elapsed_time =  0
 target_temperature = 0.0  current_temperature = 20.3  delta_temperature = 20.3  elapsed_time =  0
 target_temperature = 0.0  current_temperature = 20.2  delta_temperature = 20.2  elapsed_time =  0
 target_temperature = 0.0  current_temperature = 20.1  delta_temperature = 20.1  elapsed_time =  0
 target_temperature = 0.0  current_temperature = 19.7  delta_temperature = 19.7  elapsed_time =  0
 target_temperature = 0.0  current_temperature = 19.5  delta_temperature = 19.5  elapsed_time =  0
 target_temperature = 0.0  current_temperature = 19.1  delta_temperature = 19.1  elapsed_time =  0
 target_temperature = 0.0  current_temperature = 19.1  delta_temperature = 19.1  elapsed_time =  0
 target_temperature = 0.0  current_temperature = 19.1  delta_temperature = 19.1  elapsed_time =  0
 target_temperature = 0.0  current_temperature = 18.8  delta_temperature = 18.8  elapsed_time =  0
 target_temperature = 0.0  current_temperature = 18.7  delta_temperature = 18.7  elapsed_time =  0
 target_temperature = 0.0  current_temperature = 18.3  delta_temperature = 18.3  elapsed_time =  0
 target_temperature = 0.0  current_temperature = 18.3  delta_temperature = 18.3  elapsed_time =  0
 target_temperature = 0.0  current_temperature = 18.3  delta_temperature = 18.3  elapsed_time =  0
 target_temperature = 0.0  current_temperature = 18.1  delta_temperature = 18.1  elapsed_time =  0
 target_temperature = 0.0  current_temperature = 18.0  delta_temperature = 18.0  elapsed_time =  0
 target_temperature = 0.0  current_temperature = 18.0  delta_temperature = 18.0  elapsed_time =  0
 target_temperature = 0.0  current_temperature = 17.6  delta_temperature = 17.6  elapsed_time =  0
 target_temperature = 0.0  current_temperature = 17.4  delta_temperature = 17.4  elapsed_time =  0
 target_temperature = 0.0  current_temperature = 17.2  delta_temperature = 17.2  elapsed_time =  0
 target_temperature = 0.0  current_temperature = 16.9  delta_temperature = 16.9  elapsed_time =  0
 target_temperature = 0.0  current_temperature = 16.7  delta_temperature = 16.7  elapsed_time =  0
 target_temperature = 0.0  current_temperature = 16.6  delta_temperature = 16.6  elapsed_time =  0
 target_temperature = 0.0  current_temperature = 16.0  delta_temperature = 16.0  elapsed_time =  0
 target_temperature = 0.0  current_temperature = 15.9  delta_temperature = 15.9  elapsed_time =  0
 target_temperature = 0.0  current_temperature = 15.7  delta_temperature = 15.7  elapsed_time =  0
 target_temperature = 0.0  current_temperature = 15.3  delta_temperature = 15.3  elapsed_time =  0
 target_temperature = 0.0  current_temperature = 15.2  delta_temperature = 15.2  elapsed_time =  0
 target_temperature = 0.0  current_temperature = 14.8  delta_temperature = 14.8  elapsed_time =  0
 target_temperature = 0.0  current_temperature = 14.5  delta_temperature = 14.5  elapsed_time =  0
 target_temperature = 0.0  current_temperature = 14.3  delta_temperature = 14.3  elapsed_time =  0
 target_temperature = 0.0  current_temperature = 14.2  delta_temperature = 14.2  elapsed_time =  0
 target_temperature = 0.0  current_temperature = 13.9  delta_temperature = 13.9  elapsed_time =  0
 target_temperature = 0.0  current_temperature = 13.8  delta_temperature = 13.8  elapsed_time =  0
 target_temperature = 0.0  current_temperature = 13.3  delta_temperature = 13.3  elapsed_time =  0
 target_temperature = 0.0  current_temperature = 13.2  delta_temperature = 13.2  elapsed_time =  0
 target_temperature = 0.0  current_temperature = 12.9  delta_temperature = 12.9  elapsed_time =  0
 target_temperature = 0.0  current_temperature = 12.6  delta_temperature = 12.6  elapsed_time =  0
 target_temperature = 0.0  current_temperature = 12.2  delta_temperature = 12.2  elapsed_time =  0
 target_temperature = 0.0  current_temperature = 12.1  delta_temperature = 12.1  elapsed_time =  0
 target_temperature = 0.0  current_temperature = 12.1  delta_temperature = 12.1  elapsed_time =  0
 target_temperature = 0.0  current_temperature = 12.1  delta_temperature = 12.1  elapsed_time =  0
 target_temperature = 0.0  current_temperature = 11.9  delta_temperature = 11.9  elapsed_time =  0
 target_temperature = 0.0  current_temperature = 11.8  delta_temperature = 11.8  elapsed_time =  0
 target_temperature = 0.0  current_temperature = 11.7  delta_temperature = 11.7  elapsed_time =  0
 target_temperature = 0.0  current_temperature = 11.6  delta_temperature = 11.6  elapsed_time =  0
 target_temperature = 0.0  current_temperature = 11.6  delta_temperature = 11.6  elapsed_time =  0
 target_temperature = 0.0  current_temperature = 11.5  delta_temperature = 11.5  elapsed_time =  0
 target_temperature = 0.0  current_temperature = 11.4  delta_temperature = 11.4  elapsed_time =  0
 target_temperature = 0.0  current_temperature = 11.4  delta_temperature = 11.4  elapsed_time =  0
 target_temperature = 0.0  current_temperature = 11.2  delta_temperature = 11.2  elapsed_time =  0
 target_temperature = 0.0  current_temperature = 11.1  delta_temperature = 11.1  elapsed_time =  0
 target_temperature = 0.0  current_temperature = 11.0  delta_temperature = 11.0  elapsed_time =  0
 target_temperature = 0.0  current_temperature = 10.7  delta_temperature = 10.7  elapsed_time =  0
 target_temperature = 0.0  current_temperature = 10.7  delta_temperature = 10.7  elapsed_time =  0
 target_temperature = 0.0  current_temperature = 10.6  delta_temperature = 10.6  elapsed_time =  0
 target_temperature = 0.0  current_temperature = 10.0  delta_temperature = 10.0  elapsed_time =  0
 target_temperature = 0.0  current_temperature = 9.9  delta_temperature = 9.9  elapsed_time =  0
 target_temperature = 0.0  current_temperature = 9.6  delta_temperature = 9.6  elapsed_time =  0
 target_temperature = 0.0  current_temperature = 9.5  delta_temperature = 9.5  elapsed_time =  0
 target_temperature = 0.0  current_temperature = 9.4  delta_temperature = 9.4  elapsed_time =  0
 target_temperature = 0.0  current_temperature = 9.0  delta_temperature = 9.0  elapsed_time =  0
 target_temperature = 0.0  current_temperature = 8.9  delta_temperature = 8.9  elapsed_time =  0
 target_temperature = 0.0  current_temperature = 8.8  delta_temperature = 8.8  elapsed_time =  0
 target_temperature = 0.0  current_temperature = 8.6  delta_temperature = 8.6  elapsed_time =  0
 target_temperature = 0.0  current_temperature = 8.5  delta_temperature = 8.5  elapsed_time =  0
 target_temperature = 0.0  current_temperature = 8.5  delta_temperature = 8.5  elapsed_time =  0
 target_temperature = 0.0  current_temperature = 8.0  delta_temperature = 8.0  elapsed_time =  0
 target_temperature = 0.0  current_temperature = 8.0  delta_temperature = 8.0  elapsed_time =  0
 target_temperature = 0.0  current_temperature = 7.8  delta_temperature = 7.8  elapsed_time =  0
 target_temperature = 0.0  current_temperature = 7.4  delta_temperature = 7.4  elapsed_time =  0
 target_temperature = 0.0  current_temperature = 7.1  delta_temperature = 7.1  elapsed_time =  0
 target_temperature = 0.0  current_temperature = 6.9  delta_temperature = 6.9  elapsed_time =  0
 target_temperature = 0.0  current_temperature = 6.8  delta_temperature = 6.8  elapsed_time =  0
 target_temperature = 0.0  current_temperature = 6.7  delta_temperature = 6.7  elapsed_time =  0
 target_temperature = 0.0  current_temperature = 6.6  delta_temperature = 6.6  elapsed_time =  0
 target_temperature = 0.0  current_temperature = 6.6  delta_temperature = 6.6  elapsed_time =  0
 target_temperature = 0.0  current_temperature = 6.2  delta_temperature = 6.2  elapsed_time =  0
 target_temperature = 0.0  current_temperature = 6.1  delta_temperature = 6.1  elapsed_time =  0
 target_temperature = 0.0  current_temperature = 6.1  delta_temperature = 6.1  elapsed_time =  0
 target_temperature = 0.0  current_temperature = 5.9  delta_temperature = 5.9  elapsed_time =  0
 target_temperature = 0.0  current_temperature = 5.9  delta_temperature = 5.9  elapsed_time =  0
 target_temperature = 0.0  current_temperature = 5.9  delta_temperature = 5.9  elapsed_time =  0
 target_temperature = 0.0  current_temperature = 5.4  delta_temperature = 5.4  elapsed_time =  0
 target_temperature = 0.0  current_temperature = 5.4  delta_temperature = 5.4  elapsed_time =  0
 target_temperature = 0.0  current_temperature = 5.3  delta_temperature = 5.3  elapsed_time =  0
 target_temperature = 0.0  current_temperature = 5.0  delta_temperature = 5.0  elapsed_time =  0
 target_temperature = 0.0  current_temperature = 5.0  delta_temperature = 5.0  elapsed_time =  0
 target_temperature = 0.0  current_temperature = 4.8  delta_temperature = 4.8  elapsed_time =  0
 target_temperature = 0.0  current_temperature = 4.5  delta_temperature = 4.5  elapsed_time =  0
 target_temperature = 0.0  current_temperature = 4.5  delta_temperature = 4.5  elapsed_time =  0
 target_temperature = 0.0  current_temperature = 4.5  delta_temperature = 4.5  elapsed_time =  0
 target_temperature = 0.0  current_temperature = 4.3  delta_temperature = 4.3  elapsed_time =  0
 target_temperature = 0.0  current_temperature = 4.3  delta_temperature = 4.3  elapsed_time =  0
 target_temperature = 0.0  current_temperature = 4.1  delta_temperature = 4.1  elapsed_time =  0
 target_temperature = 0.0  current_temperature = 4.0  delta_temperature = 4.0  elapsed_time =  0
 target_temperature = 0.0  current_temperature = 4.0  delta_temperature = 4.0  elapsed_time =  0
 target_temperature = 0.0  current_temperature = 3.9  delta_temperature = 3.9  elapsed_time =  0
 target_temperature = 0.0  current_temperature = 3.9  delta_temperature = 3.9  elapsed_time =  0
 target_temperature = 0.0  current_temperature = 3.8  delta_temperature = 3.8  elapsed_time =  0
 target_temperature = 0.0  current_temperature = 3.6  delta_temperature = 3.6  elapsed_time =  0
 target_temperature = 0.0  current_temperature = 3.6  delta_temperature = 3.6  elapsed_time =  0
 target_temperature = 0.0  current_temperature = 3.6  delta_temperature = 3.6  elapsed_time =  0
 target_temperature = 0.0  current_temperature = 3.5  delta_temperature = 3.5  elapsed_time =  0
 target_temperature = 0.0  current_temperature = 3.5  delta_temperature = 3.5  elapsed_time =  0
 target_temperature = 0.0  current_temperature = 3.4  delta_temperature = 3.4  elapsed_time =  0
 target_temperature = 0.0  current_temperature = 3.2  delta_temperature = 3.2  elapsed_time =  0
 target_temperature = 0.0  current_temperature = 3.2  delta_temperature = 3.2  elapsed_time =  0
 target_temperature = 0.0  current_temperature = 3.0  delta_temperature = 3.0  elapsed_time =  0
 target_temperature = 0.0  current_temperature = 3.0  delta_temperature = 3.0  elapsed_time =  0
 target_temperature = 0.0  current_temperature = 3.0  delta_temperature = 3.0  elapsed_time =  0
 target_temperature = 0.0  current_temperature = 2.7  delta_temperature = 2.7  elapsed_time =  0
 target_temperature = 0.0  current_temperature = 2.6  delta_temperature = 2.6  elapsed_time =  0
 target_temperature = 0.0  current_temperature = 2.6  delta_temperature = 2.6  elapsed_time =  0
 target_temperature = 0.0  current_temperature = 2.4  delta_temperature = 2.4  elapsed_time =  0
 target_temperature = 0.0  current_temperature = 2.4  delta_temperature = 2.4  elapsed_time =  0
 target_temperature = 0.0  current_temperature = 2.4  delta_temperature = 2.4  elapsed_time =  0
 target_temperature = 0.0  current_temperature = 1.9  delta_temperature = 1.9  elapsed_time =  5
 target_temperature = 0.0  current_temperature = 1.9  delta_temperature = 1.9  elapsed_time =  10
 target_temperature = 0.0  current_temperature = 1.9  delta_temperature = 1.9  elapsed_time =  15
 target_temperature = 0.0  current_temperature = 1.7  delta_temperature = 1.7  elapsed_time =  20
 target_temperature = 0.0  current_temperature = 1.5  delta_temperature = 1.5  elapsed_time =  26
 target_temperature = 0.0  current_temperature = 1.3  delta_temperature = 1.3  elapsed_time =  31
 target_temperature = 0.0  current_temperature = 1.3  delta_temperature = 1.3  elapsed_time =  37
 target_temperature = 0.0  current_temperature = 1.3  delta_temperature = 1.3  elapsed_time =  42
 target_temperature = 0.0  current_temperature = 1.2  delta_temperature = 1.2  elapsed_time =  47
 target_temperature = 0.0  current_temperature = 1.0  delta_temperature = 1.0  elapsed_time =  52
 target_temperature = 0.0  current_temperature = 1.0  delta_temperature = 1.0  elapsed_time =  57
 target_temperature = 0.0  current_temperature = 0.8  delta_temperature = 0.8  elapsed_time =  62
 target_temperature = 0.0  current_temperature = 0.8  delta_temperature = 0.8  elapsed_time =  68
 target_temperature = 0.0  current_temperature = 0.8  delta_temperature = 0.8  elapsed_time =  73
 target_temperature = 0.0  current_temperature = 0.8  delta_temperature = 0.8  elapsed_time =  79
 target_temperature = 0.0  current_temperature = 0.8  delta_temperature = 0.8  elapsed_time =  84
 target_temperature = 0.0  current_temperature = 0.8  delta_temperature = 0.8  elapsed_time =  90
 target_temperature = 0.0  current_temperature = 0.8  delta_temperature = 0.8  elapsed_time =  95
 target_temperature = 0.0  current_temperature = 0.6  delta_temperature = 0.6  elapsed_time =  100
 target_temperature = 0.0  current_temperature = 0.5  delta_temperature = 0.5  elapsed_time =  105
 target_temperature = 0.0  current_temperature = 0.5  delta_temperature = 0.5  elapsed_time =  110
 target_temperature = 0.0  current_temperature = 0.5  delta_temperature = 0.5  elapsed_time =  116
 target_temperature = 0.0  current_temperature = 0.5  delta_temperature = 0.5  elapsed_time =  121
 target_temperature = 0.0  current_temperature = 0.2  delta_temperature = 0.2  elapsed_time =  129
 target_temperature = 0.0  current_temperature = 0.2  delta_temperature = 0.2  elapsed_time =  134
 target_temperature = 0.0  current_temperature = 0.1  delta_temperature = 0.1  elapsed_time =  139
 target_temperature = 0.0  current_temperature = 0.1  delta_temperature = 0.1  elapsed_time =  145
 target_temperature = 0.0  current_temperature = 0.1  delta_temperature = 0.1  elapsed_time =  150
 target_temperature = 0.0  current_temperature = -0.2  delta_temperature = -0.2  elapsed_time =  155
 target_temperature = 0.0  current_temperature = -0.3  delta_temperature = -0.3  elapsed_time =  160
 target_temperature = 0.0  current_temperature = -0.3  delta_temperature = -0.3  elapsed_time =  166
 target_temperature = 0.0  current_temperature = -0.4  delta_temperature = -0.4  elapsed_time =  172
 target_temperature = 0.0  current_temperature = -0.4  delta_temperature = -0.4  elapsed_time =  178
 target_temperature = 0.0  current_temperature = -0.7  delta_temperature = -0.7  elapsed_time =  185
 target_temperature = 0.0  current_temperature = -0.7  delta_temperature = -0.7  elapsed_time =  190
 target_temperature = 0.0  current_temperature = -0.7  delta_temperature = -0.7  elapsed_time =  195
 target_temperature = 0.0  current_temperature = -0.8  delta_temperature = -0.8  elapsed_time =  203
 target_temperature = 0.0  current_temperature = -0.8  delta_temperature = -0.8  elapsed_time =  210
 target_temperature = 0.0  current_temperature = -0.9  delta_temperature = -0.9  elapsed_time =  216
 target_temperature = 0.0  current_temperature = -0.9  delta_temperature = -0.9  elapsed_time =  221
 target_temperature = 0.0  current_temperature = -0.8  delta_temperature = -0.8  elapsed_time =  226
 target_temperature = 0.0  current_temperature = -0.8  delta_temperature = -0.8  elapsed_time =  231
 target_temperature = 0.0  current_temperature = -0.6  delta_temperature = -0.6  elapsed_time =  237
 target_temperature = 0.0  current_temperature = -0.6  delta_temperature = -0.6  elapsed_time =  242
 target_temperature = 0.0  current_temperature = -0.7  delta_temperature = -0.7  elapsed_time =  248
 target_temperature = 0.0  current_temperature = -0.5  delta_temperature = -0.5  elapsed_time =  253
 target_temperature = 0.0  current_temperature = -0.4  delta_temperature = -0.4  elapsed_time =  259
 target_temperature = 0.0  current_temperature = -0.2  delta_temperature = -0.2  elapsed_time =  264
 target_temperature = 0.0  current_temperature = -0.1  delta_temperature = -0.1  elapsed_time =  269
 target_temperature = 0.0  current_temperature = -0.1  delta_temperature = -0.1  elapsed_time =  275
 target_temperature = 0.0  current_temperature = -0.1  delta_temperature = -0.1  elapsed_time =  280
 target_temperature = 0.0  current_temperature = 0.1  delta_temperature = 0.1  elapsed_time =  285
 target_temperature = 0.0  current_temperature = 0.2  delta_temperature = 0.2  elapsed_time =  290
 target_temperature = 0.0  current_temperature = 0.3  delta_temperature = 0.3  elapsed_time =  296
 target_temperature = 0.0  current_temperature = 0.5  delta_temperature = 0.5  elapsed_time =  301
 target_temperature = 0.0  current_temperature = 0.4  delta_temperature = 0.4  elapsed_time =  306
 target_temperature = 0.0  current_temperature = 0.5  delta_temperature = 0.5  elapsed_time =  311
 target_temperature = 0.0  current_temperature = 0.5  delta_temperature = 0.5  elapsed_time =  316
 target_temperature = 0.0  current_temperature = 0.6  delta_temperature = 0.6  elapsed_time =  323
 target_temperature = 0.0  current_temperature = 0.7  delta_temperature = 0.7  elapsed_time =  328
 target_temperature = 0.0  current_temperature = 0.5  delta_temperature = 0.5  elapsed_time =  334
 target_temperature = 0.0  current_temperature = 0.4  delta_temperature = 0.4  elapsed_time =  339
 target_temperature = 0.0  current_temperature = 0.5  delta_temperature = 0.5  elapsed_time =  345
 target_temperature = 0.0  current_temperature = 0.5  delta_temperature = 0.5  elapsed_time =  350
 target_temperature = 0.0  current_temperature = 0.4  delta_temperature = 0.4  elapsed_time =  358
 target_temperature = 0.0  current_temperature = 0.3  delta_temperature = 0.3  elapsed_time =  366
 target_temperature = 0.0  current_temperature = 0.3  delta_temperature = 0.3  elapsed_time =  371
 target_temperature = 0.0  current_temperature = 0.3  delta_temperature = 0.3  elapsed_time =  376
 target_temperature = 0.0  current_temperature = 0.3  delta_temperature = 0.3  elapsed_time =  381
 target_temperature = 0.0  current_temperature = 0.3  delta_temperature = 0.3  elapsed_time =  388
 target_temperature = 0.0  current_temperature = 0.0  delta_temperature = 0.0  elapsed_time =  393
 target_temperature = 0.0  current_temperature = 0.0  delta_temperature = 0.0  elapsed_time =  398
 target_temperature = 0.0  current_temperature = 0.0  delta_temperature = 0.0  elapsed_time =  404
 target_temperature = 0.0  current_temperature = -0.1  delta_temperature = -0.1  elapsed_time =  410
 target_temperature = 0.0  current_temperature = -0.2  delta_temperature = -0.2  elapsed_time =  415
 target_temperature = 0.0  current_temperature = -0.2  delta_temperature = -0.2  elapsed_time =  420
 target_temperature = 0.0  current_temperature = -0.5  delta_temperature = -0.5  elapsed_time =  425
 target_temperature = 0.0  current_temperature = -0.6  delta_temperature = -0.6  elapsed_time =  431
 target_temperature = 0.0  current_temperature = -0.6  delta_temperature = -0.6  elapsed_time =  437
 target_temperature = 0.0  current_temperature = -0.8  delta_temperature = -0.8  elapsed_time =  444
 target_temperature = 0.0  current_temperature = -0.8  delta_temperature = -0.8  elapsed_time =  449
 target_temperature = 0.0  current_temperature = -1.0  delta_temperature = -1.0  elapsed_time =  454
 target_temperature = 0.0  current_temperature = -1.2  delta_temperature = -1.2  elapsed_time =  460
 target_temperature = 0.0  current_temperature = -1.2  delta_temperature = -1.2  elapsed_time =  465
 target_temperature = 0.0  current_temperature = -1.3  delta_temperature = -1.3  elapsed_time =  472
 target_temperature = 0.0  current_temperature = -1.3  delta_temperature = -1.3  elapsed_time =  477
 target_temperature = 0.0  current_temperature = -1.3  delta_temperature = -1.3  elapsed_time =  482
 target_temperature = 0.0  current_temperature = -1.5  delta_temperature = -1.5  elapsed_time =  487
 target_temperature = 0.0  current_temperature = -1.5  delta_temperature = -1.5  elapsed_time =  493
 target_temperature = 0.0  current_temperature = -1.5  delta_temperature = -1.5  elapsed_time =  498
 target_temperature = 0.0  current_temperature = -1.5  delta_temperature = -1.5  elapsed_time =  503
 target_temperature = 0.0  current_temperature = -1.4  delta_temperature = -1.4  elapsed_time =  508
 target_temperature = 0.0  current_temperature = -1.4  delta_temperature = -1.4  elapsed_time =  515
 target_temperature = 0.0  current_temperature = -1.2  delta_temperature = -1.2  elapsed_time =  520
 target_temperature = 0.0  current_temperature = -1.1  delta_temperature = -1.1  elapsed_time =  525
 target_temperature = 0.0  current_temperature = -1.0  delta_temperature = -1.0  elapsed_time =  530
 target_temperature = 0.0  current_temperature = -0.9  delta_temperature = -0.9  elapsed_time =  536
 target_temperature = 0.0  current_temperature = -0.7  delta_temperature = -0.7  elapsed_time =  542
 target_temperature = 0.0  current_temperature = -0.7  delta_temperature = -0.7  elapsed_time =  548
 target_temperature = 0.0  current_temperature = -0.5  delta_temperature = -0.5  elapsed_time =  553
 target_temperature = 0.0  current_temperature = -0.4  delta_temperature = -0.4  elapsed_time =  559
 target_temperature = 0.0  current_temperature = -0.2  delta_temperature = -0.2  elapsed_time =  564
 target_temperature = 0.0  current_temperature = 0.0  delta_temperature = 0.0  elapsed_time =  569
 target_temperature = 0.0  current_temperature = -0.1  delta_temperature = -0.1  elapsed_time =  574
 target_temperature = 0.0  current_temperature = 0.0  delta_temperature = 0.0  elapsed_time =  580
 target_temperature = 0.0  current_temperature = 0.1  delta_temperature = 0.1  elapsed_time =  585
 target_temperature = 0.0  current_temperature = 0.2  delta_temperature = 0.2  elapsed_time =  590
 target_temperature = 0.0  current_temperature = 0.3  delta_temperature = 0.3  elapsed_time =  595
 target_temperature = 0.0  current_temperature = 0.4  delta_temperature = 0.4  elapsed_time =  600
 target_temperature = 0.0  current_temperature = 0.3  delta_temperature = 0.3  elapsed_time =  606
 target_temperature = 0.0  current_temperature = 0.3  delta_temperature = 0.3  elapsed_time =  611
 target_temperature = 0.0  current_temperature = 0.4  delta_temperature = 0.4  elapsed_time =  616
 target_temperature = 0.0  current_temperature = 0.4  delta_temperature = 0.4  elapsed_time =  621
 target_temperature = 0.0  current_temperature = 0.4  delta_temperature = 0.4  elapsed_time =  626
 target_temperature = 0.0  current_temperature = 0.4  delta_temperature = 0.4  elapsed_time =  634
 target_temperature = 0.0  current_temperature = 0.4  delta_temperature = 0.4  elapsed_time =  639
 target_temperature = 0.0  current_temperature = 0.4  delta_temperature = 0.4  elapsed_time =  644
 target_temperature = 0.0  current_temperature = 0.4  delta_temperature = 0.4  elapsed_time =  651
 target_temperature = 0.0  current_temperature = 0.4  delta_temperature = 0.4  elapsed_time =  656
 target_temperature = 0.0  current_temperature = 0.5  delta_temperature = 0.5  elapsed_time =  661
 target_temperature = 0.0  current_temperature = 0.2  delta_temperature = 0.2  elapsed_time =  667
 target_temperature = 0.0  current_temperature = 0.2  delta_temperature = 0.2  elapsed_time =  672
 target_temperature = 0.0  current_temperature = 0.3  delta_temperature = 0.3  elapsed_time =  677
 target_temperature = 0.0  current_temperature = 0.2  delta_temperature = 0.2  elapsed_time =  683
 target_temperature = 0.0  current_temperature = 0.2  delta_temperature = 0.2  elapsed_time =  689
 target_temperature = 0.0  current_temperature = 0.1  delta_temperature = 0.1  elapsed_time =  695
 target_temperature = 0.0  current_temperature = 0.0  delta_temperature = 0.0  elapsed_time =  700
 target_temperature = 0.0  current_temperature = 0.0  delta_temperature = 0.0  elapsed_time =  705
 target_temperature = 0.0  current_temperature = -0.1  delta_temperature = -0.1  elapsed_time =  711
 target_temperature = 0.0  current_temperature = -0.1  delta_temperature = -0.1  elapsed_time =  716
 target_temperature = 0.0  current_temperature = -0.1  delta_temperature = -0.1  elapsed_time =  721
 target_temperature = 0.0  current_temperature = -0.4  delta_temperature = -0.4  elapsed_time =  726
 target_temperature = 0.0  current_temperature = -0.4  delta_temperature = -0.4  elapsed_time =  732
 target_temperature = 0.0  current_temperature = -0.5  delta_temperature = -0.5  elapsed_time =  737
 target_temperature = 0.0  current_temperature = -0.6  delta_temperature = -0.6  elapsed_time =  742
 target_temperature = 0.0  current_temperature = -0.6  delta_temperature = -0.6  elapsed_time =  747
 target_temperature = 0.0  current_temperature = -0.6  delta_temperature = -0.6  elapsed_time =  752
 target_temperature = 0.0  current_temperature = -1.0  delta_temperature = -1.0  elapsed_time =  757
 target_temperature = 0.0  current_temperature = -1.0  delta_temperature = -1.0  elapsed_time =  763
 target_temperature = 0.0  current_temperature = -1.0  delta_temperature = -1.0  elapsed_time =  768
 target_temperature = 0.0  current_temperature = -1.1  delta_temperature = -1.1  elapsed_time =  773
 target_temperature = 0.0  current_temperature = -1.2  delta_temperature = -1.2  elapsed_time =  778
 target_temperature = 0.0  current_temperature = -1.2  delta_temperature = -1.2  elapsed_time =  784
 target_temperature = 0.0  current_temperature = -1.2  delta_temperature = -1.2  elapsed_time =  790
 target_temperature = 0.0  current_temperature = -1.2  delta_temperature = -1.2  elapsed_time =  795
 target_temperature = 0.0  current_temperature = -1.2  delta_temperature = -1.2  elapsed_time =  801
 target_temperature = 0.0  current_temperature = -1.2  delta_temperature = -1.2  elapsed_time =  807
 target_temperature = 0.0  current_temperature = -1.1  delta_temperature = -1.1  elapsed_time =  812
 target_temperature = 0.0  current_temperature = -1.1  delta_temperature = -1.1  elapsed_time =  817
 target_temperature = 0.0  current_temperature = -0.9  delta_temperature = -0.9  elapsed_time =  822
 target_temperature = 0.0  current_temperature = -0.8  delta_temperature = -0.8  elapsed_time =  827
 target_temperature = 0.0  current_temperature = -0.7  delta_temperature = -0.7  elapsed_time =  833
 target_temperature = 0.0  current_temperature = -0.5  delta_temperature = -0.5  elapsed_time =  838
 target_temperature = 0.0  current_temperature = -0.4  delta_temperature = -0.4  elapsed_time =  843
 target_temperature = 0.0  current_temperature = -0.4  delta_temperature = -0.4  elapsed_time =  848
 target_temperature = 0.0  current_temperature = -0.3  delta_temperature = -0.3  elapsed_time =  853
 target_temperature = 0.0  current_temperature = -0.2  delta_temperature = -0.2  elapsed_time =  859
 target_temperature = 0.0  current_temperature = 0.0  delta_temperature = 0.0  elapsed_time =  864
 target_temperature = 0.0  current_temperature = 0.1  delta_temperature = 0.1  elapsed_time =  870
 target_temperature = 0.0  current_temperature = 0.0  delta_temperature = 0.0  elapsed_time =  876
 target_temperature = 0.0  current_temperature = 0.1  delta_temperature = 0.1  elapsed_time =  881
 target_temperature = 0.0  current_temperature = 0.3  delta_temperature = 0.3  elapsed_time =  886
 target_temperature = 0.0  current_temperature = 0.3  delta_temperature = 0.3  elapsed_time =  892
 target_temperature = 0.0  current_temperature = 0.4  delta_temperature = 0.4  elapsed_time =  897
 target_temperature = 0.0  current_temperature = 0.5  delta_temperature = 0.5  elapsed_time =  902
 target_temperature = 0.0  current_temperature = 0.4  delta_temperature = 0.4  elapsed_time =  907
 target_temperature = 0.0  current_temperature = 0.5  delta_temperature = 0.5  elapsed_time =  914
 target_temperature = 0.0  current_temperature = 0.5  delta_temperature = 0.5  elapsed_time =  920
 target_temperature = 0.0  current_temperature = 0.7  delta_temperature = 0.7  elapsed_time =  928
 target_temperature = 0.0  current_temperature = 0.7  delta_temperature = 0.7  elapsed_time =  935
 target_temperature = 0.0  current_temperature = 0.7  delta_temperature = 0.7  elapsed_time =  940
 target_temperature = 0.0  current_temperature = 0.7  delta_temperature = 0.7  elapsed_time =  945
 target_temperature = 0.0  current_temperature = 0.7  delta_temperature = 0.7  elapsed_time =  950
 target_temperature = 0.0  current_temperature = 0.7  delta_temperature = 0.7  elapsed_time =  955
 target_temperature = 0.0  current_temperature = 0.8  delta_temperature = 0.8  elapsed_time =  960
 target_temperature = 0.0  current_temperature = 0.8  delta_temperature = 0.8  elapsed_time =  966
 target_temperature = 0.0  current_temperature = 0.6  delta_temperature = 0.6  elapsed_time =  971
 target_temperature = 0.0  current_temperature = 0.6  delta_temperature = 0.6  elapsed_time =  976
 target_temperature = 0.0  current_temperature = 0.6  delta_temperature = 0.6  elapsed_time =  982
 target_temperature = 0.0  current_temperature = 0.7  delta_temperature = 0.7  elapsed_time =  987
 target_temperature = 0.0  current_temperature = 0.7  delta_temperature = 0.7  elapsed_time =  992
 target_temperature = 0.0  current_temperature = 0.5  delta_temperature = 0.5  elapsed_time =  998
 target_temperature = 0.0  current_temperature = 0.5  delta_temperature = 0.5  elapsed_time =  1003
 target_temperature = 0.0  current_temperature = 0.5  delta_temperature = 0.5  elapsed_time =  1008
 target_temperature = 0.0  current_temperature = 0.5  delta_temperature = 0.5  elapsed_time =  1013
 target_temperature = 0.0  current_temperature = 0.5  delta_temperature = 0.5  elapsed_time =  1019
 target_temperature = 0.0  current_temperature = 0.4  delta_temperature = 0.4  elapsed_time =  1026
 target_temperature = 0.0  current_temperature = 0.3  delta_temperature = 0.3  elapsed_time =  1031
 target_temperature = 0.0  current_temperature = 0.3  delta_temperature = 0.3  elapsed_time =  1036
 target_temperature = 0.0  current_temperature = 0.2  delta_temperature = 0.2  elapsed_time =  1044
 target_temperature = 0.0  current_temperature = 0.2  delta_temperature = 0.2  elapsed_time =  1049
 target_temperature = 0.0  current_temperature = 0.2  delta_temperature = 0.2  elapsed_time =  1054
 target_temperature = 0.0  current_temperature = 0.0  delta_temperature = 0.0  elapsed_time =  1059
 target_temperature = 0.0  current_temperature = 0.0  delta_temperature = 0.0  elapsed_time =  1065
 target_temperature = 0.0  current_temperature = -0.1  delta_temperature = -0.1  elapsed_time =  1070
 target_temperature = 0.0  current_temperature = -0.2  delta_temperature = -0.2  elapsed_time =  1076
 target_temperature = 0.0  current_temperature = -0.2  delta_temperature = -0.2  elapsed_time =  1082
 target_temperature = 0.0  current_temperature = -0.5  delta_temperature = -0.5  elapsed_time =  1088
 target_temperature = 0.0  current_temperature = -0.5  delta_temperature = -0.5  elapsed_time =  1093
 target_temperature = 0.0  current_temperature = -0.5  delta_temperature = -0.5  elapsed_time =  1099
 target_temperature = 0.0  current_temperature = -0.6  delta_temperature = -0.6  elapsed_time =  1105
 target_temperature = 0.0  current_temperature = -0.6  delta_temperature = -0.6  elapsed_time =  1110
 target_temperature = 0.0  current_temperature = -0.9  delta_temperature = -0.9  elapsed_time =  1116
 target_temperature = 0.0  current_temperature = -1.0  delta_temperature = -1.0  elapsed_time =  1122
 target_temperature = 0.0  current_temperature = -1.0  delta_temperature = -1.0  elapsed_time =  1128
 target_temperature = 0.0  current_temperature = -1.1  delta_temperature = -1.1  elapsed_time =  1133
 target_temperature = 0.0  current_temperature = -1.1  delta_temperature = -1.1  elapsed_time =  1138
 target_temperature = 0.0  current_temperature = -1.1  delta_temperature = -1.1  elapsed_time =  1143
 target_temperature = 0.0  current_temperature = -1.2  delta_temperature = -1.2  elapsed_time =  1149
 target_temperature = 0.0  current_temperature = -1.2  delta_temperature = -1.2  elapsed_time =  1154
 target_temperature = 0.0  current_temperature = -1.1  delta_temperature = -1.1  elapsed_time =  1159
 target_temperature = 0.0  current_temperature = -1.1  delta_temperature = -1.1  elapsed_time =  1164
 target_temperature = 0.0  current_temperature = -1.0  delta_temperature = -1.0  elapsed_time =  1169
 target_temperature = 0.0  current_temperature = -0.9  delta_temperature = -0.9  elapsed_time =  1175
 target_temperature = 0.0  current_temperature = -0.9  delta_temperature = -0.9  elapsed_time =  1180
 target_temperature = 0.0  current_temperature = -0.8  delta_temperature = -0.8  elapsed_time =  1186
 target_temperature = 0.0  current_temperature = -0.6  delta_temperature = -0.6  elapsed_time =  1193
 target_temperature = 0.0  current_temperature = -0.4  delta_temperature = -0.4  elapsed_time =  1199
 target_temperature = 0.0  current_temperature = -0.3  delta_temperature = -0.3  elapsed_time =  1204
 target_temperature = 0.0  current_temperature = -0.4  delta_temperature = -0.4  elapsed_time =  1209
 target_temperature = 0.0  current_temperature = -0.2  delta_temperature = -0.2  elapsed_time =  1214
 target_temperature = 0.0  current_temperature = 0.0  delta_temperature = 0.0  elapsed_time =  1219
 target_temperature = 0.0  current_temperature = 0.1  delta_temperature = 0.1  elapsed_time =  1225
 target_temperature = 0.0  current_temperature = 0.2  delta_temperature = 0.2  elapsed_time =  1232
 target_temperature = 0.0  current_temperature = 0.2  delta_temperature = 0.2  elapsed_time =  1237
 target_temperature = 0.0  current_temperature = 0.3  delta_temperature = 0.3  elapsed_time =  1244
 target_temperature = 0.0  current_temperature = 0.4  delta_temperature = 0.4  elapsed_time =  1250
 target_temperature = 0.0  current_temperature = 0.4  delta_temperature = 0.4  elapsed_time =  1255
 target_temperature = 0.0  current_temperature = 0.4  delta_temperature = 0.4  elapsed_time =  1261
 target_temperature = 0.0  current_temperature = 0.4  delta_temperature = 0.4  elapsed_time =  1266
 target_temperature = 0.0  current_temperature = 0.4  delta_temperature = 0.4  elapsed_time =  1271
 target_temperature = 0.0  current_temperature = 0.4  delta_temperature = 0.4  elapsed_time =  1276
 target_temperature = 0.0  current_temperature = 0.5  delta_temperature = 0.5  elapsed_time =  1281
 target_temperature = 0.0  current_temperature = 0.5  delta_temperature = 0.5  elapsed_time =  1287
 target_temperature = 0.0  current_temperature = 0.6  delta_temperature = 0.6  elapsed_time =  1292
 target_temperature = 0.0  current_temperature = 0.5  delta_temperature = 0.5  elapsed_time =  1297
 target_temperature = 0.0  current_temperature = 0.4  delta_temperature = 0.4  elapsed_time =  1302
 target_temperature = 0.0  current_temperature = 0.5  delta_temperature = 0.5  elapsed_time =  1307
 target_temperature = 0.0  current_temperature = 0.5  delta_temperature = 0.5  elapsed_time =  1312
 target_temperature = 0.0  current_temperature = 0.5  delta_temperature = 0.5  elapsed_time =  1318
 target_temperature = 0.0  current_temperature = 0.7  delta_temperature = 0.7  elapsed_time =  1323
 target_temperature = 0.0  current_temperature = 0.4  delta_temperature = 0.4  elapsed_time =  1328
 target_temperature = 0.0  current_temperature = 0.5  delta_temperature = 0.5  elapsed_time =  1334
 target_temperature = 0.0  current_temperature = 0.5  delta_temperature = 0.5  elapsed_time =  1339
 target_temperature = 0.0  current_temperature = 0.4  delta_temperature = 0.4  elapsed_time =  1344
 target_temperature = 0.0  current_temperature = 0.4  delta_temperature = 0.4  elapsed_time =  1349
 target_temperature = 0.0  current_temperature = 0.4  delta_temperature = 0.4  elapsed_time =  1354
 target_temperature = 0.0  current_temperature = 0.3  delta_temperature = 0.3  elapsed_time =  1359
 target_temperature = 0.0  current_temperature = 0.3  delta_temperature = 0.3  elapsed_time =  1365
 target_temperature = 0.0  current_temperature = 0.3  delta_temperature = 0.3  elapsed_time =  1371
 target_temperature = 0.0  current_temperature = 0.3  delta_temperature = 0.3  elapsed_time =  1377
 target_temperature = 0.0  current_temperature = 0.3  delta_temperature = 0.3  elapsed_time =  1382
 target_temperature = 0.0  current_temperature = 0.1  delta_temperature = 0.1  elapsed_time =  1387
 target_temperature = 0.0  current_temperature = 0.1  delta_temperature = 0.1  elapsed_time =  1392
 target_temperature = 0.0  current_temperature = 0.1  delta_temperature = 0.1  elapsed_time =  1397
 target_temperature = 0.0  current_temperature = 0.1  delta_temperature = 0.1  elapsed_time =  1405
 target_temperature = 0.0  current_temperature = 0.1  delta_temperature = 0.1  elapsed_time =  1410
 target_temperature = 0.0  current_temperature = -0.1  delta_temperature = -0.1  elapsed_time =  1415
 target_temperature = 0.0  current_temperature = -0.2  delta_temperature = -0.2  elapsed_time =  1421
 target_temperature = 0.0  current_temperature = -0.2  delta_temperature = -0.2  elapsed_time =  1426
 target_temperature = 0.0  current_temperature = -0.3  delta_temperature = -0.3  elapsed_time =  1432
 target_temperature = 0.0  current_temperature = -0.4  delta_temperature = -0.4  elapsed_time =  1437
 target_temperature = 0.0  current_temperature = -0.4  delta_temperature = -0.4  elapsed_time =  1443
 target_temperature = 0.0  current_temperature = -0.7  delta_temperature = -0.7  elapsed_time =  1448
 target_temperature = 0.0  current_temperature = -0.7  delta_temperature = -0.7  elapsed_time =  1453
 target_temperature = 0.0  current_temperature = -0.7  delta_temperature = -0.7  elapsed_time =  1459
 target_temperature = 0.0  current_temperature = -0.8  delta_temperature = -0.8  elapsed_time =  1465
 target_temperature = 0.0  current_temperature = -0.8  delta_temperature = -0.8  elapsed_time =  1471
 target_temperature = 0.0  current_temperature = -0.9  delta_temperature = -0.9  elapsed_time =  1476
 target_temperature = 0.0  current_temperature = -1.0  delta_temperature = -1.0  elapsed_time =  1481
 target_temperature = 0.0  current_temperature = -1.0  delta_temperature = -1.0  elapsed_time =  1486
 target_temperature = 0.0  current_temperature = -0.9  delta_temperature = -0.9  elapsed_time =  1492
 target_temperature = 0.0  current_temperature = -0.9  delta_temperature = -0.9  elapsed_time =  1497
 target_temperature = 0.0  current_temperature = -0.8  delta_temperature = -0.8  elapsed_time =  1502
 target_temperature = 0.0  current_temperature = -0.7  delta_temperature = -0.7  elapsed_time =  1507
 target_temperature = 0.0  current_temperature = -0.7  delta_temperature = -0.7  elapsed_time =  1513
 target_temperature = 0.0  current_temperature = -0.6  delta_temperature = -0.6  elapsed_time =  1518
 target_temperature = 0.0  current_temperature = -0.6  delta_temperature = -0.6  elapsed_time =  1523
 target_temperature = 0.0  current_temperature = -0.4  delta_temperature = -0.4  elapsed_time =  1528
 target_temperature = 0.0  current_temperature = -0.2  delta_temperature = -0.2  elapsed_time =  1534
 target_temperature = 0.0  current_temperature = -0.2  delta_temperature = -0.2  elapsed_time =  1539
 target_temperature = 0.0  current_temperature = -0.2  delta_temperature = -0.2  elapsed_time =  1544
 target_temperature = 0.0  current_temperature = -0.2  delta_temperature = -0.2  elapsed_time =  1549
 target_temperature = 0.0  current_temperature = -0.1  delta_temperature = -0.1  elapsed_time =  1554
 target_temperature = 0.0  current_temperature = 0.2  delta_temperature = 0.2  elapsed_time =  1559
 target_temperature = 0.0  current_temperature = 0.2  delta_temperature = 0.2  elapsed_time =  1565
 target_temperature = 0.0  current_temperature = 0.1  delta_temperature = 0.1  elapsed_time =  1570
 target_temperature = 0.0  current_temperature = 0.2  delta_temperature = 0.2  elapsed_time =  1576
 target_temperature = 0.0  current_temperature = 0.3  delta_temperature = 0.3  elapsed_time =  1582
 target_temperature = 0.0  current_temperature = 0.4  delta_temperature = 0.4  elapsed_time =  1587
 target_temperature = 0.0  current_temperature = 0.5  delta_temperature = 0.5  elapsed_time =  1593
 target_temperature = 0.0  current_temperature = 0.4  delta_temperature = 0.4  elapsed_time =  1598
 target_temperature = 0.0  current_temperature = 0.4  delta_temperature = 0.4  elapsed_time =  1606
 target_temperature = 0.0  current_temperature = 0.5  delta_temperature = 0.5  elapsed_time =  1611
 target_temperature = 0.0  current_temperature = 0.6  delta_temperature = 0.6  elapsed_time =  1616
 target_temperature = 0.0  current_temperature = 0.7  delta_temperature = 0.7  elapsed_time =  1623
 target_temperature = 0.0  current_temperature = 0.7  delta_temperature = 0.7  elapsed_time =  1628
 target_temperature = 0.0  current_temperature = 0.6  delta_temperature = 0.6  elapsed_time =  1633
 target_temperature = 0.0  current_temperature = 0.6  delta_temperature = 0.6  elapsed_time =  1638
 target_temperature = 0.0  current_temperature = 0.6  delta_temperature = 0.6  elapsed_time =  1644
 target_temperature = 0.0  current_temperature = 0.7  delta_temperature = 0.7  elapsed_time =  1649
 target_temperature = 0.0  current_temperature = 0.8  delta_temperature = 0.8  elapsed_time =  1654
 target_temperature = 0.0  current_temperature = 0.6  delta_temperature = 0.6  elapsed_time =  1660
 target_temperature = 0.0  current_temperature = 0.6  delta_temperature = 0.6  elapsed_time =  1665
 target_temperature = 0.0  current_temperature = 0.6  delta_temperature = 0.6  elapsed_time =  1672
 target_temperature = 0.0  current_temperature = 0.7  delta_temperature = 0.7  elapsed_time =  1677
 target_temperature = 0.0  current_temperature = 0.8  delta_temperature = 0.8  elapsed_time =  1682
 target_temperature = 0.0  current_temperature = 0.5  delta_temperature = 0.5  elapsed_time =  1689
 target_temperature = 0.0  current_temperature = 0.5  delta_temperature = 0.5  elapsed_time =  1694
 target_temperature = 0.0  current_temperature = 0.5  delta_temperature = 0.5  elapsed_time =  1699
 target_temperature = 0.0  current_temperature = 0.5  delta_temperature = 0.5  elapsed_time =  1704
 target_temperature = 0.0  current_temperature = 0.6  delta_temperature = 0.6  elapsed_time =  1710
 target_temperature = 0.0  current_temperature = 0.6  delta_temperature = 0.6  elapsed_time =  1715
 target_temperature = 0.0  current_temperature = 0.3  delta_temperature = 0.3  elapsed_time =  1720
 target_temperature = 0.0  current_temperature = 0.3  delta_temperature = 0.3  elapsed_time =  1726
 target_temperature = 0.0  current_temperature = 0.3  delta_temperature = 0.3  elapsed_time =  1731
 target_temperature = 0.0  current_temperature = 0.3  delta_temperature = 0.3  elapsed_time =  1736
 target_temperature = 0.0  current_temperature = 0.3  delta_temperature = 0.3  elapsed_time =  1741
 target_temperature = 0.0  current_temperature = 0.2  delta_temperature = 0.2  elapsed_time =  1747
 target_temperature = 0.0  current_temperature = 0.1  delta_temperature = 0.1  elapsed_time =  1752
 target_temperature = 0.0  current_temperature = 0.1  delta_temperature = 0.1  elapsed_time =  1759
 target_temperature = 0.0  current_temperature = 0.0  delta_temperature = 0.0  elapsed_time =  1765
 target_temperature = 0.0  current_temperature = 0.0  delta_temperature = 0.0  elapsed_time =  1771
 target_temperature = 0.0  current_temperature = -0.2  delta_temperature = -0.2  elapsed_time =  1776
 target_temperature = 0.0  current_temperature = -0.3  delta_temperature = -0.3  elapsed_time =  1781
 target_temperature = 0.0  current_temperature = -0.3  delta_temperature = -0.3  elapsed_time =  1786
 target_temperature = 0.0  current_temperature = -0.4  delta_temperature = -0.4  elapsed_time =  1791
 target_temperature = 0.0  current_temperature = -0.5  delta_temperature = -0.5  elapsed_time =  1797
 target_temperature = 0.0  current_temperature = -0.5  delta_temperature = -0.5  elapsed_time =  1802
