 --- 
 --- START: /home/eic/DATA/2023-characterisation/actual/20230808-091658/memmert-hama3-iv 
 --- 
1691479018 | Tue  8 Aug 09:16:58 CEST 2023 
 --- 
 --- go to -30 C: /au/memmert/memmert_go_to_minus_30.sh 
 --- 
 --- SCAN: /home/eic/DATA/2023-characterisation/actual/20230808-091658/memmert-hama3-iv 
 --- 
1691487408 | Tue  8 Aug 11:36:48 CEST 2023 
 --- 
 --- starting IV setup: /au/measure/2023-characterisation/run-iv-setup.sh run-memmert-hama3-setup
 --- waiting for processes to complete 
 --- 
 --- COMPLETED: /home/eic/DATA/2023-characterisation/actual/20230808-091658/memmert-hama3-iv 
 --- 
1691492452 | Tue  8 Aug 13:00:52 CEST 2023 
 --- 
 --- go back to 20 C: /au/memmert/memmert_back_to_plus_20.sh 
 --- 
 --- DONE: /home/eic/DATA/2023-characterisation/actual/20230808-091658/memmert-hama3-iv 
 --- 
1691493513 | Tue  8 Aug 13:18:34 CEST 2023 
 --- 
