 --- setting mode: 1
 --- response: OK
 --- mode set value: 1
 --- setting temperature: 25.0
 --- response: OK
 --- temperature set value: 25.0
 --- setting fan: A
 --- response: OK
 --- fan set value: A
 --- setting fan: A
 --- response: OK
 --- fan set value: A
 --- memmert did not reach RH = 5.0 %
 --- memmert did not reach RH = 5.0 %
 --- memmert did not reach RH = 5.0 %
 --- memmert did not reach RH = 5.0 %
 --- memmert did not reach RH = 5.0 %
 --- memmert did not reach RH = 5.0 %
 --- memmert did not reach RH = 5.0 %
 --- memmert did not reach RH = 5.0 %
 --- memmert did not reach RH = 5.0 %
 --- memmert did not reach RH = 5.0 %
 --- memmert did not reach RH = 5.0 %
 --- memmert did not reach RH = 5.0 %
 --- memmert did not reach RH = 5.0 %
 --- memmert did not reach RH = 5.0 %
 --- memmert did not reach RH = 5.0 %
 --- memmert did not reach RH = 5.0 %
 --- memmert did not reach RH = 5.0 %
 --- memmert did not reach RH = 5.0 %
 --- memmert did not reach RH = 5.0 %
 --- memmert did not reach RH = 5.0 %
 --- memmert did not reach RH = 5.0 %
 --- memmert did not reach RH = 5.0 %
 --- memmert did not reach RH = 5.0 %
 --- memmert did not reach RH = 5.0 %
 --- memmert did not reach RH = 5.0 %
 --- memmert did not reach RH = 5.0 %
 --- memmert did not reach RH = 5.0 %
 --- memmert did not reach RH = 5.0 %
 --- memmert did not reach RH = 5.0 %
 --- memmert did not reach RH = 5.0 %
 --- memmert did not reach RH = 5.0 %
 --- memmert did not reach RH = 5.0 %
 --- memmert did not reach RH = 5.0 %
 --- memmert did not reach RH = 5.0 %
 --- memmert did not reach RH = 5.0 %
 --- memmert did not reach RH = 5.0 %
 --- memmert did not reach RH = 5.0 %
 --- memmert did not reach RH = 5.0 %
 --- memmert did not reach RH = 5.0 %
 --- memmert did not reach RH = 5.0 %
 --- memmert did not reach RH = 5.0 %
 --- memmert did not reach RH = 5.0 %
 --- memmert did not reach RH = 5.0 %
 --- memmert did not reach RH = 5.0 %
 --- memmert did not reach RH = 5.0 %
 --- memmert did not reach RH = 5.0 %
 --- memmert did not reach RH = 5.0 %
 --- memmert did not reach RH = 5.0 %
 --- memmert did not reach RH = 5.0 %
 --- memmert did not reach RH = 5.0 %
 --- memmert did not reach RH = 5.0 %
 --- memmert did not reach RH = 5.0 %
 --- memmert did not reach RH = 5.0 %
 --- memmert did not reach RH = 5.0 %
 --- memmert did not reach RH = 5.0 %
 --- memmert did not reach RH = 5.0 %
 --- memmert did not reach RH = 5.0 %
 --- memmert did not reach RH = 5.0 %
 --- memmert did not reach RH = 5.0 %
 --- memmert did not reach RH = 5.0 %
 --- memmert did not reach RH = 5.0 %
 --- memmert did not reach RH = 5.0 %
 --- memmert did not reach RH = 5.0 %
 --- memmert did not reach RH = 5.0 %
 --- memmert did not reach RH = 5.0 %
 --- memmert did not reach RH = 5.0 %
 --- memmert did not reach RH = 5.0 %
 --- memmert did not reach RH = 5.0 %
 --- memmert did not reach RH = 5.0 %
 --- memmert did not reach RH = 5.0 %
 --- memmert did not reach RH = 5.0 %
 --- memmert did not reach RH = 5.0 %
 --- memmert did not reach RH = 5.0 %
 --- memmert did not reach RH = 5.0 %
 --- memmert did not reach RH = 5.0 %
 --- memmert did not reach RH = 5.0 %
 --- memmert did not reach RH = 5.0 %
 --- memmert did not reach RH = 5.0 %
 --- memmert did not reach RH = 5.0 %
 --- memmert did not reach RH = 5.0 %
 --- memmert did not reach RH = 5.0 %
 --- memmert did not reach RH = 5.0 %
 --- memmert did not reach RH = 5.0 %
 --- memmert did not reach RH = 5.0 %
 --- memmert did not reach RH = 5.0 %
 --- memmert did not reach RH = 5.0 %
 --- memmert did not reach RH = 5.0 %
 --- memmert did not reach RH = 5.0 %
 --- memmert did not reach RH = 5.0 %
 --- memmert did not reach RH = 5.0 %
 --- memmert did not reach RH = 5.0 %
 --- memmert did not reach RH = 5.0 %
 --- memmert did not reach RH = 5.0 %
 --- memmert did not reach RH = 5.0 %
 --- memmert did not reach RH = 5.0 %
 --- memmert did not reach RH = 5.0 %
 --- memmert did not reach RH = 5.0 %
 --- memmert did not reach RH = 5.0 %
 --- memmert did not reach RH = 5.0 %
 --- memmert did not reach RH = 5.0 %
 --- memmert did not reach RH = 5.0 %
 --- memmert did not reach RH = 5.0 %
 --- memmert did not reach RH = 5.0 %
 --- memmert did not reach RH = 5.0 %
 --- memmert did not reach RH = 5.0 %
 --- memmert did not reach RH = 5.0 %
 --- memmert did not reach RH = 5.0 %
 --- memmert did not reach RH = 5.0 %
 --- memmert did not reach RH = 5.0 %
 --- memmert did not reach RH = 5.0 %
Terminated
 --- memmert did not reach RH = 5.0 %
Terminated
 --- wait 10 minutes to make sure RH is really low
