 --- setting temperature: 25.0
 --- response: OK
 --- temperature set value: 25.0
 target_temperature = 25.0  current_temperature = -29.7  delta_temperature = -54.7  elapsed_time =  0
 target_temperature = 25.0  current_temperature = -29.7  delta_temperature = -54.7  elapsed_time =  0
 target_temperature = 25.0  current_temperature = -29.8  delta_temperature = -54.8  elapsed_time =  0
 target_temperature = 25.0  current_temperature = -29.8  delta_temperature = -54.8  elapsed_time =  0
 target_temperature = 25.0  current_temperature = -29.7  delta_temperature = -54.7  elapsed_time =  0
 target_temperature = 25.0  current_temperature = -29.6  delta_temperature = -54.6  elapsed_time =  0
 target_temperature = 25.0  current_temperature = -29.3  delta_temperature = -54.3  elapsed_time =  0
 target_temperature = 25.0  current_temperature = -29.1  delta_temperature = -54.1  elapsed_time =  0
 target_temperature = 25.0  current_temperature = -28.6  delta_temperature = -53.6  elapsed_time =  0
 target_temperature = 25.0  current_temperature = -28.1  delta_temperature = -53.1  elapsed_time =  0
 target_temperature = 25.0  current_temperature = -27.6  delta_temperature = -52.6  elapsed_time =  0
 target_temperature = 25.0  current_temperature = -26.8  delta_temperature = -51.8  elapsed_time =  0
 target_temperature = 25.0  current_temperature = -26.1  delta_temperature = -51.1  elapsed_time =  0
 target_temperature = 25.0  current_temperature = -25.3  delta_temperature = -50.3  elapsed_time =  0
 target_temperature = 25.0  current_temperature = -24.5  delta_temperature = -49.5  elapsed_time =  0
 target_temperature = 25.0  current_temperature = -23.7  delta_temperature = -48.7  elapsed_time =  0
 target_temperature = 25.0  current_temperature = -22.4  delta_temperature = -47.4  elapsed_time =  0
 target_temperature = 25.0  current_temperature = -21.7  delta_temperature = -46.7  elapsed_time =  0
 target_temperature = 25.0  current_temperature = -20.7  delta_temperature = -45.7  elapsed_time =  0
 target_temperature = 25.0  current_temperature = -19.8  delta_temperature = -44.8  elapsed_time =  0
 target_temperature = 25.0  current_temperature = -18.2  delta_temperature = -43.2  elapsed_time =  0
 target_temperature = 25.0  current_temperature = -16.8  delta_temperature = -41.8  elapsed_time =  0
 target_temperature = 25.0  current_temperature = -15.8  delta_temperature = -40.8  elapsed_time =  0
 target_temperature = 25.0  current_temperature = -14.1  delta_temperature = -39.1  elapsed_time =  0
 target_temperature = 25.0  current_temperature = -12.7  delta_temperature = -37.7  elapsed_time =  0
 target_temperature = 25.0  current_temperature = -11.7  delta_temperature = -36.7  elapsed_time =  0
 target_temperature = 25.0  current_temperature = -10.2  delta_temperature = -35.2  elapsed_time =  0
 target_temperature = 25.0  current_temperature = -9.1  delta_temperature = -34.1  elapsed_time =  0
 target_temperature = 25.0  current_temperature = -8.0  delta_temperature = -33.0  elapsed_time =  0
 target_temperature = 25.0  current_temperature = -7.0  delta_temperature = -32.0  elapsed_time =  0
 target_temperature = 25.0  current_temperature = -5.6  delta_temperature = -30.6  elapsed_time =  0
 target_temperature = 25.0  current_temperature = -4.5  delta_temperature = -29.5  elapsed_time =  0
 target_temperature = 25.0  current_temperature = -2.9  delta_temperature = -27.9  elapsed_time =  0
 target_temperature = 25.0  current_temperature = -1.2  delta_temperature = -26.2  elapsed_time =  0
 target_temperature = 25.0  current_temperature = 0.2  delta_temperature = -24.8  elapsed_time =  0
 target_temperature = 25.0  current_temperature = 1.1  delta_temperature = -23.9  elapsed_time =  0
 target_temperature = 25.0  current_temperature = 2.1  delta_temperature = -22.9  elapsed_time =  0
 target_temperature = 25.0  current_temperature = 3.5  delta_temperature = -21.5  elapsed_time =  0
 target_temperature = 25.0  current_temperature = 5.1  delta_temperature = -19.9  elapsed_time =  0
 target_temperature = 25.0  current_temperature = 5.8  delta_temperature = -19.2  elapsed_time =  0
 target_temperature = 25.0  current_temperature = 6.6  delta_temperature = -18.4  elapsed_time =  0
 target_temperature = 25.0  current_temperature = 8.0  delta_temperature = -17.0  elapsed_time =  0
 target_temperature = 25.0  current_temperature = 9.1  delta_temperature = -15.9  elapsed_time =  0
 target_temperature = 25.0  current_temperature = 9.9  delta_temperature = -15.1  elapsed_time =  0
 target_temperature = 25.0  current_temperature = 10.8  delta_temperature = -14.2  elapsed_time =  0
 target_temperature = 25.0  current_temperature = 12.0  delta_temperature = -13.0  elapsed_time =  0
 target_temperature = 25.0  current_temperature = 12.8  delta_temperature = -12.2  elapsed_time =  0
 target_temperature = 25.0  current_temperature = 13.6  delta_temperature = -11.4  elapsed_time =  0
 target_temperature = 25.0  current_temperature = 14.4  delta_temperature = -10.6  elapsed_time =  0
 target_temperature = 25.0  current_temperature = 15.4  delta_temperature = -9.6  elapsed_time =  0
 target_temperature = 25.0  current_temperature = 15.7  delta_temperature = -9.3  elapsed_time =  0
 target_temperature = 25.0  current_temperature = 16.7  delta_temperature = -8.3  elapsed_time =  0
 target_temperature = 25.0  current_temperature = 17.0  delta_temperature = -8.0  elapsed_time =  0
 target_temperature = 25.0  current_temperature = 17.4  delta_temperature = -7.600000000000001  elapsed_time =  0
 target_temperature = 25.0  current_temperature = 17.8  delta_temperature = -7.199999999999999  elapsed_time =  0
 target_temperature = 25.0  current_temperature = 18.1  delta_temperature = -6.899999999999999  elapsed_time =  0
 target_temperature = 25.0  current_temperature = 18.2  delta_temperature = -6.800000000000001  elapsed_time =  0
 target_temperature = 25.0  current_temperature = 18.4  delta_temperature = -6.600000000000001  elapsed_time =  0
 target_temperature = 25.0  current_temperature = 18.6  delta_temperature = -6.399999999999999  elapsed_time =  0
 target_temperature = 25.0  current_temperature = 18.7  delta_temperature = -6.300000000000001  elapsed_time =  0
 target_temperature = 25.0  current_temperature = 18.7  delta_temperature = -6.300000000000001  elapsed_time =  0
 target_temperature = 25.0  current_temperature = 18.9  delta_temperature = -6.100000000000001  elapsed_time =  0
 target_temperature = 25.0  current_temperature = 18.8  delta_temperature = -6.199999999999999  elapsed_time =  0
 target_temperature = 25.0  current_temperature = 18.8  delta_temperature = -6.199999999999999  elapsed_time =  0
 target_temperature = 25.0  current_temperature = 18.8  delta_temperature = -6.199999999999999  elapsed_time =  0
 target_temperature = 25.0  current_temperature = 18.6  delta_temperature = -6.399999999999999  elapsed_time =  0
 target_temperature = 25.0  current_temperature = 18.5  delta_temperature = -6.5  elapsed_time =  0
 target_temperature = 25.0  current_temperature = 18.1  delta_temperature = -6.899999999999999  elapsed_time =  0
 target_temperature = 25.0  current_temperature = 18.0  delta_temperature = -7.0  elapsed_time =  0
 target_temperature = 25.0  current_temperature = 18.0  delta_temperature = -7.0  elapsed_time =  0
 target_temperature = 25.0  current_temperature = 17.9  delta_temperature = -7.100000000000001  elapsed_time =  0
 target_temperature = 25.0  current_temperature = 17.5  delta_temperature = -7.5  elapsed_time =  0
 target_temperature = 25.0  current_temperature = 17.5  delta_temperature = -7.5  elapsed_time =  0
 target_temperature = 25.0  current_temperature = 17.2  delta_temperature = -7.800000000000001  elapsed_time =  0
 target_temperature = 25.0  current_temperature = 17.0  delta_temperature = -8.0  elapsed_time =  0
 target_temperature = 25.0  current_temperature = 16.9  delta_temperature = -8.100000000000001  elapsed_time =  0
 target_temperature = 25.0  current_temperature = 16.8  delta_temperature = -8.2  elapsed_time =  0
 target_temperature = 25.0  current_temperature = 16.7  delta_temperature = -8.3  elapsed_time =  0
 target_temperature = 25.0  current_temperature = 16.6  delta_temperature = -8.399999999999999  elapsed_time =  0
 target_temperature = 25.0  current_temperature = 16.3  delta_temperature = -8.7  elapsed_time =  0
 target_temperature = 25.0  current_temperature = 16.1  delta_temperature = -8.899999999999999  elapsed_time =  0
 target_temperature = 25.0  current_temperature = 16.1  delta_temperature = -8.899999999999999  elapsed_time =  0
 target_temperature = 25.0  current_temperature = 16.0  delta_temperature = -9.0  elapsed_time =  0
 target_temperature = 25.0  current_temperature = 16.0  delta_temperature = -9.0  elapsed_time =  0
 target_temperature = 25.0  current_temperature = 16.0  delta_temperature = -9.0  elapsed_time =  0
 target_temperature = 25.0  current_temperature = 15.7  delta_temperature = -9.3  elapsed_time =  0
 target_temperature = 25.0  current_temperature = 15.7  delta_temperature = -9.3  elapsed_time =  0
 target_temperature = 25.0  current_temperature = 15.7  delta_temperature = -9.3  elapsed_time =  0
 target_temperature = 25.0  current_temperature = 15.7  delta_temperature = -9.3  elapsed_time =  0
 target_temperature = 25.0  current_temperature = 15.7  delta_temperature = -9.3  elapsed_time =  0
 target_temperature = 25.0  current_temperature = 15.7  delta_temperature = -9.3  elapsed_time =  0
 target_temperature = 25.0  current_temperature = 15.7  delta_temperature = -9.3  elapsed_time =  0
 target_temperature = 25.0  current_temperature = 15.8  delta_temperature = -9.2  elapsed_time =  0
 target_temperature = 25.0  current_temperature = 15.8  delta_temperature = -9.2  elapsed_time =  0
 target_temperature = 25.0  current_temperature = 16.0  delta_temperature = -9.0  elapsed_time =  0
 target_temperature = 25.0  current_temperature = 16.0  delta_temperature = -9.0  elapsed_time =  0
 target_temperature = 25.0  current_temperature = 16.1  delta_temperature = -8.899999999999999  elapsed_time =  0
 target_temperature = 25.0  current_temperature = 16.4  delta_temperature = -8.600000000000001  elapsed_time =  0
 target_temperature = 25.0  current_temperature = 16.4  delta_temperature = -8.600000000000001  elapsed_time =  0
 target_temperature = 25.0  current_temperature = 16.6  delta_temperature = -8.399999999999999  elapsed_time =  0
 target_temperature = 25.0  current_temperature = 16.8  delta_temperature = -8.2  elapsed_time =  0
 target_temperature = 25.0  current_temperature = 16.9  delta_temperature = -8.100000000000001  elapsed_time =  0
 target_temperature = 25.0  current_temperature = 17.2  delta_temperature = -7.800000000000001  elapsed_time =  0
 target_temperature = 25.0  current_temperature = 17.5  delta_temperature = -7.5  elapsed_time =  0
 target_temperature = 25.0  current_temperature = 17.6  delta_temperature = -7.399999999999999  elapsed_time =  0
 target_temperature = 25.0  current_temperature = 17.7  delta_temperature = -7.300000000000001  elapsed_time =  0
 target_temperature = 25.0  current_temperature = 17.8  delta_temperature = -7.199999999999999  elapsed_time =  0
 target_temperature = 25.0  current_temperature = 17.9  delta_temperature = -7.100000000000001  elapsed_time =  0
 target_temperature = 25.0  current_temperature = 18.0  delta_temperature = -7.0  elapsed_time =  0
 target_temperature = 25.0  current_temperature = 18.3  delta_temperature = -6.699999999999999  elapsed_time =  0
 target_temperature = 25.0  current_temperature = 18.5  delta_temperature = -6.5  elapsed_time =  0
 target_temperature = 25.0  current_temperature = 18.8  delta_temperature = -6.199999999999999  elapsed_time =  0
 target_temperature = 25.0  current_temperature = 18.8  delta_temperature = -6.199999999999999  elapsed_time =  0
 target_temperature = 25.0  current_temperature = 18.7  delta_temperature = -6.300000000000001  elapsed_time =  0
 target_temperature = 25.0  current_temperature = 18.8  delta_temperature = -6.199999999999999  elapsed_time =  0
 target_temperature = 25.0  current_temperature = 19.0  delta_temperature = -6.0  elapsed_time =  0
 target_temperature = 25.0  current_temperature = 19.0  delta_temperature = -6.0  elapsed_time =  0
 target_temperature = 25.0  current_temperature = 19.1  delta_temperature = -5.899999999999999  elapsed_time =  0
 target_temperature = 25.0  current_temperature = 19.1  delta_temperature = -5.899999999999999  elapsed_time =  0
 target_temperature = 25.0  current_temperature = 19.1  delta_temperature = -5.899999999999999  elapsed_time =  0
 target_temperature = 25.0  current_temperature = 19.3  delta_temperature = -5.699999999999999  elapsed_time =  0
 target_temperature = 25.0  current_temperature = 19.3  delta_temperature = -5.699999999999999  elapsed_time =  0
 target_temperature = 25.0  current_temperature = 19.3  delta_temperature = -5.699999999999999  elapsed_time =  0
 target_temperature = 25.0  current_temperature = 19.3  delta_temperature = -5.699999999999999  elapsed_time =  0
 target_temperature = 25.0  current_temperature = 19.3  delta_temperature = -5.699999999999999  elapsed_time =  0
 target_temperature = 25.0  current_temperature = 19.3  delta_temperature = -5.699999999999999  elapsed_time =  0
 target_temperature = 25.0  current_temperature = 19.4  delta_temperature = -5.600000000000001  elapsed_time =  0
 target_temperature = 25.0  current_temperature = 19.4  delta_temperature = -5.600000000000001  elapsed_time =  0
 target_temperature = 25.0  current_temperature = 19.4  delta_temperature = -5.600000000000001  elapsed_time =  0
 target_temperature = 25.0  current_temperature = 19.5  delta_temperature = -5.5  elapsed_time =  0
 target_temperature = 25.0  current_temperature = 19.4  delta_temperature = -5.600000000000001  elapsed_time =  0
 target_temperature = 25.0  current_temperature = 19.5  delta_temperature = -5.5  elapsed_time =  0
 target_temperature = 25.0  current_temperature = 19.6  delta_temperature = -5.399999999999999  elapsed_time =  0
 target_temperature = 25.0  current_temperature = 19.6  delta_temperature = -5.399999999999999  elapsed_time =  0
 target_temperature = 25.0  current_temperature = 19.7  delta_temperature = -5.300000000000001  elapsed_time =  0
 target_temperature = 25.0  current_temperature = 19.7  delta_temperature = -5.300000000000001  elapsed_time =  0
 target_temperature = 25.0  current_temperature = 19.7  delta_temperature = -5.300000000000001  elapsed_time =  0
 target_temperature = 25.0  current_temperature = 19.8  delta_temperature = -5.199999999999999  elapsed_time =  0
 target_temperature = 25.0  current_temperature = 19.8  delta_temperature = -5.199999999999999  elapsed_time =  0
 target_temperature = 25.0  current_temperature = 19.9  delta_temperature = -5.100000000000001  elapsed_time =  0
 target_temperature = 25.0  current_temperature = 19.9  delta_temperature = -5.100000000000001  elapsed_time =  0
 target_temperature = 25.0  current_temperature = 20.0  delta_temperature = -5.0  elapsed_time =  0
 target_temperature = 25.0  current_temperature = 20.1  delta_temperature = -4.899999999999999  elapsed_time =  0
 target_temperature = 25.0  current_temperature = 20.1  delta_temperature = -4.899999999999999  elapsed_time =  0
 target_temperature = 25.0  current_temperature = 20.1  delta_temperature = -4.899999999999999  elapsed_time =  0
 target_temperature = 25.0  current_temperature = 20.3  delta_temperature = -4.699999999999999  elapsed_time =  0
 target_temperature = 25.0  current_temperature = 20.3  delta_temperature = -4.699999999999999  elapsed_time =  0
 target_temperature = 25.0  current_temperature = 20.4  delta_temperature = -4.600000000000001  elapsed_time =  0
 target_temperature = 25.0  current_temperature = 20.5  delta_temperature = -4.5  elapsed_time =  0
 target_temperature = 25.0  current_temperature = 20.5  delta_temperature = -4.5  elapsed_time =  0
 target_temperature = 25.0  current_temperature = 20.7  delta_temperature = -4.300000000000001  elapsed_time =  0
 target_temperature = 25.0  current_temperature = 20.7  delta_temperature = -4.300000000000001  elapsed_time =  0
 target_temperature = 25.0  current_temperature = 20.8  delta_temperature = -4.199999999999999  elapsed_time =  0
 target_temperature = 25.0  current_temperature = 20.9  delta_temperature = -4.100000000000001  elapsed_time =  0
 target_temperature = 25.0  current_temperature = 21.0  delta_temperature = -4.0  elapsed_time =  0
 target_temperature = 25.0  current_temperature = 21.1  delta_temperature = -3.8999999999999986  elapsed_time =  0
 target_temperature = 25.0  current_temperature = 21.4  delta_temperature = -3.6000000000000014  elapsed_time =  0
 target_temperature = 25.0  current_temperature = 21.5  delta_temperature = -3.5  elapsed_time =  0
 target_temperature = 25.0  current_temperature = 21.5  delta_temperature = -3.5  elapsed_time =  0
 target_temperature = 25.0  current_temperature = 21.6  delta_temperature = -3.3999999999999986  elapsed_time =  0
 target_temperature = 25.0  current_temperature = 21.7  delta_temperature = -3.3000000000000007  elapsed_time =  0
 target_temperature = 25.0  current_temperature = 21.8  delta_temperature = -3.1999999999999993  elapsed_time =  0
 target_temperature = 25.0  current_temperature = 21.8  delta_temperature = -3.1999999999999993  elapsed_time =  0
 target_temperature = 25.0  current_temperature = 21.9  delta_temperature = -3.1000000000000014  elapsed_time =  0
 target_temperature = 25.0  current_temperature = 21.9  delta_temperature = -3.1000000000000014  elapsed_time =  0
 target_temperature = 25.0  current_temperature = 22.2  delta_temperature = -2.8000000000000007  elapsed_time =  0
 target_temperature = 25.0  current_temperature = 22.3  delta_temperature = -2.6999999999999993  elapsed_time =  0
 target_temperature = 25.0  current_temperature = 22.4  delta_temperature = -2.6000000000000014  elapsed_time =  0
 target_temperature = 25.0  current_temperature = 22.4  delta_temperature = -2.6000000000000014  elapsed_time =  0
 target_temperature = 25.0  current_temperature = 22.6  delta_temperature = -2.3999999999999986  elapsed_time =  0
 target_temperature = 25.0  current_temperature = 22.8  delta_temperature = -2.1999999999999993  elapsed_time =  0
 target_temperature = 25.0  current_temperature = 22.8  delta_temperature = -2.1999999999999993  elapsed_time =  0
 target_temperature = 25.0  current_temperature = 22.9  delta_temperature = -2.1000000000000014  elapsed_time =  0
 target_temperature = 25.0  current_temperature = 23.0  delta_temperature = -2.0  elapsed_time =  5
 target_temperature = 25.0  current_temperature = 23.0  delta_temperature = -2.0  elapsed_time =  10
 target_temperature = 25.0  current_temperature = 23.3  delta_temperature = -1.6999999999999993  elapsed_time =  15
 target_temperature = 25.0  current_temperature = 23.4  delta_temperature = -1.6000000000000014  elapsed_time =  21
 target_temperature = 25.0  current_temperature = 23.4  delta_temperature = -1.6000000000000014  elapsed_time =  26
 target_temperature = 25.0  current_temperature = 23.6  delta_temperature = -1.3999999999999986  elapsed_time =  31
 target_temperature = 25.0  current_temperature = 23.7  delta_temperature = -1.3000000000000007  elapsed_time =  36
 target_temperature = 25.0  current_temperature = 23.7  delta_temperature = -1.3000000000000007  elapsed_time =  42
 target_temperature = 25.0  current_temperature = 23.8  delta_temperature = -1.1999999999999993  elapsed_time =  47
 target_temperature = 25.0  current_temperature = 23.9  delta_temperature = -1.1000000000000014  elapsed_time =  52
 target_temperature = 25.0  current_temperature = 23.9  delta_temperature = -1.1000000000000014  elapsed_time =  58
 target_temperature = 25.0  current_temperature = 24.1  delta_temperature = -0.8999999999999986  elapsed_time =  63
 --- setting mode: 0
 --- response: OK
 --- mode set value: 0
