 --- 
 --- START: /home/eic/DATA/2023-characterisation/actual/20230612-144710/memmert-fbk 
 --- 
1686574031 | Mon 12 Jun 14:47:11 CEST 2023 
 --- 
 --- go to -30 C: /au/memmert/memmert_go_to_minus_30.sh 
 --- 
 --- SCAN: /home/eic/DATA/2023-characterisation/actual/20230612-144710/memmert-fbk 
 --- 
1686580107 | Mon 12 Jun 16:28:27 CEST 2023 
 --- 
 --- starting IV setup: /au/measure/2023-characterisation/run-iv-setup.sh run-memmert-fbk-setup
 --- starting DCR setup: /au/measure/2023-characterisation/run-dcr-setup.sh run-memmert-fbk-setup
 --- waiting for processes to complete 
 --- 
 --- COMPLETED: /home/eic/DATA/2023-characterisation/actual/20230612-144710/memmert-fbk 
 --- 
1686591086 | Mon 12 Jun 19:31:26 CEST 2023 
 --- 
 --- go back to 20 C: /au/memmert/memmert_back_to_plus_20.sh 
 --- 
 --- DONE: /home/eic/DATA/2023-characterisation/actual/20230612-144710/memmert-fbk 
 --- 
1686592083 | Mon 12 Jun 19:48:03 CEST 2023 
 --- 
