 --- 
 --- START: /home/eic/DATA/2023-characterisation/actual/20230711-153800/memmert-hama3-dcr 
 --- 
1689082680 | Tue 11 Jul 15:38:00 CEST 2023 
 --- 
 --- go to -30 C: /au/memmert/memmert_go_to_minus_30.sh 
 --- 
 --- SCAN: /home/eic/DATA/2023-characterisation/actual/20230711-153800/memmert-hama3-dcr 
 --- 
1689091401 | Tue 11 Jul 18:03:21 CEST 2023 
 --- 
 --- starting DCR setup: /au/measure/2023-characterisation/run-dcr-setup.sh run-memmert-hama3-setup
 --- waiting for processes to complete 
 --- 
 --- COMPLETED: /home/eic/DATA/2023-characterisation/actual/20230711-153800/memmert-hama3-dcr 
 --- 
1689094733 | Tue 11 Jul 18:58:53 CEST 2023 
 --- 
 --- go back to 20 C: /au/memmert/memmert_back_to_plus_20.sh 
 --- 
 --- DONE: /home/eic/DATA/2023-characterisation/actual/20230711-153800/memmert-hama3-dcr 
 --- 
1689095674 | Tue 11 Jul 19:14:34 CEST 2023 
 --- 
