 --- setting mode: 1
 --- response: OK
 --- mode set value: 1
 --- setting temperature: 25.0
 --- response: OK
 --- temperature set value: 25.0
 --- setting fan: A
 --- response: OK
 --- fan set value: A
 --- setting temperature: 25.0
 --- response: OK
 --- temperature set value: 25.0
 target_temperature = 25.0  current_temperature = -10.2  delta_temperature = -35.2  elapsed_time =  0
 target_temperature = 25.0  current_temperature = -10.3  delta_temperature = -35.3  elapsed_time =  0
 target_temperature = 25.0  current_temperature = -10.3  delta_temperature = -35.3  elapsed_time =  0
 target_temperature = 25.0  current_temperature = -10.3  delta_temperature = -35.3  elapsed_time =  0
 target_temperature = 25.0  current_temperature = -10.2  delta_temperature = -35.2  elapsed_time =  0
 target_temperature = 25.0  current_temperature = -9.9  delta_temperature = -34.9  elapsed_time =  0
 target_temperature = 25.0  current_temperature = -9.6  delta_temperature = -34.6  elapsed_time =  0
 target_temperature = 25.0  current_temperature = -9.2  delta_temperature = -34.2  elapsed_time =  0
 target_temperature = 25.0  current_temperature = -8.6  delta_temperature = -33.6  elapsed_time =  0
 target_temperature = 25.0  current_temperature = -7.8  delta_temperature = -32.8  elapsed_time =  0
 target_temperature = 25.0  current_temperature = -7.2  delta_temperature = -32.2  elapsed_time =  0
 target_temperature = 25.0  current_temperature = -6.5  delta_temperature = -31.5  elapsed_time =  0
 target_temperature = 25.0  current_temperature = -5.3  delta_temperature = -30.3  elapsed_time =  0
 target_temperature = 25.0  current_temperature = -4.1  delta_temperature = -29.1  elapsed_time =  0
 target_temperature = 25.0  current_temperature = -3.3  delta_temperature = -28.3  elapsed_time =  0
 target_temperature = 25.0  current_temperature = -2.6  delta_temperature = -27.6  elapsed_time =  0
 target_temperature = 25.0  current_temperature = -1.1  delta_temperature = -26.1  elapsed_time =  0
 target_temperature = 25.0  current_temperature = -0.1  delta_temperature = -25.1  elapsed_time =  0
 target_temperature = 25.0  current_temperature = 1.3  delta_temperature = -23.7  elapsed_time =  0
 target_temperature = 25.0  current_temperature = 2.2  delta_temperature = -22.8  elapsed_time =  0
 target_temperature = 25.0  current_temperature = 3.6  delta_temperature = -21.4  elapsed_time =  0
 target_temperature = 25.0  current_temperature = 4.7  delta_temperature = -20.3  elapsed_time =  0
 target_temperature = 25.0  current_temperature = 6.5  delta_temperature = -18.5  elapsed_time =  0
 target_temperature = 25.0  current_temperature = 7.7  delta_temperature = -17.3  elapsed_time =  0
 target_temperature = 25.0  current_temperature = 9.2  delta_temperature = -15.8  elapsed_time =  0
 target_temperature = 25.0  current_temperature = 10.0  delta_temperature = -15.0  elapsed_time =  0
 target_temperature = 25.0  current_temperature = 11.1  delta_temperature = -13.9  elapsed_time =  0
 target_temperature = 25.0  current_temperature = 12.5  delta_temperature = -12.5  elapsed_time =  0
 target_temperature = 25.0  current_temperature = 13.6  delta_temperature = -11.4  elapsed_time =  0
 target_temperature = 25.0  current_temperature = 14.5  delta_temperature = -10.5  elapsed_time =  0
 target_temperature = 25.0  current_temperature = 15.7  delta_temperature = -9.3  elapsed_time =  0
 target_temperature = 25.0  current_temperature = 16.4  delta_temperature = -8.600000000000001  elapsed_time =  0
 target_temperature = 25.0  current_temperature = 17.5  delta_temperature = -7.5  elapsed_time =  0
 target_temperature = 25.0  current_temperature = 18.0  delta_temperature = -7.0  elapsed_time =  0
 target_temperature = 25.0  current_temperature = 18.7  delta_temperature = -6.300000000000001  elapsed_time =  0
 target_temperature = 25.0  current_temperature = 19.2  delta_temperature = -5.800000000000001  elapsed_time =  0
 target_temperature = 25.0  current_temperature = 19.6  delta_temperature = -5.399999999999999  elapsed_time =  0
 target_temperature = 25.0  current_temperature = 20.0  delta_temperature = -5.0  elapsed_time =  0
 target_temperature = 25.0  current_temperature = 20.4  delta_temperature = -4.600000000000001  elapsed_time =  0
 target_temperature = 25.0  current_temperature = 20.6  delta_temperature = -4.399999999999999  elapsed_time =  0
 target_temperature = 25.0  current_temperature = 20.8  delta_temperature = -4.199999999999999  elapsed_time =  0
 target_temperature = 25.0  current_temperature = 20.8  delta_temperature = -4.199999999999999  elapsed_time =  0
 target_temperature = 25.0  current_temperature = 20.9  delta_temperature = -4.100000000000001  elapsed_time =  0
 target_temperature = 25.0  current_temperature = 21.0  delta_temperature = -4.0  elapsed_time =  0
 target_temperature = 25.0  current_temperature = 21.0  delta_temperature = -4.0  elapsed_time =  0
 target_temperature = 25.0  current_temperature = 21.1  delta_temperature = -3.8999999999999986  elapsed_time =  0
 target_temperature = 25.0  current_temperature = 20.9  delta_temperature = -4.100000000000001  elapsed_time =  0
 target_temperature = 25.0  current_temperature = 20.8  delta_temperature = -4.199999999999999  elapsed_time =  0
 target_temperature = 25.0  current_temperature = 20.7  delta_temperature = -4.300000000000001  elapsed_time =  0
 target_temperature = 25.0  current_temperature = 20.6  delta_temperature = -4.399999999999999  elapsed_time =  0
 target_temperature = 25.0  current_temperature = 20.4  delta_temperature = -4.600000000000001  elapsed_time =  0
 target_temperature = 25.0  current_temperature = 20.3  delta_temperature = -4.699999999999999  elapsed_time =  0
 target_temperature = 25.0  current_temperature = 20.0  delta_temperature = -5.0  elapsed_time =  0
 target_temperature = 25.0  current_temperature = 20.0  delta_temperature = -5.0  elapsed_time =  0
 target_temperature = 25.0  current_temperature = 19.9  delta_temperature = -5.100000000000001  elapsed_time =  0
 target_temperature = 25.0  current_temperature = 19.7  delta_temperature = -5.300000000000001  elapsed_time =  0
 target_temperature = 25.0  current_temperature = 19.7  delta_temperature = -5.300000000000001  elapsed_time =  0
 target_temperature = 25.0  current_temperature = 19.2  delta_temperature = -5.800000000000001  elapsed_time =  0
 target_temperature = 25.0  current_temperature = 19.1  delta_temperature = -5.899999999999999  elapsed_time =  0
 target_temperature = 25.0  current_temperature = 19.0  delta_temperature = -6.0  elapsed_time =  0
 target_temperature = 25.0  current_temperature = 18.8  delta_temperature = -6.199999999999999  elapsed_time =  0
 target_temperature = 25.0  current_temperature = 18.7  delta_temperature = -6.300000000000001  elapsed_time =  0
 target_temperature = 25.0  current_temperature = 18.6  delta_temperature = -6.399999999999999  elapsed_time =  0
 target_temperature = 25.0  current_temperature = 18.3  delta_temperature = -6.699999999999999  elapsed_time =  0
 target_temperature = 25.0  current_temperature = 18.3  delta_temperature = -6.699999999999999  elapsed_time =  0
 target_temperature = 25.0  current_temperature = 18.3  delta_temperature = -6.699999999999999  elapsed_time =  0
 target_temperature = 25.0  current_temperature = 18.1  delta_temperature = -6.899999999999999  elapsed_time =  0
 target_temperature = 20.0  current_temperature = 18.1  delta_temperature = -1.8999999999999986  elapsed_time =  5
 target_temperature = 20.0  current_temperature = 18.1  delta_temperature = -1.8999999999999986  elapsed_time =  10
 target_temperature = 20.0  current_temperature = 17.9  delta_temperature = -2.1000000000000014  elapsed_time =  0
 target_temperature = 20.0  current_temperature = 17.9  delta_temperature = -2.1000000000000014  elapsed_time =  0
 target_temperature = 20.0  current_temperature = 17.9  delta_temperature = -2.1000000000000014  elapsed_time =  0
 target_temperature = 20.0  current_temperature = 17.8  delta_temperature = -2.1999999999999993  elapsed_time =  0
 target_temperature = 20.0  current_temperature = 17.8  delta_temperature = -2.1999999999999993  elapsed_time =  0
 target_temperature = 20.0  current_temperature = 17.7  delta_temperature = -2.3000000000000007  elapsed_time =  0
 target_temperature = 20.0  current_temperature = 17.6  delta_temperature = -2.3999999999999986  elapsed_time =  0
 target_temperature = 20.0  current_temperature = 17.6  delta_temperature = -2.3999999999999986  elapsed_time =  0
 target_temperature = 20.0  current_temperature = 17.6  delta_temperature = -2.3999999999999986  elapsed_time =  0
 target_temperature = 20.0  current_temperature = 17.6  delta_temperature = -2.3999999999999986  elapsed_time =  0
 target_temperature = 20.0  current_temperature = 17.4  delta_temperature = -2.6000000000000014  elapsed_time =  0
 target_temperature = 20.0  current_temperature = 17.4  delta_temperature = -2.6000000000000014  elapsed_time =  0
 target_temperature = 20.0  current_temperature = 17.4  delta_temperature = -2.6000000000000014  elapsed_time =  0
 target_temperature = 20.0  current_temperature = 17.4  delta_temperature = -2.6000000000000014  elapsed_time =  0
 target_temperature = 20.0  current_temperature = 17.4  delta_temperature = -2.6000000000000014  elapsed_time =  0
 target_temperature = 20.0  current_temperature = 17.4  delta_temperature = -2.6000000000000014  elapsed_time =  0
 target_temperature = 20.0  current_temperature = 17.3  delta_temperature = -2.6999999999999993  elapsed_time =  0
 target_temperature = 20.0  current_temperature = 17.3  delta_temperature = -2.6999999999999993  elapsed_time =  0
 target_temperature = 20.0  current_temperature = 17.3  delta_temperature = -2.6999999999999993  elapsed_time =  0
 target_temperature = 20.0  current_temperature = 17.3  delta_temperature = -2.6999999999999993  elapsed_time =  0
 target_temperature = 20.0  current_temperature = 17.3  delta_temperature = -2.6999999999999993  elapsed_time =  0
 target_temperature = 20.0  current_temperature = 17.3  delta_temperature = -2.6999999999999993  elapsed_time =  0
 target_temperature = 20.0  current_temperature = 17.3  delta_temperature = -2.6999999999999993  elapsed_time =  0
 target_temperature = 20.0  current_temperature = 17.3  delta_temperature = -2.6999999999999993  elapsed_time =  0
 target_temperature = 20.0  current_temperature = 17.3  delta_temperature = -2.6999999999999993  elapsed_time =  0
 target_temperature = 20.0  current_temperature = 17.4  delta_temperature = -2.6000000000000014  elapsed_time =  0
 target_temperature = 20.0  current_temperature = 17.4  delta_temperature = -2.6000000000000014  elapsed_time =  0
 target_temperature = 20.0  current_temperature = 17.4  delta_temperature = -2.6000000000000014  elapsed_time =  0
 target_temperature = 20.0  current_temperature = 17.4  delta_temperature = -2.6000000000000014  elapsed_time =  0
 target_temperature = 20.0  current_temperature = 17.4  delta_temperature = -2.6000000000000014  elapsed_time =  0
 target_temperature = 20.0  current_temperature = 17.5  delta_temperature = -2.5  elapsed_time =  0
 target_temperature = 20.0  current_temperature = 17.5  delta_temperature = -2.5  elapsed_time =  0
 target_temperature = 20.0  current_temperature = 17.6  delta_temperature = -2.3999999999999986  elapsed_time =  0
 target_temperature = 20.0  current_temperature = 17.6  delta_temperature = -2.3999999999999986  elapsed_time =  0
 target_temperature = 20.0  current_temperature = 17.7  delta_temperature = -2.3000000000000007  elapsed_time =  0
 target_temperature = 20.0  current_temperature = 17.7  delta_temperature = -2.3000000000000007  elapsed_time =  0
 target_temperature = 20.0  current_temperature = 17.8  delta_temperature = -2.1999999999999993  elapsed_time =  0
 target_temperature = 20.0  current_temperature = 17.8  delta_temperature = -2.1999999999999993  elapsed_time =  0
 target_temperature = 20.0  current_temperature = 17.8  delta_temperature = -2.1999999999999993  elapsed_time =  0
 target_temperature = 20.0  current_temperature = 17.9  delta_temperature = -2.1000000000000014  elapsed_time =  0
 target_temperature = 20.0  current_temperature = 18.0  delta_temperature = -2.0  elapsed_time =  5
 target_temperature = 20.0  current_temperature = 18.1  delta_temperature = -1.8999999999999986  elapsed_time =  10
 target_temperature = 20.0  current_temperature = 18.1  delta_temperature = -1.8999999999999986  elapsed_time =  15
 target_temperature = 20.0  current_temperature = 18.1  delta_temperature = -1.8999999999999986  elapsed_time =  20
 target_temperature = 20.0  current_temperature = 18.2  delta_temperature = -1.8000000000000007  elapsed_time =  25
 target_temperature = 20.0  current_temperature = 18.3  delta_temperature = -1.6999999999999993  elapsed_time =  31
 target_temperature = 20.0  current_temperature = 18.3  delta_temperature = -1.6999999999999993  elapsed_time =  36
 target_temperature = 20.0  current_temperature = 18.4  delta_temperature = -1.6000000000000014  elapsed_time =  41
 target_temperature = 20.0  current_temperature = 18.5  delta_temperature = -1.5  elapsed_time =  47
 target_temperature = 20.0  current_temperature = 18.5  delta_temperature = -1.5  elapsed_time =  54
 target_temperature = 20.0  current_temperature = 18.7  delta_temperature = -1.3000000000000007  elapsed_time =  59
 target_temperature = 20.0  current_temperature = 18.8  delta_temperature = -1.1999999999999993  elapsed_time =  65
 --- setting mode: 0
 --- response: OK
 --- mode set value: 0
