 --- 
 --- START: /home/eic/DATA/2023-characterisation/actual/20230805-121351/memmert-hama3-iv 
 --- 
1691230431 | Sat  5 Aug 12:13:51 CEST 2023 
 --- 
 --- go to -30 C: /au/memmert/memmert_go_to_minus_30.sh 
 --- 
 --- SCAN: /home/eic/DATA/2023-characterisation/actual/20230805-121351/memmert-hama3-iv 
 --- 
1691233573 | Sat  5 Aug 13:06:13 CEST 2023 
 --- 
 --- starting IV setup: /au/measure/2023-characterisation/run-iv-setup.sh run-memmert-hama3-setup
 --- waiting for processes to complete 
 --- 
 --- COMPLETED: /home/eic/DATA/2023-characterisation/actual/20230805-121351/memmert-hama3-iv 
 --- 
1691237758 | Sat  5 Aug 14:15:58 CEST 2023 
 --- 
 --- go back to 20 C: /au/memmert/memmert_back_to_plus_20.sh 
 --- 
 --- DONE: /home/eic/DATA/2023-characterisation/actual/20230805-121351/memmert-hama3-iv 
 --- 
1691238427 | Sat  5 Aug 14:27:07 CEST 2023 
 --- 
