 --- 
 --- START: /home/eic/DATA/2023-characterisation/actual/20230703-140444/memmert-hama3-dcr 
 --- 
1688385884 | Mon  3 Jul 14:04:44 CEST 2023 
 --- 
 --- go to -30 C: /au/memmert/memmert_go_to_minus_30.sh 
 --- 
 --- SCAN: /home/eic/DATA/2023-characterisation/actual/20230703-140444/memmert-hama3-dcr 
 --- 
1688397199 | Mon  3 Jul 17:13:19 CEST 2023 
 --- 
 --- starting DCR setup: /au/measure/2023-characterisation/run-dcr-setup.sh run-memmert-hama3-setup
 --- waiting for processes to complete 
 --- 
 --- COMPLETED: /home/eic/DATA/2023-characterisation/actual/20230703-140444/memmert-hama3-dcr 
 --- 
1688400175 | Mon  3 Jul 18:02:55 CEST 2023 
 --- 
 --- go back to 20 C: /au/memmert/memmert_back_to_plus_20.sh 
 --- 
 --- DONE: /home/eic/DATA/2023-characterisation/actual/20230703-140444/memmert-hama3-dcr 
 --- 
1688401074 | Mon  3 Jul 18:17:54 CEST 2023 
 --- 
