 --- setting mode: 1
 --- response: OK
 --- mode set value: 1
 --- setting temperature: 25.0
 --- response: OK
 --- temperature set value: 25.0
 --- setting fan: A
 --- response: OK
 --- fan set value: A
 --- setting temperature: 25.0
 --- response: OK
 --- temperature set value: 25.0
 target_temperature = 25.0  current_temperature = -19.9  delta_temperature = -44.9  elapsed_time =  0
 target_temperature = 25.0  current_temperature = -19.9  delta_temperature = -44.9  elapsed_time =  0
 target_temperature = 25.0  current_temperature = -19.9  delta_temperature = -44.9  elapsed_time =  0
 target_temperature = 25.0  current_temperature = -19.9  delta_temperature = -44.9  elapsed_time =  0
 target_temperature = 25.0  current_temperature = -20.0  delta_temperature = -45.0  elapsed_time =  0
 target_temperature = 25.0  current_temperature = -19.7  delta_temperature = -44.7  elapsed_time =  0
 target_temperature = 25.0  current_temperature = -19.4  delta_temperature = -44.4  elapsed_time =  0
 target_temperature = 25.0  current_temperature = -19.1  delta_temperature = -44.1  elapsed_time =  0
 target_temperature = 25.0  current_temperature = -18.6  delta_temperature = -43.6  elapsed_time =  0
 target_temperature = 25.0  current_temperature = -17.6  delta_temperature = -42.6  elapsed_time =  0
 target_temperature = 25.0  current_temperature = -16.5  delta_temperature = -41.5  elapsed_time =  0
 target_temperature = 25.0  current_temperature = -15.4  delta_temperature = -40.4  elapsed_time =  0
 target_temperature = 25.0  current_temperature = -13.8  delta_temperature = -38.8  elapsed_time =  0
 target_temperature = 25.0  current_temperature = -13.1  delta_temperature = -38.1  elapsed_time =  0
 target_temperature = 25.0  current_temperature = -12.4  delta_temperature = -37.4  elapsed_time =  0
 target_temperature = 25.0  current_temperature = -11.0  delta_temperature = -36.0  elapsed_time =  0
 target_temperature = 25.0  current_temperature = -9.8  delta_temperature = -34.8  elapsed_time =  0
 target_temperature = 25.0  current_temperature = -9.1  delta_temperature = -34.1  elapsed_time =  0
 target_temperature = 25.0  current_temperature = -7.7  delta_temperature = -32.7  elapsed_time =  0
 target_temperature = 25.0  current_temperature = -6.4  delta_temperature = -31.4  elapsed_time =  0
 target_temperature = 25.0  current_temperature = -4.9  delta_temperature = -29.9  elapsed_time =  0
 target_temperature = 25.0  current_temperature = -4.1  delta_temperature = -29.1  elapsed_time =  0
 target_temperature = 25.0  current_temperature = -2.9  delta_temperature = -27.9  elapsed_time =  0
 target_temperature = 25.0  current_temperature = -1.7  delta_temperature = -26.7  elapsed_time =  0
 target_temperature = 25.0  current_temperature = -0.3  delta_temperature = -25.3  elapsed_time =  0
 target_temperature = 25.0  current_temperature = 0.7  delta_temperature = -24.3  elapsed_time =  0
 target_temperature = 25.0  current_temperature = 1.8  delta_temperature = -23.2  elapsed_time =  0
 target_temperature = 25.0  current_temperature = 3.1  delta_temperature = -21.9  elapsed_time =  0
 target_temperature = 25.0  current_temperature = 4.4  delta_temperature = -20.6  elapsed_time =  0
 target_temperature = 25.0  current_temperature = 5.3  delta_temperature = -19.7  elapsed_time =  0
 target_temperature = 25.0  current_temperature = 6.8  delta_temperature = -18.2  elapsed_time =  0
 target_temperature = 25.0  current_temperature = 7.7  delta_temperature = -17.3  elapsed_time =  0
 target_temperature = 25.0  current_temperature = 8.7  delta_temperature = -16.3  elapsed_time =  0
 target_temperature = 25.0  current_temperature = 10.0  delta_temperature = -15.0  elapsed_time =  0
 target_temperature = 25.0  current_temperature = 10.9  delta_temperature = -14.1  elapsed_time =  0
 target_temperature = 25.0  current_temperature = 12.3  delta_temperature = -12.7  elapsed_time =  0
 target_temperature = 25.0  current_temperature = 13.3  delta_temperature = -11.7  elapsed_time =  0
 target_temperature = 25.0  current_temperature = 14.1  delta_temperature = -10.9  elapsed_time =  0
 target_temperature = 25.0  current_temperature = 15.0  delta_temperature = -10.0  elapsed_time =  0
 target_temperature = 25.0  current_temperature = 16.1  delta_temperature = -8.899999999999999  elapsed_time =  0
 target_temperature = 25.0  current_temperature = 16.7  delta_temperature = -8.3  elapsed_time =  0
 target_temperature = 25.0  current_temperature = 17.2  delta_temperature = -7.800000000000001  elapsed_time =  0
 target_temperature = 25.0  current_temperature = 18.1  delta_temperature = -6.899999999999999  elapsed_time =  0
 target_temperature = 25.0  current_temperature = 18.6  delta_temperature = -6.399999999999999  elapsed_time =  0
 target_temperature = 25.0  current_temperature = 19.0  delta_temperature = -6.0  elapsed_time =  0
 target_temperature = 25.0  current_temperature = 19.1  delta_temperature = -5.899999999999999  elapsed_time =  0
 target_temperature = 25.0  current_temperature = 19.5  delta_temperature = -5.5  elapsed_time =  0
 target_temperature = 25.0  current_temperature = 19.6  delta_temperature = -5.399999999999999  elapsed_time =  0
 target_temperature = 25.0  current_temperature = 19.7  delta_temperature = -5.300000000000001  elapsed_time =  0
 target_temperature = 25.0  current_temperature = 19.8  delta_temperature = -5.199999999999999  elapsed_time =  0
 target_temperature = 25.0  current_temperature = 19.9  delta_temperature = -5.100000000000001  elapsed_time =  0
 target_temperature = 25.0  current_temperature = 19.7  delta_temperature = -5.300000000000001  elapsed_time =  0
 target_temperature = 25.0  current_temperature = 19.6  delta_temperature = -5.399999999999999  elapsed_time =  0
 target_temperature = 25.0  current_temperature = 19.4  delta_temperature = -5.600000000000001  elapsed_time =  0
 target_temperature = 25.0  current_temperature = 19.4  delta_temperature = -5.600000000000001  elapsed_time =  0
 target_temperature = 25.0  current_temperature = 19.4  delta_temperature = -5.600000000000001  elapsed_time =  0
 target_temperature = 25.0  current_temperature = 19.0  delta_temperature = -6.0  elapsed_time =  0
 target_temperature = 25.0  current_temperature = 18.8  delta_temperature = -6.199999999999999  elapsed_time =  0
 target_temperature = 25.0  current_temperature = 18.7  delta_temperature = -6.300000000000001  elapsed_time =  0
 target_temperature = -10.0  current_temperature = 18.5  delta_temperature = 28.5  elapsed_time =  0
 target_temperature = -10.0  current_temperature = 18.4  delta_temperature = 28.4  elapsed_time =  0
 target_temperature = -10.0  current_temperature = 17.9  delta_temperature = 27.9  elapsed_time =  0
 target_temperature = -10.0  current_temperature = 17.8  delta_temperature = 27.8  elapsed_time =  0
 target_temperature = -10.0  current_temperature = 17.7  delta_temperature = 27.7  elapsed_time =  0
 target_temperature = -10.0  current_temperature = 17.3  delta_temperature = 27.3  elapsed_time =  0
 target_temperature = -10.0  current_temperature = 16.9  delta_temperature = 26.9  elapsed_time =  0
 target_temperature = -10.0  current_temperature = 16.6  delta_temperature = 26.6  elapsed_time =  0
 target_temperature = -10.0  current_temperature = 15.7  delta_temperature = 25.7  elapsed_time =  0
 target_temperature = -10.0  current_temperature = 15.4  delta_temperature = 25.4  elapsed_time =  0
 target_temperature = -10.0  current_temperature = 14.7  delta_temperature = 24.7  elapsed_time =  0
 target_temperature = -10.0  current_temperature = 14.3  delta_temperature = 24.3  elapsed_time =  0
 target_temperature = -10.0  current_temperature = 13.7  delta_temperature = 23.7  elapsed_time =  0
 target_temperature = -10.0  current_temperature = 13.2  delta_temperature = 23.2  elapsed_time =  0
 target_temperature = -10.0  current_temperature = 12.3  delta_temperature = 22.3  elapsed_time =  0
 target_temperature = -10.0  current_temperature = 11.8  delta_temperature = 21.8  elapsed_time =  0
 target_temperature = -10.0  current_temperature = 11.2  delta_temperature = 21.2  elapsed_time =  0
 target_temperature = -10.0  current_temperature = 11.0  delta_temperature = 21.0  elapsed_time =  0
 target_temperature = -10.0  current_temperature = 10.7  delta_temperature = 20.7  elapsed_time =  0
 target_temperature = -10.0  current_temperature = 10.1  delta_temperature = 20.1  elapsed_time =  0
 target_temperature = -10.0  current_temperature = 9.7  delta_temperature = 19.7  elapsed_time =  0
 target_temperature = -10.0  current_temperature = 9.5  delta_temperature = 19.5  elapsed_time =  0
 target_temperature = -10.0  current_temperature = 9.3  delta_temperature = 19.3  elapsed_time =  0
 target_temperature = -10.0  current_temperature = 9.0  delta_temperature = 19.0  elapsed_time =  0
 target_temperature = -10.0  current_temperature = 8.6  delta_temperature = 18.6  elapsed_time =  0
 target_temperature = -10.0  current_temperature = 8.4  delta_temperature = 18.4  elapsed_time =  0
 target_temperature = -10.0  current_temperature = 8.2  delta_temperature = 18.2  elapsed_time =  0
 target_temperature = -10.0  current_temperature = 8.0  delta_temperature = 18.0  elapsed_time =  0
 target_temperature = -10.0  current_temperature = 7.7  delta_temperature = 17.7  elapsed_time =  0
 target_temperature = -10.0  current_temperature = 7.3  delta_temperature = 17.3  elapsed_time =  0
 target_temperature = -10.0  current_temperature = 7.2  delta_temperature = 17.2  elapsed_time =  0
 target_temperature = -10.0  current_temperature = 6.8  delta_temperature = 16.8  elapsed_time =  0
 target_temperature = -10.0  current_temperature = 6.4  delta_temperature = 16.4  elapsed_time =  0
 target_temperature = -10.0  current_temperature = 6.2  delta_temperature = 16.2  elapsed_time =  0
 target_temperature = -10.0  current_temperature = 6.0  delta_temperature = 16.0  elapsed_time =  0
 target_temperature = -10.0  current_temperature = 5.3  delta_temperature = 15.3  elapsed_time =  0
 target_temperature = -10.0  current_temperature = 5.2  delta_temperature = 15.2  elapsed_time =  0
 target_temperature = -10.0  current_temperature = 4.9  delta_temperature = 14.9  elapsed_time =  0
 target_temperature = -10.0  current_temperature = 4.6  delta_temperature = 14.6  elapsed_time =  0
 target_temperature = -10.0  current_temperature = 4.4  delta_temperature = 14.4  elapsed_time =  0
 target_temperature = -10.0  current_temperature = 3.8  delta_temperature = 13.8  elapsed_time =  0
 target_temperature = -10.0  current_temperature = 3.7  delta_temperature = 13.7  elapsed_time =  0
 target_temperature = -10.0  current_temperature = 3.5  delta_temperature = 13.5  elapsed_time =  0
 target_temperature = -10.0  current_temperature = 3.2  delta_temperature = 13.2  elapsed_time =  0
 target_temperature = -10.0  current_temperature = 3.1  delta_temperature = 13.1  elapsed_time =  0
 target_temperature = -10.0  current_temperature = 2.9  delta_temperature = 12.9  elapsed_time =  0
 target_temperature = -10.0  current_temperature = 2.5  delta_temperature = 12.5  elapsed_time =  0
 target_temperature = -10.0  current_temperature = 2.3  delta_temperature = 12.3  elapsed_time =  0
 target_temperature = -10.0  current_temperature = 2.1  delta_temperature = 12.1  elapsed_time =  0
 target_temperature = -10.0  current_temperature = 2.0  delta_temperature = 12.0  elapsed_time =  0
 target_temperature = -10.0  current_temperature = 1.6  delta_temperature = 11.6  elapsed_time =  0
 target_temperature = -10.0  current_temperature = 1.3  delta_temperature = 11.3  elapsed_time =  0
 target_temperature = -10.0  current_temperature = 1.2  delta_temperature = 11.2  elapsed_time =  0
 target_temperature = -10.0  current_temperature = 1.1  delta_temperature = 11.1  elapsed_time =  0
 target_temperature = -10.0  current_temperature = 0.7  delta_temperature = 10.7  elapsed_time =  0
 target_temperature = -10.0  current_temperature = 0.6  delta_temperature = 10.6  elapsed_time =  0
 target_temperature = -10.0  current_temperature = 0.2  delta_temperature = 10.2  elapsed_time =  0
 target_temperature = -10.0  current_temperature = 0.1  delta_temperature = 10.1  elapsed_time =  0
 target_temperature = -10.0  current_temperature = 0.0  delta_temperature = 10.0  elapsed_time =  0
 target_temperature = -10.0  current_temperature = -0.1  delta_temperature = 9.9  elapsed_time =  0
 target_temperature = -10.0  current_temperature = -0.4  delta_temperature = 9.6  elapsed_time =  0
 target_temperature = -10.0  current_temperature = -0.8  delta_temperature = 9.2  elapsed_time =  0
 target_temperature = -10.0  current_temperature = -0.8  delta_temperature = 9.2  elapsed_time =  0
 target_temperature = -10.0  current_temperature = -1.1  delta_temperature = 8.9  elapsed_time =  0
 target_temperature = -10.0  current_temperature = -1.3  delta_temperature = 8.7  elapsed_time =  0
 target_temperature = -10.0  current_temperature = -1.4  delta_temperature = 8.6  elapsed_time =  0
 target_temperature = -10.0  current_temperature = -1.8  delta_temperature = 8.2  elapsed_time =  0
 target_temperature = -10.0  current_temperature = -2.0  delta_temperature = 8.0  elapsed_time =  0
 target_temperature = -10.0  current_temperature = -2.1  delta_temperature = 7.9  elapsed_time =  0
 target_temperature = -10.0  current_temperature = -2.3  delta_temperature = 7.7  elapsed_time =  0
 target_temperature = -10.0  current_temperature = -2.5  delta_temperature = 7.5  elapsed_time =  0
 target_temperature = -10.0  current_temperature = -2.5  delta_temperature = 7.5  elapsed_time =  0
 target_temperature = -10.0  current_temperature = -3.0  delta_temperature = 7.0  elapsed_time =  0
 target_temperature = -10.0  current_temperature = -3.0  delta_temperature = 7.0  elapsed_time =  0
 target_temperature = -10.0  current_temperature = -3.1  delta_temperature = 6.9  elapsed_time =  0
 target_temperature = -10.0  current_temperature = -3.3  delta_temperature = 6.7  elapsed_time =  0
 target_temperature = -10.0  current_temperature = -3.4  delta_temperature = 6.6  elapsed_time =  0
 target_temperature = -10.0  current_temperature = -3.6  delta_temperature = 6.4  elapsed_time =  0
 target_temperature = -10.0  current_temperature = -3.9  delta_temperature = 6.1  elapsed_time =  0
 target_temperature = -10.0  current_temperature = -3.9  delta_temperature = 6.1  elapsed_time =  0
 target_temperature = -10.0  current_temperature = -4.1  delta_temperature = 5.9  elapsed_time =  0
 target_temperature = -10.0  current_temperature = -4.4  delta_temperature = 5.6  elapsed_time =  0
 target_temperature = -10.0  current_temperature = -4.6  delta_temperature = 5.4  elapsed_time =  0
 target_temperature = -10.0  current_temperature = -4.7  delta_temperature = 5.3  elapsed_time =  0
 target_temperature = -10.0  current_temperature = -4.7  delta_temperature = 5.3  elapsed_time =  0
 target_temperature = -10.0  current_temperature = -5.0  delta_temperature = 5.0  elapsed_time =  0
 target_temperature = -10.0  current_temperature = -5.1  delta_temperature = 4.9  elapsed_time =  0
 target_temperature = -10.0  current_temperature = -5.3  delta_temperature = 4.7  elapsed_time =  0
 target_temperature = -10.0  current_temperature = -5.3  delta_temperature = 4.7  elapsed_time =  0
 target_temperature = -10.0  current_temperature = -5.3  delta_temperature = 4.7  elapsed_time =  0
 target_temperature = -10.0  current_temperature = -5.4  delta_temperature = 4.6  elapsed_time =  0
 target_temperature = -10.0  current_temperature = -5.6  delta_temperature = 4.4  elapsed_time =  0
 target_temperature = -10.0  current_temperature = -5.8  delta_temperature = 4.2  elapsed_time =  0
 target_temperature = -10.0  current_temperature = -5.8  delta_temperature = 4.2  elapsed_time =  0
 target_temperature = -10.0  current_temperature = -5.9  delta_temperature = 4.1  elapsed_time =  0
 target_temperature = -10.0  current_temperature = -6.0  delta_temperature = 4.0  elapsed_time =  0
 target_temperature = -10.0  current_temperature = -6.0  delta_temperature = 4.0  elapsed_time =  0
 target_temperature = -10.0  current_temperature = -6.4  delta_temperature = 3.5999999999999996  elapsed_time =  0
 target_temperature = -10.0  current_temperature = -6.4  delta_temperature = 3.5999999999999996  elapsed_time =  0
 target_temperature = -10.0  current_temperature = -6.4  delta_temperature = 3.5999999999999996  elapsed_time =  0
 target_temperature = -10.0  current_temperature = -6.6  delta_temperature = 3.4000000000000004  elapsed_time =  0
 target_temperature = -10.0  current_temperature = -6.6  delta_temperature = 3.4000000000000004  elapsed_time =  0
 target_temperature = -10.0  current_temperature = -6.9  delta_temperature = 3.0999999999999996  elapsed_time =  0
 target_temperature = -10.0  current_temperature = -7.0  delta_temperature = 3.0  elapsed_time =  0
 target_temperature = -10.0  current_temperature = -7.0  delta_temperature = 3.0  elapsed_time =  0
 target_temperature = -10.0  current_temperature = -7.1  delta_temperature = 2.9000000000000004  elapsed_time =  0
 target_temperature = -10.0  current_temperature = -7.2  delta_temperature = 2.8  elapsed_time =  0
 target_temperature = -10.0  current_temperature = -7.2  delta_temperature = 2.8  elapsed_time =  0
 target_temperature = -10.0  current_temperature = -7.4  delta_temperature = 2.5999999999999996  elapsed_time =  0
 target_temperature = -10.0  current_temperature = -7.4  delta_temperature = 2.5999999999999996  elapsed_time =  0
 target_temperature = -10.0  current_temperature = -7.6  delta_temperature = 2.4000000000000004  elapsed_time =  0
 target_temperature = -10.0  current_temperature = -7.7  delta_temperature = 2.3  elapsed_time =  0
 target_temperature = -10.0  current_temperature = -7.9  delta_temperature = 2.0999999999999996  elapsed_time =  0
 target_temperature = -10.0  current_temperature = -7.9  delta_temperature = 2.0999999999999996  elapsed_time =  0
 target_temperature = -10.0  current_temperature = -7.9  delta_temperature = 2.0999999999999996  elapsed_time =  0
 target_temperature = -10.0  current_temperature = -8.0  delta_temperature = 2.0  elapsed_time =  5
 target_temperature = -10.0  current_temperature = -8.0  delta_temperature = 2.0  elapsed_time =  11
 target_temperature = -10.0  current_temperature = -8.3  delta_temperature = 1.6999999999999993  elapsed_time =  16
 target_temperature = -10.0  current_temperature = -8.3  delta_temperature = 1.6999999999999993  elapsed_time =  21
 target_temperature = -10.0  current_temperature = -8.3  delta_temperature = 1.6999999999999993  elapsed_time =  28
 target_temperature = -10.0  current_temperature = -8.4  delta_temperature = 1.5999999999999996  elapsed_time =  34
 target_temperature = -10.0  current_temperature = -8.4  delta_temperature = 1.5999999999999996  elapsed_time =  40
 target_temperature = -10.0  current_temperature = -8.5  delta_temperature = 1.5  elapsed_time =  45
 target_temperature = -10.0  current_temperature = -8.8  delta_temperature = 1.1999999999999993  elapsed_time =  50
 target_temperature = -10.0  current_temperature = -9.0  delta_temperature = 1.0  elapsed_time =  56
 target_temperature = -10.0  current_temperature = -9.0  delta_temperature = 1.0  elapsed_time =  63
 --- setting mode: 0
 --- response: OK
 --- mode set value: 0
