 --- 
 --- START: /home/eic/DATA/2023-characterisation/actual/20230804-080319/memmert-hama3-iv 
 --- 
1691128999 | Fri  4 Aug 08:03:19 CEST 2023 
 --- 
 --- go to -30 C: /au/memmert/memmert_go_to_minus_30.sh 
 --- 
 --- SCAN: /home/eic/DATA/2023-characterisation/actual/20230804-080319/memmert-hama3-iv 
 --- 
1691137433 | Fri  4 Aug 10:23:53 CEST 2023 
 --- 
 --- starting IV setup: /au/measure/2023-characterisation/run-iv-setup.sh run-memmert-hama3-setup
 --- waiting for processes to complete 
 --- 
 --- COMPLETED: /home/eic/DATA/2023-characterisation/actual/20230804-080319/memmert-hama3-iv 
 --- 
1691141778 | Fri  4 Aug 11:36:18 CEST 2023 
 --- 
 --- go back to 20 C: /au/memmert/memmert_back_to_plus_20.sh 
 --- 
 --- DONE: /home/eic/DATA/2023-characterisation/actual/20230804-080319/memmert-hama3-iv 
 --- 
1691142837 | Fri  4 Aug 11:53:57 CEST 2023 
 --- 
