 --- setting mode: 1
 --- response: OK
 --- mode set value: 1
 --- setting temperature: 25.0
 --- response: OK
 --- temperature set value: 25.0
 --- setting fan: A
 --- response: OK
 --- fan set value: A
 --- setting temperature: 25.0
 --- response: OK
 --- temperature set value: 25.0
 target_temperature = 25.0  current_temperature = -30.1  delta_temperature = -55.1  elapsed_time =  0
 target_temperature = 25.0  current_temperature = -30.1  delta_temperature = -55.1  elapsed_time =  0
 target_temperature = 25.0  current_temperature = -30.1  delta_temperature = -55.1  elapsed_time =  0
 target_temperature = 25.0  current_temperature = -30.1  delta_temperature = -55.1  elapsed_time =  0
 target_temperature = 25.0  current_temperature = -30.1  delta_temperature = -55.1  elapsed_time =  0
 target_temperature = 25.0  current_temperature = -30.0  delta_temperature = -55.0  elapsed_time =  0
 target_temperature = 25.0  current_temperature = -29.6  delta_temperature = -54.6  elapsed_time =  0
 target_temperature = 25.0  current_temperature = -29.3  delta_temperature = -54.3  elapsed_time =  0
 target_temperature = 25.0  current_temperature = -28.9  delta_temperature = -53.9  elapsed_time =  0
 target_temperature = 25.0  current_temperature = -28.4  delta_temperature = -53.4  elapsed_time =  0
 target_temperature = 25.0  current_temperature = -27.8  delta_temperature = -52.8  elapsed_time =  0
 target_temperature = 25.0  current_temperature = -27.1  delta_temperature = -52.1  elapsed_time =  0
 target_temperature = 25.0  current_temperature = -26.4  delta_temperature = -51.4  elapsed_time =  0
 target_temperature = 25.0  current_temperature = -25.4  delta_temperature = -50.4  elapsed_time =  0
 target_temperature = 25.0  current_temperature = -24.5  delta_temperature = -49.5  elapsed_time =  0
 target_temperature = 25.0  current_temperature = -23.6  delta_temperature = -48.6  elapsed_time =  0
 target_temperature = 25.0  current_temperature = -22.7  delta_temperature = -47.7  elapsed_time =  0
 target_temperature = 25.0  current_temperature = -21.8  delta_temperature = -46.8  elapsed_time =  0
 target_temperature = 25.0  current_temperature = -20.8  delta_temperature = -45.8  elapsed_time =  0
 target_temperature = 25.0  current_temperature = -20.0  delta_temperature = -45.0  elapsed_time =  0
 target_temperature = 25.0  current_temperature = -18.4  delta_temperature = -43.4  elapsed_time =  0
 target_temperature = 25.0  current_temperature = -17.5  delta_temperature = -42.5  elapsed_time =  0
 target_temperature = 25.0  current_temperature = -16.4  delta_temperature = -41.4  elapsed_time =  0
 target_temperature = 25.0  current_temperature = -15.6  delta_temperature = -40.6  elapsed_time =  0
 target_temperature = 25.0  current_temperature = -14.0  delta_temperature = -39.0  elapsed_time =  0
 target_temperature = 25.0  current_temperature = -12.9  delta_temperature = -37.9  elapsed_time =  0
 target_temperature = 25.0  current_temperature = -12.1  delta_temperature = -37.1  elapsed_time =  0
 target_temperature = 25.0  current_temperature = -10.5  delta_temperature = -35.5  elapsed_time =  0
 target_temperature = 25.0  current_temperature = -9.1  delta_temperature = -34.1  elapsed_time =  0
 target_temperature = 25.0  current_temperature = -8.1  delta_temperature = -33.1  elapsed_time =  0
 target_temperature = 25.0  current_temperature = -7.0  delta_temperature = -32.0  elapsed_time =  0
 target_temperature = 25.0  current_temperature = -5.6  delta_temperature = -30.6  elapsed_time =  0
 target_temperature = 25.0  current_temperature = -4.1  delta_temperature = -29.1  elapsed_time =  0
 target_temperature = 25.0  current_temperature = -3.2  delta_temperature = -28.2  elapsed_time =  0
 target_temperature = 25.0  current_temperature = -2.1  delta_temperature = -27.1  elapsed_time =  0
 target_temperature = 25.0  current_temperature = -0.9  delta_temperature = -25.9  elapsed_time =  0
 target_temperature = 25.0  current_temperature = 0.0  delta_temperature = -25.0  elapsed_time =  0
 target_temperature = 25.0  current_temperature = 0.8  delta_temperature = -24.2  elapsed_time =  0
 target_temperature = 25.0  current_temperature = 2.4  delta_temperature = -22.6  elapsed_time =  0
 target_temperature = 25.0  current_temperature = 3.7  delta_temperature = -21.3  elapsed_time =  0
 target_temperature = 25.0  current_temperature = 4.8  delta_temperature = -20.2  elapsed_time =  0
 target_temperature = 25.0  current_temperature = 5.7  delta_temperature = -19.3  elapsed_time =  0
 target_temperature = 25.0  current_temperature = 7.0  delta_temperature = -18.0  elapsed_time =  0
 target_temperature = 25.0  current_temperature = 8.0  delta_temperature = -17.0  elapsed_time =  0
 target_temperature = 25.0  current_temperature = 9.0  delta_temperature = -16.0  elapsed_time =  0
 target_temperature = 25.0  current_temperature = 9.7  delta_temperature = -15.3  elapsed_time =  0
 target_temperature = 25.0  current_temperature = 11.0  delta_temperature = -14.0  elapsed_time =  0
 target_temperature = 25.0  current_temperature = 12.1  delta_temperature = -12.9  elapsed_time =  0
 target_temperature = 25.0  current_temperature = 12.9  delta_temperature = -12.1  elapsed_time =  0
 target_temperature = 25.0  current_temperature = 13.7  delta_temperature = -11.3  elapsed_time =  0
 target_temperature = 25.0  current_temperature = 14.4  delta_temperature = -10.6  elapsed_time =  0
 target_temperature = 25.0  current_temperature = 15.3  delta_temperature = -9.7  elapsed_time =  0
 target_temperature = 25.0  current_temperature = 15.8  delta_temperature = -9.2  elapsed_time =  0
 target_temperature = 25.0  current_temperature = 16.6  delta_temperature = -8.399999999999999  elapsed_time =  0
 target_temperature = 25.0  current_temperature = 17.1  delta_temperature = -7.899999999999999  elapsed_time =  0
 target_temperature = 25.0  current_temperature = 17.5  delta_temperature = -7.5  elapsed_time =  0
 target_temperature = 25.0  current_temperature = 17.8  delta_temperature = -7.199999999999999  elapsed_time =  0
 target_temperature = 25.0  current_temperature = 17.9  delta_temperature = -7.100000000000001  elapsed_time =  0
 target_temperature = 25.0  current_temperature = 18.2  delta_temperature = -6.800000000000001  elapsed_time =  0
 target_temperature = 25.0  current_temperature = 18.3  delta_temperature = -6.699999999999999  elapsed_time =  0
 target_temperature = 25.0  current_temperature = 18.4  delta_temperature = -6.600000000000001  elapsed_time =  0
 target_temperature = 25.0  current_temperature = 18.5  delta_temperature = -6.5  elapsed_time =  0
 target_temperature = 25.0  current_temperature = 18.7  delta_temperature = -6.300000000000001  elapsed_time =  0
 target_temperature = 25.0  current_temperature = 18.4  delta_temperature = -6.600000000000001  elapsed_time =  0
 target_temperature = 25.0  current_temperature = 18.4  delta_temperature = -6.600000000000001  elapsed_time =  0
 target_temperature = 25.0  current_temperature = 18.3  delta_temperature = -6.699999999999999  elapsed_time =  0
 target_temperature = 25.0  current_temperature = 18.3  delta_temperature = -6.699999999999999  elapsed_time =  0
 target_temperature = 25.0  current_temperature = 18.2  delta_temperature = -6.800000000000001  elapsed_time =  0
 target_temperature = 25.0  current_temperature = 17.9  delta_temperature = -7.100000000000001  elapsed_time =  0
 target_temperature = 25.0  current_temperature = 17.7  delta_temperature = -7.300000000000001  elapsed_time =  0
 target_temperature = 25.0  current_temperature = 17.7  delta_temperature = -7.300000000000001  elapsed_time =  0
 target_temperature = 25.0  current_temperature = 17.3  delta_temperature = -7.699999999999999  elapsed_time =  0
 target_temperature = 25.0  current_temperature = 17.3  delta_temperature = -7.699999999999999  elapsed_time =  0
 target_temperature = 25.0  current_temperature = 17.0  delta_temperature = -8.0  elapsed_time =  0
 target_temperature = 25.0  current_temperature = 16.9  delta_temperature = -8.100000000000001  elapsed_time =  0
 target_temperature = 25.0  current_temperature = 16.8  delta_temperature = -8.2  elapsed_time =  0
 target_temperature = 25.0  current_temperature = 16.6  delta_temperature = -8.399999999999999  elapsed_time =  0
 target_temperature = 25.0  current_temperature = 16.5  delta_temperature = -8.5  elapsed_time =  0
 target_temperature = 25.0  current_temperature = 16.5  delta_temperature = -8.5  elapsed_time =  0
 target_temperature = 25.0  current_temperature = 16.1  delta_temperature = -8.899999999999999  elapsed_time =  0
 target_temperature = 25.0  current_temperature = 16.1  delta_temperature = -8.899999999999999  elapsed_time =  0
 target_temperature = 25.0  current_temperature = 16.0  delta_temperature = -9.0  elapsed_time =  0
 target_temperature = 25.0  current_temperature = 15.9  delta_temperature = -9.1  elapsed_time =  0
 target_temperature = 25.0  current_temperature = 15.9  delta_temperature = -9.1  elapsed_time =  0
 target_temperature = 25.0  current_temperature = 15.7  delta_temperature = -9.3  elapsed_time =  0
 target_temperature = 25.0  current_temperature = 15.7  delta_temperature = -9.3  elapsed_time =  0
 target_temperature = 25.0  current_temperature = 15.7  delta_temperature = -9.3  elapsed_time =  0
 target_temperature = 25.0  current_temperature = 15.7  delta_temperature = -9.3  elapsed_time =  0
 target_temperature = 25.0  current_temperature = 15.7  delta_temperature = -9.3  elapsed_time =  0
 target_temperature = 25.0  current_temperature = 15.7  delta_temperature = -9.3  elapsed_time =  0
 target_temperature = 25.0  current_temperature = 15.7  delta_temperature = -9.3  elapsed_time =  0
 target_temperature = 25.0  current_temperature = 15.8  delta_temperature = -9.2  elapsed_time =  0
 target_temperature = 25.0  current_temperature = 15.9  delta_temperature = -9.1  elapsed_time =  0
 target_temperature = 25.0  current_temperature = 15.9  delta_temperature = -9.1  elapsed_time =  0
 target_temperature = 25.0  current_temperature = 16.1  delta_temperature = -8.899999999999999  elapsed_time =  0
 target_temperature = 25.0  current_temperature = 16.2  delta_temperature = -8.8  elapsed_time =  0
 target_temperature = 25.0  current_temperature = 16.3  delta_temperature = -8.7  elapsed_time =  0
 target_temperature = 25.0  current_temperature = 16.5  delta_temperature = -8.5  elapsed_time =  0
 target_temperature = 25.0  current_temperature = 16.7  delta_temperature = -8.3  elapsed_time =  0
 target_temperature = 25.0  current_temperature = 17.0  delta_temperature = -8.0  elapsed_time =  0
 target_temperature = 25.0  current_temperature = 17.3  delta_temperature = -7.699999999999999  elapsed_time =  0
 target_temperature = 25.0  current_temperature = 17.5  delta_temperature = -7.5  elapsed_time =  0
 target_temperature = 25.0  current_temperature = 17.8  delta_temperature = -7.199999999999999  elapsed_time =  0
 target_temperature = 25.0  current_temperature = 18.1  delta_temperature = -6.899999999999999  elapsed_time =  0
 target_temperature = 25.0  current_temperature = 18.4  delta_temperature = -6.600000000000001  elapsed_time =  0
 target_temperature = 25.0  current_temperature = 18.7  delta_temperature = -6.300000000000001  elapsed_time =  0
 target_temperature = 25.0  current_temperature = 18.9  delta_temperature = -6.100000000000001  elapsed_time =  0
 target_temperature = 25.0  current_temperature = 19.1  delta_temperature = -5.899999999999999  elapsed_time =  0
 target_temperature = 25.0  current_temperature = 19.2  delta_temperature = -5.800000000000001  elapsed_time =  0
 target_temperature = 25.0  current_temperature = 19.3  delta_temperature = -5.699999999999999  elapsed_time =  0
 target_temperature = 25.0  current_temperature = 19.6  delta_temperature = -5.399999999999999  elapsed_time =  0
 target_temperature = 25.0  current_temperature = 19.7  delta_temperature = -5.300000000000001  elapsed_time =  0
 target_temperature = 25.0  current_temperature = 19.8  delta_temperature = -5.199999999999999  elapsed_time =  0
 target_temperature = 25.0  current_temperature = 19.9  delta_temperature = -5.100000000000001  elapsed_time =  0
 target_temperature = 25.0  current_temperature = 20.1  delta_temperature = -4.899999999999999  elapsed_time =  0
 target_temperature = 25.0  current_temperature = 20.1  delta_temperature = -4.899999999999999  elapsed_time =  0
 target_temperature = 25.0  current_temperature = 20.2  delta_temperature = -4.800000000000001  elapsed_time =  0
 target_temperature = 25.0  current_temperature = 20.3  delta_temperature = -4.699999999999999  elapsed_time =  0
 target_temperature = 25.0  current_temperature = 20.2  delta_temperature = -4.800000000000001  elapsed_time =  0
 target_temperature = 25.0  current_temperature = 20.3  delta_temperature = -4.699999999999999  elapsed_time =  0
 target_temperature = 25.0  current_temperature = 20.3  delta_temperature = -4.699999999999999  elapsed_time =  0
 target_temperature = 25.0  current_temperature = 20.3  delta_temperature = -4.699999999999999  elapsed_time =  0
 target_temperature = 25.0  current_temperature = 20.3  delta_temperature = -4.699999999999999  elapsed_time =  0
 target_temperature = 25.0  current_temperature = 20.3  delta_temperature = -4.699999999999999  elapsed_time =  0
 target_temperature = 25.0  current_temperature = 20.2  delta_temperature = -4.800000000000001  elapsed_time =  0
 target_temperature = 25.0  current_temperature = 20.3  delta_temperature = -4.699999999999999  elapsed_time =  0
 target_temperature = 25.0  current_temperature = 20.3  delta_temperature = -4.699999999999999  elapsed_time =  0
 target_temperature = 25.0  current_temperature = 20.3  delta_temperature = -4.699999999999999  elapsed_time =  0
 target_temperature = 25.0  current_temperature = 20.3  delta_temperature = -4.699999999999999  elapsed_time =  0
 target_temperature = 25.0  current_temperature = 20.3  delta_temperature = -4.699999999999999  elapsed_time =  0
 target_temperature = 25.0  current_temperature = 20.2  delta_temperature = -4.800000000000001  elapsed_time =  0
 target_temperature = 25.0  current_temperature = 20.3  delta_temperature = -4.699999999999999  elapsed_time =  0
 target_temperature = 25.0  current_temperature = 20.3  delta_temperature = -4.699999999999999  elapsed_time =  0
 target_temperature = 25.0  current_temperature = 20.3  delta_temperature = -4.699999999999999  elapsed_time =  0
 target_temperature = 25.0  current_temperature = 20.3  delta_temperature = -4.699999999999999  elapsed_time =  0
 target_temperature = 25.0  current_temperature = 20.3  delta_temperature = -4.699999999999999  elapsed_time =  0
 target_temperature = 25.0  current_temperature = 20.3  delta_temperature = -4.699999999999999  elapsed_time =  0
 target_temperature = 25.0  current_temperature = 20.4  delta_temperature = -4.600000000000001  elapsed_time =  0
 target_temperature = 25.0  current_temperature = 20.4  delta_temperature = -4.600000000000001  elapsed_time =  0
 target_temperature = 25.0  current_temperature = 20.6  delta_temperature = -4.399999999999999  elapsed_time =  0
 target_temperature = 25.0  current_temperature = 20.6  delta_temperature = -4.399999999999999  elapsed_time =  0
 target_temperature = 25.0  current_temperature = 20.6  delta_temperature = -4.399999999999999  elapsed_time =  0
 target_temperature = 25.0  current_temperature = 20.8  delta_temperature = -4.199999999999999  elapsed_time =  0
 target_temperature = 25.0  current_temperature = 20.9  delta_temperature = -4.100000000000001  elapsed_time =  0
 target_temperature = 25.0  current_temperature = 21.0  delta_temperature = -4.0  elapsed_time =  0
 target_temperature = 25.0  current_temperature = 21.2  delta_temperature = -3.8000000000000007  elapsed_time =  0
 target_temperature = 25.0  current_temperature = 21.3  delta_temperature = -3.6999999999999993  elapsed_time =  0
 target_temperature = 25.0  current_temperature = 21.5  delta_temperature = -3.5  elapsed_time =  0
 target_temperature = 25.0  current_temperature = 21.7  delta_temperature = -3.3000000000000007  elapsed_time =  0
 target_temperature = 25.0  current_temperature = 22.1  delta_temperature = -2.8999999999999986  elapsed_time =  0
 target_temperature = 25.0  current_temperature = 22.3  delta_temperature = -2.6999999999999993  elapsed_time =  0
 target_temperature = 25.0  current_temperature = 22.5  delta_temperature = -2.5  elapsed_time =  0
 target_temperature = 25.0  current_temperature = 22.8  delta_temperature = -2.1999999999999993  elapsed_time =  0
 target_temperature = 25.0  current_temperature = 23.0  delta_temperature = -2.0  elapsed_time =  6
 target_temperature = 25.0  current_temperature = 23.2  delta_temperature = -1.8000000000000007  elapsed_time =  12
 target_temperature = 25.0  current_temperature = 23.3  delta_temperature = -1.6999999999999993  elapsed_time =  17
 target_temperature = 25.0  current_temperature = 23.6  delta_temperature = -1.3999999999999986  elapsed_time =  22
 target_temperature = 25.0  current_temperature = 23.7  delta_temperature = -1.3000000000000007  elapsed_time =  28
 target_temperature = 25.0  current_temperature = 23.8  delta_temperature = -1.1999999999999993  elapsed_time =  33
 target_temperature = 25.0  current_temperature = 23.9  delta_temperature = -1.1000000000000014  elapsed_time =  38
 target_temperature = 25.0  current_temperature = 24.1  delta_temperature = -0.8999999999999986  elapsed_time =  43
 target_temperature = 25.0  current_temperature = 24.1  delta_temperature = -0.8999999999999986  elapsed_time =  49
 target_temperature = 25.0  current_temperature = 24.3  delta_temperature = -0.6999999999999993  elapsed_time =  54
 target_temperature = 25.0  current_temperature = 24.4  delta_temperature = -0.6000000000000014  elapsed_time =  59
 target_temperature = 25.0  current_temperature = 24.5  delta_temperature = -0.5  elapsed_time =  64
 --- setting mode: 0
 --- response: OK
 --- mode set value: 0
