 --- 
 --- START: /home/eic/DATA/2023-characterisation/actual/20230801-130044/memmert-hama3-dcr 
 --- 
1690887644 | Tue  1 Aug 13:00:44 CEST 2023 
 --- 
 --- go to -30 C: /au/memmert/memmert_go_to_minus_30.sh 
 --- 
 --- SCAN: /home/eic/DATA/2023-characterisation/actual/20230801-130044/memmert-hama3-dcr 
 --- 
1690895671 | Tue  1 Aug 15:14:31 CEST 2023 
 --- 
 --- starting DCR setup: /au/measure/2023-characterisation/run-dcr-setup.sh run-memmert-hama3-setup
 --- waiting for processes to complete 
 --- 
 --- COMPLETED: /home/eic/DATA/2023-characterisation/actual/20230801-130044/memmert-hama3-dcr 
 --- 
1690898917 | Tue  1 Aug 16:08:37 CEST 2023 
 --- 
 --- go back to 20 C: /au/memmert/memmert_back_to_plus_20.sh 
 --- 
 --- DONE: /home/eic/DATA/2023-characterisation/actual/20230801-130044/memmert-hama3-dcr 
 --- 
1690899813 | Tue  1 Aug 16:23:33 CEST 2023 
 --- 
