 --- 
 --- START: /home/eic/DATA/2023-characterisation/actual/20230511-141347/memmert-hama3 
 --- 
1683807227 | Thu 11 May 14:13:47 CEST 2023 
 --- 
 --- go to -30 C: /au/memmert/memmert_go_to_minus_30.sh 
 --- 
 --- SCAN: /home/eic/DATA/2023-characterisation/actual/20230511-141347/memmert-hama3 
 --- 
1683815398 | Thu 11 May 16:29:58 CEST 2023 
 --- 
 --- starting IV setup: /au/measure/2023-characterisation/run-iv-setup.sh run-memmert-hama3-setup
 --- starting DCR setup: /au/measure/2023-characterisation/run-dcr-setup.sh run-memmert-hama3-setup
 --- waiting for processes to complete 
 --- 
 --- COMPLETED: /home/eic/DATA/2023-characterisation/actual/20230511-141347/memmert-hama3 
 --- 
1683821538 | Thu 11 May 18:12:18 CEST 2023 
 --- 
 --- go back to 20 C: /au/memmert/memmert_back_to_plus_20.sh 
 --- 
 --- DONE: /home/eic/DATA/2023-characterisation/actual/20230511-141347/memmert-hama3 
 --- 
1683822574 | Thu 11 May 18:29:34 CEST 2023 
 --- 
