 --- 
 --- START: /home/eic/DATA/2023-characterisation/actual/20230620-131455/memmert-hama3 
 --- 
1687259695 | Tue 20 Jun 13:14:55 CEST 2023 
 --- 
 --- go to -30 C: /au/memmert/memmert_go_to_minus_30.sh 
 --- 
 --- SCAN: /home/eic/DATA/2023-characterisation/actual/20230620-131455/memmert-hama3 
 --- 
1687267682 | Tue 20 Jun 15:28:02 CEST 2023 
 --- 
 --- starting IV setup: /au/measure/2023-characterisation/run-iv-setup.sh run-memmert-hama3-setup
 --- starting DCR setup: /au/measure/2023-characterisation/run-dcr-setup.sh run-memmert-hama3-setup
 --- waiting for processes to complete 
 --- 
 --- COMPLETED: /home/eic/DATA/2023-characterisation/actual/20230620-131455/memmert-hama3 
 --- 
1687272098 | Tue 20 Jun 16:41:38 CEST 2023 
 --- 
 --- go back to 20 C: /au/memmert/memmert_back_to_plus_20.sh 
 --- 
 --- DONE: /home/eic/DATA/2023-characterisation/actual/20230620-131455/memmert-hama3 
 --- 
1687273133 | Tue 20 Jun 16:58:53 CEST 2023 
 --- 
