 --- setting mode: 1
 --- response: OK
 --- mode set value: 1
 --- setting temperature: 25.0
 --- response: OK
 --- temperature set value: 25.0
 --- setting fan: A
 --- response: OK
 --- fan set value: A
 --- setting temperature: 25.0
 --- response: OK
 --- temperature set value: 25.0
 target_temperature = 25.0  current_temperature = -29.9  delta_temperature = -54.9  elapsed_time =  0
 target_temperature = 25.0  current_temperature = -29.9  delta_temperature = -54.9  elapsed_time =  0
 target_temperature = 25.0  current_temperature = -30.0  delta_temperature = -55.0  elapsed_time =  0
 target_temperature = 25.0  current_temperature = -29.9  delta_temperature = -54.9  elapsed_time =  0
 target_temperature = 25.0  current_temperature = -29.8  delta_temperature = -54.8  elapsed_time =  0
 target_temperature = 25.0  current_temperature = -29.5  delta_temperature = -54.5  elapsed_time =  0
 target_temperature = 25.0  current_temperature = -29.2  delta_temperature = -54.2  elapsed_time =  0
 target_temperature = 25.0  current_temperature = -28.7  delta_temperature = -53.7  elapsed_time =  0
 target_temperature = 25.0  current_temperature = -28.0  delta_temperature = -53.0  elapsed_time =  0
 target_temperature = 25.0  current_temperature = -27.3  delta_temperature = -52.3  elapsed_time =  0
 target_temperature = 25.0  current_temperature = -26.4  delta_temperature = -51.4  elapsed_time =  0
 target_temperature = 25.0  current_temperature = -25.9  delta_temperature = -50.9  elapsed_time =  0
 target_temperature = 25.0  current_temperature = -25.0  delta_temperature = -50.0  elapsed_time =  0
 target_temperature = 25.0  current_temperature = -24.4  delta_temperature = -49.4  elapsed_time =  0
 target_temperature = 25.0  current_temperature = -23.2  delta_temperature = -48.2  elapsed_time =  0
 target_temperature = 25.0  current_temperature = -22.3  delta_temperature = -47.3  elapsed_time =  0
 target_temperature = 25.0  current_temperature = -21.4  delta_temperature = -46.4  elapsed_time =  0
 target_temperature = 25.0  current_temperature = -20.2  delta_temperature = -45.2  elapsed_time =  0
 target_temperature = 25.0  current_temperature = -18.9  delta_temperature = -43.9  elapsed_time =  0
 target_temperature = 25.0  current_temperature = -17.8  delta_temperature = -42.8  elapsed_time =  0
 target_temperature = 25.0  current_temperature = -16.3  delta_temperature = -41.3  elapsed_time =  0
 target_temperature = 25.0  current_temperature = -15.2  delta_temperature = -40.2  elapsed_time =  0
 target_temperature = 25.0  current_temperature = -13.7  delta_temperature = -38.7  elapsed_time =  0
 target_temperature = 25.0  current_temperature = -12.3  delta_temperature = -37.3  elapsed_time =  0
 target_temperature = 25.0  current_temperature = -11.3  delta_temperature = -36.3  elapsed_time =  0
 target_temperature = 25.0  current_temperature = -9.8  delta_temperature = -34.8  elapsed_time =  0
 target_temperature = 25.0  current_temperature = -8.6  delta_temperature = -33.6  elapsed_time =  0
 target_temperature = 25.0  current_temperature = -7.0  delta_temperature = -32.0  elapsed_time =  0
 target_temperature = 25.0  current_temperature = -5.2  delta_temperature = -30.2  elapsed_time =  0
 target_temperature = 25.0  current_temperature = -3.8  delta_temperature = -28.8  elapsed_time =  0
 target_temperature = 25.0  current_temperature = -2.9  delta_temperature = -27.9  elapsed_time =  0
 target_temperature = 25.0  current_temperature = -1.7  delta_temperature = -26.7  elapsed_time =  0
 target_temperature = 25.0  current_temperature = 0.0  delta_temperature = -25.0  elapsed_time =  0
 target_temperature = 25.0  current_temperature = 1.3  delta_temperature = -23.7  elapsed_time =  0
 target_temperature = 25.0  current_temperature = 2.9  delta_temperature = -22.1  elapsed_time =  0
 target_temperature = 25.0  current_temperature = 3.8  delta_temperature = -21.2  elapsed_time =  0
 target_temperature = 25.0  current_temperature = 5.2  delta_temperature = -19.8  elapsed_time =  0
 target_temperature = 25.0  current_temperature = 6.2  delta_temperature = -18.8  elapsed_time =  0
 target_temperature = 25.0  current_temperature = 7.5  delta_temperature = -17.5  elapsed_time =  0
 target_temperature = 25.0  current_temperature = 8.8  delta_temperature = -16.2  elapsed_time =  0
 target_temperature = 25.0  current_temperature = 10.3  delta_temperature = -14.7  elapsed_time =  0
 target_temperature = 25.0  current_temperature = 11.1  delta_temperature = -13.9  elapsed_time =  0
 target_temperature = 25.0  current_temperature = 12.3  delta_temperature = -12.7  elapsed_time =  0
 target_temperature = 25.0  current_temperature = 13.3  delta_temperature = -11.7  elapsed_time =  0
 target_temperature = 25.0  current_temperature = 14.1  delta_temperature = -10.9  elapsed_time =  0
 target_temperature = 25.0  current_temperature = 15.3  delta_temperature = -9.7  elapsed_time =  0
 target_temperature = 25.0  current_temperature = 15.6  delta_temperature = -9.4  elapsed_time =  0
 target_temperature = 25.0  current_temperature = 16.4  delta_temperature = -8.600000000000001  elapsed_time =  0
 target_temperature = 25.0  current_temperature = 17.0  delta_temperature = -8.0  elapsed_time =  0
 target_temperature = 25.0  current_temperature = 17.6  delta_temperature = -7.399999999999999  elapsed_time =  0
 target_temperature = 25.0  current_temperature = 18.0  delta_temperature = -7.0  elapsed_time =  0
 target_temperature = 25.0  current_temperature = 18.3  delta_temperature = -6.699999999999999  elapsed_time =  0
 target_temperature = 25.0  current_temperature = 18.7  delta_temperature = -6.300000000000001  elapsed_time =  0
 target_temperature = 25.0  current_temperature = 18.7  delta_temperature = -6.300000000000001  elapsed_time =  0
 target_temperature = 25.0  current_temperature = 18.9  delta_temperature = -6.100000000000001  elapsed_time =  0
 target_temperature = 25.0  current_temperature = 19.0  delta_temperature = -6.0  elapsed_time =  0
 target_temperature = 25.0  current_temperature = 19.0  delta_temperature = -6.0  elapsed_time =  0
 target_temperature = 25.0  current_temperature = 19.0  delta_temperature = -6.0  elapsed_time =  0
 target_temperature = 25.0  current_temperature = 18.9  delta_temperature = -6.100000000000001  elapsed_time =  0
 target_temperature = 25.0  current_temperature = 18.8  delta_temperature = -6.199999999999999  elapsed_time =  0
 target_temperature = 25.0  current_temperature = 18.8  delta_temperature = -6.199999999999999  elapsed_time =  0
 target_temperature = 25.0  current_temperature = 18.6  delta_temperature = -6.399999999999999  elapsed_time =  0
 target_temperature = 25.0  current_temperature = 18.5  delta_temperature = -6.5  elapsed_time =  0
 target_temperature = 25.0  current_temperature = 18.4  delta_temperature = -6.600000000000001  elapsed_time =  0
 target_temperature = 25.0  current_temperature = 17.9  delta_temperature = -7.100000000000001  elapsed_time =  0
 target_temperature = 25.0  current_temperature = 17.8  delta_temperature = -7.199999999999999  elapsed_time =  0
 target_temperature = 25.0  current_temperature = 17.6  delta_temperature = -7.399999999999999  elapsed_time =  0
 target_temperature = 25.0  current_temperature = 17.2  delta_temperature = -7.800000000000001  elapsed_time =  0
 target_temperature = 25.0  current_temperature = 17.1  delta_temperature = -7.899999999999999  elapsed_time =  0
 target_temperature = 25.0  current_temperature = 16.7  delta_temperature = -8.3  elapsed_time =  0
 target_temperature = 25.0  current_temperature = 16.5  delta_temperature = -8.5  elapsed_time =  0
 target_temperature = 25.0  current_temperature = 16.4  delta_temperature = -8.600000000000001  elapsed_time =  0
 target_temperature = 25.0  current_temperature = 16.1  delta_temperature = -8.899999999999999  elapsed_time =  0
 target_temperature = 25.0  current_temperature = 16.1  delta_temperature = -8.899999999999999  elapsed_time =  0
 target_temperature = 25.0  current_temperature = 15.9  delta_temperature = -9.1  elapsed_time =  0
 target_temperature = 25.0  current_temperature = 15.6  delta_temperature = -9.4  elapsed_time =  0
 target_temperature = 25.0  current_temperature = 15.6  delta_temperature = -9.4  elapsed_time =  0
 target_temperature = 25.0  current_temperature = 15.5  delta_temperature = -9.5  elapsed_time =  0
 target_temperature = 25.0  current_temperature = 15.5  delta_temperature = -9.5  elapsed_time =  0
 target_temperature = 25.0  current_temperature = 15.5  delta_temperature = -9.5  elapsed_time =  0
 target_temperature = 25.0  current_temperature = 15.4  delta_temperature = -9.6  elapsed_time =  0
 target_temperature = 25.0  current_temperature = 15.4  delta_temperature = -9.6  elapsed_time =  0
 target_temperature = 25.0  current_temperature = 15.5  delta_temperature = -9.5  elapsed_time =  0
 target_temperature = 25.0  current_temperature = 15.5  delta_temperature = -9.5  elapsed_time =  0
 target_temperature = 25.0  current_temperature = 15.6  delta_temperature = -9.4  elapsed_time =  0
 target_temperature = 25.0  current_temperature = 15.7  delta_temperature = -9.3  elapsed_time =  0
 target_temperature = 25.0  current_temperature = 15.8  delta_temperature = -9.2  elapsed_time =  0
 target_temperature = 25.0  current_temperature = 16.0  delta_temperature = -9.0  elapsed_time =  0
 target_temperature = 25.0  current_temperature = 16.1  delta_temperature = -8.899999999999999  elapsed_time =  0
 target_temperature = 25.0  current_temperature = 16.5  delta_temperature = -8.5  elapsed_time =  0
 target_temperature = 25.0  current_temperature = 16.6  delta_temperature = -8.399999999999999  elapsed_time =  0
 target_temperature = 25.0  current_temperature = 16.8  delta_temperature = -8.2  elapsed_time =  0
 target_temperature = 25.0  current_temperature = 16.9  delta_temperature = -8.100000000000001  elapsed_time =  0
 target_temperature = 25.0  current_temperature = 17.1  delta_temperature = -7.899999999999999  elapsed_time =  0
 target_temperature = 25.0  current_temperature = 17.4  delta_temperature = -7.600000000000001  elapsed_time =  0
 target_temperature = 25.0  current_temperature = 17.6  delta_temperature = -7.399999999999999  elapsed_time =  0
 target_temperature = 25.0  current_temperature = 17.6  delta_temperature = -7.399999999999999  elapsed_time =  0
 target_temperature = 25.0  current_temperature = 17.8  delta_temperature = -7.199999999999999  elapsed_time =  0
 target_temperature = 25.0  current_temperature = 18.1  delta_temperature = -6.899999999999999  elapsed_time =  0
 target_temperature = 25.0  current_temperature = 18.1  delta_temperature = -6.899999999999999  elapsed_time =  0
 target_temperature = 25.0  current_temperature = 18.4  delta_temperature = -6.600000000000001  elapsed_time =  0
 target_temperature = 25.0  current_temperature = 18.5  delta_temperature = -6.5  elapsed_time =  0
 target_temperature = 25.0  current_temperature = 18.5  delta_temperature = -6.5  elapsed_time =  0
 target_temperature = 25.0  current_temperature = 18.6  delta_temperature = -6.399999999999999  elapsed_time =  0
 target_temperature = 25.0  current_temperature = 18.7  delta_temperature = -6.300000000000001  elapsed_time =  0
 target_temperature = 25.0  current_temperature = 18.8  delta_temperature = -6.199999999999999  elapsed_time =  0
 target_temperature = 25.0  current_temperature = 19.0  delta_temperature = -6.0  elapsed_time =  0
 target_temperature = 25.0  current_temperature = 18.8  delta_temperature = -6.199999999999999  elapsed_time =  0
 target_temperature = 25.0  current_temperature = 18.9  delta_temperature = -6.100000000000001  elapsed_time =  0
 target_temperature = 25.0  current_temperature = 19.0  delta_temperature = -6.0  elapsed_time =  0
 target_temperature = 25.0  current_temperature = 19.0  delta_temperature = -6.0  elapsed_time =  0
 target_temperature = 25.0  current_temperature = 19.0  delta_temperature = -6.0  elapsed_time =  0
 target_temperature = 25.0  current_temperature = 19.0  delta_temperature = -6.0  elapsed_time =  0
 target_temperature = 25.0  current_temperature = 19.0  delta_temperature = -6.0  elapsed_time =  0
 target_temperature = 25.0  current_temperature = 19.0  delta_temperature = -6.0  elapsed_time =  0
 target_temperature = 25.0  current_temperature = 19.1  delta_temperature = -5.899999999999999  elapsed_time =  0
 target_temperature = 25.0  current_temperature = 19.3  delta_temperature = -5.699999999999999  elapsed_time =  0
 target_temperature = 25.0  current_temperature = 19.1  delta_temperature = -5.899999999999999  elapsed_time =  0
 target_temperature = 25.0  current_temperature = 19.1  delta_temperature = -5.899999999999999  elapsed_time =  0
 target_temperature = 25.0  current_temperature = 19.1  delta_temperature = -5.899999999999999  elapsed_time =  0
 target_temperature = 25.0  current_temperature = 19.1  delta_temperature = -5.899999999999999  elapsed_time =  0
 target_temperature = 25.0  current_temperature = 19.2  delta_temperature = -5.800000000000001  elapsed_time =  0
 target_temperature = 25.0  current_temperature = 19.3  delta_temperature = -5.699999999999999  elapsed_time =  0
 target_temperature = 25.0  current_temperature = 19.1  delta_temperature = -5.899999999999999  elapsed_time =  0
 target_temperature = 25.0  current_temperature = 19.1  delta_temperature = -5.899999999999999  elapsed_time =  0
 target_temperature = 25.0  current_temperature = 19.3  delta_temperature = -5.699999999999999  elapsed_time =  0
 target_temperature = 25.0  current_temperature = 19.3  delta_temperature = -5.699999999999999  elapsed_time =  0
 target_temperature = 25.0  current_temperature = 19.3  delta_temperature = -5.699999999999999  elapsed_time =  0
 target_temperature = 25.0  current_temperature = 19.3  delta_temperature = -5.699999999999999  elapsed_time =  0
 target_temperature = 25.0  current_temperature = 19.3  delta_temperature = -5.699999999999999  elapsed_time =  0
 target_temperature = 25.0  current_temperature = 19.4  delta_temperature = -5.600000000000001  elapsed_time =  0
 target_temperature = 25.0  current_temperature = 19.6  delta_temperature = -5.399999999999999  elapsed_time =  0
 target_temperature = 25.0  current_temperature = 19.7  delta_temperature = -5.300000000000001  elapsed_time =  0
 target_temperature = 25.0  current_temperature = 19.6  delta_temperature = -5.399999999999999  elapsed_time =  0
 target_temperature = 25.0  current_temperature = 19.7  delta_temperature = -5.300000000000001  elapsed_time =  0
 target_temperature = 25.0  current_temperature = 19.8  delta_temperature = -5.199999999999999  elapsed_time =  0
 target_temperature = 25.0  current_temperature = 19.8  delta_temperature = -5.199999999999999  elapsed_time =  0
 target_temperature = 25.0  current_temperature = 20.0  delta_temperature = -5.0  elapsed_time =  0
 target_temperature = 25.0  current_temperature = 20.0  delta_temperature = -5.0  elapsed_time =  0
 target_temperature = 25.0  current_temperature = 20.1  delta_temperature = -4.899999999999999  elapsed_time =  0
 target_temperature = 25.0  current_temperature = 20.2  delta_temperature = -4.800000000000001  elapsed_time =  0
 target_temperature = 25.0  current_temperature = 20.3  delta_temperature = -4.699999999999999  elapsed_time =  0
 target_temperature = 25.0  current_temperature = 20.4  delta_temperature = -4.600000000000001  elapsed_time =  0
 target_temperature = 25.0  current_temperature = 20.5  delta_temperature = -4.5  elapsed_time =  0
 target_temperature = 25.0  current_temperature = 20.6  delta_temperature = -4.399999999999999  elapsed_time =  0
 target_temperature = 25.0  current_temperature = 20.7  delta_temperature = -4.300000000000001  elapsed_time =  0
 target_temperature = 20.0  current_temperature = 20.7  delta_temperature = 0.6999999999999993  elapsed_time =  6
 target_temperature = 20.0  current_temperature = 20.9  delta_temperature = 0.8999999999999986  elapsed_time =  11
 target_temperature = 20.0  current_temperature = 21.0  delta_temperature = 1.0  elapsed_time =  16
 target_temperature = 20.0  current_temperature = 21.1  delta_temperature = 1.1000000000000014  elapsed_time =  22
 target_temperature = 20.0  current_temperature = 21.1  delta_temperature = 1.1000000000000014  elapsed_time =  27
 target_temperature = 20.0  current_temperature = 21.2  delta_temperature = 1.1999999999999993  elapsed_time =  33
 target_temperature = 20.0  current_temperature = 21.2  delta_temperature = 1.1999999999999993  elapsed_time =  38
 target_temperature = 20.0  current_temperature = 21.4  delta_temperature = 1.3999999999999986  elapsed_time =  43
 target_temperature = 20.0  current_temperature = 21.4  delta_temperature = 1.3999999999999986  elapsed_time =  48
 target_temperature = 20.0  current_temperature = 21.5  delta_temperature = 1.5  elapsed_time =  53
 target_temperature = 20.0  current_temperature = 21.6  delta_temperature = 1.6000000000000014  elapsed_time =  59
 target_temperature = 20.0  current_temperature = 21.6  delta_temperature = 1.6000000000000014  elapsed_time =  64
 --- setting mode: 0
 --- response: OK
 --- mode set value: 0
