 --- 
 --- START: /home/eic/DATA/2023-characterisation/actual/20230804-140420/memmert-hama3-iv 
 --- 
1691150660 | Fri  4 Aug 14:04:20 CEST 2023 
 --- 
 --- go to -30 C: /au/memmert/memmert_go_to_minus_30.sh 
 --- 
 --- SCAN: /home/eic/DATA/2023-characterisation/actual/20230804-140420/memmert-hama3-iv 
 --- 
1691158974 | Fri  4 Aug 16:22:54 CEST 2023 
 --- 
 --- starting IV setup: /au/measure/2023-characterisation/run-iv-setup.sh run-memmert-hama3-setup
 --- waiting for processes to complete 
 --- 
 --- COMPLETED: /home/eic/DATA/2023-characterisation/actual/20230804-140420/memmert-hama3-iv 
 --- 
1691164213 | Fri  4 Aug 17:50:13 CEST 2023 
 --- 
 --- go back to 20 C: /au/memmert/memmert_back_to_plus_20.sh 
 --- 
 --- DONE: /home/eic/DATA/2023-characterisation/actual/20230804-140420/memmert-hama3-iv 
 --- 
1691165112 | Fri  4 Aug 18:05:12 CEST 2023 
 --- 
