 --- 
 --- START: /home/eic/DATA/2023-characterisation/actual/20230529-093039/memmert-hama3-iv 
 --- 
1685345439 | Mon 29 May 09:30:39 CEST 2023 
 --- 
 --- go to -30 C: /au/memmert/memmert_go_to_minus_30.sh 
 --- 
 --- SCAN: /home/eic/DATA/2023-characterisation/actual/20230529-093039/memmert-hama3-iv 
 --- 
1685353669 | Mon 29 May 11:47:49 CEST 2023 
 --- 
 --- starting IV setup: /au/measure/2023-characterisation/run-iv-setup.sh run-memmert-hama3-setup
 --- waiting for processes to complete 
 --- 
 --- COMPLETED: /home/eic/DATA/2023-characterisation/actual/20230529-093039/memmert-hama3-iv 
 --- 
1685359249 | Mon 29 May 13:20:49 CEST 2023 
 --- 
 --- go back to 20 C: /au/memmert/memmert_back_to_plus_20.sh 
 --- 
 --- DONE: /home/eic/DATA/2023-characterisation/actual/20230529-093039/memmert-hama3-iv 
 --- 
1685360287 | Mon 29 May 13:38:07 CEST 2023 
 --- 
