 --- setting mode: 1
 --- response: OK
 --- mode set value: 1
 --- setting temperature: 25.0
 --- response: OK
 --- temperature set value: 25.0
 --- setting fan: A
 --- response: OK
 --- fan set value: A
 --- setting fan: A
 --- response: OK
 --- fan set value: A
 --- memmert reached RH = 5.0 %
 --- wait 10 minutes to make sure RH is really low
 --- setting temperature: -30.0
 --- response: OK
 --- temperature set value: -30.0
 target_temperature = -30.0  current_temperature = 25.0  delta_temperature = 55.0  elapsed_time =  0
 target_temperature = -30.0  current_temperature = 24.9  delta_temperature = 54.9  elapsed_time =  0
 target_temperature = -30.0  current_temperature = 25.0  delta_temperature = 55.0  elapsed_time =  0
 target_temperature = -30.0  current_temperature = 24.8  delta_temperature = 54.8  elapsed_time =  0
 target_temperature = -30.0  current_temperature = 24.7  delta_temperature = 54.7  elapsed_time =  0
 target_temperature = -30.0  current_temperature = 24.5  delta_temperature = 54.5  elapsed_time =  0
 target_temperature = -30.0  current_temperature = 24.3  delta_temperature = 54.3  elapsed_time =  0
 target_temperature = -30.0  current_temperature = 23.8  delta_temperature = 53.8  elapsed_time =  0
 target_temperature = -30.0  current_temperature = 23.4  delta_temperature = 53.4  elapsed_time =  0
 target_temperature = -30.0  current_temperature = 23.1  delta_temperature = 53.1  elapsed_time =  0
 target_temperature = -30.0  current_temperature = 22.5  delta_temperature = 52.5  elapsed_time =  0
 target_temperature = -30.0  current_temperature = 22.3  delta_temperature = 52.3  elapsed_time =  0
 target_temperature = -30.0  current_temperature = 21.9  delta_temperature = 51.9  elapsed_time =  0
 target_temperature = -30.0  current_temperature = 21.4  delta_temperature = 51.4  elapsed_time =  0
 target_temperature = -30.0  current_temperature = 21.2  delta_temperature = 51.2  elapsed_time =  0
 target_temperature = -30.0  current_temperature = 21.0  delta_temperature = 51.0  elapsed_time =  0
 target_temperature = -30.0  current_temperature = 20.6  delta_temperature = 50.6  elapsed_time =  0
 target_temperature = -30.0  current_temperature = 20.4  delta_temperature = 50.4  elapsed_time =  0
 target_temperature = -30.0  current_temperature = 20.2  delta_temperature = 50.2  elapsed_time =  0
 target_temperature = -30.0  current_temperature = 19.9  delta_temperature = 49.9  elapsed_time =  0
 target_temperature = -30.0  current_temperature = 19.9  delta_temperature = 49.9  elapsed_time =  0
 target_temperature = -30.0  current_temperature = 19.7  delta_temperature = 49.7  elapsed_time =  0
 target_temperature = -30.0  current_temperature = 19.4  delta_temperature = 49.4  elapsed_time =  0
 target_temperature = -30.0  current_temperature = 19.2  delta_temperature = 49.2  elapsed_time =  0
 target_temperature = -30.0  current_temperature = 19.2  delta_temperature = 49.2  elapsed_time =  0
 target_temperature = -30.0  current_temperature = 19.1  delta_temperature = 49.1  elapsed_time =  0
 target_temperature = -30.0  current_temperature = 18.9  delta_temperature = 48.9  elapsed_time =  0
 target_temperature = -30.0  current_temperature = 18.5  delta_temperature = 48.5  elapsed_time =  0
 target_temperature = -30.0  current_temperature = 18.5  delta_temperature = 48.5  elapsed_time =  0
 target_temperature = -30.0  current_temperature = 18.3  delta_temperature = 48.3  elapsed_time =  0
 target_temperature = -30.0  current_temperature = 18.0  delta_temperature = 48.0  elapsed_time =  0
 target_temperature = -30.0  current_temperature = 17.7  delta_temperature = 47.7  elapsed_time =  0
 target_temperature = -30.0  current_temperature = 17.2  delta_temperature = 47.2  elapsed_time =  0
 target_temperature = -30.0  current_temperature = 17.1  delta_temperature = 47.1  elapsed_time =  0
 target_temperature = -30.0  current_temperature = 16.9  delta_temperature = 46.9  elapsed_time =  0
 target_temperature = -30.0  current_temperature = 16.6  delta_temperature = 46.6  elapsed_time =  0
 target_temperature = -30.0  current_temperature = 16.3  delta_temperature = 46.3  elapsed_time =  0
 target_temperature = -30.0  current_temperature = 16.1  delta_temperature = 46.1  elapsed_time =  0
 target_temperature = -30.0  current_temperature = 15.5  delta_temperature = 45.5  elapsed_time =  0
 target_temperature = -30.0  current_temperature = 15.4  delta_temperature = 45.4  elapsed_time =  0
 target_temperature = -30.0  current_temperature = 15.2  delta_temperature = 45.2  elapsed_time =  0
 target_temperature = -30.0  current_temperature = 14.7  delta_temperature = 44.7  elapsed_time =  0
 target_temperature = -30.0  current_temperature = 14.6  delta_temperature = 44.6  elapsed_time =  0
 target_temperature = -30.0  current_temperature = 14.2  delta_temperature = 44.2  elapsed_time =  0
 target_temperature = -30.0  current_temperature = 14.1  delta_temperature = 44.1  elapsed_time =  0
 target_temperature = -30.0  current_temperature = 13.9  delta_temperature = 43.9  elapsed_time =  0
 target_temperature = -30.0  current_temperature = 13.6  delta_temperature = 43.6  elapsed_time =  0
 target_temperature = -30.0  current_temperature = 13.4  delta_temperature = 43.4  elapsed_time =  0
 target_temperature = -30.0  current_temperature = 13.3  delta_temperature = 43.3  elapsed_time =  0
 target_temperature = -30.0  current_temperature = 12.7  delta_temperature = 42.7  elapsed_time =  0
 target_temperature = -30.0  current_temperature = 12.6  delta_temperature = 42.6  elapsed_time =  0
 target_temperature = -30.0  current_temperature = 12.4  delta_temperature = 42.4  elapsed_time =  0
 target_temperature = -30.0  current_temperature = 12.2  delta_temperature = 42.2  elapsed_time =  0
 target_temperature = -30.0  current_temperature = 12.1  delta_temperature = 42.1  elapsed_time =  0
 target_temperature = -30.0  current_temperature = 11.8  delta_temperature = 41.8  elapsed_time =  0
 target_temperature = -30.0  current_temperature = 11.5  delta_temperature = 41.5  elapsed_time =  0
 target_temperature = -30.0  current_temperature = 11.4  delta_temperature = 41.4  elapsed_time =  0
 target_temperature = -30.0  current_temperature = 10.9  delta_temperature = 40.9  elapsed_time =  0
 target_temperature = -30.0  current_temperature = 10.8  delta_temperature = 40.8  elapsed_time =  0
 target_temperature = -30.0  current_temperature = 10.5  delta_temperature = 40.5  elapsed_time =  0
 target_temperature = -30.0  current_temperature = 10.5  delta_temperature = 40.5  elapsed_time =  0
 target_temperature = -30.0  current_temperature = 10.5  delta_temperature = 40.5  elapsed_time =  0
 target_temperature = -30.0  current_temperature = 10.3  delta_temperature = 40.3  elapsed_time =  0
 target_temperature = -30.0  current_temperature = 10.1  delta_temperature = 40.1  elapsed_time =  0
 target_temperature = -30.0  current_temperature = 9.7  delta_temperature = 39.7  elapsed_time =  0
 target_temperature = -30.0  current_temperature = 9.6  delta_temperature = 39.6  elapsed_time =  0
 target_temperature = -30.0  current_temperature = 9.4  delta_temperature = 39.4  elapsed_time =  0
 target_temperature = -30.0  current_temperature = 9.2  delta_temperature = 39.2  elapsed_time =  0
 target_temperature = 5.0  current_temperature = 9.0  delta_temperature = 4.0  elapsed_time =  0
 target_temperature = 5.0  current_temperature = 9.0  delta_temperature = 4.0  elapsed_time =  0
 target_temperature = 5.0  current_temperature = 8.4  delta_temperature = 3.4000000000000004  elapsed_time =  0
 target_temperature = 5.0  current_temperature = 8.3  delta_temperature = 3.3000000000000007  elapsed_time =  0
 target_temperature = 5.0  current_temperature = 8.1  delta_temperature = 3.0999999999999996  elapsed_time =  0
 target_temperature = 5.0  current_temperature = 8.0  delta_temperature = 3.0  elapsed_time =  0
 target_temperature = 5.0  current_temperature = 8.0  delta_temperature = 3.0  elapsed_time =  0
 target_temperature = 5.0  current_temperature = 7.6  delta_temperature = 2.5999999999999996  elapsed_time =  0
 target_temperature = 5.0  current_temperature = 7.6  delta_temperature = 2.5999999999999996  elapsed_time =  0
 target_temperature = 5.0  current_temperature = 7.6  delta_temperature = 2.5999999999999996  elapsed_time =  0
 target_temperature = 5.0  current_temperature = 7.5  delta_temperature = 2.5  elapsed_time =  0
 target_temperature = 5.0  current_temperature = 7.5  delta_temperature = 2.5  elapsed_time =  0
 target_temperature = 5.0  current_temperature = 7.5  delta_temperature = 2.5  elapsed_time =  0
 target_temperature = 5.0  current_temperature = 7.4  delta_temperature = 2.4000000000000004  elapsed_time =  0
 target_temperature = 5.0  current_temperature = 7.4  delta_temperature = 2.4000000000000004  elapsed_time =  0
 target_temperature = 5.0  current_temperature = 7.4  delta_temperature = 2.4000000000000004  elapsed_time =  0
 target_temperature = 5.0  current_temperature = 7.4  delta_temperature = 2.4000000000000004  elapsed_time =  0
 target_temperature = 5.0  current_temperature = 7.4  delta_temperature = 2.4000000000000004  elapsed_time =  0
 target_temperature = 5.0  current_temperature = 7.3  delta_temperature = 2.3  elapsed_time =  0
 target_temperature = 5.0  current_temperature = 7.3  delta_temperature = 2.3  elapsed_time =  0
 target_temperature = 5.0  current_temperature = 7.3  delta_temperature = 2.3  elapsed_time =  0
 target_temperature = 5.0  current_temperature = 7.3  delta_temperature = 2.3  elapsed_time =  0
 target_temperature = 5.0  current_temperature = 7.3  delta_temperature = 2.3  elapsed_time =  0
 target_temperature = 5.0  current_temperature = 7.2  delta_temperature = 2.2  elapsed_time =  0
 target_temperature = 5.0  current_temperature = 7.2  delta_temperature = 2.2  elapsed_time =  0
 target_temperature = 5.0  current_temperature = 7.2  delta_temperature = 2.2  elapsed_time =  0
 target_temperature = 5.0  current_temperature = 7.2  delta_temperature = 2.2  elapsed_time =  0
 target_temperature = 5.0  current_temperature = 7.2  delta_temperature = 2.2  elapsed_time =  0
 target_temperature = 5.0  current_temperature = 7.1  delta_temperature = 2.0999999999999996  elapsed_time =  0
 target_temperature = 5.0  current_temperature = 7.1  delta_temperature = 2.0999999999999996  elapsed_time =  0
 target_temperature = 5.0  current_temperature = 7.1  delta_temperature = 2.0999999999999996  elapsed_time =  0
 target_temperature = 5.0  current_temperature = 7.1  delta_temperature = 2.0999999999999996  elapsed_time =  0
 target_temperature = 5.0  current_temperature = 7.2  delta_temperature = 2.2  elapsed_time =  0
 target_temperature = 5.0  current_temperature = 7.2  delta_temperature = 2.2  elapsed_time =  0
 target_temperature = 5.0  current_temperature = 7.2  delta_temperature = 2.2  elapsed_time =  0
 target_temperature = 5.0  current_temperature = 7.2  delta_temperature = 2.2  elapsed_time =  0
 target_temperature = 5.0  current_temperature = 7.2  delta_temperature = 2.2  elapsed_time =  0
 target_temperature = 5.0  current_temperature = 7.2  delta_temperature = 2.2  elapsed_time =  0
 target_temperature = 5.0  current_temperature = 7.3  delta_temperature = 2.3  elapsed_time =  0
 target_temperature = 5.0  current_temperature = 7.2  delta_temperature = 2.2  elapsed_time =  0
 target_temperature = 5.0  current_temperature = 7.2  delta_temperature = 2.2  elapsed_time =  0
 target_temperature = 5.0  current_temperature = 7.2  delta_temperature = 2.2  elapsed_time =  0
 target_temperature = 5.0  current_temperature = 7.1  delta_temperature = 2.0999999999999996  elapsed_time =  0
 target_temperature = 5.0  current_temperature = 7.1  delta_temperature = 2.0999999999999996  elapsed_time =  0
 target_temperature = 5.0  current_temperature = 7.0  delta_temperature = 2.0  elapsed_time =  5
 target_temperature = 5.0  current_temperature = 7.0  delta_temperature = 2.0  elapsed_time =  10
 target_temperature = 5.0  current_temperature = 7.0  delta_temperature = 2.0  elapsed_time =  17
 target_temperature = 5.0  current_temperature = 6.9  delta_temperature = 1.9000000000000004  elapsed_time =  22
 target_temperature = 5.0  current_temperature = 6.9  delta_temperature = 1.9000000000000004  elapsed_time =  28
 target_temperature = 5.0  current_temperature = 6.6  delta_temperature = 1.5999999999999996  elapsed_time =  34
 target_temperature = 5.0  current_temperature = 6.6  delta_temperature = 1.5999999999999996  elapsed_time =  39
 target_temperature = 5.0  current_temperature = 6.6  delta_temperature = 1.5999999999999996  elapsed_time =  44
 target_temperature = 5.0  current_temperature = 6.4  delta_temperature = 1.4000000000000004  elapsed_time =  49
 target_temperature = 5.0  current_temperature = 6.3  delta_temperature = 1.2999999999999998  elapsed_time =  54
 target_temperature = 5.0  current_temperature = 6.1  delta_temperature = 1.0999999999999996  elapsed_time =  60
 target_temperature = 5.0  current_temperature = 5.8  delta_temperature = 0.7999999999999998  elapsed_time =  65
 target_temperature = 5.0  current_temperature = 5.8  delta_temperature = 0.7999999999999998  elapsed_time =  70
 target_temperature = 5.0  current_temperature = 5.6  delta_temperature = 0.5999999999999996  elapsed_time =  75
 target_temperature = 5.0  current_temperature = 5.2  delta_temperature = 0.20000000000000018  elapsed_time =  80
 target_temperature = 5.0  current_temperature = 5.1  delta_temperature = 0.09999999999999964  elapsed_time =  86
 target_temperature = 5.0  current_temperature = 4.9  delta_temperature = -0.09999999999999964  elapsed_time =  91
 target_temperature = 5.0  current_temperature = 4.8  delta_temperature = -0.20000000000000018  elapsed_time =  96
 target_temperature = 5.0  current_temperature = 4.8  delta_temperature = -0.20000000000000018  elapsed_time =  102
 target_temperature = 5.0  current_temperature = 4.6  delta_temperature = -0.40000000000000036  elapsed_time =  109
 target_temperature = 5.0  current_temperature = 4.5  delta_temperature = -0.5  elapsed_time =  115
 target_temperature = 5.0  current_temperature = 4.3  delta_temperature = -0.7000000000000002  elapsed_time =  120
 target_temperature = 5.0  current_temperature = 4.3  delta_temperature = -0.7000000000000002  elapsed_time =  128
 target_temperature = 5.0  current_temperature = 4.3  delta_temperature = -0.7000000000000002  elapsed_time =  134
 target_temperature = 5.0  current_temperature = 4.2  delta_temperature = -0.7999999999999998  elapsed_time =  139
 target_temperature = 5.0  current_temperature = 4.2  delta_temperature = -0.7999999999999998  elapsed_time =  144
 target_temperature = 5.0  current_temperature = 4.2  delta_temperature = -0.7999999999999998  elapsed_time =  152
 target_temperature = 5.0  current_temperature = 4.1  delta_temperature = -0.9000000000000004  elapsed_time =  158
 target_temperature = 5.0  current_temperature = 4.2  delta_temperature = -0.7999999999999998  elapsed_time =  165
 target_temperature = 5.0  current_temperature = 4.2  delta_temperature = -0.7999999999999998  elapsed_time =  171
 target_temperature = 5.0  current_temperature = 4.2  delta_temperature = -0.7999999999999998  elapsed_time =  176
 target_temperature = 5.0  current_temperature = 4.2  delta_temperature = -0.7999999999999998  elapsed_time =  183
 target_temperature = 5.0  current_temperature = 4.2  delta_temperature = -0.7999999999999998  elapsed_time =  189
 target_temperature = 5.0  current_temperature = 4.3  delta_temperature = -0.7000000000000002  elapsed_time =  194
 target_temperature = 5.0  current_temperature = 4.3  delta_temperature = -0.7000000000000002  elapsed_time =  203
 target_temperature = 5.0  current_temperature = 4.5  delta_temperature = -0.5  elapsed_time =  208
 target_temperature = 5.0  current_temperature = 4.5  delta_temperature = -0.5  elapsed_time =  214
 target_temperature = 5.0  current_temperature = 4.6  delta_temperature = -0.40000000000000036  elapsed_time =  221
 target_temperature = 5.0  current_temperature = 4.8  delta_temperature = -0.20000000000000018  elapsed_time =  226
 target_temperature = 5.0  current_temperature = 4.8  delta_temperature = -0.20000000000000018  elapsed_time =  231
 target_temperature = 5.0  current_temperature = 4.9  delta_temperature = -0.09999999999999964  elapsed_time =  236
 target_temperature = 5.0  current_temperature = 4.9  delta_temperature = -0.09999999999999964  elapsed_time =  242
 target_temperature = 5.0  current_temperature = 5.1  delta_temperature = 0.09999999999999964  elapsed_time =  247
 target_temperature = 5.0  current_temperature = 5.2  delta_temperature = 0.20000000000000018  elapsed_time =  253
 target_temperature = 5.0  current_temperature = 5.3  delta_temperature = 0.2999999999999998  elapsed_time =  259
 target_temperature = 5.0  current_temperature = 5.4  delta_temperature = 0.40000000000000036  elapsed_time =  264
 target_temperature = 5.0  current_temperature = 5.5  delta_temperature = 0.5  elapsed_time =  269
 target_temperature = 5.0  current_temperature = 5.5  delta_temperature = 0.5  elapsed_time =  275
 target_temperature = 5.0  current_temperature = 5.5  delta_temperature = 0.5  elapsed_time =  280
 target_temperature = 5.0  current_temperature = 5.5  delta_temperature = 0.5  elapsed_time =  286
 target_temperature = 5.0  current_temperature = 5.5  delta_temperature = 0.5  elapsed_time =  291
 target_temperature = 5.0  current_temperature = 5.6  delta_temperature = 0.5999999999999996  elapsed_time =  297
 target_temperature = 5.0  current_temperature = 5.5  delta_temperature = 0.5  elapsed_time =  303
 target_temperature = 5.0  current_temperature = 5.5  delta_temperature = 0.5  elapsed_time =  310
 target_temperature = 5.0  current_temperature = 5.5  delta_temperature = 0.5  elapsed_time =  315
 target_temperature = 5.0  current_temperature = 5.5  delta_temperature = 0.5  elapsed_time =  321
 target_temperature = 5.0  current_temperature = 5.6  delta_temperature = 0.5999999999999996  elapsed_time =  326
 target_temperature = 5.0  current_temperature = 5.5  delta_temperature = 0.5  elapsed_time =  331
 target_temperature = 5.0  current_temperature = 5.4  delta_temperature = 0.40000000000000036  elapsed_time =  337
 target_temperature = 5.0  current_temperature = 5.4  delta_temperature = 0.40000000000000036  elapsed_time =  342
 target_temperature = 5.0  current_temperature = 5.4  delta_temperature = 0.40000000000000036  elapsed_time =  347
 target_temperature = 5.0  current_temperature = 5.4  delta_temperature = 0.40000000000000036  elapsed_time =  352
 target_temperature = 5.0  current_temperature = 5.4  delta_temperature = 0.40000000000000036  elapsed_time =  358
 target_temperature = 5.0  current_temperature = 5.2  delta_temperature = 0.20000000000000018  elapsed_time =  364
 target_temperature = 5.0  current_temperature = 5.2  delta_temperature = 0.20000000000000018  elapsed_time =  371
 target_temperature = 5.0  current_temperature = 5.2  delta_temperature = 0.20000000000000018  elapsed_time =  377
 target_temperature = 5.0  current_temperature = 5.1  delta_temperature = 0.09999999999999964  elapsed_time =  383
 target_temperature = 5.0  current_temperature = 5.2  delta_temperature = 0.20000000000000018  elapsed_time =  388
 target_temperature = 5.0  current_temperature = 4.9  delta_temperature = -0.09999999999999964  elapsed_time =  395
 target_temperature = 5.0  current_temperature = 4.9  delta_temperature = -0.09999999999999964  elapsed_time =  400
 target_temperature = 5.0  current_temperature = 4.9  delta_temperature = -0.09999999999999964  elapsed_time =  405
 target_temperature = 5.0  current_temperature = 4.8  delta_temperature = -0.20000000000000018  elapsed_time =  411
 target_temperature = 5.0  current_temperature = 4.7  delta_temperature = -0.2999999999999998  elapsed_time =  416
 target_temperature = 5.0  current_temperature = 4.5  delta_temperature = -0.5  elapsed_time =  421
 target_temperature = 5.0  current_temperature = 4.4  delta_temperature = -0.5999999999999996  elapsed_time =  426
 target_temperature = 5.0  current_temperature = 4.4  delta_temperature = -0.5999999999999996  elapsed_time =  431
 target_temperature = 5.0  current_temperature = 4.3  delta_temperature = -0.7000000000000002  elapsed_time =  437
 target_temperature = 5.0  current_temperature = 4.3  delta_temperature = -0.7000000000000002  elapsed_time =  442
 target_temperature = 5.0  current_temperature = 4.3  delta_temperature = -0.7000000000000002  elapsed_time =  448
 target_temperature = 5.0  current_temperature = 4.0  delta_temperature = -1.0  elapsed_time =  453
 target_temperature = 5.0  current_temperature = 3.9  delta_temperature = -1.1  elapsed_time =  458
 target_temperature = 5.0  current_temperature = 3.9  delta_temperature = -1.1  elapsed_time =  463
 target_temperature = 5.0  current_temperature = 3.8  delta_temperature = -1.2000000000000002  elapsed_time =  468
 target_temperature = 5.0  current_temperature = 3.8  delta_temperature = -1.2000000000000002  elapsed_time =  474
 target_temperature = 5.0  current_temperature = 3.8  delta_temperature = -1.2000000000000002  elapsed_time =  479
 target_temperature = 5.0  current_temperature = 3.6  delta_temperature = -1.4  elapsed_time =  484
 target_temperature = 5.0  current_temperature = 3.6  delta_temperature = -1.4  elapsed_time =  490
 target_temperature = 5.0  current_temperature = 3.6  delta_temperature = -1.4  elapsed_time =  496
 target_temperature = 5.0  current_temperature = 3.6  delta_temperature = -1.4  elapsed_time =  501
 target_temperature = 5.0  current_temperature = 3.8  delta_temperature = -1.2000000000000002  elapsed_time =  506
 target_temperature = 5.0  current_temperature = 3.8  delta_temperature = -1.2000000000000002  elapsed_time =  512
 target_temperature = 5.0  current_temperature = 3.7  delta_temperature = -1.2999999999999998  elapsed_time =  517
 target_temperature = 5.0  current_temperature = 3.8  delta_temperature = -1.2000000000000002  elapsed_time =  522
 target_temperature = 5.0  current_temperature = 4.0  delta_temperature = -1.0  elapsed_time =  527
 target_temperature = 5.0  current_temperature = 4.0  delta_temperature = -1.0  elapsed_time =  533
 target_temperature = 5.0  current_temperature = 4.2  delta_temperature = -0.7999999999999998  elapsed_time =  542
 target_temperature = 5.0  current_temperature = 4.4  delta_temperature = -0.5999999999999996  elapsed_time =  547
 target_temperature = 5.0  current_temperature = 4.5  delta_temperature = -0.5  elapsed_time =  553
 target_temperature = 5.0  current_temperature = 4.6  delta_temperature = -0.40000000000000036  elapsed_time =  559
 target_temperature = 5.0  current_temperature = 4.6  delta_temperature = -0.40000000000000036  elapsed_time =  564
 target_temperature = 5.0  current_temperature = 4.8  delta_temperature = -0.20000000000000018  elapsed_time =  569
 target_temperature = 5.0  current_temperature = 4.8  delta_temperature = -0.20000000000000018  elapsed_time =  575
 target_temperature = 5.0  current_temperature = 4.9  delta_temperature = -0.09999999999999964  elapsed_time =  580
 target_temperature = 5.0  current_temperature = 5.0  delta_temperature = 0.0  elapsed_time =  585
 target_temperature = 5.0  current_temperature = 5.1  delta_temperature = 0.09999999999999964  elapsed_time =  594
 target_temperature = 5.0  current_temperature = 5.2  delta_temperature = 0.20000000000000018  elapsed_time =  600
 target_temperature = 5.0  current_temperature = 5.0  delta_temperature = 0.0  elapsed_time =  605
 target_temperature = 5.0  current_temperature = 5.0  delta_temperature = 0.0  elapsed_time =  611
 target_temperature = 5.0  current_temperature = 5.1  delta_temperature = 0.09999999999999964  elapsed_time =  616
 target_temperature = 5.0  current_temperature = 5.1  delta_temperature = 0.09999999999999964  elapsed_time =  621
 target_temperature = 5.0  current_temperature = 5.1  delta_temperature = 0.09999999999999964  elapsed_time =  627
 target_temperature = 5.0  current_temperature = 5.1  delta_temperature = 0.09999999999999964  elapsed_time =  632
 target_temperature = 5.0  current_temperature = 5.0  delta_temperature = 0.0  elapsed_time =  638
 target_temperature = 5.0  current_temperature = 5.0  delta_temperature = 0.0  elapsed_time =  643
 target_temperature = 5.0  current_temperature = 5.0  delta_temperature = 0.0  elapsed_time =  648
 target_temperature = 5.0  current_temperature = 5.0  delta_temperature = 0.0  elapsed_time =  653
 target_temperature = 5.0  current_temperature = 5.0  delta_temperature = 0.0  elapsed_time =  659
 target_temperature = 5.0  current_temperature = 4.9  delta_temperature = -0.09999999999999964  elapsed_time =  665
 target_temperature = 5.0  current_temperature = 4.9  delta_temperature = -0.09999999999999964  elapsed_time =  671
 target_temperature = 5.0  current_temperature = 5.0  delta_temperature = 0.0  elapsed_time =  677
 target_temperature = 5.0  current_temperature = 5.0  delta_temperature = 0.0  elapsed_time =  682
 target_temperature = 5.0  current_temperature = 5.0  delta_temperature = 0.0  elapsed_time =  688
 target_temperature = 5.0  current_temperature = 4.8  delta_temperature = -0.20000000000000018  elapsed_time =  694
 target_temperature = 5.0  current_temperature = 4.8  delta_temperature = -0.20000000000000018  elapsed_time =  699
 target_temperature = 5.0  current_temperature = 4.8  delta_temperature = -0.20000000000000018  elapsed_time =  704
 target_temperature = 5.0  current_temperature = 4.8  delta_temperature = -0.20000000000000018  elapsed_time =  709
 target_temperature = 5.0  current_temperature = 4.8  delta_temperature = -0.20000000000000018  elapsed_time =  714
 target_temperature = 5.0  current_temperature = 4.8  delta_temperature = -0.20000000000000018  elapsed_time =  721
 target_temperature = 5.0  current_temperature = 4.6  delta_temperature = -0.40000000000000036  elapsed_time =  726
 target_temperature = 5.0  current_temperature = 4.6  delta_temperature = -0.40000000000000036  elapsed_time =  731
 target_temperature = 5.0  current_temperature = 4.6  delta_temperature = -0.40000000000000036  elapsed_time =  740
 target_temperature = 5.0  current_temperature = 4.6  delta_temperature = -0.40000000000000036  elapsed_time =  746
 target_temperature = 5.0  current_temperature = 4.7  delta_temperature = -0.2999999999999998  elapsed_time =  751
 target_temperature = 5.0  current_temperature = 4.5  delta_temperature = -0.5  elapsed_time =  756
 target_temperature = 5.0  current_temperature = 4.5  delta_temperature = -0.5  elapsed_time =  761
 target_temperature = 5.0  current_temperature = 4.6  delta_temperature = -0.40000000000000036  elapsed_time =  766
 target_temperature = 5.0  current_temperature = 4.6  delta_temperature = -0.40000000000000036  elapsed_time =  772
 target_temperature = 5.0  current_temperature = 4.6  delta_temperature = -0.40000000000000036  elapsed_time =  777
 target_temperature = 5.0  current_temperature = 4.6  delta_temperature = -0.40000000000000036  elapsed_time =  783
 target_temperature = 5.0  current_temperature = 4.6  delta_temperature = -0.40000000000000036  elapsed_time =  788
 target_temperature = 5.0  current_temperature = 4.7  delta_temperature = -0.2999999999999998  elapsed_time =  793
 target_temperature = 5.0  current_temperature = 4.8  delta_temperature = -0.20000000000000018  elapsed_time =  798
 target_temperature = 5.0  current_temperature = 4.8  delta_temperature = -0.20000000000000018  elapsed_time =  805
 target_temperature = 5.0  current_temperature = 4.8  delta_temperature = -0.20000000000000018  elapsed_time =  810
 target_temperature = 5.0  current_temperature = 4.9  delta_temperature = -0.09999999999999964  elapsed_time =  819
 target_temperature = 5.0  current_temperature = 5.0  delta_temperature = 0.0  elapsed_time =  827
 target_temperature = 5.0  current_temperature = 5.0  delta_temperature = 0.0  elapsed_time =  832
 target_temperature = 5.0  current_temperature = 5.2  delta_temperature = 0.20000000000000018  elapsed_time =  837
 target_temperature = 5.0  current_temperature = 5.1  delta_temperature = 0.09999999999999964  elapsed_time =  844
 target_temperature = 5.0  current_temperature = 5.1  delta_temperature = 0.09999999999999964  elapsed_time =  849
 target_temperature = 5.0  current_temperature = 5.1  delta_temperature = 0.09999999999999964  elapsed_time =  855
 target_temperature = 5.0  current_temperature = 5.2  delta_temperature = 0.20000000000000018  elapsed_time =  860
 target_temperature = 5.0  current_temperature = 5.2  delta_temperature = 0.20000000000000018  elapsed_time =  865
 target_temperature = 5.0  current_temperature = 5.2  delta_temperature = 0.20000000000000018  elapsed_time =  871
 target_temperature = 5.0  current_temperature = 5.1  delta_temperature = 0.09999999999999964  elapsed_time =  878
 target_temperature = 5.0  current_temperature = 5.1  delta_temperature = 0.09999999999999964  elapsed_time =  883
 target_temperature = 5.0  current_temperature = 5.2  delta_temperature = 0.20000000000000018  elapsed_time =  888
 target_temperature = 5.0  current_temperature = 5.2  delta_temperature = 0.20000000000000018  elapsed_time =  893
 target_temperature = 5.0  current_temperature = 5.2  delta_temperature = 0.20000000000000018  elapsed_time =  898
 target_temperature = 5.0  current_temperature = 5.2  delta_temperature = 0.20000000000000018  elapsed_time =  904
 target_temperature = 5.0  current_temperature = 5.1  delta_temperature = 0.09999999999999964  elapsed_time =  909
 target_temperature = 5.0  current_temperature = 5.1  delta_temperature = 0.09999999999999964  elapsed_time =  915
 target_temperature = 5.0  current_temperature = 5.1  delta_temperature = 0.09999999999999964  elapsed_time =  920
 target_temperature = 5.0  current_temperature = 5.2  delta_temperature = 0.20000000000000018  elapsed_time =  928
 target_temperature = 5.0  current_temperature = 5.1  delta_temperature = 0.09999999999999964  elapsed_time =  933
 target_temperature = 5.0  current_temperature = 5.0  delta_temperature = 0.0  elapsed_time =  939
 target_temperature = 5.0  current_temperature = 5.0  delta_temperature = 0.0  elapsed_time =  944
 target_temperature = 5.0  current_temperature = 5.0  delta_temperature = 0.0  elapsed_time =  949
 target_temperature = 5.0  current_temperature = 5.0  delta_temperature = 0.0  elapsed_time =  955
 target_temperature = 5.0  current_temperature = 5.0  delta_temperature = 0.0  elapsed_time =  960
 target_temperature = 5.0  current_temperature = 4.8  delta_temperature = -0.20000000000000018  elapsed_time =  965
 target_temperature = 5.0  current_temperature = 4.8  delta_temperature = -0.20000000000000018  elapsed_time =  970
 target_temperature = 5.0  current_temperature = 4.8  delta_temperature = -0.20000000000000018  elapsed_time =  975
 target_temperature = 5.0  current_temperature = 4.8  delta_temperature = -0.20000000000000018  elapsed_time =  980
 target_temperature = 5.0  current_temperature = 4.8  delta_temperature = -0.20000000000000018  elapsed_time =  986
 target_temperature = 5.0  current_temperature = 4.8  delta_temperature = -0.20000000000000018  elapsed_time =  991
 target_temperature = 5.0  current_temperature = 4.5  delta_temperature = -0.5  elapsed_time =  996
 target_temperature = 5.0  current_temperature = 4.5  delta_temperature = -0.5  elapsed_time =  1002
 target_temperature = 5.0  current_temperature = 4.5  delta_temperature = -0.5  elapsed_time =  1008
 target_temperature = 5.0  current_temperature = 4.4  delta_temperature = -0.5999999999999996  elapsed_time =  1013
 target_temperature = 5.0  current_temperature = 4.4  delta_temperature = -0.5999999999999996  elapsed_time =  1018
 target_temperature = 5.0  current_temperature = 4.4  delta_temperature = -0.5999999999999996  elapsed_time =  1023
 target_temperature = 5.0  current_temperature = 4.4  delta_temperature = -0.5999999999999996  elapsed_time =  1028
 target_temperature = 5.0  current_temperature = 4.4  delta_temperature = -0.5999999999999996  elapsed_time =  1034
 target_temperature = 5.0  current_temperature = 4.4  delta_temperature = -0.5999999999999996  elapsed_time =  1039
 target_temperature = 5.0  current_temperature = 4.6  delta_temperature = -0.40000000000000036  elapsed_time =  1047
 target_temperature = 5.0  current_temperature = 4.6  delta_temperature = -0.40000000000000036  elapsed_time =  1052
 target_temperature = 5.0  current_temperature = 4.5  delta_temperature = -0.5  elapsed_time =  1057
 target_temperature = 5.0  current_temperature = 4.6  delta_temperature = -0.40000000000000036  elapsed_time =  1062
 target_temperature = 5.0  current_temperature = 4.7  delta_temperature = -0.2999999999999998  elapsed_time =  1068
 target_temperature = 5.0  current_temperature = 4.8  delta_temperature = -0.20000000000000018  elapsed_time =  1073
 target_temperature = 5.0  current_temperature = 4.9  delta_temperature = -0.09999999999999964  elapsed_time =  1079
 target_temperature = 5.0  current_temperature = 4.9  delta_temperature = -0.09999999999999964  elapsed_time =  1085
 target_temperature = 5.0  current_temperature = 4.9  delta_temperature = -0.09999999999999964  elapsed_time =  1090
 target_temperature = 5.0  current_temperature = 5.0  delta_temperature = 0.0  elapsed_time =  1095
 target_temperature = 5.0  current_temperature = 5.1  delta_temperature = 0.09999999999999964  elapsed_time =  1102
 target_temperature = 5.0  current_temperature = 5.3  delta_temperature = 0.2999999999999998  elapsed_time =  1108
 target_temperature = 5.0  current_temperature = 5.1  delta_temperature = 0.09999999999999964  elapsed_time =  1113
 target_temperature = 5.0  current_temperature = 5.1  delta_temperature = 0.09999999999999964  elapsed_time =  1118
 target_temperature = 5.0  current_temperature = 5.1  delta_temperature = 0.09999999999999964  elapsed_time =  1123
 target_temperature = 5.0  current_temperature = 5.2  delta_temperature = 0.20000000000000018  elapsed_time =  1128
 target_temperature = 5.0  current_temperature = 5.2  delta_temperature = 0.20000000000000018  elapsed_time =  1134
 target_temperature = 5.0  current_temperature = 5.2  delta_temperature = 0.20000000000000018  elapsed_time =  1139
 target_temperature = 5.0  current_temperature = 5.2  delta_temperature = 0.20000000000000018  elapsed_time =  1144
 target_temperature = 5.0  current_temperature = 5.1  delta_temperature = 0.09999999999999964  elapsed_time =  1149
 target_temperature = 5.0  current_temperature = 5.2  delta_temperature = 0.20000000000000018  elapsed_time =  1155
 target_temperature = 5.0  current_temperature = 5.2  delta_temperature = 0.20000000000000018  elapsed_time =  1160
 target_temperature = 5.0  current_temperature = 5.2  delta_temperature = 0.20000000000000018  elapsed_time =  1166
 target_temperature = 5.0  current_temperature = 5.2  delta_temperature = 0.20000000000000018  elapsed_time =  1171
 target_temperature = 5.0  current_temperature = 5.1  delta_temperature = 0.09999999999999964  elapsed_time =  1176
 target_temperature = 5.0  current_temperature = 5.1  delta_temperature = 0.09999999999999964  elapsed_time =  1182
 target_temperature = 5.0  current_temperature = 5.2  delta_temperature = 0.20000000000000018  elapsed_time =  1187
 target_temperature = 5.0  current_temperature = 5.2  delta_temperature = 0.20000000000000018  elapsed_time =  1192
 target_temperature = 5.0  current_temperature = 5.2  delta_temperature = 0.20000000000000018  elapsed_time =  1198
 target_temperature = 5.0  current_temperature = 5.1  delta_temperature = 0.09999999999999964  elapsed_time =  1203
 target_temperature = 5.0  current_temperature = 5.0  delta_temperature = 0.0  elapsed_time =  1209
 target_temperature = 5.0  current_temperature = 5.0  delta_temperature = 0.0  elapsed_time =  1214
 target_temperature = 5.0  current_temperature = 5.0  delta_temperature = 0.0  elapsed_time =  1219
 target_temperature = 5.0  current_temperature = 5.0  delta_temperature = 0.0  elapsed_time =  1226
 target_temperature = 5.0  current_temperature = 5.0  delta_temperature = 0.0  elapsed_time =  1231
 target_temperature = 5.0  current_temperature = 4.8  delta_temperature = -0.20000000000000018  elapsed_time =  1236
 target_temperature = 5.0  current_temperature = 4.8  delta_temperature = -0.20000000000000018  elapsed_time =  1241
 target_temperature = 5.0  current_temperature = 4.8  delta_temperature = -0.20000000000000018  elapsed_time =  1246
 target_temperature = 5.0  current_temperature = 4.8  delta_temperature = -0.20000000000000018  elapsed_time =  1252
 target_temperature = 5.0  current_temperature = 4.7  delta_temperature = -0.2999999999999998  elapsed_time =  1257
 target_temperature = 5.0  current_temperature = 4.6  delta_temperature = -0.40000000000000036  elapsed_time =  1263
 target_temperature = 5.0  current_temperature = 4.6  delta_temperature = -0.40000000000000036  elapsed_time =  1268
 target_temperature = 5.0  current_temperature = 4.6  delta_temperature = -0.40000000000000036  elapsed_time =  1274
 target_temperature = 5.0  current_temperature = 4.6  delta_temperature = -0.40000000000000036  elapsed_time =  1279
 target_temperature = 5.0  current_temperature = 4.6  delta_temperature = -0.40000000000000036  elapsed_time =  1284
 target_temperature = 5.0  current_temperature = 4.6  delta_temperature = -0.40000000000000036  elapsed_time =  1289
 target_temperature = 5.0  current_temperature = 4.5  delta_temperature = -0.5  elapsed_time =  1295
 target_temperature = 5.0  current_temperature = 4.5  delta_temperature = -0.5  elapsed_time =  1300
 target_temperature = 5.0  current_temperature = 4.5  delta_temperature = -0.5  elapsed_time =  1306
 target_temperature = 5.0  current_temperature = 4.5  delta_temperature = -0.5  elapsed_time =  1311
 target_temperature = 5.0  current_temperature = 4.5  delta_temperature = -0.5  elapsed_time =  1316
 target_temperature = 5.0  current_temperature = 4.6  delta_temperature = -0.40000000000000036  elapsed_time =  1322
 target_temperature = 5.0  current_temperature = 4.6  delta_temperature = -0.40000000000000036  elapsed_time =  1327
 target_temperature = 5.0  current_temperature = 4.7  delta_temperature = -0.2999999999999998  elapsed_time =  1332
 target_temperature = 5.0  current_temperature = 4.8  delta_temperature = -0.20000000000000018  elapsed_time =  1338
 target_temperature = 5.0  current_temperature = 4.8  delta_temperature = -0.20000000000000018  elapsed_time =  1343
 target_temperature = 5.0  current_temperature = 4.8  delta_temperature = -0.20000000000000018  elapsed_time =  1348
 target_temperature = 5.0  current_temperature = 4.8  delta_temperature = -0.20000000000000018  elapsed_time =  1353
 target_temperature = 5.0  current_temperature = 4.8  delta_temperature = -0.20000000000000018  elapsed_time =  1358
 target_temperature = 5.0  current_temperature = 4.9  delta_temperature = -0.09999999999999964  elapsed_time =  1363
 target_temperature = 5.0  current_temperature = 5.0  delta_temperature = 0.0  elapsed_time =  1369
 target_temperature = 5.0  current_temperature = 5.0  delta_temperature = 0.0  elapsed_time =  1374
 target_temperature = 5.0  current_temperature = 5.1  delta_temperature = 0.09999999999999964  elapsed_time =  1379
 target_temperature = 5.0  current_temperature = 5.1  delta_temperature = 0.09999999999999964  elapsed_time =  1384
 target_temperature = 5.0  current_temperature = 5.1  delta_temperature = 0.09999999999999964  elapsed_time =  1390
 target_temperature = 5.0  current_temperature = 5.2  delta_temperature = 0.20000000000000018  elapsed_time =  1395
 target_temperature = 5.0  current_temperature = 5.2  delta_temperature = 0.20000000000000018  elapsed_time =  1401
 target_temperature = 5.0  current_temperature = 5.4  delta_temperature = 0.40000000000000036  elapsed_time =  1410
 target_temperature = 5.0  current_temperature = 5.3  delta_temperature = 0.2999999999999998  elapsed_time =  1416
 target_temperature = 5.0  current_temperature = 5.2  delta_temperature = 0.20000000000000018  elapsed_time =  1421
 target_temperature = 5.0  current_temperature = 5.3  delta_temperature = 0.2999999999999998  elapsed_time =  1426
 target_temperature = 5.0  current_temperature = 5.3  delta_temperature = 0.2999999999999998  elapsed_time =  1432
 target_temperature = 5.0  current_temperature = 5.4  delta_temperature = 0.40000000000000036  elapsed_time =  1437
 target_temperature = 5.0  current_temperature = 5.4  delta_temperature = 0.40000000000000036  elapsed_time =  1443
 target_temperature = 5.0  current_temperature = 5.2  delta_temperature = 0.20000000000000018  elapsed_time =  1449
 target_temperature = 5.0  current_temperature = 5.2  delta_temperature = 0.20000000000000018  elapsed_time =  1454
 target_temperature = 5.0  current_temperature = 5.2  delta_temperature = 0.20000000000000018  elapsed_time =  1460
 target_temperature = 5.0  current_temperature = 5.2  delta_temperature = 0.20000000000000018  elapsed_time =  1465
 target_temperature = 5.0  current_temperature = 5.2  delta_temperature = 0.20000000000000018  elapsed_time =  1470
 target_temperature = 5.0  current_temperature = 5.1  delta_temperature = 0.09999999999999964  elapsed_time =  1475
 target_temperature = 5.0  current_temperature = 5.1  delta_temperature = 0.09999999999999964  elapsed_time =  1481
 target_temperature = 5.0  current_temperature = 5.1  delta_temperature = 0.09999999999999964  elapsed_time =  1486
 target_temperature = 5.0  current_temperature = 5.1  delta_temperature = 0.09999999999999964  elapsed_time =  1491
 target_temperature = 5.0  current_temperature = 5.1  delta_temperature = 0.09999999999999964  elapsed_time =  1496
 target_temperature = 5.0  current_temperature = 5.1  delta_temperature = 0.09999999999999964  elapsed_time =  1501
 target_temperature = 5.0  current_temperature = 4.9  delta_temperature = -0.09999999999999964  elapsed_time =  1506
 target_temperature = 5.0  current_temperature = 4.9  delta_temperature = -0.09999999999999964  elapsed_time =  1512
 target_temperature = 5.0  current_temperature = 4.9  delta_temperature = -0.09999999999999964  elapsed_time =  1517
 target_temperature = 5.0  current_temperature = 4.9  delta_temperature = -0.09999999999999964  elapsed_time =  1522
 target_temperature = 5.0  current_temperature = 4.9  delta_temperature = -0.09999999999999964  elapsed_time =  1527
 target_temperature = 5.0  current_temperature = 4.7  delta_temperature = -0.2999999999999998  elapsed_time =  1532
 target_temperature = 5.0  current_temperature = 4.7  delta_temperature = -0.2999999999999998  elapsed_time =  1538
 target_temperature = 5.0  current_temperature = 4.7  delta_temperature = -0.2999999999999998  elapsed_time =  1543
 target_temperature = 5.0  current_temperature = 4.7  delta_temperature = -0.2999999999999998  elapsed_time =  1549
 target_temperature = 5.0  current_temperature = 4.7  delta_temperature = -0.2999999999999998  elapsed_time =  1554
 target_temperature = 5.0  current_temperature = 4.7  delta_temperature = -0.2999999999999998  elapsed_time =  1560
 target_temperature = 5.0  current_temperature = 4.7  delta_temperature = -0.2999999999999998  elapsed_time =  1566
 target_temperature = 5.0  current_temperature = 4.6  delta_temperature = -0.40000000000000036  elapsed_time =  1571
 target_temperature = 5.0  current_temperature = 4.7  delta_temperature = -0.2999999999999998  elapsed_time =  1576
 target_temperature = 5.0  current_temperature = 4.8  delta_temperature = -0.20000000000000018  elapsed_time =  1584
 target_temperature = 5.0  current_temperature = 4.8  delta_temperature = -0.20000000000000018  elapsed_time =  1589
 target_temperature = 5.0  current_temperature = 4.7  delta_temperature = -0.2999999999999998  elapsed_time =  1596
 target_temperature = 5.0  current_temperature = 4.8  delta_temperature = -0.20000000000000018  elapsed_time =  1602
 target_temperature = 5.0  current_temperature = 4.9  delta_temperature = -0.09999999999999964  elapsed_time =  1607
 target_temperature = 5.0  current_temperature = 4.9  delta_temperature = -0.09999999999999964  elapsed_time =  1614
 target_temperature = 5.0  current_temperature = 5.0  delta_temperature = 0.0  elapsed_time =  1619
 target_temperature = 5.0  current_temperature = 5.1  delta_temperature = 0.09999999999999964  elapsed_time =  1626
 target_temperature = 5.0  current_temperature = 5.1  delta_temperature = 0.09999999999999964  elapsed_time =  1631
 target_temperature = 5.0  current_temperature = 5.1  delta_temperature = 0.09999999999999964  elapsed_time =  1636
 target_temperature = 5.0  current_temperature = 5.2  delta_temperature = 0.20000000000000018  elapsed_time =  1641
 target_temperature = 5.0  current_temperature = 5.2  delta_temperature = 0.20000000000000018  elapsed_time =  1646
 target_temperature = 5.0  current_temperature = 5.2  delta_temperature = 0.20000000000000018  elapsed_time =  1652
 target_temperature = 5.0  current_temperature = 5.2  delta_temperature = 0.20000000000000018  elapsed_time =  1659
 target_temperature = 5.0  current_temperature = 5.2  delta_temperature = 0.20000000000000018  elapsed_time =  1664
 target_temperature = 5.0  current_temperature = 5.3  delta_temperature = 0.2999999999999998  elapsed_time =  1669
 target_temperature = 5.0  current_temperature = 5.4  delta_temperature = 0.40000000000000036  elapsed_time =  1675
 target_temperature = 5.0  current_temperature = 5.5  delta_temperature = 0.5  elapsed_time =  1680
 target_temperature = 5.0  current_temperature = 5.3  delta_temperature = 0.2999999999999998  elapsed_time =  1685
 target_temperature = 5.0  current_temperature = 5.2  delta_temperature = 0.20000000000000018  elapsed_time =  1690
 target_temperature = 5.0  current_temperature = 5.3  delta_temperature = 0.2999999999999998  elapsed_time =  1695
 target_temperature = 5.0  current_temperature = 5.3  delta_temperature = 0.2999999999999998  elapsed_time =  1701
 target_temperature = 5.0  current_temperature = 5.3  delta_temperature = 0.2999999999999998  elapsed_time =  1707
 target_temperature = 5.0  current_temperature = 5.4  delta_temperature = 0.40000000000000036  elapsed_time =  1712
 target_temperature = 5.0  current_temperature = 5.2  delta_temperature = 0.20000000000000018  elapsed_time =  1719
 target_temperature = 5.0  current_temperature = 5.2  delta_temperature = 0.20000000000000018  elapsed_time =  1724
 target_temperature = 5.0  current_temperature = 5.2  delta_temperature = 0.20000000000000018  elapsed_time =  1729
 target_temperature = 5.0  current_temperature = 5.1  delta_temperature = 0.09999999999999964  elapsed_time =  1736
 target_temperature = 5.0  current_temperature = 5.1  delta_temperature = 0.09999999999999964  elapsed_time =  1745
 target_temperature = 5.0  current_temperature = 5.1  delta_temperature = 0.09999999999999964  elapsed_time =  1750
 target_temperature = 5.0  current_temperature = 5.1  delta_temperature = 0.09999999999999964  elapsed_time =  1756
 target_temperature = 5.0  current_temperature = 5.0  delta_temperature = 0.0  elapsed_time =  1761
 target_temperature = 5.0  current_temperature = 5.0  delta_temperature = 0.0  elapsed_time =  1767
 target_temperature = 5.0  current_temperature = 4.9  delta_temperature = -0.09999999999999964  elapsed_time =  1773
 target_temperature = 5.0  current_temperature = 4.8  delta_temperature = -0.20000000000000018  elapsed_time =  1779
 target_temperature = 5.0  current_temperature = 4.8  delta_temperature = -0.20000000000000018  elapsed_time =  1784
 target_temperature = 5.0  current_temperature = 4.8  delta_temperature = -0.20000000000000018  elapsed_time =  1789
 target_temperature = 5.0  current_temperature = 4.7  delta_temperature = -0.2999999999999998  elapsed_time =  1794
 target_temperature = 5.0  current_temperature = 4.7  delta_temperature = -0.2999999999999998  elapsed_time =  1801
