 --- setting mode: 1
 --- response: OK
 --- mode set value: 1
 --- setting temperature: 25.0
 --- response: OK
 --- temperature set value: 25.0
 --- setting fan: A
 --- response: OK
 --- fan set value: A
 --- setting temperature: 25.0
 --- response: OK
 --- temperature set value: 25.0
 target_temperature = 25.0  current_temperature = -30.1  delta_temperature = -55.1  elapsed_time =  0
 target_temperature = 25.0  current_temperature = -30.1  delta_temperature = -55.1  elapsed_time =  0
 target_temperature = 25.0  current_temperature = -30.1  delta_temperature = -55.1  elapsed_time =  0
 target_temperature = 25.0  current_temperature = -30.1  delta_temperature = -55.1  elapsed_time =  0
 target_temperature = 25.0  current_temperature = -30.1  delta_temperature = -55.1  elapsed_time =  0
 target_temperature = 25.0  current_temperature = -29.9  delta_temperature = -54.9  elapsed_time =  0
 target_temperature = 25.0  current_temperature = -29.7  delta_temperature = -54.7  elapsed_time =  0
 target_temperature = 25.0  current_temperature = -29.0  delta_temperature = -54.0  elapsed_time =  0
 target_temperature = 25.0  current_temperature = -28.7  delta_temperature = -53.7  elapsed_time =  0
 target_temperature = 25.0  current_temperature = -27.8  delta_temperature = -52.8  elapsed_time =  0
 target_temperature = 25.0  current_temperature = -27.3  delta_temperature = -52.3  elapsed_time =  0
 target_temperature = 25.0  current_temperature = -26.7  delta_temperature = -51.7  elapsed_time =  0
 target_temperature = 25.0  current_temperature = -25.9  delta_temperature = -50.9  elapsed_time =  0
 target_temperature = 25.0  current_temperature = -25.0  delta_temperature = -50.0  elapsed_time =  0
 target_temperature = 25.0  current_temperature = -23.8  delta_temperature = -48.8  elapsed_time =  0
 target_temperature = 25.0  current_temperature = -23.2  delta_temperature = -48.2  elapsed_time =  0
 target_temperature = 25.0  current_temperature = -21.7  delta_temperature = -46.7  elapsed_time =  0
 target_temperature = 25.0  current_temperature = -20.3  delta_temperature = -45.3  elapsed_time =  0
 target_temperature = 25.0  current_temperature = -19.5  delta_temperature = -44.5  elapsed_time =  0
 target_temperature = 25.0  current_temperature = -18.2  delta_temperature = -43.2  elapsed_time =  0
 target_temperature = 25.0  current_temperature = -16.8  delta_temperature = -41.8  elapsed_time =  0
 target_temperature = 25.0  current_temperature = -15.7  delta_temperature = -40.7  elapsed_time =  0
 target_temperature = 25.0  current_temperature = -14.6  delta_temperature = -39.6  elapsed_time =  0
 target_temperature = 25.0  current_temperature = -13.5  delta_temperature = -38.5  elapsed_time =  0
 target_temperature = 25.0  current_temperature = -11.8  delta_temperature = -36.8  elapsed_time =  0
 target_temperature = 25.0  current_temperature = -10.4  delta_temperature = -35.4  elapsed_time =  0
 target_temperature = 25.0  current_temperature = -9.3  delta_temperature = -34.3  elapsed_time =  0
 target_temperature = 25.0  current_temperature = -7.2  delta_temperature = -32.2  elapsed_time =  0
 target_temperature = 25.0  current_temperature = -6.1  delta_temperature = -31.1  elapsed_time =  0
 target_temperature = 25.0  current_temperature = -5.1  delta_temperature = -30.1  elapsed_time =  0
 target_temperature = 25.0  current_temperature = -4.1  delta_temperature = -29.1  elapsed_time =  0
 target_temperature = 25.0  current_temperature = -2.9  delta_temperature = -27.9  elapsed_time =  0
 target_temperature = 25.0  current_temperature = -1.4  delta_temperature = -26.4  elapsed_time =  0
 target_temperature = 25.0  current_temperature = 0.0  delta_temperature = -25.0  elapsed_time =  0
 target_temperature = 25.0  current_temperature = 0.9  delta_temperature = -24.1  elapsed_time =  0
 target_temperature = 25.0  current_temperature = 2.3  delta_temperature = -22.7  elapsed_time =  0
 target_temperature = 25.0  current_temperature = 3.4  delta_temperature = -21.6  elapsed_time =  0
 target_temperature = 25.0  current_temperature = 4.9  delta_temperature = -20.1  elapsed_time =  0
 target_temperature = 25.0  current_temperature = 6.0  delta_temperature = -19.0  elapsed_time =  0
 target_temperature = 25.0  current_temperature = 6.9  delta_temperature = -18.1  elapsed_time =  0
 target_temperature = 25.0  current_temperature = 7.7  delta_temperature = -17.3  elapsed_time =  0
 target_temperature = 25.0  current_temperature = 8.5  delta_temperature = -16.5  elapsed_time =  0
 target_temperature = 25.0  current_temperature = 10.0  delta_temperature = -15.0  elapsed_time =  0
 target_temperature = 25.0  current_temperature = 10.9  delta_temperature = -14.1  elapsed_time =  0
 target_temperature = 25.0  current_temperature = 12.2  delta_temperature = -12.8  elapsed_time =  0
 target_temperature = 25.0  current_temperature = 13.0  delta_temperature = -12.0  elapsed_time =  0
 target_temperature = 25.0  current_temperature = 14.5  delta_temperature = -10.5  elapsed_time =  0
 target_temperature = 25.0  current_temperature = 15.2  delta_temperature = -9.8  elapsed_time =  0
 target_temperature = 25.0  current_temperature = 15.9  delta_temperature = -9.1  elapsed_time =  0
 target_temperature = 25.0  current_temperature = 16.6  delta_temperature = -8.399999999999999  elapsed_time =  0
 target_temperature = 25.0  current_temperature = 17.1  delta_temperature = -7.899999999999999  elapsed_time =  0
 target_temperature = 25.0  current_temperature = 17.5  delta_temperature = -7.5  elapsed_time =  0
 target_temperature = 25.0  current_temperature = 17.7  delta_temperature = -7.300000000000001  elapsed_time =  0
 target_temperature = 25.0  current_temperature = 18.0  delta_temperature = -7.0  elapsed_time =  0
 target_temperature = 25.0  current_temperature = 18.2  delta_temperature = -6.800000000000001  elapsed_time =  0
 target_temperature = 25.0  current_temperature = 18.3  delta_temperature = -6.699999999999999  elapsed_time =  0
 target_temperature = 25.0  current_temperature = 18.3  delta_temperature = -6.699999999999999  elapsed_time =  0
 target_temperature = 25.0  current_temperature = 18.3  delta_temperature = -6.699999999999999  elapsed_time =  0
 target_temperature = 25.0  current_temperature = 18.4  delta_temperature = -6.600000000000001  elapsed_time =  0
 target_temperature = 25.0  current_temperature = 18.5  delta_temperature = -6.5  elapsed_time =  0
 target_temperature = 25.0  current_temperature = 18.6  delta_temperature = -6.399999999999999  elapsed_time =  0
 target_temperature = 25.0  current_temperature = 18.2  delta_temperature = -6.800000000000001  elapsed_time =  0
 target_temperature = 25.0  current_temperature = 18.2  delta_temperature = -6.800000000000001  elapsed_time =  0
 target_temperature = 25.0  current_temperature = 18.2  delta_temperature = -6.800000000000001  elapsed_time =  0
 target_temperature = 25.0  current_temperature = 17.9  delta_temperature = -7.100000000000001  elapsed_time =  0
 target_temperature = 25.0  current_temperature = 17.8  delta_temperature = -7.199999999999999  elapsed_time =  0
 target_temperature = 25.0  current_temperature = 17.4  delta_temperature = -7.600000000000001  elapsed_time =  0
 target_temperature = 25.0  current_temperature = 17.3  delta_temperature = -7.699999999999999  elapsed_time =  0
 target_temperature = 25.0  current_temperature = 17.2  delta_temperature = -7.800000000000001  elapsed_time =  0
 target_temperature = 25.0  current_temperature = 16.9  delta_temperature = -8.100000000000001  elapsed_time =  0
 target_temperature = 25.0  current_temperature = 16.9  delta_temperature = -8.100000000000001  elapsed_time =  0
 target_temperature = 25.0  current_temperature = 16.5  delta_temperature = -8.5  elapsed_time =  0
 target_temperature = 25.0  current_temperature = 16.3  delta_temperature = -8.7  elapsed_time =  0
 target_temperature = 25.0  current_temperature = 16.3  delta_temperature = -8.7  elapsed_time =  0
 target_temperature = 25.0  current_temperature = 16.1  delta_temperature = -8.899999999999999  elapsed_time =  0
 target_temperature = 25.0  current_temperature = 15.9  delta_temperature = -9.1  elapsed_time =  0
 target_temperature = 25.0  current_temperature = 15.9  delta_temperature = -9.1  elapsed_time =  0
 target_temperature = 25.0  current_temperature = 15.7  delta_temperature = -9.3  elapsed_time =  0
 target_temperature = 25.0  current_temperature = 15.7  delta_temperature = -9.3  elapsed_time =  0
 target_temperature = 25.0  current_temperature = 15.7  delta_temperature = -9.3  elapsed_time =  0
 target_temperature = 25.0  current_temperature = 15.6  delta_temperature = -9.4  elapsed_time =  0
 target_temperature = 25.0  current_temperature = 15.5  delta_temperature = -9.5  elapsed_time =  0
 target_temperature = 25.0  current_temperature = 15.4  delta_temperature = -9.6  elapsed_time =  0
 target_temperature = 25.0  current_temperature = 15.5  delta_temperature = -9.5  elapsed_time =  0
 target_temperature = 25.0  current_temperature = 15.6  delta_temperature = -9.4  elapsed_time =  0
 target_temperature = 25.0  current_temperature = 15.6  delta_temperature = -9.4  elapsed_time =  0
 target_temperature = 25.0  current_temperature = 15.6  delta_temperature = -9.4  elapsed_time =  0
 target_temperature = 25.0  current_temperature = 15.7  delta_temperature = -9.3  elapsed_time =  0
 target_temperature = 25.0  current_temperature = 15.8  delta_temperature = -9.2  elapsed_time =  0
 target_temperature = 25.0  current_temperature = 15.9  delta_temperature = -9.1  elapsed_time =  0
 target_temperature = 25.0  current_temperature = 16.1  delta_temperature = -8.899999999999999  elapsed_time =  0
 target_temperature = 25.0  current_temperature = 16.4  delta_temperature = -8.600000000000001  elapsed_time =  0
 target_temperature = 25.0  current_temperature = 16.7  delta_temperature = -8.3  elapsed_time =  0
 target_temperature = 25.0  current_temperature = 16.9  delta_temperature = -8.100000000000001  elapsed_time =  0
 target_temperature = 25.0  current_temperature = 17.2  delta_temperature = -7.800000000000001  elapsed_time =  0
 target_temperature = 25.0  current_temperature = 17.5  delta_temperature = -7.5  elapsed_time =  0
 target_temperature = 25.0  current_temperature = 17.8  delta_temperature = -7.199999999999999  elapsed_time =  0
 target_temperature = 25.0  current_temperature = 18.1  delta_temperature = -6.899999999999999  elapsed_time =  0
 target_temperature = 25.0  current_temperature = 18.5  delta_temperature = -6.5  elapsed_time =  0
 target_temperature = 25.0  current_temperature = 18.6  delta_temperature = -6.399999999999999  elapsed_time =  0
 target_temperature = 25.0  current_temperature = 18.9  delta_temperature = -6.100000000000001  elapsed_time =  0
 target_temperature = 25.0  current_temperature = 19.2  delta_temperature = -5.800000000000001  elapsed_time =  0
 target_temperature = 25.0  current_temperature = 19.4  delta_temperature = -5.600000000000001  elapsed_time =  0
 target_temperature = 25.0  current_temperature = 19.6  delta_temperature = -5.399999999999999  elapsed_time =  0
 target_temperature = 25.0  current_temperature = 20.0  delta_temperature = -5.0  elapsed_time =  0
 target_temperature = 25.0  current_temperature = 20.0  delta_temperature = -5.0  elapsed_time =  0
 target_temperature = 25.0  current_temperature = 20.3  delta_temperature = -4.699999999999999  elapsed_time =  0
 target_temperature = 25.0  current_temperature = 20.4  delta_temperature = -4.600000000000001  elapsed_time =  0
 target_temperature = 25.0  current_temperature = 20.5  delta_temperature = -4.5  elapsed_time =  0
 target_temperature = 25.0  current_temperature = 20.7  delta_temperature = -4.300000000000001  elapsed_time =  0
 target_temperature = 25.0  current_temperature = 20.7  delta_temperature = -4.300000000000001  elapsed_time =  0
 target_temperature = 25.0  current_temperature = 20.8  delta_temperature = -4.199999999999999  elapsed_time =  0
 target_temperature = 25.0  current_temperature = 20.9  delta_temperature = -4.100000000000001  elapsed_time =  0
 target_temperature = 25.0  current_temperature = 20.9  delta_temperature = -4.100000000000001  elapsed_time =  0
 target_temperature = 25.0  current_temperature = 20.9  delta_temperature = -4.100000000000001  elapsed_time =  0
 target_temperature = 25.0  current_temperature = 20.9  delta_temperature = -4.100000000000001  elapsed_time =  0
 target_temperature = 25.0  current_temperature = 20.9  delta_temperature = -4.100000000000001  elapsed_time =  0
 target_temperature = 25.0  current_temperature = 21.0  delta_temperature = -4.0  elapsed_time =  0
 target_temperature = 25.0  current_temperature = 21.0  delta_temperature = -4.0  elapsed_time =  0
 target_temperature = 25.0  current_temperature = 21.0  delta_temperature = -4.0  elapsed_time =  0
 target_temperature = 25.0  current_temperature = 20.9  delta_temperature = -4.100000000000001  elapsed_time =  0
 target_temperature = 25.0  current_temperature = 20.9  delta_temperature = -4.100000000000001  elapsed_time =  0
 target_temperature = 25.0  current_temperature = 20.9  delta_temperature = -4.100000000000001  elapsed_time =  0
 target_temperature = 25.0  current_temperature = 20.9  delta_temperature = -4.100000000000001  elapsed_time =  0
 target_temperature = 25.0  current_temperature = 20.9  delta_temperature = -4.100000000000001  elapsed_time =  0
 target_temperature = 25.0  current_temperature = 20.9  delta_temperature = -4.100000000000001  elapsed_time =  0
 target_temperature = 25.0  current_temperature = 20.9  delta_temperature = -4.100000000000001  elapsed_time =  0
 target_temperature = 25.0  current_temperature = 20.9  delta_temperature = -4.100000000000001  elapsed_time =  0
 target_temperature = 25.0  current_temperature = 21.0  delta_temperature = -4.0  elapsed_time =  0
 target_temperature = 25.0  current_temperature = 21.0  delta_temperature = -4.0  elapsed_time =  0
 target_temperature = 25.0  current_temperature = 21.1  delta_temperature = -3.8999999999999986  elapsed_time =  0
 target_temperature = 25.0  current_temperature = 21.1  delta_temperature = -3.8999999999999986  elapsed_time =  0
 target_temperature = 25.0  current_temperature = 21.2  delta_temperature = -3.8000000000000007  elapsed_time =  0
 target_temperature = 25.0  current_temperature = 21.4  delta_temperature = -3.6000000000000014  elapsed_time =  0
 target_temperature = 25.0  current_temperature = 21.4  delta_temperature = -3.6000000000000014  elapsed_time =  0
 target_temperature = 25.0  current_temperature = 21.6  delta_temperature = -3.3999999999999986  elapsed_time =  0
 target_temperature = 25.0  current_temperature = 21.6  delta_temperature = -3.3999999999999986  elapsed_time =  0
 target_temperature = 25.0  current_temperature = 21.8  delta_temperature = -3.1999999999999993  elapsed_time =  0
 target_temperature = 25.0  current_temperature = 21.9  delta_temperature = -3.1000000000000014  elapsed_time =  0
 target_temperature = 25.0  current_temperature = 22.1  delta_temperature = -2.8999999999999986  elapsed_time =  0
 target_temperature = 25.0  current_temperature = 22.3  delta_temperature = -2.6999999999999993  elapsed_time =  0
 target_temperature = 25.0  current_temperature = 22.5  delta_temperature = -2.5  elapsed_time =  0
 target_temperature = 25.0  current_temperature = 22.5  delta_temperature = -2.5  elapsed_time =  0
 target_temperature = 25.0  current_temperature = 22.8  delta_temperature = -2.1999999999999993  elapsed_time =  0
 target_temperature = 25.0  current_temperature = 23.0  delta_temperature = -2.0  elapsed_time =  7
 target_temperature = 25.0  current_temperature = 23.1  delta_temperature = -1.8999999999999986  elapsed_time =  12
 target_temperature = 25.0  current_temperature = 23.3  delta_temperature = -1.6999999999999993  elapsed_time =  17
 target_temperature = 25.0  current_temperature = 23.4  delta_temperature = -1.6000000000000014  elapsed_time =  22
 target_temperature = 25.0  current_temperature = 23.6  delta_temperature = -1.3999999999999986  elapsed_time =  28
 target_temperature = 25.0  current_temperature = 23.7  delta_temperature = -1.3000000000000007  elapsed_time =  33
 target_temperature = 25.0  current_temperature = 23.8  delta_temperature = -1.1999999999999993  elapsed_time =  38
 target_temperature = 25.0  current_temperature = 23.8  delta_temperature = -1.1999999999999993  elapsed_time =  43
 target_temperature = 25.0  current_temperature = 24.0  delta_temperature = -1.0  elapsed_time =  48
 target_temperature = 25.0  current_temperature = 24.0  delta_temperature = -1.0  elapsed_time =  54
 target_temperature = 25.0  current_temperature = 24.2  delta_temperature = -0.8000000000000007  elapsed_time =  60
 --- setting mode: 0
 --- response: OK
 --- mode set value: 0
