 --- 
 --- START: /home/eic/DATA/2023-characterisation/actual/20230810-124517/memmert-hama3-dcr 
 --- 
1691664317 | Thu 10 Aug 12:45:17 CEST 2023 
 --- 
 --- go to -30 C: /au/memmert/memmert_go_to_minus_30.sh 
 --- 
 --- SCAN: /home/eic/DATA/2023-characterisation/actual/20230810-124517/memmert-hama3-dcr 
 --- 
1691672817 | Thu 10 Aug 15:06:57 CEST 2023 
 --- 
 --- starting DCR setup: /au/measure/2023-characterisation/run-dcr-setup.sh run-memmert-hama3-setup
 --- waiting for processes to complete 
 --- 
 --- COMPLETED: /home/eic/DATA/2023-characterisation/actual/20230810-124517/memmert-hama3-dcr 
 --- 
1691676185 | Thu 10 Aug 16:03:05 CEST 2023 
 --- 
 --- go back to 20 C: /au/memmert/memmert_back_to_plus_20.sh 
 --- 
 --- DONE: /home/eic/DATA/2023-characterisation/actual/20230810-124517/memmert-hama3-dcr 
 --- 
1691677055 | Thu 10 Aug 16:17:35 CEST 2023 
 --- 
