 --- setting mode: 1
 --- response: OK
 --- mode set value: 1
 --- setting temperature: 25.0
 --- response: OK
 --- temperature set value: 25.0
 --- setting fan: A
 --- response: OK
 --- fan set value: A
 --- setting fan: A
 --- response: OK
 --- fan set value: A
 --- memmert reached RH = 5.0 %
 --- wait 10 minutes to make sure RH is really low
 --- setting temperature: -30.0
 --- response: OK
 --- temperature set value: -30.0
 target_temperature = -30.0  current_temperature = 19.9  delta_temperature = 49.9  elapsed_time =  0
 target_temperature = -30.0  current_temperature = 19.9  delta_temperature = 49.9  elapsed_time =  0
 target_temperature = -30.0  current_temperature = 19.9  delta_temperature = 49.9  elapsed_time =  0
 target_temperature = -30.0  current_temperature = 19.9  delta_temperature = 49.9  elapsed_time =  0
 target_temperature = -30.0  current_temperature = 19.9  delta_temperature = 49.9  elapsed_time =  0
 target_temperature = -30.0  current_temperature = 19.9  delta_temperature = 49.9  elapsed_time =  0
 target_temperature = -30.0  current_temperature = 19.9  delta_temperature = 49.9  elapsed_time =  0
 target_temperature = -30.0  current_temperature = 19.8  delta_temperature = 49.8  elapsed_time =  0
 target_temperature = -30.0  current_temperature = 19.4  delta_temperature = 49.4  elapsed_time =  0
 target_temperature = -30.0  current_temperature = 19.2  delta_temperature = 49.2  elapsed_time =  0
 target_temperature = -30.0  current_temperature = 19.0  delta_temperature = 49.0  elapsed_time =  0
 target_temperature = -30.0  current_temperature = 18.7  delta_temperature = 48.7  elapsed_time =  0
 target_temperature = -30.0  current_temperature = 18.5  delta_temperature = 48.5  elapsed_time =  0
 target_temperature = -30.0  current_temperature = 18.2  delta_temperature = 48.2  elapsed_time =  0
 target_temperature = -30.0  current_temperature = 17.8  delta_temperature = 47.8  elapsed_time =  0
 target_temperature = -30.0  current_temperature = 17.6  delta_temperature = 47.6  elapsed_time =  0
 target_temperature = -30.0  current_temperature = 17.3  delta_temperature = 47.3  elapsed_time =  0
 target_temperature = -30.0  current_temperature = 17.0  delta_temperature = 47.0  elapsed_time =  0
 target_temperature = -30.0  current_temperature = 17.0  delta_temperature = 47.0  elapsed_time =  0
 target_temperature = -30.0  current_temperature = 16.7  delta_temperature = 46.7  elapsed_time =  0
 target_temperature = -30.0  current_temperature = 16.5  delta_temperature = 46.5  elapsed_time =  0
 target_temperature = -30.0  current_temperature = 16.4  delta_temperature = 46.4  elapsed_time =  0
 target_temperature = -30.0  current_temperature = 16.1  delta_temperature = 46.1  elapsed_time =  0
 target_temperature = -30.0  current_temperature = 16.1  delta_temperature = 46.1  elapsed_time =  0
 target_temperature = -30.0  current_temperature = 15.6  delta_temperature = 45.6  elapsed_time =  0
 target_temperature = -30.0  current_temperature = 15.4  delta_temperature = 45.4  elapsed_time =  0
 target_temperature = -30.0  current_temperature = 15.3  delta_temperature = 45.3  elapsed_time =  0
 target_temperature = -30.0  current_temperature = 15.0  delta_temperature = 45.0  elapsed_time =  0
 target_temperature = -30.0  current_temperature = 14.9  delta_temperature = 44.9  elapsed_time =  0
 target_temperature = -30.0  current_temperature = 14.5  delta_temperature = 44.5  elapsed_time =  0
 target_temperature = -30.0  current_temperature = 14.1  delta_temperature = 44.1  elapsed_time =  0
 target_temperature = -30.0  current_temperature = 14.0  delta_temperature = 44.0  elapsed_time =  0
 target_temperature = -30.0  current_temperature = 13.8  delta_temperature = 43.8  elapsed_time =  0
 target_temperature = -30.0  current_temperature = 13.4  delta_temperature = 43.4  elapsed_time =  0
 target_temperature = -30.0  current_temperature = 13.2  delta_temperature = 43.2  elapsed_time =  0
 target_temperature = -30.0  current_temperature = 12.6  delta_temperature = 42.6  elapsed_time =  0
 target_temperature = -30.0  current_temperature = 12.4  delta_temperature = 42.4  elapsed_time =  0
 target_temperature = -30.0  current_temperature = 12.2  delta_temperature = 42.2  elapsed_time =  0
 target_temperature = -30.0  current_temperature = 11.9  delta_temperature = 41.9  elapsed_time =  0
 target_temperature = -30.0  current_temperature = 11.6  delta_temperature = 41.6  elapsed_time =  0
 target_temperature = -30.0  current_temperature = 11.5  delta_temperature = 41.5  elapsed_time =  0
 target_temperature = -30.0  current_temperature = 11.0  delta_temperature = 41.0  elapsed_time =  0
 target_temperature = -30.0  current_temperature = 11.0  delta_temperature = 41.0  elapsed_time =  0
 target_temperature = -30.0  current_temperature = 10.8  delta_temperature = 40.8  elapsed_time =  0
 target_temperature = -30.0  current_temperature = 10.5  delta_temperature = 40.5  elapsed_time =  0
 target_temperature = -30.0  current_temperature = 10.4  delta_temperature = 40.4  elapsed_time =  0
 target_temperature = -30.0  current_temperature = 9.9  delta_temperature = 39.9  elapsed_time =  0
 target_temperature = -30.0  current_temperature = 9.7  delta_temperature = 39.7  elapsed_time =  0
 target_temperature = -30.0  current_temperature = 9.6  delta_temperature = 39.6  elapsed_time =  0
 target_temperature = -30.0  current_temperature = 9.3  delta_temperature = 39.3  elapsed_time =  0
 target_temperature = -30.0  current_temperature = 9.1  delta_temperature = 39.1  elapsed_time =  0
 target_temperature = -30.0  current_temperature = 9.0  delta_temperature = 39.0  elapsed_time =  0
 target_temperature = -30.0  current_temperature = 8.4  delta_temperature = 38.4  elapsed_time =  0
 target_temperature = -30.0  current_temperature = 8.4  delta_temperature = 38.4  elapsed_time =  0
 target_temperature = -30.0  current_temperature = 8.3  delta_temperature = 38.3  elapsed_time =  0
 target_temperature = -30.0  current_temperature = 8.0  delta_temperature = 38.0  elapsed_time =  0
 target_temperature = -30.0  current_temperature = 7.9  delta_temperature = 37.9  elapsed_time =  0
 target_temperature = -30.0  current_temperature = 7.5  delta_temperature = 37.5  elapsed_time =  0
 target_temperature = -30.0  current_temperature = 7.4  delta_temperature = 37.4  elapsed_time =  0
 target_temperature = -30.0  current_temperature = 7.3  delta_temperature = 37.3  elapsed_time =  0
 target_temperature = -30.0  current_temperature = 7.1  delta_temperature = 37.1  elapsed_time =  0
 target_temperature = -30.0  current_temperature = 6.8  delta_temperature = 36.8  elapsed_time =  0
 target_temperature = -30.0  current_temperature = 6.8  delta_temperature = 36.8  elapsed_time =  0
 target_temperature = -30.0  current_temperature = 6.5  delta_temperature = 36.5  elapsed_time =  0
 target_temperature = -30.0  current_temperature = 6.4  delta_temperature = 36.4  elapsed_time =  0
 target_temperature = -30.0  current_temperature = 6.2  delta_temperature = 36.2  elapsed_time =  0
 target_temperature = -30.0  current_temperature = 5.9  delta_temperature = 35.9  elapsed_time =  0
 target_temperature = -30.0  current_temperature = 5.8  delta_temperature = 35.8  elapsed_time =  0
 target_temperature = -30.0  current_temperature = 5.4  delta_temperature = 35.4  elapsed_time =  0
 target_temperature = -30.0  current_temperature = 5.2  delta_temperature = 35.2  elapsed_time =  0
 target_temperature = -30.0  current_temperature = 5.2  delta_temperature = 35.2  elapsed_time =  0
 target_temperature = -30.0  current_temperature = 5.1  delta_temperature = 35.1  elapsed_time =  0
 target_temperature = -30.0  current_temperature = 4.8  delta_temperature = 34.8  elapsed_time =  0
 target_temperature = -30.0  current_temperature = 4.7  delta_temperature = 34.7  elapsed_time =  0
 target_temperature = -30.0  current_temperature = 4.3  delta_temperature = 34.3  elapsed_time =  0
 target_temperature = -30.0  current_temperature = 4.2  delta_temperature = 34.2  elapsed_time =  0
 target_temperature = -30.0  current_temperature = 4.1  delta_temperature = 34.1  elapsed_time =  0
 target_temperature = -30.0  current_temperature = 4.0  delta_temperature = 34.0  elapsed_time =  0
 target_temperature = -30.0  current_temperature = 3.9  delta_temperature = 33.9  elapsed_time =  0
 target_temperature = -30.0  current_temperature = 3.9  delta_temperature = 33.9  elapsed_time =  0
 target_temperature = -30.0  current_temperature = 3.4  delta_temperature = 33.4  elapsed_time =  0
 target_temperature = -30.0  current_temperature = 3.4  delta_temperature = 33.4  elapsed_time =  0
 target_temperature = -30.0  current_temperature = 3.4  delta_temperature = 33.4  elapsed_time =  0
 target_temperature = -30.0  current_temperature = 3.2  delta_temperature = 33.2  elapsed_time =  0
 target_temperature = -30.0  current_temperature = 3.1  delta_temperature = 33.1  elapsed_time =  0
 target_temperature = -30.0  current_temperature = 2.9  delta_temperature = 32.9  elapsed_time =  0
 target_temperature = -30.0  current_temperature = 2.6  delta_temperature = 32.6  elapsed_time =  0
 target_temperature = -30.0  current_temperature = 2.6  delta_temperature = 32.6  elapsed_time =  0
 target_temperature = -30.0  current_temperature = 2.4  delta_temperature = 32.4  elapsed_time =  0
 target_temperature = -30.0  current_temperature = 2.3  delta_temperature = 32.3  elapsed_time =  0
 target_temperature = -30.0  current_temperature = 2.3  delta_temperature = 32.3  elapsed_time =  0
 target_temperature = -30.0  current_temperature = 2.0  delta_temperature = 32.0  elapsed_time =  0
 target_temperature = -30.0  current_temperature = 1.8  delta_temperature = 31.8  elapsed_time =  0
 target_temperature = -30.0  current_temperature = 1.8  delta_temperature = 31.8  elapsed_time =  0
 target_temperature = -30.0  current_temperature = 1.6  delta_temperature = 31.6  elapsed_time =  0
 target_temperature = -30.0  current_temperature = 1.4  delta_temperature = 31.4  elapsed_time =  0
 target_temperature = -30.0  current_temperature = 1.4  delta_temperature = 31.4  elapsed_time =  0
 target_temperature = -30.0  current_temperature = 1.1  delta_temperature = 31.1  elapsed_time =  0
 target_temperature = -30.0  current_temperature = 1.1  delta_temperature = 31.1  elapsed_time =  0
 target_temperature = -30.0  current_temperature = 1.0  delta_temperature = 31.0  elapsed_time =  0
 target_temperature = -30.0  current_temperature = 0.8  delta_temperature = 30.8  elapsed_time =  0
 target_temperature = -30.0  current_temperature = 0.7  delta_temperature = 30.7  elapsed_time =  0
 target_temperature = -30.0  current_temperature = 0.6  delta_temperature = 30.6  elapsed_time =  0
 target_temperature = -30.0  current_temperature = 0.2  delta_temperature = 30.2  elapsed_time =  0
 target_temperature = -30.0  current_temperature = 0.2  delta_temperature = 30.2  elapsed_time =  0
 target_temperature = -30.0  current_temperature = 0.2  delta_temperature = 30.2  elapsed_time =  0
 target_temperature = -30.0  current_temperature = -0.1  delta_temperature = 29.9  elapsed_time =  0
 target_temperature = -30.0  current_temperature = -0.1  delta_temperature = 29.9  elapsed_time =  0
 target_temperature = -30.0  current_temperature = -0.5  delta_temperature = 29.5  elapsed_time =  0
 target_temperature = -30.0  current_temperature = -0.6  delta_temperature = 29.4  elapsed_time =  0
 target_temperature = -30.0  current_temperature = -0.7  delta_temperature = 29.3  elapsed_time =  0
 target_temperature = -30.0  current_temperature = -0.8  delta_temperature = 29.2  elapsed_time =  0
 target_temperature = -30.0  current_temperature = -0.9  delta_temperature = 29.1  elapsed_time =  0
 target_temperature = -30.0  current_temperature = -0.9  delta_temperature = 29.1  elapsed_time =  0
 target_temperature = -30.0  current_temperature = -1.2  delta_temperature = 28.8  elapsed_time =  0
 target_temperature = -30.0  current_temperature = -1.3  delta_temperature = 28.7  elapsed_time =  0
 target_temperature = -30.0  current_temperature = -1.3  delta_temperature = 28.7  elapsed_time =  0
 target_temperature = -30.0  current_temperature = -1.5  delta_temperature = 28.5  elapsed_time =  0
 target_temperature = -30.0  current_temperature = -1.7  delta_temperature = 28.3  elapsed_time =  0
 target_temperature = -30.0  current_temperature = -1.7  delta_temperature = 28.3  elapsed_time =  0
 target_temperature = -30.0  current_temperature = -1.9  delta_temperature = 28.1  elapsed_time =  0
 target_temperature = -30.0  current_temperature = -1.9  delta_temperature = 28.1  elapsed_time =  0
 target_temperature = -30.0  current_temperature = -2.0  delta_temperature = 28.0  elapsed_time =  0
 target_temperature = -30.0  current_temperature = -2.2  delta_temperature = 27.8  elapsed_time =  0
 target_temperature = -30.0  current_temperature = -2.2  delta_temperature = 27.8  elapsed_time =  0
 target_temperature = -30.0  current_temperature = -2.5  delta_temperature = 27.5  elapsed_time =  0
 target_temperature = -30.0  current_temperature = -2.6  delta_temperature = 27.4  elapsed_time =  0
 target_temperature = -30.0  current_temperature = -2.7  delta_temperature = 27.3  elapsed_time =  0
 target_temperature = -30.0  current_temperature = -2.8  delta_temperature = 27.2  elapsed_time =  0
 target_temperature = -30.0  current_temperature = -2.9  delta_temperature = 27.1  elapsed_time =  0
 target_temperature = -30.0  current_temperature = -2.9  delta_temperature = 27.1  elapsed_time =  0
 target_temperature = -30.0  current_temperature = -3.3  delta_temperature = 26.7  elapsed_time =  0
 target_temperature = -30.0  current_temperature = -3.3  delta_temperature = 26.7  elapsed_time =  0
 target_temperature = -30.0  current_temperature = -3.4  delta_temperature = 26.6  elapsed_time =  0
 target_temperature = -30.0  current_temperature = -3.5  delta_temperature = 26.5  elapsed_time =  0
 target_temperature = -30.0  current_temperature = -3.5  delta_temperature = 26.5  elapsed_time =  0
 target_temperature = -30.0  current_temperature = -3.8  delta_temperature = 26.2  elapsed_time =  0
 target_temperature = -30.0  current_temperature = -3.9  delta_temperature = 26.1  elapsed_time =  0
 target_temperature = 20.0  current_temperature = -3.9  delta_temperature = -23.9  elapsed_time =  0
 target_temperature = 20.0  current_temperature = -4.2  delta_temperature = -24.2  elapsed_time =  0
 target_temperature = 20.0  current_temperature = -4.3  delta_temperature = -24.3  elapsed_time =  0
 target_temperature = 20.0  current_temperature = -4.3  delta_temperature = -24.3  elapsed_time =  0
 target_temperature = 20.0  current_temperature = -4.3  delta_temperature = -24.3  elapsed_time =  0
 target_temperature = 20.0  current_temperature = -4.1  delta_temperature = -24.1  elapsed_time =  0
 target_temperature = 20.0  current_temperature = -3.6  delta_temperature = -23.6  elapsed_time =  0
 target_temperature = 20.0  current_temperature = -3.2  delta_temperature = -23.2  elapsed_time =  0
 target_temperature = 20.0  current_temperature = -2.5  delta_temperature = -22.5  elapsed_time =  0
 target_temperature = 20.0  current_temperature = -2.0  delta_temperature = -22.0  elapsed_time =  0
 target_temperature = 20.0  current_temperature = -1.1  delta_temperature = -21.1  elapsed_time =  0
 target_temperature = 20.0  current_temperature = 0.2  delta_temperature = -19.8  elapsed_time =  0
 target_temperature = 20.0  current_temperature = 0.8  delta_temperature = -19.2  elapsed_time =  0
 target_temperature = 20.0  current_temperature = 1.7  delta_temperature = -18.3  elapsed_time =  0
 target_temperature = 20.0  current_temperature = 2.6  delta_temperature = -17.4  elapsed_time =  0
 target_temperature = 20.0  current_temperature = 3.4  delta_temperature = -16.6  elapsed_time =  0
 target_temperature = 20.0  current_temperature = 4.2  delta_temperature = -15.8  elapsed_time =  0
 target_temperature = 20.0  current_temperature = 5.8  delta_temperature = -14.2  elapsed_time =  0
 target_temperature = 20.0  current_temperature = 7.2  delta_temperature = -12.8  elapsed_time =  0
 target_temperature = 20.0  current_temperature = 8.1  delta_temperature = -11.9  elapsed_time =  0
 target_temperature = 20.0  current_temperature = 9.2  delta_temperature = -10.8  elapsed_time =  0
 target_temperature = 20.0  current_temperature = 10.3  delta_temperature = -9.7  elapsed_time =  0
 target_temperature = 20.0  current_temperature = 11.5  delta_temperature = -8.5  elapsed_time =  0
 target_temperature = 20.0  current_temperature = 12.4  delta_temperature = -7.6  elapsed_time =  0
 target_temperature = 20.0  current_temperature = 13.4  delta_temperature = -6.6  elapsed_time =  0
 target_temperature = 20.0  current_temperature = 14.3  delta_temperature = -5.699999999999999  elapsed_time =  0
 target_temperature = 20.0  current_temperature = 15.0  delta_temperature = -5.0  elapsed_time =  0
 target_temperature = 20.0  current_temperature = 15.6  delta_temperature = -4.4  elapsed_time =  0
 target_temperature = 20.0  current_temperature = 16.0  delta_temperature = -4.0  elapsed_time =  0
 target_temperature = 20.0  current_temperature = 16.5  delta_temperature = -3.5  elapsed_time =  0
 target_temperature = 20.0  current_temperature = 16.8  delta_temperature = -3.1999999999999993  elapsed_time =  0
 target_temperature = 20.0  current_temperature = 17.0  delta_temperature = -3.0  elapsed_time =  0
 target_temperature = 20.0  current_temperature = 17.4  delta_temperature = -2.6000000000000014  elapsed_time =  0
 target_temperature = 20.0  current_temperature = 17.6  delta_temperature = -2.3999999999999986  elapsed_time =  0
 target_temperature = 20.0  current_temperature = 17.7  delta_temperature = -2.3000000000000007  elapsed_time =  0
 target_temperature = 20.0  current_temperature = 17.8  delta_temperature = -2.1999999999999993  elapsed_time =  0
 target_temperature = 20.0  current_temperature = 17.8  delta_temperature = -2.1999999999999993  elapsed_time =  0
 target_temperature = 20.0  current_temperature = 17.8  delta_temperature = -2.1999999999999993  elapsed_time =  0
 target_temperature = 20.0  current_temperature = 17.9  delta_temperature = -2.1000000000000014  elapsed_time =  0
 target_temperature = 20.0  current_temperature = 17.9  delta_temperature = -2.1000000000000014  elapsed_time =  0
 target_temperature = 20.0  current_temperature = 17.9  delta_temperature = -2.1000000000000014  elapsed_time =  0
 target_temperature = 20.0  current_temperature = 17.8  delta_temperature = -2.1999999999999993  elapsed_time =  0
 target_temperature = 20.0  current_temperature = 17.8  delta_temperature = -2.1999999999999993  elapsed_time =  0
 target_temperature = 20.0  current_temperature = 17.6  delta_temperature = -2.3999999999999986  elapsed_time =  0
 target_temperature = 20.0  current_temperature = 17.6  delta_temperature = -2.3999999999999986  elapsed_time =  0
 target_temperature = 20.0  current_temperature = 17.4  delta_temperature = -2.6000000000000014  elapsed_time =  0
 target_temperature = 20.0  current_temperature = 17.3  delta_temperature = -2.6999999999999993  elapsed_time =  0
 target_temperature = 20.0  current_temperature = 17.3  delta_temperature = -2.6999999999999993  elapsed_time =  0
 target_temperature = 20.0  current_temperature = 17.1  delta_temperature = -2.8999999999999986  elapsed_time =  0
 target_temperature = 20.0  current_temperature = 17.0  delta_temperature = -3.0  elapsed_time =  0
 target_temperature = 20.0  current_temperature = 17.0  delta_temperature = -3.0  elapsed_time =  0
 target_temperature = 20.0  current_temperature = 16.9  delta_temperature = -3.1000000000000014  elapsed_time =  0
 target_temperature = 20.0  current_temperature = 16.8  delta_temperature = -3.1999999999999993  elapsed_time =  0
 target_temperature = 20.0  current_temperature = 16.8  delta_temperature = -3.1999999999999993  elapsed_time =  0
 target_temperature = 20.0  current_temperature = 16.6  delta_temperature = -3.3999999999999986  elapsed_time =  0
 target_temperature = 20.0  current_temperature = 16.5  delta_temperature = -3.5  elapsed_time =  0
 target_temperature = 20.0  current_temperature = 16.5  delta_temperature = -3.5  elapsed_time =  0
 target_temperature = 20.0  current_temperature = 16.5  delta_temperature = -3.5  elapsed_time =  0
 target_temperature = 20.0  current_temperature = 16.4  delta_temperature = -3.6000000000000014  elapsed_time =  0
 target_temperature = 20.0  current_temperature = 16.4  delta_temperature = -3.6000000000000014  elapsed_time =  0
 target_temperature = 20.0  current_temperature = 16.3  delta_temperature = -3.6999999999999993  elapsed_time =  0
 target_temperature = 20.0  current_temperature = 16.3  delta_temperature = -3.6999999999999993  elapsed_time =  0
 target_temperature = 20.0  current_temperature = 16.3  delta_temperature = -3.6999999999999993  elapsed_time =  0
 target_temperature = 20.0  current_temperature = 16.3  delta_temperature = -3.6999999999999993  elapsed_time =  0
 target_temperature = 20.0  current_temperature = 16.4  delta_temperature = -3.6000000000000014  elapsed_time =  0
 target_temperature = 20.0  current_temperature = 16.2  delta_temperature = -3.8000000000000007  elapsed_time =  0
 target_temperature = 20.0  current_temperature = 16.3  delta_temperature = -3.6999999999999993  elapsed_time =  0
 target_temperature = 20.0  current_temperature = 16.3  delta_temperature = -3.6999999999999993  elapsed_time =  0
 target_temperature = 20.0  current_temperature = 16.3  delta_temperature = -3.6999999999999993  elapsed_time =  0
 target_temperature = 20.0  current_temperature = 16.4  delta_temperature = -3.6000000000000014  elapsed_time =  0
 target_temperature = 20.0  current_temperature = 16.4  delta_temperature = -3.6000000000000014  elapsed_time =  0
 target_temperature = 20.0  current_temperature = 16.4  delta_temperature = -3.6000000000000014  elapsed_time =  0
 target_temperature = 20.0  current_temperature = 16.5  delta_temperature = -3.5  elapsed_time =  0
 target_temperature = 20.0  current_temperature = 16.5  delta_temperature = -3.5  elapsed_time =  0
 target_temperature = 20.0  current_temperature = 16.5  delta_temperature = -3.5  elapsed_time =  0
 target_temperature = 20.0  current_temperature = 16.7  delta_temperature = -3.3000000000000007  elapsed_time =  0
 target_temperature = 20.0  current_temperature = 16.7  delta_temperature = -3.3000000000000007  elapsed_time =  0
 target_temperature = 20.0  current_temperature = 16.7  delta_temperature = -3.3000000000000007  elapsed_time =  0
 target_temperature = 20.0  current_temperature = 16.8  delta_temperature = -3.1999999999999993  elapsed_time =  0
 target_temperature = 20.0  current_temperature = 16.9  delta_temperature = -3.1000000000000014  elapsed_time =  0
 target_temperature = 20.0  current_temperature = 16.9  delta_temperature = -3.1000000000000014  elapsed_time =  0
 target_temperature = 20.0  current_temperature = 17.1  delta_temperature = -2.8999999999999986  elapsed_time =  0
 target_temperature = 20.0  current_temperature = 17.2  delta_temperature = -2.8000000000000007  elapsed_time =  0
 target_temperature = 20.0  current_temperature = 17.3  delta_temperature = -2.6999999999999993  elapsed_time =  0
 target_temperature = 20.0  current_temperature = 17.4  delta_temperature = -2.6000000000000014  elapsed_time =  0
 target_temperature = 20.0  current_temperature = 17.4  delta_temperature = -2.6000000000000014  elapsed_time =  0
 target_temperature = 20.0  current_temperature = 17.6  delta_temperature = -2.3999999999999986  elapsed_time =  0
 target_temperature = 20.0  current_temperature = 17.6  delta_temperature = -2.3999999999999986  elapsed_time =  0
 target_temperature = 20.0  current_temperature = 17.7  delta_temperature = -2.3000000000000007  elapsed_time =  0
 target_temperature = 20.0  current_temperature = 17.8  delta_temperature = -2.1999999999999993  elapsed_time =  0
 target_temperature = 20.0  current_temperature = 17.8  delta_temperature = -2.1999999999999993  elapsed_time =  0
 target_temperature = 20.0  current_temperature = 17.9  delta_temperature = -2.1000000000000014  elapsed_time =  0
 target_temperature = 20.0  current_temperature = 18.0  delta_temperature = -2.0  elapsed_time =  5
 target_temperature = 20.0  current_temperature = 18.0  delta_temperature = -2.0  elapsed_time =  10
 target_temperature = 20.0  current_temperature = 18.2  delta_temperature = -1.8000000000000007  elapsed_time =  16
 target_temperature = 20.0  current_temperature = 18.3  delta_temperature = -1.6999999999999993  elapsed_time =  21
 target_temperature = 20.0  current_temperature = 18.3  delta_temperature = -1.6999999999999993  elapsed_time =  26
 target_temperature = 20.0  current_temperature = 18.4  delta_temperature = -1.6000000000000014  elapsed_time =  31
 target_temperature = 20.0  current_temperature = 18.6  delta_temperature = -1.3999999999999986  elapsed_time =  36
 target_temperature = 20.0  current_temperature = 18.6  delta_temperature = -1.3999999999999986  elapsed_time =  42
 target_temperature = 20.0  current_temperature = 18.7  delta_temperature = -1.3000000000000007  elapsed_time =  47
 target_temperature = 20.0  current_temperature = 18.8  delta_temperature = -1.1999999999999993  elapsed_time =  53
 target_temperature = 20.0  current_temperature = 18.8  delta_temperature = -1.1999999999999993  elapsed_time =  58
 target_temperature = 20.0  current_temperature = 18.9  delta_temperature = -1.1000000000000014  elapsed_time =  64
 target_temperature = 20.0  current_temperature = 19.0  delta_temperature = -1.0  elapsed_time =  70
 target_temperature = 20.0  current_temperature = 19.1  delta_temperature = -0.8999999999999986  elapsed_time =  76
 target_temperature = 20.0  current_temperature = 19.2  delta_temperature = -0.8000000000000007  elapsed_time =  81
 target_temperature = 20.0  current_temperature = 19.2  delta_temperature = -0.8000000000000007  elapsed_time =  86
 target_temperature = 20.0  current_temperature = 19.2  delta_temperature = -0.8000000000000007  elapsed_time =  91
 target_temperature = 20.0  current_temperature = 19.3  delta_temperature = -0.6999999999999993  elapsed_time =  96
 target_temperature = 20.0  current_temperature = 19.4  delta_temperature = -0.6000000000000014  elapsed_time =  102
 target_temperature = 20.0  current_temperature = 19.4  delta_temperature = -0.6000000000000014  elapsed_time =  107
 target_temperature = 20.0  current_temperature = 19.5  delta_temperature = -0.5  elapsed_time =  112
 target_temperature = 20.0  current_temperature = 19.7  delta_temperature = -0.3000000000000007  elapsed_time =  118
 target_temperature = 20.0  current_temperature = 19.8  delta_temperature = -0.1999999999999993  elapsed_time =  124
 target_temperature = 20.0  current_temperature = 19.7  delta_temperature = -0.3000000000000007  elapsed_time =  129
 target_temperature = 20.0  current_temperature = 19.7  delta_temperature = -0.3000000000000007  elapsed_time =  134
 target_temperature = 20.0  current_temperature = 19.8  delta_temperature = -0.1999999999999993  elapsed_time =  139
 target_temperature = 20.0  current_temperature = 19.8  delta_temperature = -0.1999999999999993  elapsed_time =  144
 target_temperature = 20.0  current_temperature = 19.8  delta_temperature = -0.1999999999999993  elapsed_time =  150
 target_temperature = 20.0  current_temperature = 19.9  delta_temperature = -0.10000000000000142  elapsed_time =  155
 target_temperature = 20.0  current_temperature = 19.9  delta_temperature = -0.10000000000000142  elapsed_time =  161
 target_temperature = 20.0  current_temperature = 20.0  delta_temperature = 0.0  elapsed_time =  168
 target_temperature = 20.0  current_temperature = 20.0  delta_temperature = 0.0  elapsed_time =  173
 target_temperature = 20.0  current_temperature = 20.0  delta_temperature = 0.0  elapsed_time =  178
 target_temperature = 20.0  current_temperature = 20.1  delta_temperature = 0.10000000000000142  elapsed_time =  183
 target_temperature = 20.0  current_temperature = 20.1  delta_temperature = 0.10000000000000142  elapsed_time =  189
 target_temperature = 20.0  current_temperature = 20.2  delta_temperature = 0.1999999999999993  elapsed_time =  195
 target_temperature = 20.0  current_temperature = 20.2  delta_temperature = 0.1999999999999993  elapsed_time =  200
 target_temperature = 20.0  current_temperature = 20.3  delta_temperature = 0.3000000000000007  elapsed_time =  205
 target_temperature = 20.0  current_temperature = 20.3  delta_temperature = 0.3000000000000007  elapsed_time =  210
 target_temperature = 20.0  current_temperature = 20.4  delta_temperature = 0.3999999999999986  elapsed_time =  216
 target_temperature = 20.0  current_temperature = 20.4  delta_temperature = 0.3999999999999986  elapsed_time =  221
 target_temperature = 20.0  current_temperature = 20.4  delta_temperature = 0.3999999999999986  elapsed_time =  226
 target_temperature = 20.0  current_temperature = 20.5  delta_temperature = 0.5  elapsed_time =  232
 target_temperature = 20.0  current_temperature = 20.5  delta_temperature = 0.5  elapsed_time =  237
 target_temperature = 20.0  current_temperature = 20.5  delta_temperature = 0.5  elapsed_time =  242
 target_temperature = 20.0  current_temperature = 20.6  delta_temperature = 0.6000000000000014  elapsed_time =  248
 target_temperature = 20.0  current_temperature = 20.5  delta_temperature = 0.5  elapsed_time =  253
 target_temperature = 20.0  current_temperature = 20.6  delta_temperature = 0.6000000000000014  elapsed_time =  258
 target_temperature = 20.0  current_temperature = 20.7  delta_temperature = 0.6999999999999993  elapsed_time =  264
 target_temperature = 20.0  current_temperature = 20.7  delta_temperature = 0.6999999999999993  elapsed_time =  269
 target_temperature = 20.0  current_temperature = 20.8  delta_temperature = 0.8000000000000007  elapsed_time =  277
 target_temperature = 20.0  current_temperature = 20.7  delta_temperature = 0.6999999999999993  elapsed_time =  283
 target_temperature = 20.0  current_temperature = 20.7  delta_temperature = 0.6999999999999993  elapsed_time =  288
 target_temperature = 20.0  current_temperature = 20.8  delta_temperature = 0.8000000000000007  elapsed_time =  293
 target_temperature = 20.0  current_temperature = 20.8  delta_temperature = 0.8000000000000007  elapsed_time =  299
 target_temperature = 20.0  current_temperature = 20.9  delta_temperature = 0.8999999999999986  elapsed_time =  304
 target_temperature = 20.0  current_temperature = 20.9  delta_temperature = 0.8999999999999986  elapsed_time =  310
 target_temperature = 20.0  current_temperature = 20.9  delta_temperature = 0.8999999999999986  elapsed_time =  315
 target_temperature = 20.0  current_temperature = 20.9  delta_temperature = 0.8999999999999986  elapsed_time =  320
 target_temperature = 20.0  current_temperature = 21.0  delta_temperature = 1.0  elapsed_time =  325
 target_temperature = 20.0  current_temperature = 21.0  delta_temperature = 1.0  elapsed_time =  331
 target_temperature = 20.0  current_temperature = 21.1  delta_temperature = 1.1000000000000014  elapsed_time =  336
 target_temperature = 20.0  current_temperature = 21.1  delta_temperature = 1.1000000000000014  elapsed_time =  341
 target_temperature = 20.0  current_temperature = 21.2  delta_temperature = 1.1999999999999993  elapsed_time =  346
 target_temperature = 20.0  current_temperature = 21.2  delta_temperature = 1.1999999999999993  elapsed_time =  352
 target_temperature = 20.0  current_temperature = 21.2  delta_temperature = 1.1999999999999993  elapsed_time =  357
 target_temperature = 20.0  current_temperature = 21.2  delta_temperature = 1.1999999999999993  elapsed_time =  362
 target_temperature = 20.0  current_temperature = 21.2  delta_temperature = 1.1999999999999993  elapsed_time =  368
 target_temperature = 20.0  current_temperature = 21.2  delta_temperature = 1.1999999999999993  elapsed_time =  373
 target_temperature = 20.0  current_temperature = 21.2  delta_temperature = 1.1999999999999993  elapsed_time =  378
 target_temperature = 20.0  current_temperature = 21.3  delta_temperature = 1.3000000000000007  elapsed_time =  383
 target_temperature = 20.0  current_temperature = 21.3  delta_temperature = 1.3000000000000007  elapsed_time =  388
 target_temperature = 20.0  current_temperature = 21.3  delta_temperature = 1.3000000000000007  elapsed_time =  394
 target_temperature = 20.0  current_temperature = 21.3  delta_temperature = 1.3000000000000007  elapsed_time =  401
 target_temperature = 20.0  current_temperature = 21.4  delta_temperature = 1.3999999999999986  elapsed_time =  406
 target_temperature = 20.0  current_temperature = 21.4  delta_temperature = 1.3999999999999986  elapsed_time =  411
 target_temperature = 20.0  current_temperature = 21.4  delta_temperature = 1.3999999999999986  elapsed_time =  416
 target_temperature = 20.0  current_temperature = 21.4  delta_temperature = 1.3999999999999986  elapsed_time =  421
 target_temperature = 20.0  current_temperature = 21.5  delta_temperature = 1.5  elapsed_time =  428
 target_temperature = 20.0  current_temperature = 21.5  delta_temperature = 1.5  elapsed_time =  433
 target_temperature = 20.0  current_temperature = 21.5  delta_temperature = 1.5  elapsed_time =  438
 target_temperature = 20.0  current_temperature = 21.5  delta_temperature = 1.5  elapsed_time =  444
 target_temperature = 20.0  current_temperature = 21.5  delta_temperature = 1.5  elapsed_time =  449
 target_temperature = 20.0  current_temperature = 21.6  delta_temperature = 1.6000000000000014  elapsed_time =  455
 target_temperature = 20.0  current_temperature = 21.6  delta_temperature = 1.6000000000000014  elapsed_time =  460
 target_temperature = 20.0  current_temperature = 21.6  delta_temperature = 1.6000000000000014  elapsed_time =  465
 target_temperature = 20.0  current_temperature = 21.6  delta_temperature = 1.6000000000000014  elapsed_time =  472
 target_temperature = 20.0  current_temperature = 21.6  delta_temperature = 1.6000000000000014  elapsed_time =  477
 target_temperature = 20.0  current_temperature = 21.6  delta_temperature = 1.6000000000000014  elapsed_time =  482
 target_temperature = 20.0  current_temperature = 21.7  delta_temperature = 1.6999999999999993  elapsed_time =  488
 target_temperature = 20.0  current_temperature = 21.7  delta_temperature = 1.6999999999999993  elapsed_time =  493
 target_temperature = 20.0  current_temperature = 21.7  delta_temperature = 1.6999999999999993  elapsed_time =  498
 target_temperature = 20.0  current_temperature = 21.7  delta_temperature = 1.6999999999999993  elapsed_time =  503
 target_temperature = 20.0  current_temperature = 21.6  delta_temperature = 1.6000000000000014  elapsed_time =  508
 target_temperature = 20.0  current_temperature = 21.6  delta_temperature = 1.6000000000000014  elapsed_time =  514
 target_temperature = 20.0  current_temperature = 21.6  delta_temperature = 1.6000000000000014  elapsed_time =  519
 target_temperature = 20.0  current_temperature = 21.6  delta_temperature = 1.6000000000000014  elapsed_time =  524
 target_temperature = 20.0  current_temperature = 21.6  delta_temperature = 1.6000000000000014  elapsed_time =  530
 target_temperature = 20.0  current_temperature = 21.5  delta_temperature = 1.5  elapsed_time =  535
 target_temperature = 20.0  current_temperature = 21.4  delta_temperature = 1.3999999999999986  elapsed_time =  540
 target_temperature = 20.0  current_temperature = 21.4  delta_temperature = 1.3999999999999986  elapsed_time =  546
 target_temperature = 20.0  current_temperature = 21.2  delta_temperature = 1.1999999999999993  elapsed_time =  552
 target_temperature = 20.0  current_temperature = 21.3  delta_temperature = 1.3000000000000007  elapsed_time =  558
 target_temperature = 20.0  current_temperature = 21.2  delta_temperature = 1.1999999999999993  elapsed_time =  564
 target_temperature = 20.0  current_temperature = 21.2  delta_temperature = 1.1999999999999993  elapsed_time =  570
 target_temperature = 20.0  current_temperature = 21.2  delta_temperature = 1.1999999999999993  elapsed_time =  575
 target_temperature = 20.0  current_temperature = 21.1  delta_temperature = 1.1000000000000014  elapsed_time =  580
 target_temperature = 20.0  current_temperature = 21.1  delta_temperature = 1.1000000000000014  elapsed_time =  586
 target_temperature = 20.0  current_temperature = 21.1  delta_temperature = 1.1000000000000014  elapsed_time =  591
 target_temperature = 20.0  current_temperature = 21.1  delta_temperature = 1.1000000000000014  elapsed_time =  596
 target_temperature = 20.0  current_temperature = 21.1  delta_temperature = 1.1000000000000014  elapsed_time =  601
 target_temperature = 20.0  current_temperature = 21.1  delta_temperature = 1.1000000000000014  elapsed_time =  606
 target_temperature = 20.0  current_temperature = 20.9  delta_temperature = 0.8999999999999986  elapsed_time =  612
 target_temperature = 20.0  current_temperature = 20.9  delta_temperature = 0.8999999999999986  elapsed_time =  617
 target_temperature = 20.0  current_temperature = 20.9  delta_temperature = 0.8999999999999986  elapsed_time =  622
 target_temperature = 20.0  current_temperature = 20.9  delta_temperature = 0.8999999999999986  elapsed_time =  627
 target_temperature = 20.0  current_temperature = 20.9  delta_temperature = 0.8999999999999986  elapsed_time =  634
 target_temperature = 20.0  current_temperature = 20.8  delta_temperature = 0.8000000000000007  elapsed_time =  640
 target_temperature = 20.0  current_temperature = 20.7  delta_temperature = 0.6999999999999993  elapsed_time =  645
 target_temperature = 20.0  current_temperature = 20.7  delta_temperature = 0.6999999999999993  elapsed_time =  651
 target_temperature = 20.0  current_temperature = 20.8  delta_temperature = 0.8000000000000007  elapsed_time =  657
 target_temperature = 20.0  current_temperature = 20.7  delta_temperature = 0.6999999999999993  elapsed_time =  662
 target_temperature = 20.0  current_temperature = 20.7  delta_temperature = 0.6999999999999993  elapsed_time =  668
 target_temperature = 20.0  current_temperature = 20.7  delta_temperature = 0.6999999999999993  elapsed_time =  673
 target_temperature = 20.0  current_temperature = 20.7  delta_temperature = 0.6999999999999993  elapsed_time =  678
 target_temperature = 20.0  current_temperature = 20.7  delta_temperature = 0.6999999999999993  elapsed_time =  683
 target_temperature = 20.0  current_temperature = 20.5  delta_temperature = 0.5  elapsed_time =  688
 target_temperature = 20.0  current_temperature = 20.5  delta_temperature = 0.5  elapsed_time =  693
 target_temperature = 20.0  current_temperature = 20.5  delta_temperature = 0.5  elapsed_time =  699
 target_temperature = 20.0  current_temperature = 20.4  delta_temperature = 0.3999999999999986  elapsed_time =  704
 target_temperature = 20.0  current_temperature = 20.4  delta_temperature = 0.3999999999999986  elapsed_time =  709
 target_temperature = 20.0  current_temperature = 20.4  delta_temperature = 0.3999999999999986  elapsed_time =  714
 target_temperature = 20.0  current_temperature = 20.4  delta_temperature = 0.3999999999999986  elapsed_time =  720
 target_temperature = 20.0  current_temperature = 20.4  delta_temperature = 0.3999999999999986  elapsed_time =  725
 target_temperature = 20.0  current_temperature = 20.3  delta_temperature = 0.3000000000000007  elapsed_time =  730
 target_temperature = 20.0  current_temperature = 20.3  delta_temperature = 0.3000000000000007  elapsed_time =  737
 target_temperature = 20.0  current_temperature = 20.3  delta_temperature = 0.3000000000000007  elapsed_time =  742
 target_temperature = 20.0  current_temperature = 20.3  delta_temperature = 0.3000000000000007  elapsed_time =  748
 target_temperature = 20.0  current_temperature = 20.3  delta_temperature = 0.3000000000000007  elapsed_time =  753
 target_temperature = 20.0  current_temperature = 20.3  delta_temperature = 0.3000000000000007  elapsed_time =  758
 target_temperature = 20.0  current_temperature = 20.2  delta_temperature = 0.1999999999999993  elapsed_time =  763
 target_temperature = 20.0  current_temperature = 20.2  delta_temperature = 0.1999999999999993  elapsed_time =  770
 target_temperature = 20.0  current_temperature = 20.3  delta_temperature = 0.3000000000000007  elapsed_time =  776
 target_temperature = 20.0  current_temperature = 20.3  delta_temperature = 0.3000000000000007  elapsed_time =  781
 target_temperature = 20.0  current_temperature = 20.3  delta_temperature = 0.3000000000000007  elapsed_time =  787
 target_temperature = 20.0  current_temperature = 20.2  delta_temperature = 0.1999999999999993  elapsed_time =  792
 target_temperature = 20.0  current_temperature = 20.2  delta_temperature = 0.1999999999999993  elapsed_time =  797
 target_temperature = 20.0  current_temperature = 20.2  delta_temperature = 0.1999999999999993  elapsed_time =  803
 target_temperature = 20.0  current_temperature = 20.2  delta_temperature = 0.1999999999999993  elapsed_time =  809
 target_temperature = 20.0  current_temperature = 20.2  delta_temperature = 0.1999999999999993  elapsed_time =  814
 target_temperature = 20.0  current_temperature = 20.1  delta_temperature = 0.10000000000000142  elapsed_time =  819
 target_temperature = 20.0  current_temperature = 20.1  delta_temperature = 0.10000000000000142  elapsed_time =  824
 target_temperature = 20.0  current_temperature = 20.1  delta_temperature = 0.10000000000000142  elapsed_time =  830
 target_temperature = 20.0  current_temperature = 20.1  delta_temperature = 0.10000000000000142  elapsed_time =  835
 target_temperature = 20.0  current_temperature = 20.1  delta_temperature = 0.10000000000000142  elapsed_time =  841
 target_temperature = 20.0  current_temperature = 20.1  delta_temperature = 0.10000000000000142  elapsed_time =  847
 target_temperature = 20.0  current_temperature = 19.9  delta_temperature = -0.10000000000000142  elapsed_time =  852
 target_temperature = 20.0  current_temperature = 20.0  delta_temperature = 0.0  elapsed_time =  858
 target_temperature = 20.0  current_temperature = 20.0  delta_temperature = 0.0  elapsed_time =  863
 target_temperature = 20.0  current_temperature = 20.0  delta_temperature = 0.0  elapsed_time =  868
 target_temperature = 20.0  current_temperature = 20.0  delta_temperature = 0.0  elapsed_time =  876
 target_temperature = 20.0  current_temperature = 20.0  delta_temperature = 0.0  elapsed_time =  881
 target_temperature = 20.0  current_temperature = 20.0  delta_temperature = 0.0  elapsed_time =  888
 target_temperature = 20.0  current_temperature = 20.0  delta_temperature = 0.0  elapsed_time =  893
 target_temperature = 20.0  current_temperature = 20.0  delta_temperature = 0.0  elapsed_time =  899
 target_temperature = 20.0  current_temperature = 20.0  delta_temperature = 0.0  elapsed_time =  904
 target_temperature = 20.0  current_temperature = 20.0  delta_temperature = 0.0  elapsed_time =  909
 target_temperature = 20.0  current_temperature = 20.0  delta_temperature = 0.0  elapsed_time =  915
 target_temperature = 20.0  current_temperature = 20.0  delta_temperature = 0.0  elapsed_time =  920
 target_temperature = 20.0  current_temperature = 20.1  delta_temperature = 0.10000000000000142  elapsed_time =  925
 target_temperature = 20.0  current_temperature = 20.1  delta_temperature = 0.10000000000000142  elapsed_time =  930
 target_temperature = 20.0  current_temperature = 20.1  delta_temperature = 0.10000000000000142  elapsed_time =  936
 target_temperature = 20.0  current_temperature = 20.1  delta_temperature = 0.10000000000000142  elapsed_time =  941
 target_temperature = 20.0  current_temperature = 20.0  delta_temperature = 0.0  elapsed_time =  946
 target_temperature = 20.0  current_temperature = 20.0  delta_temperature = 0.0  elapsed_time =  951
 target_temperature = 20.0  current_temperature = 20.0  delta_temperature = 0.0  elapsed_time =  957
 target_temperature = 20.0  current_temperature = 20.0  delta_temperature = 0.0  elapsed_time =  962
 target_temperature = 20.0  current_temperature = 20.0  delta_temperature = 0.0  elapsed_time =  968
 target_temperature = 20.0  current_temperature = 19.9  delta_temperature = -0.10000000000000142  elapsed_time =  973
 target_temperature = 20.0  current_temperature = 19.9  delta_temperature = -0.10000000000000142  elapsed_time =  978
 target_temperature = 20.0  current_temperature = 20.0  delta_temperature = 0.0  elapsed_time =  984
 target_temperature = 20.0  current_temperature = 20.0  delta_temperature = 0.0  elapsed_time =  990
 target_temperature = 20.0  current_temperature = 20.0  delta_temperature = 0.0  elapsed_time =  995
 target_temperature = 20.0  current_temperature = 19.9  delta_temperature = -0.10000000000000142  elapsed_time =  1002
 target_temperature = 20.0  current_temperature = 19.9  delta_temperature = -0.10000000000000142  elapsed_time =  1007
 target_temperature = 20.0  current_temperature = 19.9  delta_temperature = -0.10000000000000142  elapsed_time =  1012
 target_temperature = 20.0  current_temperature = 20.0  delta_temperature = 0.0  elapsed_time =  1018
 target_temperature = 20.0  current_temperature = 20.0  delta_temperature = 0.0  elapsed_time =  1023
 target_temperature = 20.0  current_temperature = 20.0  delta_temperature = 0.0  elapsed_time =  1028
 target_temperature = 20.0  current_temperature = 19.9  delta_temperature = -0.10000000000000142  elapsed_time =  1033
 target_temperature = 20.0  current_temperature = 19.9  delta_temperature = -0.10000000000000142  elapsed_time =  1039
 target_temperature = 20.0  current_temperature = 20.0  delta_temperature = 0.0  elapsed_time =  1044
 target_temperature = 20.0  current_temperature = 20.0  delta_temperature = 0.0  elapsed_time =  1049
 target_temperature = 20.0  current_temperature = 20.0  delta_temperature = 0.0  elapsed_time =  1055
 target_temperature = 20.0  current_temperature = 20.0  delta_temperature = 0.0  elapsed_time =  1060
 target_temperature = 20.0  current_temperature = 20.0  delta_temperature = 0.0  elapsed_time =  1067
 target_temperature = 20.0  current_temperature = 20.1  delta_temperature = 0.10000000000000142  elapsed_time =  1073
 target_temperature = 20.0  current_temperature = 20.1  delta_temperature = 0.10000000000000142  elapsed_time =  1078
 target_temperature = 20.0  current_temperature = 20.1  delta_temperature = 0.10000000000000142  elapsed_time =  1083
 target_temperature = 20.0  current_temperature = 20.1  delta_temperature = 0.10000000000000142  elapsed_time =  1089
 target_temperature = 20.0  current_temperature = 19.9  delta_temperature = -0.10000000000000142  elapsed_time =  1094
 target_temperature = 20.0  current_temperature = 20.0  delta_temperature = 0.0  elapsed_time =  1101
 target_temperature = 20.0  current_temperature = 20.0  delta_temperature = 0.0  elapsed_time =  1107
 target_temperature = 20.0  current_temperature = 20.0  delta_temperature = 0.0  elapsed_time =  1113
 target_temperature = 20.0  current_temperature = 20.0  delta_temperature = 0.0  elapsed_time =  1118
 target_temperature = 20.0  current_temperature = 19.9  delta_temperature = -0.10000000000000142  elapsed_time =  1123
 target_temperature = 20.0  current_temperature = 19.9  delta_temperature = -0.10000000000000142  elapsed_time =  1129
 target_temperature = 20.0  current_temperature = 20.0  delta_temperature = 0.0  elapsed_time =  1134
 target_temperature = 20.0  current_temperature = 20.0  delta_temperature = 0.0  elapsed_time =  1140
 target_temperature = 20.0  current_temperature = 20.0  delta_temperature = 0.0  elapsed_time =  1145
 target_temperature = 20.0  current_temperature = 20.0  delta_temperature = 0.0  elapsed_time =  1150
 target_temperature = 20.0  current_temperature = 19.9  delta_temperature = -0.10000000000000142  elapsed_time =  1155
 target_temperature = 20.0  current_temperature = 19.9  delta_temperature = -0.10000000000000142  elapsed_time =  1161
 target_temperature = 20.0  current_temperature = 20.0  delta_temperature = 0.0  elapsed_time =  1166
 target_temperature = 20.0  current_temperature = 20.0  delta_temperature = 0.0  elapsed_time =  1172
 target_temperature = 20.0  current_temperature = 20.0  delta_temperature = 0.0  elapsed_time =  1178
 target_temperature = 20.0  current_temperature = 19.9  delta_temperature = -0.10000000000000142  elapsed_time =  1183
 target_temperature = 20.0  current_temperature = 20.0  delta_temperature = 0.0  elapsed_time =  1189
 target_temperature = 20.0  current_temperature = 20.0  delta_temperature = 0.0  elapsed_time =  1194
 target_temperature = 20.0  current_temperature = 20.0  delta_temperature = 0.0  elapsed_time =  1199
 target_temperature = 20.0  current_temperature = 20.0  delta_temperature = 0.0  elapsed_time =  1204
 target_temperature = 20.0  current_temperature = 20.0  delta_temperature = 0.0  elapsed_time =  1209
 target_temperature = 20.0  current_temperature = 20.0  delta_temperature = 0.0  elapsed_time =  1214
 target_temperature = 20.0  current_temperature = 20.0  delta_temperature = 0.0  elapsed_time =  1220
 target_temperature = 20.0  current_temperature = 20.0  delta_temperature = 0.0  elapsed_time =  1227
 target_temperature = 20.0  current_temperature = 20.0  delta_temperature = 0.0  elapsed_time =  1234
 target_temperature = 20.0  current_temperature = 20.0  delta_temperature = 0.0  elapsed_time =  1240
 target_temperature = 20.0  current_temperature = 19.9  delta_temperature = -0.10000000000000142  elapsed_time =  1245
 target_temperature = 20.0  current_temperature = 19.9  delta_temperature = -0.10000000000000142  elapsed_time =  1250
 target_temperature = 20.0  current_temperature = 19.9  delta_temperature = -0.10000000000000142  elapsed_time =  1255
 target_temperature = 20.0  current_temperature = 20.0  delta_temperature = 0.0  elapsed_time =  1260
 target_temperature = 20.0  current_temperature = 20.0  delta_temperature = 0.0  elapsed_time =  1265
 target_temperature = 20.0  current_temperature = 19.9  delta_temperature = -0.10000000000000142  elapsed_time =  1271
 target_temperature = 20.0  current_temperature = 19.9  delta_temperature = -0.10000000000000142  elapsed_time =  1276
 target_temperature = 20.0  current_temperature = 19.9  delta_temperature = -0.10000000000000142  elapsed_time =  1282
 target_temperature = 20.0  current_temperature = 19.9  delta_temperature = -0.10000000000000142  elapsed_time =  1287
 target_temperature = 20.0  current_temperature = 20.0  delta_temperature = 0.0  elapsed_time =  1292
 target_temperature = 20.0  current_temperature = 20.1  delta_temperature = 0.10000000000000142  elapsed_time =  1297
 target_temperature = 20.0  current_temperature = 20.0  delta_temperature = 0.0  elapsed_time =  1303
 target_temperature = 20.0  current_temperature = 19.9  delta_temperature = -0.10000000000000142  elapsed_time =  1309
 target_temperature = 20.0  current_temperature = 20.0  delta_temperature = 0.0  elapsed_time =  1314
 target_temperature = 20.0  current_temperature = 20.0  delta_temperature = 0.0  elapsed_time =  1320
 target_temperature = 20.0  current_temperature = 20.0  delta_temperature = 0.0  elapsed_time =  1325
 target_temperature = 20.0  current_temperature = 20.0  delta_temperature = 0.0  elapsed_time =  1331
 target_temperature = 20.0  current_temperature = 19.9  delta_temperature = -0.10000000000000142  elapsed_time =  1336
 target_temperature = 20.0  current_temperature = 20.0  delta_temperature = 0.0  elapsed_time =  1341
 target_temperature = 20.0  current_temperature = 20.0  delta_temperature = 0.0  elapsed_time =  1347
 target_temperature = 20.0  current_temperature = 20.0  delta_temperature = 0.0  elapsed_time =  1352
 target_temperature = 20.0  current_temperature = 20.0  delta_temperature = 0.0  elapsed_time =  1357
 target_temperature = 20.0  current_temperature = 20.0  delta_temperature = 0.0  elapsed_time =  1362
 target_temperature = 20.0  current_temperature = 19.9  delta_temperature = -0.10000000000000142  elapsed_time =  1367
 target_temperature = 20.0  current_temperature = 20.0  delta_temperature = 0.0  elapsed_time =  1372
 target_temperature = 20.0  current_temperature = 20.0  delta_temperature = 0.0  elapsed_time =  1378
 target_temperature = 20.0  current_temperature = 20.0  delta_temperature = 0.0  elapsed_time =  1383
 target_temperature = 20.0  current_temperature = 20.0  delta_temperature = 0.0  elapsed_time =  1388
 target_temperature = 20.0  current_temperature = 19.9  delta_temperature = -0.10000000000000142  elapsed_time =  1395
 target_temperature = 20.0  current_temperature = 19.9  delta_temperature = -0.10000000000000142  elapsed_time =  1400
 target_temperature = 20.0  current_temperature = 19.9  delta_temperature = -0.10000000000000142  elapsed_time =  1405
 target_temperature = 20.0  current_temperature = 20.0  delta_temperature = 0.0  elapsed_time =  1410
 target_temperature = 20.0  current_temperature = 20.0  delta_temperature = 0.0  elapsed_time =  1416
 target_temperature = 20.0  current_temperature = 19.9  delta_temperature = -0.10000000000000142  elapsed_time =  1421
 target_temperature = 20.0  current_temperature = 19.9  delta_temperature = -0.10000000000000142  elapsed_time =  1426
 target_temperature = 20.0  current_temperature = 19.9  delta_temperature = -0.10000000000000142  elapsed_time =  1432
 target_temperature = 20.0  current_temperature = 20.0  delta_temperature = 0.0  elapsed_time =  1438
 target_temperature = 20.0  current_temperature = 20.0  delta_temperature = 0.0  elapsed_time =  1443
 target_temperature = 20.0  current_temperature = 20.0  delta_temperature = 0.0  elapsed_time =  1448
 target_temperature = 20.0  current_temperature = 19.9  delta_temperature = -0.10000000000000142  elapsed_time =  1453
 target_temperature = 20.0  current_temperature = 19.9  delta_temperature = -0.10000000000000142  elapsed_time =  1458
 target_temperature = 20.0  current_temperature = 20.0  delta_temperature = 0.0  elapsed_time =  1464
 target_temperature = 20.0  current_temperature = 20.0  delta_temperature = 0.0  elapsed_time =  1470
 target_temperature = 20.0  current_temperature = 20.0  delta_temperature = 0.0  elapsed_time =  1475
 target_temperature = 20.0  current_temperature = 20.0  delta_temperature = 0.0  elapsed_time =  1480
 target_temperature = 20.0  current_temperature = 19.9  delta_temperature = -0.10000000000000142  elapsed_time =  1485
 target_temperature = 20.0  current_temperature = 20.0  delta_temperature = 0.0  elapsed_time =  1491
 target_temperature = 20.0  current_temperature = 20.0  delta_temperature = 0.0  elapsed_time =  1496
 target_temperature = 20.0  current_temperature = 20.0  delta_temperature = 0.0  elapsed_time =  1502
 target_temperature = 20.0  current_temperature = 20.0  delta_temperature = 0.0  elapsed_time =  1508
 target_temperature = 20.0  current_temperature = 19.9  delta_temperature = -0.10000000000000142  elapsed_time =  1514
 target_temperature = 20.0  current_temperature = 19.9  delta_temperature = -0.10000000000000142  elapsed_time =  1519
 target_temperature = 20.0  current_temperature = 20.0  delta_temperature = 0.0  elapsed_time =  1524
 target_temperature = 20.0  current_temperature = 20.0  delta_temperature = 0.0  elapsed_time =  1530
 target_temperature = 20.0  current_temperature = 19.9  delta_temperature = -0.10000000000000142  elapsed_time =  1535
 target_temperature = 20.0  current_temperature = 19.9  delta_temperature = -0.10000000000000142  elapsed_time =  1540
 target_temperature = 20.0  current_temperature = 19.9  delta_temperature = -0.10000000000000142  elapsed_time =  1546
 target_temperature = 20.0  current_temperature = 19.9  delta_temperature = -0.10000000000000142  elapsed_time =  1552
 target_temperature = 20.0  current_temperature = 19.9  delta_temperature = -0.10000000000000142  elapsed_time =  1557
 target_temperature = 20.0  current_temperature = 19.9  delta_temperature = -0.10000000000000142  elapsed_time =  1563
 target_temperature = 20.0  current_temperature = 19.9  delta_temperature = -0.10000000000000142  elapsed_time =  1569
 target_temperature = 20.0  current_temperature = 19.9  delta_temperature = -0.10000000000000142  elapsed_time =  1574
 target_temperature = 20.0  current_temperature = 19.9  delta_temperature = -0.10000000000000142  elapsed_time =  1579
 target_temperature = 20.0  current_temperature = 20.0  delta_temperature = 0.0  elapsed_time =  1584
 target_temperature = 20.0  current_temperature = 20.0  delta_temperature = 0.0  elapsed_time =  1589
 target_temperature = 20.0  current_temperature = 20.0  delta_temperature = 0.0  elapsed_time =  1595
 target_temperature = 20.0  current_temperature = 20.0  delta_temperature = 0.0  elapsed_time =  1602
 target_temperature = 20.0  current_temperature = 19.9  delta_temperature = -0.10000000000000142  elapsed_time =  1608
 target_temperature = 20.0  current_temperature = 20.1  delta_temperature = 0.10000000000000142  elapsed_time =  1617
 target_temperature = 20.0  current_temperature = 20.1  delta_temperature = 0.10000000000000142  elapsed_time =  1622
 target_temperature = 20.0  current_temperature = 20.1  delta_temperature = 0.10000000000000142  elapsed_time =  1628
 target_temperature = 20.0  current_temperature = 20.1  delta_temperature = 0.10000000000000142  elapsed_time =  1633
 target_temperature = 20.0  current_temperature = 20.0  delta_temperature = 0.0  elapsed_time =  1638
 target_temperature = 20.0  current_temperature = 20.1  delta_temperature = 0.10000000000000142  elapsed_time =  1644
 target_temperature = 20.0  current_temperature = 20.1  delta_temperature = 0.10000000000000142  elapsed_time =  1649
 target_temperature = 20.0  current_temperature = 20.1  delta_temperature = 0.10000000000000142  elapsed_time =  1655
 target_temperature = 20.0  current_temperature = 20.1  delta_temperature = 0.10000000000000142  elapsed_time =  1660
 target_temperature = 20.0  current_temperature = 20.0  delta_temperature = 0.0  elapsed_time =  1666
 target_temperature = 20.0  current_temperature = 20.0  delta_temperature = 0.0  elapsed_time =  1671
 target_temperature = 20.0  current_temperature = 20.0  delta_temperature = 0.0  elapsed_time =  1676
 target_temperature = 20.0  current_temperature = 20.0  delta_temperature = 0.0  elapsed_time =  1681
 target_temperature = 20.0  current_temperature = 20.0  delta_temperature = 0.0  elapsed_time =  1686
 target_temperature = 20.0  current_temperature = 20.0  delta_temperature = 0.0  elapsed_time =  1692
 target_temperature = 20.0  current_temperature = 20.0  delta_temperature = 0.0  elapsed_time =  1697
 target_temperature = 20.0  current_temperature = 20.0  delta_temperature = 0.0  elapsed_time =  1702
 target_temperature = 20.0  current_temperature = 20.1  delta_temperature = 0.10000000000000142  elapsed_time =  1708
 target_temperature = 20.0  current_temperature = 20.1  delta_temperature = 0.10000000000000142  elapsed_time =  1713
 target_temperature = 20.0  current_temperature = 20.1  delta_temperature = 0.10000000000000142  elapsed_time =  1719
 target_temperature = 20.0  current_temperature = 20.0  delta_temperature = 0.0  elapsed_time =  1725
 target_temperature = 20.0  current_temperature = 20.0  delta_temperature = 0.0  elapsed_time =  1732
 target_temperature = 20.0  current_temperature = 20.1  delta_temperature = 0.10000000000000142  elapsed_time =  1737
 target_temperature = 20.0  current_temperature = 20.1  delta_temperature = 0.10000000000000142  elapsed_time =  1742
 target_temperature = 20.0  current_temperature = 20.1  delta_temperature = 0.10000000000000142  elapsed_time =  1747
 target_temperature = 20.0  current_temperature = 20.1  delta_temperature = 0.10000000000000142  elapsed_time =  1752
 target_temperature = 20.0  current_temperature = 20.1  delta_temperature = 0.10000000000000142  elapsed_time =  1759
 target_temperature = 20.0  current_temperature = 20.2  delta_temperature = 0.1999999999999993  elapsed_time =  1765
 target_temperature = 20.0  current_temperature = 20.2  delta_temperature = 0.1999999999999993  elapsed_time =  1771
 target_temperature = 20.0  current_temperature = 20.2  delta_temperature = 0.1999999999999993  elapsed_time =  1776
 target_temperature = 20.0  current_temperature = 20.2  delta_temperature = 0.1999999999999993  elapsed_time =  1781
 target_temperature = 20.0  current_temperature = 20.1  delta_temperature = 0.10000000000000142  elapsed_time =  1786
 target_temperature = 20.0  current_temperature = 20.1  delta_temperature = 0.10000000000000142  elapsed_time =  1792
 target_temperature = 20.0  current_temperature = 20.1  delta_temperature = 0.10000000000000142  elapsed_time =  1797
 target_temperature = 20.0  current_temperature = 20.1  delta_temperature = 0.10000000000000142  elapsed_time =  1803
