 --- 
 --- START: /home/eic/DATA/2023-characterisation/actual/20230626-145904/memmert-hama3 
 --- 
1687784345 | Mon 26 Jun 14:59:05 CEST 2023 
 --- 
 --- go to -30 C: /au/memmert/memmert_go_to_minus_30.sh 
 --- 
 --- SCAN: /home/eic/DATA/2023-characterisation/actual/20230626-145904/memmert-hama3 
 --- 
1687794567 | Mon 26 Jun 17:49:27 CEST 2023 
 --- 
 --- starting IV setup: /au/measure/2023-characterisation/run-iv-setup.sh run-memmert-hama3-setup
 --- starting DCR setup: /au/measure/2023-characterisation/run-dcr-setup.sh run-memmert-hama3-setup
 --- waiting for processes to complete 
 --- 
 --- COMPLETED: /home/eic/DATA/2023-characterisation/actual/20230626-145904/memmert-hama3 
 --- 
1687799045 | Mon 26 Jun 19:04:05 CEST 2023 
 --- 
 --- go back to 20 C: /au/memmert/memmert_back_to_plus_20.sh 
 --- 
 --- DONE: /home/eic/DATA/2023-characterisation/actual/20230626-145904/memmert-hama3 
 --- 
1687799933 | Mon 26 Jun 19:18:53 CEST 2023 
 --- 
