 --- 
 --- START: /home/eic/DATA/2023-characterisation/actual/20230515-084829/memmert-hama3 
 --- 
1684133309 | Mon 15 May 08:48:29 CEST 2023 
 --- 
 --- go to -30 C: /au/memmert/memmert_go_to_minus_30.sh 
 --- 
 --- SCAN: /home/eic/DATA/2023-characterisation/actual/20230515-084829/memmert-hama3 
 --- 
1684141804 | Mon 15 May 11:10:04 CEST 2023 
 --- 
 --- starting IV setup: /au/measure/2023-characterisation/run-iv-setup.sh run-memmert-hama3-setup
 --- starting DCR setup: /au/measure/2023-characterisation/run-dcr-setup.sh run-memmert-hama3-setup
 --- waiting for processes to complete 
 --- 
 --- COMPLETED: /home/eic/DATA/2023-characterisation/actual/20230515-084829/memmert-hama3 
 --- 
1684147951 | Mon 15 May 12:52:31 CEST 2023 
 --- 
 --- go back to 20 C: /au/memmert/memmert_back_to_plus_20.sh 
 --- 
 --- DONE: /home/eic/DATA/2023-characterisation/actual/20230515-084829/memmert-hama3 
 --- 
1684148988 | Mon 15 May 13:09:48 CEST 2023 
 --- 
