 --- 
 --- START: /home/eic/DATA/2023-characterisation/actual/20230612-093030/memmert-fbk 
 --- 
1686555032 | Mon 12 Jun 09:30:32 CEST 2023 
 --- 
 --- go to -30 C: /au/memmert/memmert_go_to_minus_30.sh 
 --- 
 --- SCAN: /home/eic/DATA/2023-characterisation/actual/20230612-093030/memmert-fbk 
 --- 
1686562555 | Mon 12 Jun 11:35:55 CEST 2023 
 --- 
 --- starting IV setup: /au/measure/2023-characterisation/run-iv-setup.sh run-memmert-fbk-setup
 --- starting DCR setup: /au/measure/2023-characterisation/run-dcr-setup.sh run-memmert-fbk-setup
 --- waiting for processes to complete 
 --- 
 --- COMPLETED: /home/eic/DATA/2023-characterisation/actual/20230612-093030/memmert-fbk 
 --- 
1686568302 | Mon 12 Jun 13:11:42 CEST 2023 
 --- 
 --- go back to 20 C: /au/memmert/memmert_back_to_plus_20.sh 
 --- 
 --- DONE: /home/eic/DATA/2023-characterisation/actual/20230612-093030/memmert-fbk 
 --- 
1686569366 | Mon 12 Jun 13:29:26 CEST 2023 
 --- 
