 --- 
 --- START: /home/eic/DATA/2023-characterisation/actual/20230713-140847/memmert-hama3-dcr 
 --- 
1689250127 | Thu 13 Jul 14:08:47 CEST 2023 
 --- 
 --- go to -30 C: /au/memmert/memmert_go_to_minus_30.sh 
 --- 
 --- SCAN: /home/eic/DATA/2023-characterisation/actual/20230713-140847/memmert-hama3-dcr 
 --- 
1689258313 | Thu 13 Jul 16:25:13 CEST 2023 
 --- 
 --- starting DCR setup: /au/measure/2023-characterisation/run-dcr-setup.sh run-memmert-hama3-setup
 --- waiting for processes to complete 
 --- 
 --- COMPLETED: /home/eic/DATA/2023-characterisation/actual/20230713-140847/memmert-hama3-dcr 
 --- 
1689261713 | Thu 13 Jul 17:21:53 CEST 2023 
 --- 
 --- go back to 20 C: /au/memmert/memmert_back_to_plus_20.sh 
 --- 
 --- DONE: /home/eic/DATA/2023-characterisation/actual/20230713-140847/memmert-hama3-dcr 
 --- 
1689262725 | Thu 13 Jul 17:38:45 CEST 2023 
 --- 
