 --- 
 --- START: /home/eic/DATA/2023-characterisation/actual/20230530-104615/memmert-hama1-hama2 
 --- 
1685436375 | Tue 30 May 10:46:15 CEST 2023 
 --- 
 --- go to -30 C: /au/memmert/memmert_go_to_minus_30.sh 
 --- 
 --- SCAN: /home/eic/DATA/2023-characterisation/actual/20230530-104615/memmert-hama1-hama2 
 --- 
1685443760 | Tue 30 May 12:49:20 CEST 2023 
 --- 
 --- starting IV setup: /au/measure/2023-characterisation/run-iv-setup.sh run-memmert-hama1-hama2-setup
 --- starting DCR setup: /au/measure/2023-characterisation/run-dcr-setup.sh run-memmert-hama1-hama2-setup
 --- waiting for processes to complete 
 --- 
 --- COMPLETED: /home/eic/DATA/2023-characterisation/actual/20230530-104615/memmert-hama1-hama2 
 --- 
1685463210 | Tue 30 May 18:13:30 CEST 2023 
 --- 
 --- go back to 20 C: /au/memmert/memmert_back_to_plus_20.sh 
 --- 
 --- DONE: /home/eic/DATA/2023-characterisation/actual/20230530-104615/memmert-hama1-hama2 
 --- 
1685464188 | Tue 30 May 18:29:48 CEST 2023 
 --- 
