 --- 
 --- START: /home/eic/DATA/2023-characterisation/actual/20230512-090813/memmert-hama3 
 --- 
1683875293 | Fri 12 May 09:08:13 CEST 2023 
 --- 
 --- go to -30 C: /au/memmert/memmert_go_to_minus_30.sh 
 --- 
 --- SCAN: /home/eic/DATA/2023-characterisation/actual/20230512-090813/memmert-hama3 
 --- 
1683883928 | Fri 12 May 11:32:08 CEST 2023 
 --- 
 --- starting IV setup: /au/measure/2023-characterisation/run-iv-setup.sh run-memmert-hama3-setup
 --- starting DCR setup: /au/measure/2023-characterisation/run-dcr-setup.sh run-memmert-hama3-setup
 --- waiting for processes to complete 
 --- 
 --- COMPLETED: /home/eic/DATA/2023-characterisation/actual/20230512-090813/memmert-hama3 
 --- 
1683889930 | Fri 12 May 13:12:10 CEST 2023 
 --- 
 --- go back to 20 C: /au/memmert/memmert_back_to_plus_20.sh 
 --- 
 --- DONE: /home/eic/DATA/2023-characterisation/actual/20230512-090813/memmert-hama3 
 --- 
1683890857 | Fri 12 May 13:27:37 CEST 2023 
 --- 
