 --- 
 --- START: /home/eic/DATA/2023-characterisation/actual/20230704-160502/memmert-hama3-dcr 
 --- 
1688479502 | Tue  4 Jul 16:05:02 CEST 2023 
 --- 
 --- go to -30 C: /au/memmert/memmert_go_to_minus_30.sh 
 --- 
 --- SCAN: /home/eic/DATA/2023-characterisation/actual/20230704-160502/memmert-hama3-dcr 
 --- 
1688490410 | Tue  4 Jul 19:06:50 CEST 2023 
 --- 
 --- starting DCR setup: /au/measure/2023-characterisation/run-dcr-setup.sh run-memmert-hama3-setup
 --- waiting for processes to complete 
 --- 
 --- COMPLETED: /home/eic/DATA/2023-characterisation/actual/20230704-160502/memmert-hama3-dcr 
 --- 
1688491555 | Tue  4 Jul 19:25:55 CEST 2023 
 --- 
 --- go back to 20 C: /au/memmert/memmert_back_to_plus_20.sh 
 --- 
 --- DONE: /home/eic/DATA/2023-characterisation/actual/20230704-160502/memmert-hama3-dcr 
 --- 
1688492513 | Tue  4 Jul 19:41:53 CEST 2023 
 --- 
