 --- setting temperature: 25.0
 --- response: OK
 --- temperature set value: 25.0
 target_temperature = 25.0  current_temperature = -30.2  delta_temperature = -55.2  elapsed_time =  0
 target_temperature = 25.0  current_temperature = -30.2  delta_temperature = -55.2  elapsed_time =  0
 target_temperature = 25.0  current_temperature = -30.2  delta_temperature = -55.2  elapsed_time =  0
 target_temperature = 25.0  current_temperature = -30.2  delta_temperature = -55.2  elapsed_time =  0
 target_temperature = 25.0  current_temperature = -30.2  delta_temperature = -55.2  elapsed_time =  0
 target_temperature = 25.0  current_temperature = -30.0  delta_temperature = -55.0  elapsed_time =  0
 target_temperature = 25.0  current_temperature = -29.9  delta_temperature = -54.9  elapsed_time =  0
 target_temperature = 25.0  current_temperature = -29.5  delta_temperature = -54.5  elapsed_time =  0
 target_temperature = 25.0  current_temperature = -29.0  delta_temperature = -54.0  elapsed_time =  0
 target_temperature = 25.0  current_temperature = -28.3  delta_temperature = -53.3  elapsed_time =  0
 target_temperature = 25.0  current_temperature = -27.8  delta_temperature = -52.8  elapsed_time =  0
 target_temperature = 25.0  current_temperature = -27.2  delta_temperature = -52.2  elapsed_time =  0
 target_temperature = 25.0  current_temperature = -26.2  delta_temperature = -51.2  elapsed_time =  0
 target_temperature = 25.0  current_temperature = -25.6  delta_temperature = -50.6  elapsed_time =  0
 target_temperature = 25.0  current_temperature = -24.6  delta_temperature = -49.6  elapsed_time =  0
 target_temperature = 25.0  current_temperature = -24.0  delta_temperature = -49.0  elapsed_time =  0
 target_temperature = 25.0  current_temperature = -23.2  delta_temperature = -48.2  elapsed_time =  0
 target_temperature = 25.0  current_temperature = -22.4  delta_temperature = -47.4  elapsed_time =  0
 target_temperature = 25.0  current_temperature = -21.2  delta_temperature = -46.2  elapsed_time =  0
 target_temperature = 25.0  current_temperature = -20.4  delta_temperature = -45.4  elapsed_time =  0
 target_temperature = 25.0  current_temperature = -19.2  delta_temperature = -44.2  elapsed_time =  0
 target_temperature = 25.0  current_temperature = -18.3  delta_temperature = -43.3  elapsed_time =  0
 target_temperature = 25.0  current_temperature = -17.3  delta_temperature = -42.3  elapsed_time =  0
 target_temperature = 25.0  current_temperature = -16.2  delta_temperature = -41.2  elapsed_time =  0
 target_temperature = 25.0  current_temperature = -14.6  delta_temperature = -39.6  elapsed_time =  0
 target_temperature = 25.0  current_temperature = -13.5  delta_temperature = -38.5  elapsed_time =  0
 target_temperature = 25.0  current_temperature = -12.6  delta_temperature = -37.6  elapsed_time =  0
 target_temperature = 25.0  current_temperature = -11.5  delta_temperature = -36.5  elapsed_time =  0
 target_temperature = 25.0  current_temperature = -10.0  delta_temperature = -35.0  elapsed_time =  0
 target_temperature = 25.0  current_temperature = -8.8  delta_temperature = -33.8  elapsed_time =  0
 target_temperature = 25.0  current_temperature = -7.2  delta_temperature = -32.2  elapsed_time =  0
 target_temperature = 25.0  current_temperature = -5.9  delta_temperature = -30.9  elapsed_time =  0
 target_temperature = 25.0  current_temperature = -4.5  delta_temperature = -29.5  elapsed_time =  0
 target_temperature = 25.0  current_temperature = -3.0  delta_temperature = -28.0  elapsed_time =  0
 target_temperature = 25.0  current_temperature = -1.9  delta_temperature = -26.9  elapsed_time =  0
 target_temperature = 25.0  current_temperature = -0.4  delta_temperature = -25.4  elapsed_time =  0
 target_temperature = 25.0  current_temperature = 0.8  delta_temperature = -24.2  elapsed_time =  0
 target_temperature = 25.0  current_temperature = 2.4  delta_temperature = -22.6  elapsed_time =  0
 target_temperature = 25.0  current_temperature = 3.3  delta_temperature = -21.7  elapsed_time =  0
 target_temperature = 25.0  current_temperature = 4.7  delta_temperature = -20.3  elapsed_time =  0
 target_temperature = 25.0  current_temperature = 5.7  delta_temperature = -19.3  elapsed_time =  0
 target_temperature = 25.0  current_temperature = 6.9  delta_temperature = -18.1  elapsed_time =  0
 target_temperature = 25.0  current_temperature = 7.8  delta_temperature = -17.2  elapsed_time =  0
 target_temperature = 25.0  current_temperature = 8.7  delta_temperature = -16.3  elapsed_time =  0
 target_temperature = 25.0  current_temperature = 9.9  delta_temperature = -15.1  elapsed_time =  0
 target_temperature = 25.0  current_temperature = 10.9  delta_temperature = -14.1  elapsed_time =  0
 target_temperature = 25.0  current_temperature = 12.6  delta_temperature = -12.4  elapsed_time =  0
 target_temperature = 25.0  current_temperature = 13.4  delta_temperature = -11.6  elapsed_time =  0
 target_temperature = 25.0  current_temperature = 14.6  delta_temperature = -10.4  elapsed_time =  0
 target_temperature = 25.0  current_temperature = 15.9  delta_temperature = -9.1  elapsed_time =  0
 target_temperature = 25.0  current_temperature = 16.7  delta_temperature = -8.3  elapsed_time =  0
 target_temperature = 25.0  current_temperature = 17.1  delta_temperature = -7.899999999999999  elapsed_time =  0
 target_temperature = 25.0  current_temperature = 17.5  delta_temperature = -7.5  elapsed_time =  0
 target_temperature = 25.0  current_temperature = 17.9  delta_temperature = -7.100000000000001  elapsed_time =  0
 target_temperature = 25.0  current_temperature = 18.2  delta_temperature = -6.800000000000001  elapsed_time =  0
 target_temperature = 25.0  current_temperature = 18.3  delta_temperature = -6.699999999999999  elapsed_time =  0
 target_temperature = 25.0  current_temperature = 18.6  delta_temperature = -6.399999999999999  elapsed_time =  0
 target_temperature = 25.0  current_temperature = 18.7  delta_temperature = -6.300000000000001  elapsed_time =  0
 target_temperature = 25.0  current_temperature = 18.7  delta_temperature = -6.300000000000001  elapsed_time =  0
 target_temperature = 25.0  current_temperature = 18.7  delta_temperature = -6.300000000000001  elapsed_time =  0
 target_temperature = 25.0  current_temperature = 18.6  delta_temperature = -6.399999999999999  elapsed_time =  0
 target_temperature = 25.0  current_temperature = 18.5  delta_temperature = -6.5  elapsed_time =  0
 target_temperature = 25.0  current_temperature = 18.5  delta_temperature = -6.5  elapsed_time =  0
 target_temperature = 25.0  current_temperature = 18.4  delta_temperature = -6.600000000000001  elapsed_time =  0
 target_temperature = 25.0  current_temperature = 18.4  delta_temperature = -6.600000000000001  elapsed_time =  0
 target_temperature = 25.0  current_temperature = 18.4  delta_temperature = -6.600000000000001  elapsed_time =  0
 target_temperature = 25.0  current_temperature = 17.9  delta_temperature = -7.100000000000001  elapsed_time =  0
 target_temperature = 25.0  current_temperature = 17.9  delta_temperature = -7.100000000000001  elapsed_time =  0
 target_temperature = 25.0  current_temperature = 17.8  delta_temperature = -7.199999999999999  elapsed_time =  0
 target_temperature = 25.0  current_temperature = 17.5  delta_temperature = -7.5  elapsed_time =  0
 target_temperature = 25.0  current_temperature = 17.4  delta_temperature = -7.600000000000001  elapsed_time =  0
 target_temperature = 25.0  current_temperature = 17.1  delta_temperature = -7.899999999999999  elapsed_time =  0
 target_temperature = 25.0  current_temperature = 17.0  delta_temperature = -8.0  elapsed_time =  0
 target_temperature = 25.0  current_temperature = 16.9  delta_temperature = -8.100000000000001  elapsed_time =  0
 target_temperature = 25.0  current_temperature = 16.7  delta_temperature = -8.3  elapsed_time =  0
 target_temperature = 25.0  current_temperature = 16.6  delta_temperature = -8.399999999999999  elapsed_time =  0
 target_temperature = 25.0  current_temperature = 16.6  delta_temperature = -8.399999999999999  elapsed_time =  0
 target_temperature = 25.0  current_temperature = 16.2  delta_temperature = -8.8  elapsed_time =  0
 target_temperature = 25.0  current_temperature = 16.2  delta_temperature = -8.8  elapsed_time =  0
 target_temperature = 25.0  current_temperature = 16.2  delta_temperature = -8.8  elapsed_time =  0
 target_temperature = 25.0  current_temperature = 16.0  delta_temperature = -9.0  elapsed_time =  0
 target_temperature = 25.0  current_temperature = 16.0  delta_temperature = -9.0  elapsed_time =  0
 target_temperature = 25.0  current_temperature = 15.8  delta_temperature = -9.2  elapsed_time =  0
 target_temperature = 25.0  current_temperature = 15.8  delta_temperature = -9.2  elapsed_time =  0
 target_temperature = 25.0  current_temperature = 15.8  delta_temperature = -9.2  elapsed_time =  0
 target_temperature = 25.0  current_temperature = 15.8  delta_temperature = -9.2  elapsed_time =  0
 target_temperature = 25.0  current_temperature = 15.8  delta_temperature = -9.2  elapsed_time =  0
 target_temperature = 25.0  current_temperature = 15.8  delta_temperature = -9.2  elapsed_time =  0
 target_temperature = 25.0  current_temperature = 15.9  delta_temperature = -9.1  elapsed_time =  0
 target_temperature = 25.0  current_temperature = 16.1  delta_temperature = -8.899999999999999  elapsed_time =  0
 target_temperature = 25.0  current_temperature = 16.2  delta_temperature = -8.8  elapsed_time =  0
 target_temperature = 25.0  current_temperature = 16.3  delta_temperature = -8.7  elapsed_time =  0
 target_temperature = 25.0  current_temperature = 16.4  delta_temperature = -8.600000000000001  elapsed_time =  0
 target_temperature = 25.0  current_temperature = 16.6  delta_temperature = -8.399999999999999  elapsed_time =  0
 target_temperature = 25.0  current_temperature = 16.8  delta_temperature = -8.2  elapsed_time =  0
 target_temperature = 25.0  current_temperature = 16.9  delta_temperature = -8.100000000000001  elapsed_time =  0
 target_temperature = 25.0  current_temperature = 17.2  delta_temperature = -7.800000000000001  elapsed_time =  0
 target_temperature = 25.0  current_temperature = 17.4  delta_temperature = -7.600000000000001  elapsed_time =  0
 target_temperature = 25.0  current_temperature = 17.7  delta_temperature = -7.300000000000001  elapsed_time =  0
 target_temperature = 25.0  current_temperature = 17.8  delta_temperature = -7.199999999999999  elapsed_time =  0
 target_temperature = 25.0  current_temperature = 18.0  delta_temperature = -7.0  elapsed_time =  0
 target_temperature = 25.0  current_temperature = 18.2  delta_temperature = -6.800000000000001  elapsed_time =  0
 target_temperature = 25.0  current_temperature = 18.3  delta_temperature = -6.699999999999999  elapsed_time =  0
 target_temperature = 25.0  current_temperature = 18.5  delta_temperature = -6.5  elapsed_time =  0
 target_temperature = 25.0  current_temperature = 18.7  delta_temperature = -6.300000000000001  elapsed_time =  0
 target_temperature = 25.0  current_temperature = 18.8  delta_temperature = -6.199999999999999  elapsed_time =  0
 target_temperature = 25.0  current_temperature = 18.9  delta_temperature = -6.100000000000001  elapsed_time =  0
 target_temperature = 25.0  current_temperature = 19.0  delta_temperature = -6.0  elapsed_time =  0
 target_temperature = 25.0  current_temperature = 19.1  delta_temperature = -5.899999999999999  elapsed_time =  0
 target_temperature = 25.0  current_temperature = 19.2  delta_temperature = -5.800000000000001  elapsed_time =  0
 target_temperature = 25.0  current_temperature = 19.3  delta_temperature = -5.699999999999999  elapsed_time =  0
 target_temperature = 25.0  current_temperature = 19.4  delta_temperature = -5.600000000000001  elapsed_time =  0
 target_temperature = 25.0  current_temperature = 19.4  delta_temperature = -5.600000000000001  elapsed_time =  0
 target_temperature = 25.0  current_temperature = 19.4  delta_temperature = -5.600000000000001  elapsed_time =  0
 target_temperature = 25.0  current_temperature = 19.6  delta_temperature = -5.399999999999999  elapsed_time =  0
 target_temperature = 25.0  current_temperature = 19.6  delta_temperature = -5.399999999999999  elapsed_time =  0
 target_temperature = 25.0  current_temperature = 19.7  delta_temperature = -5.300000000000001  elapsed_time =  0
 target_temperature = 25.0  current_temperature = 19.7  delta_temperature = -5.300000000000001  elapsed_time =  0
 target_temperature = 25.0  current_temperature = 19.7  delta_temperature = -5.300000000000001  elapsed_time =  0
 target_temperature = 25.0  current_temperature = 19.7  delta_temperature = -5.300000000000001  elapsed_time =  0
 target_temperature = 25.0  current_temperature = 19.8  delta_temperature = -5.199999999999999  elapsed_time =  0
 target_temperature = 25.0  current_temperature = 19.8  delta_temperature = -5.199999999999999  elapsed_time =  0
 target_temperature = 25.0  current_temperature = 19.8  delta_temperature = -5.199999999999999  elapsed_time =  0
 target_temperature = 25.0  current_temperature = 19.7  delta_temperature = -5.300000000000001  elapsed_time =  0
 target_temperature = 25.0  current_temperature = 19.7  delta_temperature = -5.300000000000001  elapsed_time =  0
 target_temperature = 25.0  current_temperature = 19.8  delta_temperature = -5.199999999999999  elapsed_time =  0
 target_temperature = 25.0  current_temperature = 19.8  delta_temperature = -5.199999999999999  elapsed_time =  0
 target_temperature = 25.0  current_temperature = 19.8  delta_temperature = -5.199999999999999  elapsed_time =  0
 target_temperature = 25.0  current_temperature = 19.8  delta_temperature = -5.199999999999999  elapsed_time =  0
 target_temperature = 25.0  current_temperature = 19.7  delta_temperature = -5.300000000000001  elapsed_time =  0
 target_temperature = 25.0  current_temperature = 19.8  delta_temperature = -5.199999999999999  elapsed_time =  0
 target_temperature = 25.0  current_temperature = 19.9  delta_temperature = -5.100000000000001  elapsed_time =  0
 target_temperature = 25.0  current_temperature = 19.9  delta_temperature = -5.100000000000001  elapsed_time =  0
 target_temperature = 25.0  current_temperature = 19.9  delta_temperature = -5.100000000000001  elapsed_time =  0
 target_temperature = 25.0  current_temperature = 19.9  delta_temperature = -5.100000000000001  elapsed_time =  0
 target_temperature = 25.0  current_temperature = 19.9  delta_temperature = -5.100000000000001  elapsed_time =  0
 target_temperature = 25.0  current_temperature = 20.1  delta_temperature = -4.899999999999999  elapsed_time =  0
 target_temperature = 25.0  current_temperature = 20.1  delta_temperature = -4.899999999999999  elapsed_time =  0
 target_temperature = 25.0  current_temperature = 20.1  delta_temperature = -4.899999999999999  elapsed_time =  0
 target_temperature = 25.0  current_temperature = 20.2  delta_temperature = -4.800000000000001  elapsed_time =  0
 target_temperature = 25.0  current_temperature = 20.2  delta_temperature = -4.800000000000001  elapsed_time =  0
 target_temperature = 25.0  current_temperature = 20.3  delta_temperature = -4.699999999999999  elapsed_time =  0
 target_temperature = 25.0  current_temperature = 20.3  delta_temperature = -4.699999999999999  elapsed_time =  0
 target_temperature = 25.0  current_temperature = 20.5  delta_temperature = -4.5  elapsed_time =  0
 target_temperature = 25.0  current_temperature = 20.5  delta_temperature = -4.5  elapsed_time =  0
 target_temperature = 25.0  current_temperature = 20.6  delta_temperature = -4.399999999999999  elapsed_time =  0
 target_temperature = 25.0  current_temperature = 20.8  delta_temperature = -4.199999999999999  elapsed_time =  0
 target_temperature = 25.0  current_temperature = 20.8  delta_temperature = -4.199999999999999  elapsed_time =  0
 target_temperature = 25.0  current_temperature = 20.9  delta_temperature = -4.100000000000001  elapsed_time =  0
 target_temperature = 25.0  current_temperature = 20.9  delta_temperature = -4.100000000000001  elapsed_time =  0
 target_temperature = 25.0  current_temperature = 21.1  delta_temperature = -3.8999999999999986  elapsed_time =  0
 target_temperature = 25.0  current_temperature = 21.3  delta_temperature = -3.6999999999999993  elapsed_time =  0
 target_temperature = 25.0  current_temperature = 21.4  delta_temperature = -3.6000000000000014  elapsed_time =  0
 target_temperature = 25.0  current_temperature = 21.6  delta_temperature = -3.3999999999999986  elapsed_time =  0
 target_temperature = 25.0  current_temperature = 21.6  delta_temperature = -3.3999999999999986  elapsed_time =  0
 target_temperature = 25.0  current_temperature = 21.8  delta_temperature = -3.1999999999999993  elapsed_time =  0
 target_temperature = 25.0  current_temperature = 21.9  delta_temperature = -3.1000000000000014  elapsed_time =  0
 target_temperature = 25.0  current_temperature = 22.0  delta_temperature = -3.0  elapsed_time =  0
 target_temperature = 25.0  current_temperature = 22.2  delta_temperature = -2.8000000000000007  elapsed_time =  0
 target_temperature = 25.0  current_temperature = 22.3  delta_temperature = -2.6999999999999993  elapsed_time =  0
 target_temperature = 25.0  current_temperature = 22.3  delta_temperature = -2.6999999999999993  elapsed_time =  0
 target_temperature = 25.0  current_temperature = 22.6  delta_temperature = -2.3999999999999986  elapsed_time =  0
 target_temperature = 25.0  current_temperature = 22.6  delta_temperature = -2.3999999999999986  elapsed_time =  0
 target_temperature = 25.0  current_temperature = 22.7  delta_temperature = -2.3000000000000007  elapsed_time =  0
 target_temperature = 25.0  current_temperature = 22.9  delta_temperature = -2.1000000000000014  elapsed_time =  0
 target_temperature = 25.0  current_temperature = 23.0  delta_temperature = -2.0  elapsed_time =  5
 target_temperature = 25.0  current_temperature = 23.0  delta_temperature = -2.0  elapsed_time =  10
 target_temperature = 25.0  current_temperature = 23.1  delta_temperature = -1.8999999999999986  elapsed_time =  16
 target_temperature = 25.0  current_temperature = 23.2  delta_temperature = -1.8000000000000007  elapsed_time =  22
 target_temperature = 25.0  current_temperature = 23.5  delta_temperature = -1.5  elapsed_time =  28
 target_temperature = 25.0  current_temperature = 23.5  delta_temperature = -1.5  elapsed_time =  33
 target_temperature = 25.0  current_temperature = 23.6  delta_temperature = -1.3999999999999986  elapsed_time =  40
 target_temperature = 25.0  current_temperature = 23.7  delta_temperature = -1.3000000000000007  elapsed_time =  45
 target_temperature = 25.0  current_temperature = 23.8  delta_temperature = -1.1999999999999993  elapsed_time =  50
 target_temperature = 25.0  current_temperature = 23.8  delta_temperature = -1.1999999999999993  elapsed_time =  58
 target_temperature = 25.0  current_temperature = 23.8  delta_temperature = -1.1999999999999993  elapsed_time =  63
 --- setting mode: 0
 --- response: OK
 --- mode set value: 0
