 --- 
 --- START: /home/eic/DATA/2023-characterisation/actual/20230714-143422/memmert-hama3 
 --- 
1689338062 | Fri 14 Jul 14:34:22 CEST 2023 
 --- 
 --- go to -30 C: /au/memmert/memmert_go_to_minus_30.sh 
 --- 
 --- SCAN: /home/eic/DATA/2023-characterisation/actual/20230714-143422/memmert-hama3 
 --- 
1689345351 | Fri 14 Jul 16:35:51 CEST 2023 
 --- 
 --- starting IV setup: /au/measure/2023-characterisation/run-iv-setup.sh run-memmert-hama3-setup
 --- starting DCR setup: /au/measure/2023-characterisation/run-dcr-setup.sh run-memmert-hama3-setup
 --- waiting for processes to complete 
 --- 
 --- COMPLETED: /home/eic/DATA/2023-characterisation/actual/20230714-143422/memmert-hama3 
 --- 
1689351053 | Fri 14 Jul 18:10:53 CEST 2023 
 --- 
 --- go back to 20 C: /au/memmert/memmert_back_to_plus_20.sh 
 --- 
 --- DONE: /home/eic/DATA/2023-characterisation/actual/20230714-143422/memmert-hama3 
 --- 
1689351999 | Fri 14 Jul 18:26:39 CEST 2023 
 --- 
