 --- 
 --- START: /home/eic/DATA/2023-characterisation/actual/20230509-152244/memmert-hama3 
 --- 
1683638564 | Tue  9 May 15:22:44 CEST 2023 
 --- 
 --- go to -30 C: /au/memmert/memmert_go_to_minus_30.sh 
 --- 
 --- SCAN: /home/eic/DATA/2023-characterisation/actual/20230509-152244/memmert-hama3 
 --- 
1683647422 | Tue  9 May 17:50:22 CEST 2023 
 --- 
 --- starting IV setup: /au/measure/2023-characterisation/run-iv-setup.sh run-memmert-hama3-setup
 --- starting DCR setup: /au/measure/2023-characterisation/run-dcr-setup.sh run-memmert-hama3-setup
 --- waiting for processes to complete 
 --- 
 --- COMPLETED: /home/eic/DATA/2023-characterisation/actual/20230509-152244/memmert-hama3 
 --- 
1683653455 | Tue  9 May 19:30:55 CEST 2023 
 --- 
 --- go back to 20 C: /au/memmert/memmert_back_to_plus_20.sh 
 --- 
 --- DONE: /home/eic/DATA/2023-characterisation/actual/20230509-152244/memmert-hama3 
 --- 
1683654562 | Tue  9 May 19:49:22 CEST 2023 
 --- 
